[ 2017-07-05T22:15:05+08:00 ] 127.0.0.1 /
INFO: [ app_init ] --START--
INFO: Run Behavior\BuildLiteBehavior [ RunTime:0.000000s ]
INFO: [ app_init ] --END-- [ RunTime:0.002000s ]
INFO: [ app_begin ] --START--
INFO: Run Behavior\ReadHtmlCacheBehavior [ RunTime:0.002000s ]
INFO: [ app_begin ] --END-- [ RunTime:0.003000s ]
INFO: [ view_parse ] --START--
INFO: [ template_filter ] --START--
INFO: Run Behavior\ContentReplaceBehavior [ RunTime:0.000000s ]
INFO: [ template_filter ] --END-- [ RunTime:0.000000s ]
INFO: Run Behavior\ParseTemplateBehavior [ RunTime:0.083005s ]
INFO: [ view_parse ] --END-- [ RunTime:0.083005s ]
INFO: [ view_filter ] --START--
INFO: Run Behavior\WriteHtmlCacheBehavior [ RunTime:0.002000s ]
INFO: [ view_filter ] --END-- [ RunTime:0.002000s ]
INFO: [ app_end ] --START--
INFO: Run Behavior\ShowPageTraceBehavior [ RunTime:0.003000s ]
INFO: [ app_end ] --END-- [ RunTime:0.003000s ]

[ 2017-07-05T22:15:12+08:00 ] 127.0.0.1 /index.php?m=home&c=customer&a=index
INFO: [ app_init ] --START--
INFO: Run Behavior\BuildLiteBehavior [ RunTime:0.000000s ]
INFO: [ app_init ] --END-- [ RunTime:0.002000s ]
INFO: [ app_begin ] --START--
INFO: Run Behavior\ReadHtmlCacheBehavior [ RunTime:0.003000s ]
INFO: [ app_begin ] --END-- [ RunTime:0.003000s ]
INFO: [ view_parse ] --START--
INFO: [ template_filter ] --START--
INFO: Run Behavior\ContentReplaceBehavior [ RunTime:0.001000s ]
INFO: [ template_filter ] --END-- [ RunTime:0.001000s ]
INFO: Run Behavior\ParseTemplateBehavior [ RunTime:0.104006s ]
INFO: [ view_parse ] --END-- [ RunTime:0.104006s ]
INFO: [ view_filter ] --START--
INFO: Run Behavior\WriteHtmlCacheBehavior [ RunTime:0.005000s ]
INFO: [ view_filter ] --END-- [ RunTime:0.005000s ]
INFO: [ app_end ] --START--
INFO: Run Behavior\ShowPageTraceBehavior [ RunTime:0.016001s ]
INFO: [ app_end ] --END-- [ RunTime:0.016001s ]

[ 2017-07-05T22:20:57+08:00 ] 127.0.0.1 /index.php?m=home&c=customer&a=index
INFO: [ app_init ] --START--
INFO: Run Behavior\BuildLiteBehavior [ RunTime:0.000000s ]
INFO: [ app_init ] --END-- [ RunTime:0.001001s ]
INFO: [ app_begin ] --START--
INFO: Run Behavior\ReadHtmlCacheBehavior [ RunTime:0.004001s ]
INFO: [ app_begin ] --END-- [ RunTime:0.004001s ]
INFO: [ view_parse ] --START--
INFO: [ template_filter ] --START--
INFO: Run Behavior\ContentReplaceBehavior [ RunTime:0.003000s ]
INFO: [ template_filter ] --END-- [ RunTime:0.003000s ]
INFO: Run Behavior\ParseTemplateBehavior [ RunTime:0.113007s ]
INFO: [ view_parse ] --END-- [ RunTime:0.113007s ]
INFO: [ view_filter ] --START--
INFO: Run Behavior\WriteHtmlCacheBehavior [ RunTime:0.007000s ]
INFO: [ view_filter ] --END-- [ RunTime:0.007000s ]
INFO: [ app_end ] --START--
INFO: Run Behavior\ShowPageTraceBehavior [ RunTime:0.009001s ]
INFO: [ app_end ] --END-- [ RunTime:0.009001s ]

[ 2017-07-05T22:21:03+08:00 ] 127.0.0.1 /index.php?m=home&c=customer&a=add
INFO: [ app_init ] --START--
INFO: Run Behavior\BuildLiteBehavior [ RunTime:0.000000s ]
INFO: [ app_init ] --END-- [ RunTime:0.002000s ]
INFO: [ app_begin ] --START--
INFO: Run Behavior\ReadHtmlCacheBehavior [ RunTime:0.006001s ]
INFO: [ app_begin ] --END-- [ RunTime:0.011001s ]
INFO: [ view_parse ] --START--
INFO: [ template_filter ] --START--
INFO: Run Behavior\ContentReplaceBehavior [ RunTime:0.001000s ]
INFO: [ template_filter ] --END-- [ RunTime:0.001000s ]
INFO: Run Behavior\ParseTemplateBehavior [ RunTime:0.168009s ]
INFO: [ view_parse ] --END-- [ RunTime:0.169009s ]
INFO: [ view_filter ] --START--
INFO: Run Behavior\WriteHtmlCacheBehavior [ RunTime:0.005001s ]
INFO: [ view_filter ] --END-- [ RunTime:0.005001s ]
INFO: [ app_end ] --START--
INFO: Run Behavior\ShowPageTraceBehavior [ RunTime:0.006000s ]
INFO: [ app_end ] --END-- [ RunTime:0.006000s ]

[ 2017-07-05T22:22:15+08:00 ] 127.0.0.1 /index.php?m=home&c=customer&a=addCheck
INFO: [ app_init ] --START--
INFO: Run Behavior\BuildLiteBehavior [ RunTime:0.000000s ]
INFO: [ app_init ] --END-- [ RunTime:0.002000s ]
INFO: [ app_begin ] --START--
INFO: Run Behavior\ReadHtmlCacheBehavior [ RunTime:0.003000s ]
INFO: [ app_begin ] --END-- [ RunTime:0.003000s ]
SQL: SHOW COLUMNS FROM `bj_customer` [ RunTime:0.0000s ]
SQL: INSERT INTO `bj_customer` (`name`,`phone`,`idcard`,`address`,`recommender`,`loan_times`,`create_time`,`status`) VALUES ('刘泽中','18852983610','420114199510250070','刘泽中','1','0','1499264535','0') [ RunTime:0.1248s ]

[ 2017-07-05T22:22:16+08:00 ] 127.0.0.1 /index.php?m=home&c=customer&a=index
INFO: [ app_init ] --START--
INFO: Run Behavior\BuildLiteBehavior [ RunTime:0.000000s ]
INFO: [ app_init ] --END-- [ RunTime:0.001000s ]
INFO: [ app_begin ] --START--
INFO: Run Behavior\ReadHtmlCacheBehavior [ RunTime:0.003000s ]
INFO: [ app_begin ] --END-- [ RunTime:0.003000s ]
INFO: [ view_parse ] --START--
INFO: [ template_filter ] --START--
INFO: Run Behavior\ContentReplaceBehavior [ RunTime:0.001000s ]
INFO: [ template_filter ] --END-- [ RunTime:0.001000s ]
INFO: Run Behavior\ParseTemplateBehavior [ RunTime:0.078005s ]
INFO: [ view_parse ] --END-- [ RunTime:0.078005s ]
INFO: [ view_filter ] --START--
INFO: Run Behavior\WriteHtmlCacheBehavior [ RunTime:0.002000s ]
INFO: [ view_filter ] --END-- [ RunTime:0.002000s ]
INFO: [ app_end ] --START--
INFO: Run Behavior\ShowPageTraceBehavior [ RunTime:0.003000s ]
INFO: [ app_end ] --END-- [ RunTime:0.003000s ]

[ 2017-07-05T22:22:39+08:00 ] 127.0.0.1 /index.php?m=home&c=customer&a=add
INFO: [ app_init ] --START--
INFO: Run Behavior\BuildLiteBehavior [ RunTime:0.000000s ]
INFO: [ app_init ] --END-- [ RunTime:0.001000s ]
INFO: [ app_begin ] --START--
INFO: Run Behavior\ReadHtmlCacheBehavior [ RunTime:0.012001s ]
INFO: [ app_begin ] --END-- [ RunTime:0.013001s ]
INFO: [ view_parse ] --START--
INFO: [ template_filter ] --START--
INFO: Run Behavior\ContentReplaceBehavior [ RunTime:0.001000s ]
INFO: [ template_filter ] --END-- [ RunTime:0.001000s ]
INFO: Run Behavior\ParseTemplateBehavior [ RunTime:0.090005s ]
INFO: [ view_parse ] --END-- [ RunTime:0.090005s ]
INFO: [ view_filter ] --START--
INFO: Run Behavior\WriteHtmlCacheBehavior [ RunTime:0.003000s ]
INFO: [ view_filter ] --END-- [ RunTime:0.004000s ]
INFO: [ app_end ] --START--
INFO: Run Behavior\ShowPageTraceBehavior [ RunTime:0.019001s ]
INFO: [ app_end ] --END-- [ RunTime:0.019001s ]

[ 2017-07-05T22:22:49+08:00 ] 127.0.0.1 /index.php?m=home&c=customer&a=add
INFO: [ app_init ] --START--
INFO: Run Behavior\BuildLiteBehavior [ RunTime:0.000000s ]
INFO: [ app_init ] --END-- [ RunTime:0.001000s ]
INFO: [ app_begin ] --START--
INFO: Run Behavior\ReadHtmlCacheBehavior [ RunTime:0.004001s ]
INFO: [ app_begin ] --END-- [ RunTime:0.004001s ]
INFO: [ view_parse ] --START--
INFO: [ template_filter ] --START--
INFO: Run Behavior\ContentReplaceBehavior [ RunTime:0.000000s ]
INFO: [ template_filter ] --END-- [ RunTime:0.001000s ]
INFO: Run Behavior\ParseTemplateBehavior [ RunTime:0.089005s ]
INFO: [ view_parse ] --END-- [ RunTime:0.089005s ]
INFO: [ view_filter ] --START--
INFO: Run Behavior\WriteHtmlCacheBehavior [ RunTime:0.002000s ]
INFO: [ view_filter ] --END-- [ RunTime:0.002000s ]
INFO: [ app_end ] --START--
INFO: Run Behavior\ShowPageTraceBehavior [ RunTime:0.005000s ]
INFO: [ app_end ] --END-- [ RunTime:0.005000s ]

[ 2017-07-05T22:27:27+08:00 ] 127.0.0.1 /index.php?m=home&c=customer&a=addCheck
INFO: [ app_init ] --START--
INFO: Run Behavior\BuildLiteBehavior [ RunTime:0.000000s ]
INFO: [ app_init ] --END-- [ RunTime:0.001000s ]
INFO: [ app_begin ] --START--
INFO: Run Behavior\ReadHtmlCacheBehavior [ RunTime:0.001000s ]
INFO: [ app_begin ] --END-- [ RunTime:0.003000s ]
SQL: SHOW COLUMNS FROM `bj_customer` [ RunTime:0.0060s ]
SQL: INSERT INTO `bj_customer` (`name`,`phone`,`idcard`,`address`,`recommender`,`loan_times`,`create_time`,`status`) VALUES ('刘泽中','18852983610','420114199510250070','金穗卡堵截flask大家flak岁','1','0','1499264846','0') [ RunTime:0.0710s ]

[ 2017-07-05T22:31:54+08:00 ] 127.0.0.1 /index.php?m=home&c=customer&a=addCheck
INFO: [ app_init ] --START--
INFO: Run Behavior\BuildLiteBehavior [ RunTime:0.000000s ]
INFO: [ app_init ] --END-- [ RunTime:0.003000s ]
INFO: [ app_begin ] --START--
INFO: Run Behavior\ReadHtmlCacheBehavior [ RunTime:0.006001s ]
INFO: [ app_begin ] --END-- [ RunTime:0.006001s ]
SQL: SHOW COLUMNS FROM `bj_customer` [ RunTime:0.0400s ]
SQL: INSERT INTO `bj_customer` (`name`,`phone`,`idcard`,`address`,`recommender`,`loan_times`,`create_time`,`status`) VALUES ('刘泽中','18852983610','420114199510250070','金穗卡堵截flask大家flak岁','1','0','1499265114','0') [ RunTime:0.0690s ]

[ 2017-07-05T22:41:26+08:00 ] 127.0.0.1 /index.php?m=home&c=customer&a=addCheck
INFO: [ app_init ] --START--
INFO: Run Behavior\BuildLiteBehavior [ RunTime:0.000000s ]
INFO: [ app_init ] --END-- [ RunTime:0.002000s ]
INFO: [ app_begin ] --START--
INFO: Run Behavior\ReadHtmlCacheBehavior [ RunTime:0.009001s ]
INFO: [ app_begin ] --END-- [ RunTime:0.009001s ]
SQL: SHOW COLUMNS FROM `bj_customer` [ RunTime:0.0140s ]
SQL: SELECT * FROM `bj_customer` WHERE `idcard` = '420114199510250070' LIMIT 1   [ RunTime:0.0010s ]

[ 2017-07-05T22:42:17+08:00 ] 127.0.0.1 /index.php?m=home&c=customer&a=addCheck
INFO: [ app_init ] --START--
INFO: Run Behavior\BuildLiteBehavior [ RunTime:0.000000s ]
INFO: [ app_init ] --END-- [ RunTime:0.003001s ]
INFO: [ app_begin ] --START--
INFO: Run Behavior\ReadHtmlCacheBehavior [ RunTime:0.003000s ]
INFO: [ app_begin ] --END-- [ RunTime:0.003000s ]
SQL: SHOW COLUMNS FROM `bj_customer` [ RunTime:0.0160s ]
SQL: SELECT * FROM `bj_customer` WHERE `idcard` = '220114199510250071' LIMIT 1   [ RunTime:0.0010s ]
SQL: INSERT INTO `bj_customer` (`name`,`phone`,`idcard`,`address`,`recommender`,`loan_times`,`create_time`,`status`) VALUES ('刘老狗','18206183097','220114199510250071','无锡市南长区建筑新村4号楼201室','1','0','1499265737','0') [ RunTime:0.1140s ]

[ 2017-07-05T22:42:19+08:00 ] 127.0.0.1 /index.php?m=home&c=customer&a=index
INFO: [ app_init ] --START--
INFO: Run Behavior\BuildLiteBehavior [ RunTime:0.000000s ]
INFO: [ app_init ] --END-- [ RunTime:0.002000s ]
INFO: [ app_begin ] --START--
INFO: Run Behavior\ReadHtmlCacheBehavior [ RunTime:0.004000s ]
INFO: [ app_begin ] --END-- [ RunTime:0.004000s ]
INFO: [ view_parse ] --START--
INFO: [ template_filter ] --START--
INFO: Run Behavior\ContentReplaceBehavior [ RunTime:0.001000s ]
INFO: [ template_filter ] --END-- [ RunTime:0.001000s ]
INFO: Run Behavior\ParseTemplateBehavior [ RunTime:0.113006s ]
INFO: [ view_parse ] --END-- [ RunTime:0.113006s ]
INFO: [ view_filter ] --START--
INFO: Run Behavior\WriteHtmlCacheBehavior [ RunTime:0.003001s ]
INFO: [ view_filter ] --END-- [ RunTime:0.004001s ]
INFO: [ app_end ] --START--
INFO: Run Behavior\ShowPageTraceBehavior [ RunTime:0.014000s ]
INFO: [ app_end ] --END-- [ RunTime:0.015001s ]

[ 2017-07-05T22:57:49+08:00 ] 127.0.0.1 /index.php?m=home&c=customer&a=index
INFO: [ app_init ] --START--
INFO: Run Behavior\BuildLiteBehavior [ RunTime:0.000000s ]
INFO: [ app_init ] --END-- [ RunTime:0.002000s ]
INFO: [ app_begin ] --START--
INFO: Run Behavior\ReadHtmlCacheBehavior [ RunTime:0.007000s ]
INFO: [ app_begin ] --END-- [ RunTime:0.007000s ]
SQL: SHOW COLUMNS FROM `bj_customer` [ RunTime:0.0140s ]
SQL: SELECT * FROM `bj_customer` ORDER BY create_time  [ RunTime:0.0010s ]
INFO: [ view_parse ] --START--
INFO: [ template_filter ] --START--
INFO: Run Behavior\ContentReplaceBehavior [ RunTime:0.001000s ]
INFO: [ template_filter ] --END-- [ RunTime:0.001000s ]

[ 2017-07-05T22:59:35+08:00 ] 127.0.0.1 /index.php?m=home&c=customer&a=index
INFO: [ app_init ] --START--
INFO: Run Behavior\BuildLiteBehavior [ RunTime:0.000000s ]
INFO: [ app_init ] --END-- [ RunTime:0.004000s ]
INFO: [ app_begin ] --START--
INFO: Run Behavior\ReadHtmlCacheBehavior [ RunTime:0.003000s ]
INFO: [ app_begin ] --END-- [ RunTime:0.003000s ]
SQL: SHOW COLUMNS FROM `bj_customer` [ RunTime:0.0150s ]
SQL: SELECT * FROM `bj_customer` ORDER BY create_time  [ RunTime:0.0020s ]
INFO: [ view_parse ] --START--
INFO: [ template_filter ] --START--
INFO: Run Behavior\ContentReplaceBehavior [ RunTime:0.001000s ]
INFO: [ template_filter ] --END-- [ RunTime:0.002000s ]
INFO: Run Behavior\ParseTemplateBehavior [ RunTime:0.083005s ]
INFO: [ view_parse ] --END-- [ RunTime:0.084005s ]
INFO: [ view_filter ] --START--
INFO: Run Behavior\WriteHtmlCacheBehavior [ RunTime:0.002000s ]
INFO: [ view_filter ] --END-- [ RunTime:0.002000s ]
INFO: [ app_end ] --START--
INFO: Run Behavior\ShowPageTraceBehavior [ RunTime:0.007000s ]
INFO: [ app_end ] --END-- [ RunTime:0.008000s ]

[ 2017-07-05T23:00:20+08:00 ] 127.0.0.1 /index.php?m=home&c=customer&a=index
INFO: [ app_init ] --START--
INFO: Run Behavior\BuildLiteBehavior [ RunTime:0.000000s ]
INFO: [ app_init ] --END-- [ RunTime:0.001000s ]
INFO: [ app_begin ] --START--
INFO: Run Behavior\ReadHtmlCacheBehavior [ RunTime:0.004001s ]
INFO: [ app_begin ] --END-- [ RunTime:0.004001s ]
SQL: SHOW COLUMNS FROM `bj_customer` [ RunTime:0.0230s ]
SQL: SELECT * FROM `bj_customer` ORDER BY create_time  [ RunTime:0.0050s ]
INFO: [ view_parse ] --START--
INFO: [ template_filter ] --START--
INFO: Run Behavior\ContentReplaceBehavior [ RunTime:0.000000s ]
INFO: [ template_filter ] --END-- [ RunTime:0.001000s ]
INFO: Run Behavior\ParseTemplateBehavior [ RunTime:0.080005s ]
INFO: [ view_parse ] --END-- [ RunTime:0.080005s ]
INFO: [ view_filter ] --START--
INFO: Run Behavior\WriteHtmlCacheBehavior [ RunTime:0.003000s ]
INFO: [ view_filter ] --END-- [ RunTime:0.003000s ]
INFO: [ app_end ] --START--
INFO: Run Behavior\ShowPageTraceBehavior [ RunTime:0.004000s ]
INFO: [ app_end ] --END-- [ RunTime:0.004000s ]

[ 2017-07-05T23:06:08+08:00 ] 127.0.0.1 /index.php?m=home&c=customer&a=index
INFO: [ app_init ] --START--
INFO: Run Behavior\BuildLiteBehavior [ RunTime:0.000000s ]
INFO: [ app_init ] --END-- [ RunTime:0.002000s ]
INFO: [ app_begin ] --START--
INFO: Run Behavior\ReadHtmlCacheBehavior [ RunTime:0.005000s ]
INFO: [ app_begin ] --END-- [ RunTime:0.005000s ]
SQL: SHOW COLUMNS FROM `bj_customer` [ RunTime:0.0230s ]
SQL: SELECT * FROM `bj_customer` ORDER BY create_time  [ RunTime:0.0010s ]
INFO: [ view_parse ] --START--
INFO: [ template_filter ] --START--
INFO: Run Behavior\ContentReplaceBehavior [ RunTime:0.002000s ]
INFO: [ template_filter ] --END-- [ RunTime:0.002000s ]
INFO: Run Behavior\ParseTemplateBehavior [ RunTime:0.094006s ]
INFO: [ view_parse ] --END-- [ RunTime:0.094006s ]
INFO: [ view_filter ] --START--
INFO: Run Behavior\WriteHtmlCacheBehavior [ RunTime:0.003000s ]
INFO: [ view_filter ] --END-- [ RunTime:0.003000s ]
INFO: [ app_end ] --START--
INFO: Run Behavior\ShowPageTraceBehavior [ RunTime:0.004000s ]
INFO: [ app_end ] --END-- [ RunTime:0.005000s ]

[ 2017-07-05T23:09:26+08:00 ] 127.0.0.1 /index.php?m=home&c=customer&a=index
INFO: [ app_init ] --START--
INFO: Run Behavior\BuildLiteBehavior [ RunTime:0.000000s ]
INFO: [ app_init ] --END-- [ RunTime:0.002000s ]
INFO: [ app_begin ] --START--
INFO: Run Behavior\ReadHtmlCacheBehavior [ RunTime:0.004000s ]
INFO: [ app_begin ] --END-- [ RunTime:0.004000s ]
SQL: SHOW COLUMNS FROM `bj_customer` [ RunTime:0.0380s ]
SQL: SELECT * FROM `bj_customer` ORDER BY create_time  [ RunTime:0.0020s ]
INFO: [ view_parse ] --START--
INFO: [ template_filter ] --START--
INFO: Run Behavior\ContentReplaceBehavior [ RunTime:0.001000s ]
INFO: [ template_filter ] --END-- [ RunTime:0.001000s ]
INFO: Run Behavior\ParseTemplateBehavior [ RunTime:0.087004s ]
INFO: [ view_parse ] --END-- [ RunTime:0.087004s ]
INFO: [ view_filter ] --START--
INFO: Run Behavior\WriteHtmlCacheBehavior [ RunTime:0.003001s ]
INFO: [ view_filter ] --END-- [ RunTime:0.003001s ]
INFO: [ app_end ] --START--
INFO: Run Behavior\ShowPageTraceBehavior [ RunTime:0.006000s ]
INFO: [ app_end ] --END-- [ RunTime:0.007000s ]

[ 2017-07-05T23:10:20+08:00 ] 127.0.0.1 /index.php?m=home&c=customer&a=index
INFO: [ app_init ] --START--
INFO: Run Behavior\BuildLiteBehavior [ RunTime:0.000000s ]
INFO: [ app_init ] --END-- [ RunTime:0.001000s ]
INFO: [ app_begin ] --START--
INFO: Run Behavior\ReadHtmlCacheBehavior [ RunTime:0.003000s ]
INFO: [ app_begin ] --END-- [ RunTime:0.003000s ]
SQL: SHOW COLUMNS FROM `bj_customer` [ RunTime:0.0160s ]
SQL: SELECT * FROM `bj_customer` ORDER BY create_time  [ RunTime:0.0010s ]
INFO: [ view_parse ] --START--
INFO: [ template_filter ] --START--
INFO: Run Behavior\ContentReplaceBehavior [ RunTime:0.001000s ]
INFO: [ template_filter ] --END-- [ RunTime:0.001000s ]
INFO: Run Behavior\ParseTemplateBehavior [ RunTime:0.095005s ]
INFO: [ view_parse ] --END-- [ RunTime:0.096005s ]
INFO: [ view_filter ] --START--
INFO: Run Behavior\WriteHtmlCacheBehavior [ RunTime:0.002001s ]
INFO: [ view_filter ] --END-- [ RunTime:0.003001s ]
INFO: [ app_end ] --START--
INFO: Run Behavior\ShowPageTraceBehavior [ RunTime:0.015001s ]
INFO: [ app_end ] --END-- [ RunTime:0.017001s ]

[ 2017-07-05T23:11:31+08:00 ] 127.0.0.1 /index.php?m=home&c=customer&a=index
INFO: [ app_init ] --START--
INFO: Run Behavior\BuildLiteBehavior [ RunTime:0.000000s ]
INFO: [ app_init ] --END-- [ RunTime:0.001000s ]
INFO: [ app_begin ] --START--
INFO: Run Behavior\ReadHtmlCacheBehavior [ RunTime:0.005000s ]
INFO: [ app_begin ] --END-- [ RunTime:0.005000s ]
SQL: SHOW COLUMNS FROM `bj_customer` [ RunTime:0.0220s ]
SQL: SELECT * FROM `bj_customer` ORDER BY create_time  [ RunTime:0.0010s ]
INFO: [ view_parse ] --START--
INFO: [ template_filter ] --START--
INFO: Run Behavior\ContentReplaceBehavior [ RunTime:0.001001s ]
INFO: [ template_filter ] --END-- [ RunTime:0.001001s ]
INFO: Run Behavior\ParseTemplateBehavior [ RunTime:0.065004s ]
INFO: [ view_parse ] --END-- [ RunTime:0.066004s ]
INFO: [ view_filter ] --START--
INFO: Run Behavior\WriteHtmlCacheBehavior [ RunTime:0.002000s ]
INFO: [ view_filter ] --END-- [ RunTime:0.002000s ]
INFO: [ app_end ] --START--
INFO: Run Behavior\ShowPageTraceBehavior [ RunTime:0.007001s ]
INFO: [ app_end ] --END-- [ RunTime:0.007001s ]

[ 2017-07-05T23:27:23+08:00 ] 127.0.0.1 /index.php?m=home&c=customer&a=index
INFO: [ app_init ] --START--
INFO: Run Behavior\BuildLiteBehavior [ RunTime:0.000000s ]
INFO: [ app_init ] --END-- [ RunTime:0.008001s ]
INFO: [ app_begin ] --START--
INFO: Run Behavior\ReadHtmlCacheBehavior [ RunTime:0.003001s ]
INFO: [ app_begin ] --END-- [ RunTime:0.004001s ]
SQL: SHOW COLUMNS FROM `bj_customer` [ RunTime:0.0570s ]
SQL: SELECT * FROM `bj_customer` ORDER BY create_time  [ RunTime:0.0010s ]
INFO: [ view_parse ] --START--
INFO: [ template_filter ] --START--
INFO: Run Behavior\ContentReplaceBehavior [ RunTime:0.000000s ]
INFO: [ template_filter ] --END-- [ RunTime:0.000000s ]
INFO: Run Behavior\ParseTemplateBehavior [ RunTime:0.076005s ]
INFO: [ view_parse ] --END-- [ RunTime:0.076005s ]
INFO: [ view_filter ] --START--
INFO: Run Behavior\WriteHtmlCacheBehavior [ RunTime:0.002000s ]
INFO: [ view_filter ] --END-- [ RunTime:0.002000s ]
INFO: [ app_end ] --START--
INFO: Run Behavior\ShowPageTraceBehavior [ RunTime:0.005000s ]
INFO: [ app_end ] --END-- [ RunTime:0.007000s ]

[ 2017-07-05T23:27:28+08:00 ] 127.0.0.1 /index.php?m=home&c=customer&a=changeStatus
INFO: [ app_init ] --START--
INFO: Run Behavior\BuildLiteBehavior [ RunTime:0.000000s ]
INFO: [ app_init ] --END-- [ RunTime:0.002000s ]
INFO: [ app_begin ] --START--
INFO: Run Behavior\ReadHtmlCacheBehavior [ RunTime:0.003000s ]
INFO: [ app_begin ] --END-- [ RunTime:0.003000s ]
SQL: SHOW COLUMNS FROM `bj_customer` [ RunTime:0.0380s ]
SQL: UPDATE `bj_customer` SET `status`='0' WHERE ( id = 5 ) [ RunTime:0.1070s ]

[ 2017-07-05T23:27:29+08:00 ] 127.0.0.1 /index.php?m=home&c=customer&a=index
INFO: [ app_init ] --START--
INFO: Run Behavior\BuildLiteBehavior [ RunTime:0.000000s ]
INFO: [ app_init ] --END-- [ RunTime:0.001000s ]
INFO: [ app_begin ] --START--
INFO: Run Behavior\ReadHtmlCacheBehavior [ RunTime:0.003000s ]
INFO: [ app_begin ] --END-- [ RunTime:0.003000s ]
SQL: SHOW COLUMNS FROM `bj_customer` [ RunTime:0.0340s ]
SQL: SELECT * FROM `bj_customer` ORDER BY create_time  [ RunTime:0.0020s ]
INFO: [ view_parse ] --START--
INFO: [ template_filter ] --START--
INFO: Run Behavior\ContentReplaceBehavior [ RunTime:0.001000s ]
INFO: [ template_filter ] --END-- [ RunTime:0.001000s ]
INFO: Run Behavior\ParseTemplateBehavior [ RunTime:0.078004s ]
INFO: [ view_parse ] --END-- [ RunTime:0.079005s ]
INFO: [ view_filter ] --START--
INFO: Run Behavior\WriteHtmlCacheBehavior [ RunTime:0.003000s ]
INFO: [ view_filter ] --END-- [ RunTime:0.003000s ]
INFO: [ app_end ] --START--
INFO: Run Behavior\ShowPageTraceBehavior [ RunTime:0.007001s ]
INFO: [ app_end ] --END-- [ RunTime:0.007001s ]

[ 2017-07-05T23:27:34+08:00 ] 127.0.0.1 /index.php?m=home&c=customer&a=changeStatus
INFO: [ app_init ] --START--
INFO: Run Behavior\BuildLiteBehavior [ RunTime:0.000000s ]
INFO: [ app_init ] --END-- [ RunTime:0.002000s ]
INFO: [ app_begin ] --START--
INFO: Run Behavior\ReadHtmlCacheBehavior [ RunTime:0.004001s ]
INFO: [ app_begin ] --END-- [ RunTime:0.004001s ]
SQL: SHOW COLUMNS FROM `bj_customer` [ RunTime:0.0130s ]
SQL: UPDATE `bj_customer` SET `status`='-1' WHERE ( id = 5 ) [ RunTime:0.0650s ]

[ 2017-07-05T23:27:35+08:00 ] 127.0.0.1 /index.php?m=home&c=customer&a=index
INFO: [ app_init ] --START--
INFO: Run Behavior\BuildLiteBehavior [ RunTime:0.000000s ]
INFO: [ app_init ] --END-- [ RunTime:0.002000s ]
INFO: [ app_begin ] --START--
INFO: Run Behavior\ReadHtmlCacheBehavior [ RunTime:0.003000s ]
INFO: [ app_begin ] --END-- [ RunTime:0.003000s ]
SQL: SHOW COLUMNS FROM `bj_customer` [ RunTime:0.0140s ]
SQL: SELECT * FROM `bj_customer` ORDER BY create_time  [ RunTime:0.0020s ]
INFO: [ view_parse ] --START--
INFO: [ template_filter ] --START--
INFO: Run Behavior\ContentReplaceBehavior [ RunTime:0.001000s ]
INFO: [ template_filter ] --END-- [ RunTime:0.001000s ]
INFO: Run Behavior\ParseTemplateBehavior [ RunTime:0.094005s ]
INFO: [ view_parse ] --END-- [ RunTime:0.094005s ]
INFO: [ view_filter ] --START--
INFO: Run Behavior\WriteHtmlCacheBehavior [ RunTime:0.003001s ]
INFO: [ view_filter ] --END-- [ RunTime:0.003001s ]
INFO: [ app_end ] --START--
INFO: Run Behavior\ShowPageTraceBehavior [ RunTime:0.008000s ]
INFO: [ app_end ] --END-- [ RunTime:0.008000s ]

[ 2017-07-05T23:36:22+08:00 ] 127.0.0.1 /index.php?m=home&c=customer&a=index
INFO: [ app_init ] --START--
INFO: Run Behavior\BuildLiteBehavior [ RunTime:0.000000s ]
INFO: [ app_init ] --END-- [ RunTime:0.001000s ]
INFO: [ app_begin ] --START--
INFO: Run Behavior\ReadHtmlCacheBehavior [ RunTime:0.004000s ]
INFO: [ app_begin ] --END-- [ RunTime:0.005000s ]
SQL: SHOW COLUMNS FROM `bj_customer` [ RunTime:0.0200s ]
SQL: SELECT * FROM `bj_customer` ORDER BY create_time  [ RunTime:0.0010s ]
INFO: [ view_parse ] --START--
INFO: [ template_filter ] --START--
INFO: Run Behavior\ContentReplaceBehavior [ RunTime:0.001000s ]
INFO: [ template_filter ] --END-- [ RunTime:0.001000s ]
INFO: Run Behavior\ParseTemplateBehavior [ RunTime:0.073004s ]
INFO: [ view_parse ] --END-- [ RunTime:0.074004s ]
INFO: [ view_filter ] --START--
INFO: Run Behavior\WriteHtmlCacheBehavior [ RunTime:0.003000s ]
INFO: [ view_filter ] --END-- [ RunTime:0.003000s ]
INFO: [ app_end ] --START--
INFO: Run Behavior\ShowPageTraceBehavior [ RunTime:0.008000s ]
INFO: [ app_end ] --END-- [ RunTime:0.010001s ]

[ 2017-07-05T23:37:55+08:00 ] 127.0.0.1 /index.php?m=home&c=customer&a=index
INFO: [ app_init ] --START--
INFO: Run Behavior\BuildLiteBehavior [ RunTime:0.000000s ]
INFO: [ app_init ] --END-- [ RunTime:0.002000s ]
INFO: [ app_begin ] --START--
INFO: Run Behavior\ReadHtmlCacheBehavior [ RunTime:0.004000s ]
INFO: [ app_begin ] --END-- [ RunTime:0.005000s ]
SQL: SHOW COLUMNS FROM `bj_customer` [ RunTime:0.0130s ]
SQL: SELECT * FROM `bj_customer` ORDER BY create_time  [ RunTime:0.0010s ]
INFO: [ view_parse ] --START--
INFO: [ template_filter ] --START--
INFO: Run Behavior\ContentReplaceBehavior [ RunTime:0.001000s ]
INFO: [ template_filter ] --END-- [ RunTime:0.001000s ]
INFO: Run Behavior\ParseTemplateBehavior [ RunTime:0.085005s ]
INFO: [ view_parse ] --END-- [ RunTime:0.085005s ]
INFO: [ view_filter ] --START--
INFO: Run Behavior\WriteHtmlCacheBehavior [ RunTime:0.004000s ]
INFO: [ view_filter ] --END-- [ RunTime:0.004000s ]
INFO: [ app_end ] --START--
INFO: Run Behavior\ShowPageTraceBehavior [ RunTime:0.007001s ]
INFO: [ app_end ] --END-- [ RunTime:0.008001s ]

[ 2017-07-05T23:38:02+08:00 ] 127.0.0.1 /index.php?m=home&c=customer&a=changeStatus
INFO: [ app_init ] --START--
INFO: Run Behavior\BuildLiteBehavior [ RunTime:0.000000s ]
INFO: [ app_init ] --END-- [ RunTime:0.001000s ]
INFO: [ app_begin ] --START--
INFO: Run Behavior\ReadHtmlCacheBehavior [ RunTime:0.003000s ]
INFO: [ app_begin ] --END-- [ RunTime:0.004000s ]
SQL: SHOW COLUMNS FROM `bj_customer` [ RunTime:0.0110s ]
SQL: UPDATE `bj_customer` SET `status`='0' WHERE ( id = 5 ) [ RunTime:0.0860s ]

[ 2017-07-05T23:38:03+08:00 ] 127.0.0.1 /index.php?m=home&c=customer&a=index
INFO: [ app_init ] --START--
INFO: Run Behavior\BuildLiteBehavior [ RunTime:0.000000s ]
INFO: [ app_init ] --END-- [ RunTime:0.001000s ]
INFO: [ app_begin ] --START--
INFO: Run Behavior\ReadHtmlCacheBehavior [ RunTime:0.005001s ]
INFO: [ app_begin ] --END-- [ RunTime:0.005001s ]
SQL: SHOW COLUMNS FROM `bj_customer` [ RunTime:0.0140s ]
SQL: SELECT * FROM `bj_customer` ORDER BY create_time  [ RunTime:0.0020s ]
INFO: [ view_parse ] --START--
INFO: [ template_filter ] --START--
INFO: Run Behavior\ContentReplaceBehavior [ RunTime:0.001000s ]
INFO: [ template_filter ] --END-- [ RunTime:0.001000s ]
INFO: Run Behavior\ParseTemplateBehavior [ RunTime:0.077004s ]
INFO: [ view_parse ] --END-- [ RunTime:0.077004s ]
INFO: [ view_filter ] --START--
INFO: Run Behavior\WriteHtmlCacheBehavior [ RunTime:0.002000s ]
INFO: [ view_filter ] --END-- [ RunTime:0.002000s ]
INFO: [ app_end ] --START--
INFO: Run Behavior\ShowPageTraceBehavior [ RunTime:0.006001s ]
INFO: [ app_end ] --END-- [ RunTime:0.006001s ]

[ 2017-07-05T23:38:08+08:00 ] 127.0.0.1 /index.php?m=home&c=customer&a=deleteCustomer
INFO: [ app_init ] --START--
INFO: Run Behavior\BuildLiteBehavior [ RunTime:0.000000s ]
INFO: [ app_init ] --END-- [ RunTime:0.002000s ]
INFO: [ app_begin ] --START--
INFO: Run Behavior\ReadHtmlCacheBehavior [ RunTime:0.003001s ]
INFO: [ app_begin ] --END-- [ RunTime:0.003001s ]
SQL: SHOW COLUMNS FROM `bj_customer` [ RunTime:0.0150s ]
SQL: DELETE FROM `bj_customer` WHERE `id` = 5 [ RunTime:0.0520s ]

[ 2017-07-05T23:38:09+08:00 ] 127.0.0.1 /index.php?m=home&c=customer&a=index
INFO: [ app_init ] --START--
INFO: Run Behavior\BuildLiteBehavior [ RunTime:0.000000s ]
INFO: [ app_init ] --END-- [ RunTime:0.001000s ]
INFO: [ app_begin ] --START--
INFO: Run Behavior\ReadHtmlCacheBehavior [ RunTime:0.004000s ]
INFO: [ app_begin ] --END-- [ RunTime:0.004000s ]
SQL: SHOW COLUMNS FROM `bj_customer` [ RunTime:0.0170s ]
SQL: SELECT * FROM `bj_customer` ORDER BY create_time  [ RunTime:0.0010s ]
INFO: [ view_parse ] --START--
INFO: [ template_filter ] --START--
INFO: Run Behavior\ContentReplaceBehavior [ RunTime:0.000000s ]
INFO: [ template_filter ] --END-- [ RunTime:0.000000s ]
INFO: Run Behavior\ParseTemplateBehavior [ RunTime:0.088006s ]
INFO: [ view_parse ] --END-- [ RunTime:0.089006s ]
INFO: [ view_filter ] --START--
INFO: Run Behavior\WriteHtmlCacheBehavior [ RunTime:0.002000s ]
INFO: [ view_filter ] --END-- [ RunTime:0.002000s ]
INFO: [ app_end ] --START--
INFO: Run Behavior\ShowPageTraceBehavior [ RunTime:0.004000s ]
INFO: [ app_end ] --END-- [ RunTime:0.004000s ]

