[ 2017-08-14T22:18:04+08:00 ] 127.0.0.1 /index.php?m=home&c=loan&a=index
INFO: [ app_init ] --START--
INFO: Run Behavior\BuildLiteBehavior [ RunTime:0.000000s ]
INFO: [ app_init ] --END-- [ RunTime:0.103006s ]
INFO: [ app_begin ] --START--
INFO: Run Behavior\ReadHtmlCacheBehavior [ RunTime:0.020002s ]
INFO: [ app_begin ] --END-- [ RunTime:0.020002s ]
SQL: SHOW COLUMNS FROM `bj_loan` [ RunTime:0.0450s ]
SQL: SELECT * FROM `bj_loan`  [ RunTime:0.0030s ]
SQL: SHOW COLUMNS FROM `bj_customer` [ RunTime:0.0150s ]
SQL: SELECT * FROM `bj_customer` ORDER BY create_time asc  [ RunTime:0.0020s ]
SQL: SHOW COLUMNS FROM `bj_product` [ RunTime:0.0120s ]
SQL: SELECT * FROM `bj_product` ORDER BY create_time asc  [ RunTime:0.0010s ]
SQL: SHOW COLUMNS FROM `bj_cycle` [ RunTime:0.0160s ]
SQL: SELECT * FROM `bj_cycle` ORDER BY create_time asc  [ RunTime:0.0010s ]
SQL: SHOW COLUMNS FROM `bj_staff` [ RunTime:0.0130s ]
SQL: SELECT * FROM `bj_staff`  [ RunTime:0.0010s ]
SQL: SHOW COLUMNS FROM `bj_poundage` [ RunTime:0.0160s ]
SQL: SELECT * FROM `bj_poundage` ORDER BY create_time desc  [ RunTime:0.0010s ]
SQL: SELECT * FROM `bj_customer` WHERE `id` = 7 LIMIT 1   [ RunTime:0.0010s ]
SQL: SELECT * FROM `bj_product` WHERE `product_id` = 3 LIMIT 1   [ RunTime:0.0000s ]
SQL: SELECT * FROM `bj_cycle` WHERE `cycle_id` = 4 LIMIT 1   [ RunTime:0.0010s ]
SQL: SELECT * FROM `bj_staff` WHERE `staff_id` = 3 LIMIT 1   [ RunTime:0.0010s ]
SQL: SELECT * FROM `bj_staff` WHERE `staff_id` = 4 LIMIT 1   [ RunTime:0.0000s ]
SQL: SELECT * FROM `bj_customer` WHERE `id` = 8 LIMIT 1   [ RunTime:0.0000s ]
SQL: SELECT * FROM `bj_product` WHERE `product_id` = 2 LIMIT 1   [ RunTime:0.0010s ]
SQL: SELECT * FROM `bj_cycle` WHERE `cycle_id` = 1 LIMIT 1   [ RunTime:0.0010s ]
SQL: SELECT * FROM `bj_staff` WHERE `staff_id` = 3 LIMIT 1   [ RunTime:0.0010s ]
SQL: SELECT * FROM `bj_staff` WHERE `staff_id` = 3 LIMIT 1   [ RunTime:0.0010s ]
SQL: SELECT * FROM `bj_customer` WHERE `id` = 8 LIMIT 1   [ RunTime:0.0010s ]
SQL: SELECT * FROM `bj_product` WHERE `product_id` = 1 LIMIT 1   [ RunTime:0.0010s ]
SQL: SELECT * FROM `bj_cycle` WHERE `cycle_id` = 2 LIMIT 1   [ RunTime:0.0010s ]
SQL: SELECT * FROM `bj_staff` WHERE `staff_id` = 3 LIMIT 1   [ RunTime:0.0010s ]
SQL: SELECT * FROM `bj_staff` WHERE `staff_id` = 3 LIMIT 1   [ RunTime:0.0010s ]
SQL: SELECT * FROM `bj_customer` WHERE `id` = 8 LIMIT 1   [ RunTime:0.0010s ]
SQL: SELECT * FROM `bj_product` WHERE `product_id` = 1 LIMIT 1   [ RunTime:0.0010s ]
SQL: SELECT * FROM `bj_cycle` WHERE `cycle_id` = 2 LIMIT 1   [ RunTime:0.0020s ]
SQL: SELECT * FROM `bj_staff` WHERE `staff_id` = 3 LIMIT 1   [ RunTime:0.0010s ]
SQL: SELECT * FROM `bj_staff` WHERE `staff_id` = 3 LIMIT 1   [ RunTime:0.0010s ]
SQL: SELECT * FROM `bj_customer` WHERE `id` = 8 LIMIT 1   [ RunTime:0.0010s ]
SQL: SELECT * FROM `bj_product` WHERE `product_id` = 2 LIMIT 1   [ RunTime:0.0010s ]
SQL: SELECT * FROM `bj_cycle` WHERE `cycle_id` = 1 LIMIT 1   [ RunTime:0.0010s ]
SQL: SELECT * FROM `bj_staff` WHERE `staff_id` = 3 LIMIT 1   [ RunTime:0.0010s ]
SQL: SELECT * FROM `bj_staff` WHERE `staff_id` = 3 LIMIT 1   [ RunTime:0.0010s ]
SQL: SELECT * FROM `bj_customer` WHERE `id` = 8 LIMIT 1   [ RunTime:0.0010s ]
SQL: SELECT * FROM `bj_product` WHERE `product_id` = 5 LIMIT 1   [ RunTime:0.0000s ]
SQL: SELECT * FROM `bj_cycle` WHERE `cycle_id` = 1 LIMIT 1   [ RunTime:0.0010s ]
SQL: SELECT * FROM `bj_staff` WHERE `staff_id` = 3 LIMIT 1   [ RunTime:0.0020s ]
SQL: SELECT * FROM `bj_staff` WHERE `staff_id` = 4 LIMIT 1   [ RunTime:0.0010s ]
SQL: SELECT * FROM `bj_customer` WHERE `id` = 8 LIMIT 1   [ RunTime:0.0010s ]
SQL: SELECT * FROM `bj_product` WHERE `product_id` = 5 LIMIT 1   [ RunTime:0.0010s ]
SQL: SELECT * FROM `bj_cycle` WHERE `cycle_id` = 1 LIMIT 1   [ RunTime:0.0010s ]
SQL: SELECT * FROM `bj_staff` WHERE `staff_id` = 3 LIMIT 1   [ RunTime:0.0010s ]
SQL: SELECT * FROM `bj_staff` WHERE `staff_id` = 4 LIMIT 1   [ RunTime:0.0000s ]
SQL: SELECT * FROM `bj_customer` WHERE `id` = 8 LIMIT 1   [ RunTime:0.0010s ]
SQL: SELECT * FROM `bj_product` WHERE `product_id` = 5 LIMIT 1   [ RunTime:0.0000s ]
SQL: SELECT * FROM `bj_cycle` WHERE `cycle_id` = 1 LIMIT 1   [ RunTime:0.0010s ]
SQL: SELECT * FROM `bj_staff` WHERE `staff_id` = 3 LIMIT 1   [ RunTime:0.0020s ]
SQL: SELECT * FROM `bj_staff` WHERE `staff_id` = 4 LIMIT 1   [ RunTime:0.0010s ]
INFO: [ view_parse ] --START--
INFO: [ template_filter ] --START--
INFO: Run Behavior\ContentReplaceBehavior [ RunTime:0.055004s ]
INFO: [ template_filter ] --END-- [ RunTime:0.055004s ]
INFO: Run Behavior\ParseTemplateBehavior [ RunTime:0.831048s ]
INFO: [ view_parse ] --END-- [ RunTime:0.832048s ]
INFO: [ view_filter ] --START--
INFO: Run Behavior\WriteHtmlCacheBehavior [ RunTime:0.071004s ]
INFO: [ view_filter ] --END-- [ RunTime:0.072004s ]
INFO: [ app_end ] --START--
INFO: Run Behavior\ShowPageTraceBehavior [ RunTime:0.098006s ]
INFO: [ app_end ] --END-- [ RunTime:0.099006s ]

[ 2017-08-14T22:18:14+08:00 ] 127.0.0.1 /index.php?m=home&c=loan&a=editLoan
INFO: [ app_init ] --START--
INFO: Run Behavior\BuildLiteBehavior [ RunTime:0.000000s ]
INFO: [ app_init ] --END-- [ RunTime:0.002000s ]
INFO: [ app_begin ] --START--
INFO: Run Behavior\ReadHtmlCacheBehavior [ RunTime:0.004000s ]
INFO: [ app_begin ] --END-- [ RunTime:0.004000s ]
SQL: SHOW COLUMNS FROM `bj_loan` [ RunTime:0.0130s ]
SQL: SELECT * FROM `bj_loan` WHERE `loan_id` = 3 LIMIT 1   [ RunTime:0.0010s ]
SQL: SHOW COLUMNS FROM `bj_customer` [ RunTime:0.0150s ]
SQL: SELECT * FROM `bj_customer` LIMIT 1   [ RunTime:0.0020s ]
SQL: SHOW COLUMNS FROM `bj_product` [ RunTime:0.0150s ]
SQL: SELECT * FROM `bj_product` WHERE `product_id` = 2 LIMIT 1   [ RunTime:0.0010s ]
SQL: SHOW COLUMNS FROM `bj_cycle` [ RunTime:0.0130s ]
SQL: SELECT * FROM `bj_cycle` LIMIT 1   [ RunTime:0.0010s ]
SQL: SHOW COLUMNS FROM `bj_poundage_detail` [ RunTime:0.0160s ]
SQL: SELECT * FROM `bj_poundage_detail` WHERE `loan_id` = 3  [ RunTime:0.0010s ]

[ 2017-08-14T22:18:21+08:00 ] 127.0.0.1 /index.php?m=home&c=loan&a=index
INFO: [ app_init ] --START--
INFO: Run Behavior\BuildLiteBehavior [ RunTime:0.000000s ]
INFO: [ app_init ] --END-- [ RunTime:0.002000s ]
INFO: [ app_begin ] --START--
INFO: Run Behavior\ReadHtmlCacheBehavior [ RunTime:0.003000s ]
INFO: [ app_begin ] --END-- [ RunTime:0.003000s ]
SQL: SHOW COLUMNS FROM `bj_loan` [ RunTime:0.0120s ]
SQL: SELECT * FROM `bj_loan`  [ RunTime:0.0020s ]
SQL: SHOW COLUMNS FROM `bj_customer` [ RunTime:0.0110s ]
SQL: SELECT * FROM `bj_customer` ORDER BY create_time asc  [ RunTime:0.0010s ]
SQL: SHOW COLUMNS FROM `bj_product` [ RunTime:0.0140s ]
SQL: SELECT * FROM `bj_product` ORDER BY create_time asc  [ RunTime:0.0010s ]
SQL: SHOW COLUMNS FROM `bj_cycle` [ RunTime:0.0130s ]
SQL: SELECT * FROM `bj_cycle` ORDER BY create_time asc  [ RunTime:0.0010s ]
SQL: SHOW COLUMNS FROM `bj_staff` [ RunTime:0.0110s ]
SQL: SELECT * FROM `bj_staff`  [ RunTime:0.0000s ]
SQL: SHOW COLUMNS FROM `bj_poundage` [ RunTime:0.0140s ]
SQL: SELECT * FROM `bj_poundage` ORDER BY create_time desc  [ RunTime:0.0010s ]
SQL: SELECT * FROM `bj_customer` WHERE `id` = 7 LIMIT 1   [ RunTime:0.0010s ]
SQL: SELECT * FROM `bj_product` WHERE `product_id` = 3 LIMIT 1   [ RunTime:0.0010s ]
SQL: SELECT * FROM `bj_cycle` WHERE `cycle_id` = 4 LIMIT 1   [ RunTime:0.0000s ]
SQL: SELECT * FROM `bj_staff` WHERE `staff_id` = 3 LIMIT 1   [ RunTime:0.0010s ]
SQL: SELECT * FROM `bj_staff` WHERE `staff_id` = 4 LIMIT 1   [ RunTime:0.0010s ]
SQL: SELECT * FROM `bj_customer` WHERE `id` = 8 LIMIT 1   [ RunTime:0.0000s ]
SQL: SELECT * FROM `bj_product` WHERE `product_id` = 2 LIMIT 1   [ RunTime:0.0010s ]
SQL: SELECT * FROM `bj_cycle` WHERE `cycle_id` = 1 LIMIT 1   [ RunTime:0.0010s ]
SQL: SELECT * FROM `bj_staff` WHERE `staff_id` = 3 LIMIT 1   [ RunTime:0.0000s ]
SQL: SELECT * FROM `bj_staff` WHERE `staff_id` = 3 LIMIT 1   [ RunTime:0.0010s ]
SQL: SELECT * FROM `bj_customer` WHERE `id` = 8 LIMIT 1   [ RunTime:0.0010s ]
SQL: SELECT * FROM `bj_product` WHERE `product_id` = 1 LIMIT 1   [ RunTime:0.0000s ]
SQL: SELECT * FROM `bj_cycle` WHERE `cycle_id` = 2 LIMIT 1   [ RunTime:0.0010s ]
SQL: SELECT * FROM `bj_staff` WHERE `staff_id` = 3 LIMIT 1   [ RunTime:0.0010s ]
SQL: SELECT * FROM `bj_staff` WHERE `staff_id` = 3 LIMIT 1   [ RunTime:0.0000s ]
SQL: SELECT * FROM `bj_customer` WHERE `id` = 8 LIMIT 1   [ RunTime:0.0010s ]
SQL: SELECT * FROM `bj_product` WHERE `product_id` = 1 LIMIT 1   [ RunTime:0.0010s ]
SQL: SELECT * FROM `bj_cycle` WHERE `cycle_id` = 2 LIMIT 1   [ RunTime:0.0010s ]
SQL: SELECT * FROM `bj_staff` WHERE `staff_id` = 3 LIMIT 1   [ RunTime:0.0000s ]
SQL: SELECT * FROM `bj_staff` WHERE `staff_id` = 3 LIMIT 1   [ RunTime:0.0000s ]
SQL: SELECT * FROM `bj_customer` WHERE `id` = 8 LIMIT 1   [ RunTime:0.0010s ]
SQL: SELECT * FROM `bj_product` WHERE `product_id` = 2 LIMIT 1   [ RunTime:0.0010s ]
SQL: SELECT * FROM `bj_cycle` WHERE `cycle_id` = 1 LIMIT 1   [ RunTime:0.0010s ]
SQL: SELECT * FROM `bj_staff` WHERE `staff_id` = 3 LIMIT 1   [ RunTime:0.0010s ]
SQL: SELECT * FROM `bj_staff` WHERE `staff_id` = 3 LIMIT 1   [ RunTime:0.0010s ]
SQL: SELECT * FROM `bj_customer` WHERE `id` = 8 LIMIT 1   [ RunTime:0.0010s ]
SQL: SELECT * FROM `bj_product` WHERE `product_id` = 5 LIMIT 1   [ RunTime:0.0010s ]
SQL: SELECT * FROM `bj_cycle` WHERE `cycle_id` = 1 LIMIT 1   [ RunTime:0.0010s ]
SQL: SELECT * FROM `bj_staff` WHERE `staff_id` = 3 LIMIT 1   [ RunTime:0.0010s ]
SQL: SELECT * FROM `bj_staff` WHERE `staff_id` = 4 LIMIT 1   [ RunTime:0.0010s ]
SQL: SELECT * FROM `bj_customer` WHERE `id` = 8 LIMIT 1   [ RunTime:0.0010s ]
SQL: SELECT * FROM `bj_product` WHERE `product_id` = 5 LIMIT 1   [ RunTime:0.0000s ]
SQL: SELECT * FROM `bj_cycle` WHERE `cycle_id` = 1 LIMIT 1   [ RunTime:0.0010s ]
SQL: SELECT * FROM `bj_staff` WHERE `staff_id` = 3 LIMIT 1   [ RunTime:0.0010s ]
SQL: SELECT * FROM `bj_staff` WHERE `staff_id` = 4 LIMIT 1   [ RunTime:0.0030s ]
SQL: SELECT * FROM `bj_customer` WHERE `id` = 8 LIMIT 1   [ RunTime:0.0010s ]
SQL: SELECT * FROM `bj_product` WHERE `product_id` = 5 LIMIT 1   [ RunTime:0.0000s ]
SQL: SELECT * FROM `bj_cycle` WHERE `cycle_id` = 1 LIMIT 1   [ RunTime:0.0000s ]
SQL: SELECT * FROM `bj_staff` WHERE `staff_id` = 3 LIMIT 1   [ RunTime:0.0000s ]
SQL: SELECT * FROM `bj_staff` WHERE `staff_id` = 4 LIMIT 1   [ RunTime:0.0010s ]
INFO: [ view_parse ] --START--
INFO: [ template_filter ] --START--
INFO: Run Behavior\ContentReplaceBehavior [ RunTime:0.000000s ]
INFO: [ template_filter ] --END-- [ RunTime:0.001000s ]
INFO: Run Behavior\ParseTemplateBehavior [ RunTime:0.116007s ]
INFO: [ view_parse ] --END-- [ RunTime:0.116007s ]
INFO: [ view_filter ] --START--
INFO: Run Behavior\WriteHtmlCacheBehavior [ RunTime:0.003000s ]
INFO: [ view_filter ] --END-- [ RunTime:0.003000s ]
INFO: [ app_end ] --START--
INFO: Run Behavior\ShowPageTraceBehavior [ RunTime:0.008001s ]
INFO: [ app_end ] --END-- [ RunTime:0.008001s ]

[ 2017-08-14T22:18:37+08:00 ] 127.0.0.1 /index.php?m=home&c=loan&a=editLoan
INFO: [ app_init ] --START--
INFO: Run Behavior\BuildLiteBehavior [ RunTime:0.000000s ]
INFO: [ app_init ] --END-- [ RunTime:0.002001s ]
INFO: [ app_begin ] --START--
INFO: Run Behavior\ReadHtmlCacheBehavior [ RunTime:0.005000s ]
INFO: [ app_begin ] --END-- [ RunTime:0.005000s ]
SQL: SHOW COLUMNS FROM `bj_loan` [ RunTime:0.0140s ]
SQL: SELECT * FROM `bj_loan` WHERE `loan_id` = 11 LIMIT 1   [ RunTime:0.0010s ]
SQL: SHOW COLUMNS FROM `bj_customer` [ RunTime:0.0150s ]
SQL: SELECT * FROM `bj_customer` LIMIT 1   [ RunTime:0.0010s ]
SQL: SHOW COLUMNS FROM `bj_product` [ RunTime:0.0130s ]
SQL: SELECT * FROM `bj_product` WHERE `product_id` = 5 LIMIT 1   [ RunTime:0.0010s ]
SQL: SHOW COLUMNS FROM `bj_cycle` [ RunTime:0.0130s ]
SQL: SELECT * FROM `bj_cycle` LIMIT 1   [ RunTime:0.0010s ]
SQL: SHOW COLUMNS FROM `bj_poundage_detail` [ RunTime:0.0130s ]
SQL: SELECT * FROM `bj_poundage_detail` WHERE `loan_id` = 11  [ RunTime:0.0010s ]
SQL: SHOW COLUMNS FROM `bj_poundage` [ RunTime:0.0120s ]
SQL: SELECT * FROM `bj_poundage` WHERE `poundage_id` = 2 LIMIT 1   [ RunTime:0.0000s ]
SQL: SELECT * FROM `bj_poundage` WHERE `poundage_id` = 3 LIMIT 1   [ RunTime:0.0010s ]
SQL: SELECT * FROM `bj_poundage` WHERE `poundage_id` = 4 LIMIT 1   [ RunTime:0.0010s ]
SQL: SELECT * FROM `bj_poundage` WHERE `poundage_id` = 5 LIMIT 1   [ RunTime:0.0010s ]

[ 2017-08-14T22:18:48+08:00 ] 127.0.0.1 /index.php?m=home&c=loan&a=editLoan
INFO: [ app_init ] --START--
INFO: Run Behavior\BuildLiteBehavior [ RunTime:0.000000s ]
INFO: [ app_init ] --END-- [ RunTime:0.001000s ]
INFO: [ app_begin ] --START--
INFO: Run Behavior\ReadHtmlCacheBehavior [ RunTime:0.002000s ]
INFO: [ app_begin ] --END-- [ RunTime:0.002000s ]
SQL: SHOW COLUMNS FROM `bj_loan` [ RunTime:0.0140s ]
SQL: SELECT * FROM `bj_loan` WHERE `loan_id` = 11 LIMIT 1   [ RunTime:0.0010s ]
SQL: SHOW COLUMNS FROM `bj_customer` [ RunTime:0.0150s ]
SQL: SELECT * FROM `bj_customer` LIMIT 1   [ RunTime:0.0000s ]
SQL: SHOW COLUMNS FROM `bj_product` [ RunTime:0.0130s ]
SQL: SELECT * FROM `bj_product` WHERE `product_id` = 5 LIMIT 1   [ RunTime:0.0010s ]
SQL: SHOW COLUMNS FROM `bj_cycle` [ RunTime:0.0110s ]
SQL: SELECT * FROM `bj_cycle` LIMIT 1   [ RunTime:0.0010s ]
SQL: SHOW COLUMNS FROM `bj_poundage_detail` [ RunTime:0.0190s ]
SQL: SELECT * FROM `bj_poundage_detail` WHERE `loan_id` = 11  [ RunTime:0.0010s ]
SQL: SHOW COLUMNS FROM `bj_poundage` [ RunTime:0.0140s ]
SQL: SELECT * FROM `bj_poundage` WHERE `poundage_id` = 2 LIMIT 1   [ RunTime:0.0010s ]
SQL: SELECT * FROM `bj_poundage` WHERE `poundage_id` = 3 LIMIT 1   [ RunTime:0.0010s ]
SQL: SELECT * FROM `bj_poundage` WHERE `poundage_id` = 4 LIMIT 1   [ RunTime:0.0010s ]
SQL: SELECT * FROM `bj_poundage` WHERE `poundage_id` = 5 LIMIT 1   [ RunTime:0.0010s ]

[ 2017-08-14T22:18:54+08:00 ] 127.0.0.1 /index.php?m=home&c=loan&a=editLoan
INFO: [ app_init ] --START--
INFO: Run Behavior\BuildLiteBehavior [ RunTime:0.000000s ]
INFO: [ app_init ] --END-- [ RunTime:0.002000s ]
INFO: [ app_begin ] --START--
INFO: Run Behavior\ReadHtmlCacheBehavior [ RunTime:0.003000s ]
INFO: [ app_begin ] --END-- [ RunTime:0.003000s ]
SQL: SHOW COLUMNS FROM `bj_loan` [ RunTime:0.0130s ]
SQL: SELECT * FROM `bj_loan` WHERE `loan_id` = 3 LIMIT 1   [ RunTime:0.0010s ]
SQL: SHOW COLUMNS FROM `bj_customer` [ RunTime:0.0130s ]
SQL: SELECT * FROM `bj_customer` LIMIT 1   [ RunTime:0.0020s ]
SQL: SHOW COLUMNS FROM `bj_product` [ RunTime:0.0150s ]
SQL: SELECT * FROM `bj_product` WHERE `product_id` = 2 LIMIT 1   [ RunTime:0.0020s ]
SQL: SHOW COLUMNS FROM `bj_cycle` [ RunTime:0.0190s ]
SQL: SELECT * FROM `bj_cycle` LIMIT 1   [ RunTime:0.0020s ]
SQL: SHOW COLUMNS FROM `bj_poundage_detail` [ RunTime:0.0210s ]
SQL: SELECT * FROM `bj_poundage_detail` WHERE `loan_id` = 3  [ RunTime:0.0010s ]

[ 2017-08-14T22:30:00+08:00 ] 127.0.0.1 /index.php?m=home&c=loan&a=index
INFO: [ app_init ] --START--
INFO: Run Behavior\BuildLiteBehavior [ RunTime:0.000000s ]
INFO: [ app_init ] --END-- [ RunTime:0.002000s ]
INFO: [ app_begin ] --START--
INFO: Run Behavior\ReadHtmlCacheBehavior [ RunTime:0.005000s ]
INFO: [ app_begin ] --END-- [ RunTime:0.005000s ]
SQL: SHOW COLUMNS FROM `bj_loan` [ RunTime:0.0130s ]
SQL: SELECT * FROM `bj_loan`  [ RunTime:0.0010s ]
SQL: SHOW COLUMNS FROM `bj_customer` [ RunTime:0.0120s ]
SQL: SELECT * FROM `bj_customer` ORDER BY create_time asc  [ RunTime:0.0010s ]
SQL: SHOW COLUMNS FROM `bj_product` [ RunTime:0.0180s ]
SQL: SELECT * FROM `bj_product` ORDER BY create_time asc  [ RunTime:0.0010s ]
SQL: SHOW COLUMNS FROM `bj_cycle` [ RunTime:0.0120s ]
SQL: SELECT * FROM `bj_cycle` ORDER BY create_time asc  [ RunTime:0.0010s ]
SQL: SHOW COLUMNS FROM `bj_staff` [ RunTime:0.0130s ]
SQL: SELECT * FROM `bj_staff`  [ RunTime:0.0000s ]
SQL: SHOW COLUMNS FROM `bj_poundage` [ RunTime:0.0210s ]
SQL: SELECT * FROM `bj_poundage` ORDER BY create_time desc  [ RunTime:0.0010s ]
SQL: SELECT * FROM `bj_customer` WHERE `id` = 7 LIMIT 1   [ RunTime:0.0000s ]
SQL: SELECT * FROM `bj_product` WHERE `product_id` = 3 LIMIT 1   [ RunTime:0.0010s ]
SQL: SELECT * FROM `bj_cycle` WHERE `cycle_id` = 4 LIMIT 1   [ RunTime:0.0000s ]
SQL: SELECT * FROM `bj_staff` WHERE `staff_id` = 3 LIMIT 1   [ RunTime:0.0010s ]
SQL: SELECT * FROM `bj_staff` WHERE `staff_id` = 4 LIMIT 1   [ RunTime:0.0010s ]
SQL: SELECT * FROM `bj_customer` WHERE `id` = 8 LIMIT 1   [ RunTime:0.0010s ]
SQL: SELECT * FROM `bj_product` WHERE `product_id` = 2 LIMIT 1   [ RunTime:0.0010s ]
SQL: SELECT * FROM `bj_cycle` WHERE `cycle_id` = 1 LIMIT 1   [ RunTime:0.0010s ]
SQL: SELECT * FROM `bj_staff` WHERE `staff_id` = 3 LIMIT 1   [ RunTime:0.0000s ]
SQL: SELECT * FROM `bj_staff` WHERE `staff_id` = 3 LIMIT 1   [ RunTime:0.0010s ]
SQL: SELECT * FROM `bj_customer` WHERE `id` = 8 LIMIT 1   [ RunTime:0.0010s ]
SQL: SELECT * FROM `bj_product` WHERE `product_id` = 1 LIMIT 1   [ RunTime:0.0010s ]
SQL: SELECT * FROM `bj_cycle` WHERE `cycle_id` = 2 LIMIT 1   [ RunTime:0.0030s ]
SQL: SELECT * FROM `bj_staff` WHERE `staff_id` = 3 LIMIT 1   [ RunTime:0.0020s ]
SQL: SELECT * FROM `bj_staff` WHERE `staff_id` = 3 LIMIT 1   [ RunTime:0.0000s ]
SQL: SELECT * FROM `bj_customer` WHERE `id` = 8 LIMIT 1   [ RunTime:0.0010s ]
SQL: SELECT * FROM `bj_product` WHERE `product_id` = 1 LIMIT 1   [ RunTime:0.0020s ]
SQL: SELECT * FROM `bj_cycle` WHERE `cycle_id` = 2 LIMIT 1   [ RunTime:0.0000s ]
SQL: SELECT * FROM `bj_staff` WHERE `staff_id` = 3 LIMIT 1   [ RunTime:0.0000s ]
SQL: SELECT * FROM `bj_staff` WHERE `staff_id` = 3 LIMIT 1   [ RunTime:0.0010s ]
SQL: SELECT * FROM `bj_customer` WHERE `id` = 8 LIMIT 1   [ RunTime:0.0000s ]
SQL: SELECT * FROM `bj_product` WHERE `product_id` = 2 LIMIT 1   [ RunTime:0.0010s ]
SQL: SELECT * FROM `bj_cycle` WHERE `cycle_id` = 1 LIMIT 1   [ RunTime:0.0010s ]
SQL: SELECT * FROM `bj_staff` WHERE `staff_id` = 3 LIMIT 1   [ RunTime:0.0000s ]
SQL: SELECT * FROM `bj_staff` WHERE `staff_id` = 3 LIMIT 1   [ RunTime:0.0010s ]
SQL: SELECT * FROM `bj_customer` WHERE `id` = 8 LIMIT 1   [ RunTime:0.0030s ]
SQL: SELECT * FROM `bj_product` WHERE `product_id` = 5 LIMIT 1   [ RunTime:0.0010s ]
SQL: SELECT * FROM `bj_cycle` WHERE `cycle_id` = 1 LIMIT 1   [ RunTime:0.0010s ]
SQL: SELECT * FROM `bj_staff` WHERE `staff_id` = 3 LIMIT 1   [ RunTime:0.0010s ]
SQL: SELECT * FROM `bj_staff` WHERE `staff_id` = 4 LIMIT 1   [ RunTime:0.0000s ]
SQL: SELECT * FROM `bj_customer` WHERE `id` = 8 LIMIT 1   [ RunTime:0.0000s ]
SQL: SELECT * FROM `bj_product` WHERE `product_id` = 5 LIMIT 1   [ RunTime:0.0000s ]
SQL: SELECT * FROM `bj_cycle` WHERE `cycle_id` = 1 LIMIT 1   [ RunTime:0.0010s ]
SQL: SELECT * FROM `bj_staff` WHERE `staff_id` = 3 LIMIT 1   [ RunTime:0.0020s ]
SQL: SELECT * FROM `bj_staff` WHERE `staff_id` = 4 LIMIT 1   [ RunTime:0.0020s ]
SQL: SELECT * FROM `bj_customer` WHERE `id` = 8 LIMIT 1   [ RunTime:0.0000s ]
SQL: SELECT * FROM `bj_product` WHERE `product_id` = 5 LIMIT 1   [ RunTime:0.0000s ]
SQL: SELECT * FROM `bj_cycle` WHERE `cycle_id` = 1 LIMIT 1   [ RunTime:0.0000s ]
SQL: SELECT * FROM `bj_staff` WHERE `staff_id` = 3 LIMIT 1   [ RunTime:0.0010s ]
SQL: SELECT * FROM `bj_staff` WHERE `staff_id` = 4 LIMIT 1   [ RunTime:0.0010s ]
INFO: [ view_parse ] --START--
INFO: [ template_filter ] --START--
INFO: Run Behavior\ContentReplaceBehavior [ RunTime:0.001000s ]
INFO: [ template_filter ] --END-- [ RunTime:0.001000s ]
INFO: Run Behavior\ParseTemplateBehavior [ RunTime:0.075005s ]
INFO: [ view_parse ] --END-- [ RunTime:0.075005s ]
INFO: [ view_filter ] --START--
INFO: Run Behavior\WriteHtmlCacheBehavior [ RunTime:0.003000s ]
INFO: [ view_filter ] --END-- [ RunTime:0.004000s ]
INFO: [ app_end ] --START--
INFO: Run Behavior\ShowPageTraceBehavior [ RunTime:0.008000s ]
INFO: [ app_end ] --END-- [ RunTime:0.008000s ]

[ 2017-08-14T22:30:07+08:00 ] 127.0.0.1 /index.php?m=home&c=loan&a=editLoan
INFO: [ app_init ] --START--
INFO: Run Behavior\BuildLiteBehavior [ RunTime:0.000000s ]
INFO: [ app_init ] --END-- [ RunTime:0.002000s ]
INFO: [ app_begin ] --START--
INFO: Run Behavior\ReadHtmlCacheBehavior [ RunTime:0.003000s ]
INFO: [ app_begin ] --END-- [ RunTime:0.003000s ]
SQL: SHOW COLUMNS FROM `bj_loan` [ RunTime:0.0160s ]
SQL: SELECT * FROM `bj_loan` WHERE `loan_id` = 11 LIMIT 1   [ RunTime:0.0010s ]
SQL: SHOW COLUMNS FROM `bj_customer` [ RunTime:0.0160s ]
SQL: SELECT * FROM `bj_customer` LIMIT 1   [ RunTime:0.0010s ]
SQL: SHOW COLUMNS FROM `bj_product` [ RunTime:0.0250s ]
SQL: SELECT * FROM `bj_product` WHERE `product_id` = 5 LIMIT 1   [ RunTime:0.0010s ]
SQL: SHOW COLUMNS FROM `bj_cycle` [ RunTime:0.0140s ]
SQL: SELECT * FROM `bj_cycle` LIMIT 1   [ RunTime:0.0010s ]
SQL: SHOW COLUMNS FROM `bj_poundage_detail` [ RunTime:0.0150s ]
SQL: SELECT * FROM `bj_poundage_detail` WHERE `loan_id` = 11  [ RunTime:0.0010s ]
SQL: SHOW COLUMNS FROM `bj_poundage` [ RunTime:0.0150s ]
SQL: SELECT * FROM `bj_poundage` WHERE `poundage_id` = 2 LIMIT 1   [ RunTime:0.0010s ]
SQL: SELECT * FROM `bj_poundage` WHERE `poundage_id` = 3 LIMIT 1   [ RunTime:0.0010s ]
SQL: SELECT * FROM `bj_poundage` WHERE `poundage_id` = 4 LIMIT 1   [ RunTime:0.0030s ]
SQL: SELECT * FROM `bj_poundage` WHERE `poundage_id` = 5 LIMIT 1   [ RunTime:0.0010s ]

[ 2017-08-14T22:30:34+08:00 ] 127.0.0.1 /index.php?m=home&c=loan&a=index
INFO: [ app_init ] --START--
INFO: Run Behavior\BuildLiteBehavior [ RunTime:0.000000s ]
INFO: [ app_init ] --END-- [ RunTime:0.003000s ]
INFO: [ app_begin ] --START--
INFO: Run Behavior\ReadHtmlCacheBehavior [ RunTime:0.005000s ]
INFO: [ app_begin ] --END-- [ RunTime:0.005000s ]
SQL: SHOW COLUMNS FROM `bj_loan` [ RunTime:0.0140s ]
SQL: SELECT * FROM `bj_loan`  [ RunTime:0.0020s ]
SQL: SHOW COLUMNS FROM `bj_customer` [ RunTime:0.0190s ]
SQL: SELECT * FROM `bj_customer` ORDER BY create_time asc  [ RunTime:0.0010s ]
SQL: SHOW COLUMNS FROM `bj_product` [ RunTime:0.0160s ]
SQL: SELECT * FROM `bj_product` ORDER BY create_time asc  [ RunTime:0.0020s ]
SQL: SHOW COLUMNS FROM `bj_cycle` [ RunTime:0.0170s ]
SQL: SELECT * FROM `bj_cycle` ORDER BY create_time asc  [ RunTime:0.0040s ]
SQL: SHOW COLUMNS FROM `bj_staff` [ RunTime:0.0190s ]
SQL: SELECT * FROM `bj_staff`  [ RunTime:0.0150s ]
SQL: SHOW COLUMNS FROM `bj_poundage` [ RunTime:0.0220s ]
SQL: SELECT * FROM `bj_poundage` ORDER BY create_time desc  [ RunTime:0.0010s ]
SQL: SELECT * FROM `bj_customer` WHERE `id` = 7 LIMIT 1   [ RunTime:0.0010s ]
SQL: SELECT * FROM `bj_product` WHERE `product_id` = 3 LIMIT 1   [ RunTime:0.0010s ]
SQL: SELECT * FROM `bj_cycle` WHERE `cycle_id` = 4 LIMIT 1   [ RunTime:0.0030s ]
SQL: SELECT * FROM `bj_staff` WHERE `staff_id` = 3 LIMIT 1   [ RunTime:0.0000s ]
SQL: SELECT * FROM `bj_staff` WHERE `staff_id` = 4 LIMIT 1   [ RunTime:0.0020s ]
SQL: SELECT * FROM `bj_customer` WHERE `id` = 8 LIMIT 1   [ RunTime:0.0010s ]
SQL: SELECT * FROM `bj_product` WHERE `product_id` = 2 LIMIT 1   [ RunTime:0.0020s ]
SQL: SELECT * FROM `bj_cycle` WHERE `cycle_id` = 1 LIMIT 1   [ RunTime:0.0010s ]
SQL: SELECT * FROM `bj_staff` WHERE `staff_id` = 3 LIMIT 1   [ RunTime:0.0000s ]
SQL: SELECT * FROM `bj_staff` WHERE `staff_id` = 3 LIMIT 1   [ RunTime:0.0010s ]
SQL: SELECT * FROM `bj_customer` WHERE `id` = 8 LIMIT 1   [ RunTime:0.0010s ]
SQL: SELECT * FROM `bj_product` WHERE `product_id` = 1 LIMIT 1   [ RunTime:0.0020s ]
SQL: SELECT * FROM `bj_cycle` WHERE `cycle_id` = 2 LIMIT 1   [ RunTime:0.0010s ]
SQL: SELECT * FROM `bj_staff` WHERE `staff_id` = 3 LIMIT 1   [ RunTime:0.0020s ]
SQL: SELECT * FROM `bj_staff` WHERE `staff_id` = 3 LIMIT 1   [ RunTime:0.0010s ]
SQL: SELECT * FROM `bj_customer` WHERE `id` = 8 LIMIT 1   [ RunTime:0.0010s ]
SQL: SELECT * FROM `bj_product` WHERE `product_id` = 1 LIMIT 1   [ RunTime:0.0010s ]
SQL: SELECT * FROM `bj_cycle` WHERE `cycle_id` = 2 LIMIT 1   [ RunTime:0.0010s ]
SQL: SELECT * FROM `bj_staff` WHERE `staff_id` = 3 LIMIT 1   [ RunTime:0.0010s ]
SQL: SELECT * FROM `bj_staff` WHERE `staff_id` = 3 LIMIT 1   [ RunTime:0.0010s ]
SQL: SELECT * FROM `bj_customer` WHERE `id` = 8 LIMIT 1   [ RunTime:0.0010s ]
SQL: SELECT * FROM `bj_product` WHERE `product_id` = 2 LIMIT 1   [ RunTime:0.0040s ]
SQL: SELECT * FROM `bj_cycle` WHERE `cycle_id` = 1 LIMIT 1   [ RunTime:0.0030s ]
SQL: SELECT * FROM `bj_staff` WHERE `staff_id` = 3 LIMIT 1   [ RunTime:0.0010s ]
SQL: SELECT * FROM `bj_staff` WHERE `staff_id` = 3 LIMIT 1   [ RunTime:0.0010s ]
SQL: SELECT * FROM `bj_customer` WHERE `id` = 8 LIMIT 1   [ RunTime:0.0010s ]
SQL: SELECT * FROM `bj_product` WHERE `product_id` = 5 LIMIT 1   [ RunTime:0.0010s ]
SQL: SELECT * FROM `bj_cycle` WHERE `cycle_id` = 1 LIMIT 1   [ RunTime:0.0010s ]
SQL: SELECT * FROM `bj_staff` WHERE `staff_id` = 3 LIMIT 1   [ RunTime:0.0000s ]
SQL: SELECT * FROM `bj_staff` WHERE `staff_id` = 4 LIMIT 1   [ RunTime:0.0010s ]
SQL: SELECT * FROM `bj_customer` WHERE `id` = 8 LIMIT 1   [ RunTime:0.0010s ]
SQL: SELECT * FROM `bj_product` WHERE `product_id` = 5 LIMIT 1   [ RunTime:0.0010s ]
SQL: SELECT * FROM `bj_cycle` WHERE `cycle_id` = 1 LIMIT 1   [ RunTime:0.0010s ]
SQL: SELECT * FROM `bj_staff` WHERE `staff_id` = 3 LIMIT 1   [ RunTime:0.0010s ]
SQL: SELECT * FROM `bj_staff` WHERE `staff_id` = 4 LIMIT 1   [ RunTime:0.0010s ]
SQL: SELECT * FROM `bj_customer` WHERE `id` = 8 LIMIT 1   [ RunTime:0.0010s ]
SQL: SELECT * FROM `bj_product` WHERE `product_id` = 5 LIMIT 1   [ RunTime:0.0010s ]
SQL: SELECT * FROM `bj_cycle` WHERE `cycle_id` = 1 LIMIT 1   [ RunTime:0.0010s ]
SQL: SELECT * FROM `bj_staff` WHERE `staff_id` = 3 LIMIT 1   [ RunTime:0.0010s ]
SQL: SELECT * FROM `bj_staff` WHERE `staff_id` = 4 LIMIT 1   [ RunTime:0.0010s ]
INFO: [ view_parse ] --START--
INFO: [ template_filter ] --START--
INFO: Run Behavior\ContentReplaceBehavior [ RunTime:0.001000s ]
INFO: [ template_filter ] --END-- [ RunTime:0.001000s ]
INFO: Run Behavior\ParseTemplateBehavior [ RunTime:0.104006s ]
INFO: [ view_parse ] --END-- [ RunTime:0.105006s ]
INFO: [ view_filter ] --START--
INFO: Run Behavior\WriteHtmlCacheBehavior [ RunTime:0.003000s ]
INFO: [ view_filter ] --END-- [ RunTime:0.004000s ]
INFO: [ app_end ] --START--
INFO: Run Behavior\ShowPageTraceBehavior [ RunTime:0.005000s ]
INFO: [ app_end ] --END-- [ RunTime:0.006000s ]

[ 2017-08-14T22:30:42+08:00 ] 127.0.0.1 /index.php?m=home&c=loan&a=editLoan
INFO: [ app_init ] --START--
INFO: Run Behavior\BuildLiteBehavior [ RunTime:0.000000s ]
INFO: [ app_init ] --END-- [ RunTime:0.001000s ]
INFO: [ app_begin ] --START--
INFO: Run Behavior\ReadHtmlCacheBehavior [ RunTime:0.003000s ]
INFO: [ app_begin ] --END-- [ RunTime:0.003000s ]
SQL: SHOW COLUMNS FROM `bj_loan` [ RunTime:0.0180s ]
SQL: SELECT * FROM `bj_loan` WHERE `loan_id` = 11 LIMIT 1   [ RunTime:0.0010s ]
SQL: SHOW COLUMNS FROM `bj_customer` [ RunTime:0.0180s ]
SQL: SELECT * FROM `bj_customer` LIMIT 1   [ RunTime:0.0010s ]
SQL: SHOW COLUMNS FROM `bj_product` [ RunTime:0.0180s ]
SQL: SELECT * FROM `bj_product` WHERE `product_id` = 5 LIMIT 1   [ RunTime:0.0000s ]
SQL: SHOW COLUMNS FROM `bj_cycle` [ RunTime:0.0230s ]
SQL: SELECT * FROM `bj_cycle` LIMIT 1   [ RunTime:0.0010s ]
SQL: SHOW COLUMNS FROM `bj_poundage_detail` [ RunTime:0.0210s ]
SQL: SELECT * FROM `bj_poundage_detail` WHERE `loan_id` = 11  [ RunTime:0.0000s ]
SQL: SHOW COLUMNS FROM `bj_poundage` [ RunTime:0.0200s ]
SQL: SELECT * FROM `bj_poundage` WHERE `poundage_id` = 2 LIMIT 1   [ RunTime:0.0010s ]
SQL: SELECT * FROM `bj_poundage` WHERE `poundage_id` = 3 LIMIT 1   [ RunTime:0.0010s ]
SQL: SELECT * FROM `bj_poundage` WHERE `poundage_id` = 4 LIMIT 1   [ RunTime:0.0020s ]
SQL: SELECT * FROM `bj_poundage` WHERE `poundage_id` = 5 LIMIT 1   [ RunTime:0.0010s ]

[ 2017-08-14T22:30:50+08:00 ] 127.0.0.1 /index.php?m=home&c=loan&a=editLoan
INFO: [ app_init ] --START--
INFO: Run Behavior\BuildLiteBehavior [ RunTime:0.000000s ]
INFO: [ app_init ] --END-- [ RunTime:0.001000s ]
INFO: [ app_begin ] --START--
INFO: Run Behavior\ReadHtmlCacheBehavior [ RunTime:0.002000s ]
INFO: [ app_begin ] --END-- [ RunTime:0.003000s ]
SQL: SHOW COLUMNS FROM `bj_loan` [ RunTime:0.0150s ]
SQL: SELECT * FROM `bj_loan` WHERE `loan_id` = 3 LIMIT 1   [ RunTime:0.0020s ]
SQL: SHOW COLUMNS FROM `bj_customer` [ RunTime:0.0140s ]
SQL: SELECT * FROM `bj_customer` LIMIT 1   [ RunTime:0.0050s ]
SQL: SHOW COLUMNS FROM `bj_product` [ RunTime:0.0480s ]
SQL: SELECT * FROM `bj_product` WHERE `product_id` = 2 LIMIT 1   [ RunTime:0.0000s ]
SQL: SHOW COLUMNS FROM `bj_cycle` [ RunTime:0.0140s ]
SQL: SELECT * FROM `bj_cycle` LIMIT 1   [ RunTime:0.0010s ]
SQL: SHOW COLUMNS FROM `bj_poundage_detail` [ RunTime:0.0130s ]
SQL: SELECT * FROM `bj_poundage_detail` WHERE `loan_id` = 3  [ RunTime:0.0010s ]

[ 2017-08-14T22:35:36+08:00 ] 127.0.0.1 /index.php?m=home&c=loan&a=index
INFO: [ app_init ] --START--
INFO: Run Behavior\BuildLiteBehavior [ RunTime:0.000000s ]
INFO: [ app_init ] --END-- [ RunTime:0.001001s ]
INFO: [ app_begin ] --START--
INFO: Run Behavior\ReadHtmlCacheBehavior [ RunTime:0.003000s ]
INFO: [ app_begin ] --END-- [ RunTime:0.003000s ]
SQL: SHOW COLUMNS FROM `bj_loan` [ RunTime:0.0140s ]
SQL: SELECT * FROM `bj_loan`  [ RunTime:0.0020s ]
SQL: SHOW COLUMNS FROM `bj_customer` [ RunTime:0.0120s ]
SQL: SELECT * FROM `bj_customer` ORDER BY create_time asc  [ RunTime:0.0010s ]
SQL: SHOW COLUMNS FROM `bj_product` [ RunTime:0.0170s ]
SQL: SELECT * FROM `bj_product` ORDER BY create_time asc  [ RunTime:0.0010s ]
SQL: SHOW COLUMNS FROM `bj_cycle` [ RunTime:0.0110s ]
SQL: SELECT * FROM `bj_cycle` ORDER BY create_time asc  [ RunTime:0.0010s ]
SQL: SHOW COLUMNS FROM `bj_staff` [ RunTime:0.0180s ]
SQL: SELECT * FROM `bj_staff`  [ RunTime:0.0010s ]
SQL: SHOW COLUMNS FROM `bj_poundage` [ RunTime:0.0160s ]
SQL: SELECT * FROM `bj_poundage` ORDER BY create_time desc  [ RunTime:0.0010s ]
SQL: SELECT * FROM `bj_customer` WHERE `id` = 7 LIMIT 1   [ RunTime:0.0020s ]
SQL: SELECT * FROM `bj_product` WHERE `product_id` = 3 LIMIT 1   [ RunTime:0.0020s ]
SQL: SELECT * FROM `bj_cycle` WHERE `cycle_id` = 4 LIMIT 1   [ RunTime:0.0010s ]
SQL: SELECT * FROM `bj_staff` WHERE `staff_id` = 3 LIMIT 1   [ RunTime:0.0020s ]
SQL: SELECT * FROM `bj_staff` WHERE `staff_id` = 4 LIMIT 1   [ RunTime:0.0020s ]
SQL: SELECT * FROM `bj_customer` WHERE `id` = 8 LIMIT 1   [ RunTime:0.0010s ]
SQL: SELECT * FROM `bj_product` WHERE `product_id` = 2 LIMIT 1   [ RunTime:0.0010s ]
SQL: SELECT * FROM `bj_cycle` WHERE `cycle_id` = 1 LIMIT 1   [ RunTime:0.0010s ]
SQL: SELECT * FROM `bj_staff` WHERE `staff_id` = 3 LIMIT 1   [ RunTime:0.0010s ]
SQL: SELECT * FROM `bj_staff` WHERE `staff_id` = 3 LIMIT 1   [ RunTime:0.0010s ]
SQL: SELECT * FROM `bj_customer` WHERE `id` = 8 LIMIT 1   [ RunTime:0.0010s ]
SQL: SELECT * FROM `bj_product` WHERE `product_id` = 1 LIMIT 1   [ RunTime:0.0010s ]
SQL: SELECT * FROM `bj_cycle` WHERE `cycle_id` = 2 LIMIT 1   [ RunTime:0.0010s ]
SQL: SELECT * FROM `bj_staff` WHERE `staff_id` = 3 LIMIT 1   [ RunTime:0.0020s ]
SQL: SELECT * FROM `bj_staff` WHERE `staff_id` = 3 LIMIT 1   [ RunTime:0.0050s ]
SQL: SELECT * FROM `bj_customer` WHERE `id` = 8 LIMIT 1   [ RunTime:0.0010s ]
SQL: SELECT * FROM `bj_product` WHERE `product_id` = 1 LIMIT 1   [ RunTime:0.0020s ]
SQL: SELECT * FROM `bj_cycle` WHERE `cycle_id` = 2 LIMIT 1   [ RunTime:0.0020s ]
SQL: SELECT * FROM `bj_staff` WHERE `staff_id` = 3 LIMIT 1   [ RunTime:0.0020s ]
SQL: SELECT * FROM `bj_staff` WHERE `staff_id` = 3 LIMIT 1   [ RunTime:0.0030s ]
SQL: SELECT * FROM `bj_customer` WHERE `id` = 8 LIMIT 1   [ RunTime:0.0010s ]
SQL: SELECT * FROM `bj_product` WHERE `product_id` = 2 LIMIT 1   [ RunTime:0.0010s ]
SQL: SELECT * FROM `bj_cycle` WHERE `cycle_id` = 1 LIMIT 1   [ RunTime:0.0020s ]
SQL: SELECT * FROM `bj_staff` WHERE `staff_id` = 3 LIMIT 1   [ RunTime:0.0010s ]
SQL: SELECT * FROM `bj_staff` WHERE `staff_id` = 3 LIMIT 1   [ RunTime:0.0010s ]
SQL: SELECT * FROM `bj_customer` WHERE `id` = 8 LIMIT 1   [ RunTime:0.0010s ]
SQL: SELECT * FROM `bj_product` WHERE `product_id` = 5 LIMIT 1   [ RunTime:0.0010s ]
SQL: SELECT * FROM `bj_cycle` WHERE `cycle_id` = 1 LIMIT 1   [ RunTime:0.0000s ]
SQL: SELECT * FROM `bj_staff` WHERE `staff_id` = 3 LIMIT 1   [ RunTime:0.0010s ]
SQL: SELECT * FROM `bj_staff` WHERE `staff_id` = 4 LIMIT 1   [ RunTime:0.0010s ]
SQL: SELECT * FROM `bj_customer` WHERE `id` = 8 LIMIT 1   [ RunTime:0.0010s ]
SQL: SELECT * FROM `bj_product` WHERE `product_id` = 5 LIMIT 1   [ RunTime:0.0010s ]
SQL: SELECT * FROM `bj_cycle` WHERE `cycle_id` = 1 LIMIT 1   [ RunTime:0.0020s ]
SQL: SELECT * FROM `bj_staff` WHERE `staff_id` = 3 LIMIT 1   [ RunTime:0.0010s ]
SQL: SELECT * FROM `bj_staff` WHERE `staff_id` = 4 LIMIT 1   [ RunTime:0.0010s ]
SQL: SELECT * FROM `bj_customer` WHERE `id` = 8 LIMIT 1   [ RunTime:0.0030s ]
SQL: SELECT * FROM `bj_product` WHERE `product_id` = 5 LIMIT 1   [ RunTime:0.0010s ]
SQL: SELECT * FROM `bj_cycle` WHERE `cycle_id` = 1 LIMIT 1   [ RunTime:0.0010s ]
SQL: SELECT * FROM `bj_staff` WHERE `staff_id` = 3 LIMIT 1   [ RunTime:0.0020s ]
SQL: SELECT * FROM `bj_staff` WHERE `staff_id` = 4 LIMIT 1   [ RunTime:0.0050s ]
INFO: [ view_parse ] --START--
INFO: [ template_filter ] --START--
INFO: Run Behavior\ContentReplaceBehavior [ RunTime:0.001000s ]
INFO: [ template_filter ] --END-- [ RunTime:0.001000s ]
INFO: Run Behavior\ParseTemplateBehavior [ RunTime:0.151009s ]
INFO: [ view_parse ] --END-- [ RunTime:0.151009s ]
INFO: [ view_filter ] --START--
INFO: Run Behavior\WriteHtmlCacheBehavior [ RunTime:0.003000s ]
INFO: [ view_filter ] --END-- [ RunTime:0.003000s ]
INFO: [ app_end ] --START--
INFO: Run Behavior\ShowPageTraceBehavior [ RunTime:0.005000s ]
INFO: [ app_end ] --END-- [ RunTime:0.005000s ]

[ 2017-08-14T22:35:43+08:00 ] 127.0.0.1 /index.php?m=home&c=loan&a=editLoan
INFO: [ app_init ] --START--
INFO: Run Behavior\BuildLiteBehavior [ RunTime:0.000000s ]
INFO: [ app_init ] --END-- [ RunTime:0.002000s ]
INFO: [ app_begin ] --START--
INFO: Run Behavior\ReadHtmlCacheBehavior [ RunTime:0.005000s ]
INFO: [ app_begin ] --END-- [ RunTime:0.005000s ]
SQL: SHOW COLUMNS FROM `bj_loan` [ RunTime:0.0160s ]
SQL: SELECT * FROM `bj_loan` WHERE `loan_id` = 11 LIMIT 1   [ RunTime:0.0010s ]
SQL: SHOW COLUMNS FROM `bj_customer` [ RunTime:0.0190s ]
SQL: SELECT * FROM `bj_customer` LIMIT 1   [ RunTime:0.0000s ]
SQL: SHOW COLUMNS FROM `bj_product` [ RunTime:0.0190s ]
SQL: SELECT * FROM `bj_product` WHERE `product_id` = 5 LIMIT 1   [ RunTime:0.0010s ]
SQL: SHOW COLUMNS FROM `bj_cycle` [ RunTime:0.0180s ]
SQL: SELECT * FROM `bj_cycle` LIMIT 1   [ RunTime:0.0010s ]
SQL: SHOW COLUMNS FROM `bj_poundage_detail` [ RunTime:0.0160s ]
SQL: SELECT * FROM `bj_poundage_detail` WHERE `loan_id` = 11  [ RunTime:0.0010s ]
SQL: SHOW COLUMNS FROM `bj_poundage` [ RunTime:0.0190s ]
SQL: SELECT * FROM `bj_poundage` WHERE `poundage_id` = 2 LIMIT 1   [ RunTime:0.0010s ]
SQL: SELECT * FROM `bj_poundage` WHERE `poundage_id` = 3 LIMIT 1   [ RunTime:0.0010s ]
SQL: SELECT * FROM `bj_poundage` WHERE `poundage_id` = 4 LIMIT 1   [ RunTime:0.0010s ]
SQL: SELECT * FROM `bj_poundage` WHERE `poundage_id` = 5 LIMIT 1   [ RunTime:0.0000s ]

[ 2017-08-14T22:35:53+08:00 ] 127.0.0.1 /index.php?m=home&c=loan&a=editLoan
INFO: [ app_init ] --START--
INFO: Run Behavior\BuildLiteBehavior [ RunTime:0.000000s ]
INFO: [ app_init ] --END-- [ RunTime:0.001000s ]
INFO: [ app_begin ] --START--
INFO: Run Behavior\ReadHtmlCacheBehavior [ RunTime:0.016001s ]
INFO: [ app_begin ] --END-- [ RunTime:0.016001s ]
SQL: SHOW COLUMNS FROM `bj_loan` [ RunTime:0.0190s ]
SQL: SELECT * FROM `bj_loan` WHERE `loan_id` = 3 LIMIT 1   [ RunTime:0.0010s ]
SQL: SHOW COLUMNS FROM `bj_customer` [ RunTime:0.0150s ]
SQL: SELECT * FROM `bj_customer` LIMIT 1   [ RunTime:0.0010s ]
SQL: SHOW COLUMNS FROM `bj_product` [ RunTime:0.0150s ]
SQL: SELECT * FROM `bj_product` WHERE `product_id` = 2 LIMIT 1   [ RunTime:0.0010s ]
SQL: SHOW COLUMNS FROM `bj_cycle` [ RunTime:0.0150s ]
SQL: SELECT * FROM `bj_cycle` LIMIT 1   [ RunTime:0.0000s ]
SQL: SHOW COLUMNS FROM `bj_poundage_detail` [ RunTime:0.0230s ]
SQL: SELECT * FROM `bj_poundage_detail` WHERE `loan_id` = 3  [ RunTime:0.0020s ]

[ 2017-08-14T22:36:03+08:00 ] 127.0.0.1 /index.php?m=home&c=loan&a=editLoan
INFO: [ app_init ] --START--
INFO: Run Behavior\BuildLiteBehavior [ RunTime:0.000000s ]
INFO: [ app_init ] --END-- [ RunTime:0.001000s ]
INFO: [ app_begin ] --START--
INFO: Run Behavior\ReadHtmlCacheBehavior [ RunTime:0.004000s ]
INFO: [ app_begin ] --END-- [ RunTime:0.004000s ]
SQL: SHOW COLUMNS FROM `bj_loan` [ RunTime:0.0140s ]
SQL: SELECT * FROM `bj_loan` WHERE `loan_id` = 11 LIMIT 1   [ RunTime:0.0020s ]
SQL: SHOW COLUMNS FROM `bj_customer` [ RunTime:0.0130s ]
SQL: SELECT * FROM `bj_customer` LIMIT 1   [ RunTime:0.0010s ]
SQL: SHOW COLUMNS FROM `bj_product` [ RunTime:0.0180s ]
SQL: SELECT * FROM `bj_product` WHERE `product_id` = 5 LIMIT 1   [ RunTime:0.0000s ]
SQL: SHOW COLUMNS FROM `bj_cycle` [ RunTime:0.0150s ]
SQL: SELECT * FROM `bj_cycle` LIMIT 1   [ RunTime:0.0010s ]
SQL: SHOW COLUMNS FROM `bj_poundage_detail` [ RunTime:0.0160s ]
SQL: SELECT * FROM `bj_poundage_detail` WHERE `loan_id` = 11  [ RunTime:0.0020s ]
SQL: SHOW COLUMNS FROM `bj_poundage` [ RunTime:0.0160s ]
SQL: SELECT * FROM `bj_poundage` WHERE `poundage_id` = 2 LIMIT 1   [ RunTime:0.0010s ]
SQL: SELECT * FROM `bj_poundage` WHERE `poundage_id` = 3 LIMIT 1   [ RunTime:0.0010s ]
SQL: SELECT * FROM `bj_poundage` WHERE `poundage_id` = 4 LIMIT 1   [ RunTime:0.0000s ]
SQL: SELECT * FROM `bj_poundage` WHERE `poundage_id` = 5 LIMIT 1   [ RunTime:0.0000s ]

[ 2017-08-14T22:37:00+08:00 ] 127.0.0.1 /index.php?m=home&c=loan&a=index
INFO: [ app_init ] --START--
INFO: Run Behavior\BuildLiteBehavior [ RunTime:0.000000s ]
INFO: [ app_init ] --END-- [ RunTime:0.002000s ]
INFO: [ app_begin ] --START--
INFO: Run Behavior\ReadHtmlCacheBehavior [ RunTime:0.003000s ]
INFO: [ app_begin ] --END-- [ RunTime:0.004000s ]
SQL: SHOW COLUMNS FROM `bj_loan` [ RunTime:0.0100s ]
SQL: SELECT * FROM `bj_loan`  [ RunTime:0.0010s ]
SQL: SHOW COLUMNS FROM `bj_customer` [ RunTime:0.0110s ]
SQL: SELECT * FROM `bj_customer` ORDER BY create_time asc  [ RunTime:0.0010s ]
SQL: SHOW COLUMNS FROM `bj_product` [ RunTime:0.0120s ]
SQL: SELECT * FROM `bj_product` ORDER BY create_time asc  [ RunTime:0.0000s ]
SQL: SHOW COLUMNS FROM `bj_cycle` [ RunTime:0.0120s ]
SQL: SELECT * FROM `bj_cycle` ORDER BY create_time asc  [ RunTime:0.0010s ]
SQL: SHOW COLUMNS FROM `bj_staff` [ RunTime:0.0110s ]
SQL: SELECT * FROM `bj_staff`  [ RunTime:0.0010s ]
SQL: SHOW COLUMNS FROM `bj_poundage` [ RunTime:0.0120s ]
SQL: SELECT * FROM `bj_poundage` ORDER BY create_time desc  [ RunTime:0.0010s ]
SQL: SELECT * FROM `bj_customer` WHERE `id` = 7 LIMIT 1   [ RunTime:0.0010s ]
SQL: SELECT * FROM `bj_product` WHERE `product_id` = 3 LIMIT 1   [ RunTime:0.0000s ]
SQL: SELECT * FROM `bj_cycle` WHERE `cycle_id` = 4 LIMIT 1   [ RunTime:0.0000s ]
SQL: SELECT * FROM `bj_staff` WHERE `staff_id` = 3 LIMIT 1   [ RunTime:0.0000s ]
SQL: SELECT * FROM `bj_staff` WHERE `staff_id` = 4 LIMIT 1   [ RunTime:0.0010s ]
SQL: SELECT * FROM `bj_customer` WHERE `id` = 8 LIMIT 1   [ RunTime:0.0010s ]
SQL: SELECT * FROM `bj_product` WHERE `product_id` = 2 LIMIT 1   [ RunTime:0.0010s ]
SQL: SELECT * FROM `bj_cycle` WHERE `cycle_id` = 1 LIMIT 1   [ RunTime:0.0000s ]
SQL: SELECT * FROM `bj_staff` WHERE `staff_id` = 3 LIMIT 1   [ RunTime:0.0000s ]
SQL: SELECT * FROM `bj_staff` WHERE `staff_id` = 3 LIMIT 1   [ RunTime:0.0010s ]
SQL: SELECT * FROM `bj_customer` WHERE `id` = 8 LIMIT 1   [ RunTime:0.0010s ]
SQL: SELECT * FROM `bj_product` WHERE `product_id` = 1 LIMIT 1   [ RunTime:0.0010s ]
SQL: SELECT * FROM `bj_cycle` WHERE `cycle_id` = 2 LIMIT 1   [ RunTime:0.0010s ]
SQL: SELECT * FROM `bj_staff` WHERE `staff_id` = 3 LIMIT 1   [ RunTime:0.0010s ]
SQL: SELECT * FROM `bj_staff` WHERE `staff_id` = 3 LIMIT 1   [ RunTime:0.0000s ]
SQL: SELECT * FROM `bj_customer` WHERE `id` = 8 LIMIT 1   [ RunTime:0.0000s ]
SQL: SELECT * FROM `bj_product` WHERE `product_id` = 1 LIMIT 1   [ RunTime:0.0000s ]
SQL: SELECT * FROM `bj_cycle` WHERE `cycle_id` = 2 LIMIT 1   [ RunTime:0.0000s ]
SQL: SELECT * FROM `bj_staff` WHERE `staff_id` = 3 LIMIT 1   [ RunTime:0.0010s ]
SQL: SELECT * FROM `bj_staff` WHERE `staff_id` = 3 LIMIT 1   [ RunTime:0.0010s ]
SQL: SELECT * FROM `bj_customer` WHERE `id` = 8 LIMIT 1   [ RunTime:0.0010s ]
SQL: SELECT * FROM `bj_product` WHERE `product_id` = 2 LIMIT 1   [ RunTime:0.0010s ]
SQL: SELECT * FROM `bj_cycle` WHERE `cycle_id` = 1 LIMIT 1   [ RunTime:0.0000s ]
SQL: SELECT * FROM `bj_staff` WHERE `staff_id` = 3 LIMIT 1   [ RunTime:0.0010s ]
SQL: SELECT * FROM `bj_staff` WHERE `staff_id` = 3 LIMIT 1   [ RunTime:0.0020s ]
SQL: SELECT * FROM `bj_customer` WHERE `id` = 8 LIMIT 1   [ RunTime:0.0010s ]
SQL: SELECT * FROM `bj_product` WHERE `product_id` = 5 LIMIT 1   [ RunTime:0.0010s ]
SQL: SELECT * FROM `bj_cycle` WHERE `cycle_id` = 1 LIMIT 1   [ RunTime:0.0000s ]
SQL: SELECT * FROM `bj_staff` WHERE `staff_id` = 3 LIMIT 1   [ RunTime:0.0000s ]
SQL: SELECT * FROM `bj_staff` WHERE `staff_id` = 4 LIMIT 1   [ RunTime:0.0010s ]
SQL: SELECT * FROM `bj_customer` WHERE `id` = 8 LIMIT 1   [ RunTime:0.0000s ]
SQL: SELECT * FROM `bj_product` WHERE `product_id` = 5 LIMIT 1   [ RunTime:0.0000s ]
SQL: SELECT * FROM `bj_cycle` WHERE `cycle_id` = 1 LIMIT 1   [ RunTime:0.0000s ]
SQL: SELECT * FROM `bj_staff` WHERE `staff_id` = 3 LIMIT 1   [ RunTime:0.0010s ]
SQL: SELECT * FROM `bj_staff` WHERE `staff_id` = 4 LIMIT 1   [ RunTime:0.0000s ]
SQL: SELECT * FROM `bj_customer` WHERE `id` = 8 LIMIT 1   [ RunTime:0.0000s ]
SQL: SELECT * FROM `bj_product` WHERE `product_id` = 5 LIMIT 1   [ RunTime:0.0010s ]
SQL: SELECT * FROM `bj_cycle` WHERE `cycle_id` = 1 LIMIT 1   [ RunTime:0.0000s ]
SQL: SELECT * FROM `bj_staff` WHERE `staff_id` = 3 LIMIT 1   [ RunTime:0.0000s ]
SQL: SELECT * FROM `bj_staff` WHERE `staff_id` = 4 LIMIT 1   [ RunTime:0.0000s ]
INFO: [ view_parse ] --START--
INFO: [ template_filter ] --START--
INFO: Run Behavior\ContentReplaceBehavior [ RunTime:0.000000s ]
INFO: [ template_filter ] --END-- [ RunTime:0.001000s ]
INFO: Run Behavior\ParseTemplateBehavior [ RunTime:0.085005s ]
INFO: [ view_parse ] --END-- [ RunTime:0.085005s ]
INFO: [ view_filter ] --START--
INFO: Run Behavior\WriteHtmlCacheBehavior [ RunTime:0.002000s ]
INFO: [ view_filter ] --END-- [ RunTime:0.002000s ]
INFO: [ app_end ] --START--
INFO: Run Behavior\ShowPageTraceBehavior [ RunTime:0.003000s ]
INFO: [ app_end ] --END-- [ RunTime:0.003000s ]

[ 2017-08-14T22:38:03+08:00 ] 127.0.0.1 /index.php?m=home&c=loan&a=index
INFO: [ app_init ] --START--
INFO: Run Behavior\BuildLiteBehavior [ RunTime:0.000000s ]
INFO: [ app_init ] --END-- [ RunTime:0.001000s ]
INFO: [ app_begin ] --START--
INFO: Run Behavior\ReadHtmlCacheBehavior [ RunTime:0.003000s ]
INFO: [ app_begin ] --END-- [ RunTime:0.003000s ]
SQL: SHOW COLUMNS FROM `bj_loan` [ RunTime:0.0120s ]
SQL: SELECT * FROM `bj_loan`  [ RunTime:0.0010s ]
SQL: SHOW COLUMNS FROM `bj_customer` [ RunTime:0.0290s ]
SQL: SELECT * FROM `bj_customer` ORDER BY create_time asc  [ RunTime:0.0020s ]
SQL: SHOW COLUMNS FROM `bj_product` [ RunTime:0.0160s ]
SQL: SELECT * FROM `bj_product` ORDER BY create_time asc  [ RunTime:0.0010s ]
SQL: SHOW COLUMNS FROM `bj_cycle` [ RunTime:0.0170s ]
SQL: SELECT * FROM `bj_cycle` ORDER BY create_time asc  [ RunTime:0.0030s ]
SQL: SHOW COLUMNS FROM `bj_staff` [ RunTime:0.0120s ]
SQL: SELECT * FROM `bj_staff`  [ RunTime:0.0000s ]
SQL: SHOW COLUMNS FROM `bj_poundage` [ RunTime:0.0110s ]
SQL: SELECT * FROM `bj_poundage` ORDER BY create_time desc  [ RunTime:0.0000s ]
SQL: SELECT * FROM `bj_customer` WHERE `id` = 7 LIMIT 1   [ RunTime:0.0020s ]
SQL: SELECT * FROM `bj_product` WHERE `product_id` = 3 LIMIT 1   [ RunTime:0.0000s ]
SQL: SELECT * FROM `bj_cycle` WHERE `cycle_id` = 4 LIMIT 1   [ RunTime:0.0000s ]
SQL: SELECT * FROM `bj_staff` WHERE `staff_id` = 3 LIMIT 1   [ RunTime:0.0010s ]
SQL: SELECT * FROM `bj_staff` WHERE `staff_id` = 4 LIMIT 1   [ RunTime:0.0020s ]
SQL: SELECT * FROM `bj_customer` WHERE `id` = 8 LIMIT 1   [ RunTime:0.0030s ]
SQL: SELECT * FROM `bj_product` WHERE `product_id` = 2 LIMIT 1   [ RunTime:0.0020s ]
SQL: SELECT * FROM `bj_cycle` WHERE `cycle_id` = 1 LIMIT 1   [ RunTime:0.0010s ]
SQL: SELECT * FROM `bj_staff` WHERE `staff_id` = 3 LIMIT 1   [ RunTime:0.0000s ]
SQL: SELECT * FROM `bj_staff` WHERE `staff_id` = 3 LIMIT 1   [ RunTime:0.0000s ]
SQL: SELECT * FROM `bj_customer` WHERE `id` = 8 LIMIT 1   [ RunTime:0.0000s ]
SQL: SELECT * FROM `bj_product` WHERE `product_id` = 1 LIMIT 1   [ RunTime:0.0010s ]
SQL: SELECT * FROM `bj_cycle` WHERE `cycle_id` = 2 LIMIT 1   [ RunTime:0.0000s ]
SQL: SELECT * FROM `bj_staff` WHERE `staff_id` = 3 LIMIT 1   [ RunTime:0.0010s ]
SQL: SELECT * FROM `bj_staff` WHERE `staff_id` = 3 LIMIT 1   [ RunTime:0.0010s ]
SQL: SELECT * FROM `bj_customer` WHERE `id` = 8 LIMIT 1   [ RunTime:0.0010s ]
SQL: SELECT * FROM `bj_product` WHERE `product_id` = 1 LIMIT 1   [ RunTime:0.0010s ]
SQL: SELECT * FROM `bj_cycle` WHERE `cycle_id` = 2 LIMIT 1   [ RunTime:0.0030s ]
SQL: SELECT * FROM `bj_staff` WHERE `staff_id` = 3 LIMIT 1   [ RunTime:0.0010s ]
SQL: SELECT * FROM `bj_staff` WHERE `staff_id` = 3 LIMIT 1   [ RunTime:0.0000s ]
SQL: SELECT * FROM `bj_customer` WHERE `id` = 8 LIMIT 1   [ RunTime:0.0010s ]
SQL: SELECT * FROM `bj_product` WHERE `product_id` = 2 LIMIT 1   [ RunTime:0.0000s ]
SQL: SELECT * FROM `bj_cycle` WHERE `cycle_id` = 1 LIMIT 1   [ RunTime:0.0000s ]
SQL: SELECT * FROM `bj_staff` WHERE `staff_id` = 3 LIMIT 1   [ RunTime:0.0010s ]
SQL: SELECT * FROM `bj_staff` WHERE `staff_id` = 3 LIMIT 1   [ RunTime:0.0010s ]
SQL: SELECT * FROM `bj_customer` WHERE `id` = 8 LIMIT 1   [ RunTime:0.0010s ]
SQL: SELECT * FROM `bj_product` WHERE `product_id` = 5 LIMIT 1   [ RunTime:0.0000s ]
SQL: SELECT * FROM `bj_cycle` WHERE `cycle_id` = 1 LIMIT 1   [ RunTime:0.0000s ]
SQL: SELECT * FROM `bj_staff` WHERE `staff_id` = 3 LIMIT 1   [ RunTime:0.0000s ]
SQL: SELECT * FROM `bj_staff` WHERE `staff_id` = 4 LIMIT 1   [ RunTime:0.0000s ]
SQL: SELECT * FROM `bj_customer` WHERE `id` = 8 LIMIT 1   [ RunTime:0.0030s ]
SQL: SELECT * FROM `bj_product` WHERE `product_id` = 5 LIMIT 1   [ RunTime:0.0010s ]
SQL: SELECT * FROM `bj_cycle` WHERE `cycle_id` = 1 LIMIT 1   [ RunTime:0.0010s ]
SQL: SELECT * FROM `bj_staff` WHERE `staff_id` = 3 LIMIT 1   [ RunTime:0.0010s ]
SQL: SELECT * FROM `bj_staff` WHERE `staff_id` = 4 LIMIT 1   [ RunTime:0.0010s ]
SQL: SELECT * FROM `bj_customer` WHERE `id` = 8 LIMIT 1   [ RunTime:0.0010s ]
SQL: SELECT * FROM `bj_product` WHERE `product_id` = 5 LIMIT 1   [ RunTime:0.0010s ]
SQL: SELECT * FROM `bj_cycle` WHERE `cycle_id` = 1 LIMIT 1   [ RunTime:0.0000s ]
SQL: SELECT * FROM `bj_staff` WHERE `staff_id` = 3 LIMIT 1   [ RunTime:0.0010s ]
SQL: SELECT * FROM `bj_staff` WHERE `staff_id` = 4 LIMIT 1   [ RunTime:0.0010s ]
INFO: [ view_parse ] --START--
INFO: [ template_filter ] --START--
INFO: Run Behavior\ContentReplaceBehavior [ RunTime:0.000000s ]
INFO: [ template_filter ] --END-- [ RunTime:0.000000s ]
INFO: Run Behavior\ParseTemplateBehavior [ RunTime:0.073004s ]
INFO: [ view_parse ] --END-- [ RunTime:0.074004s ]
INFO: [ view_filter ] --START--
INFO: Run Behavior\WriteHtmlCacheBehavior [ RunTime:0.002000s ]
INFO: [ view_filter ] --END-- [ RunTime:0.002000s ]
INFO: [ app_end ] --START--
INFO: Run Behavior\ShowPageTraceBehavior [ RunTime:0.004001s ]
INFO: [ app_end ] --END-- [ RunTime:0.004001s ]

[ 2017-08-14T22:38:12+08:00 ] 127.0.0.1 /index.php?m=home&c=loan&a=editLoan
INFO: [ app_init ] --START--
INFO: Run Behavior\BuildLiteBehavior [ RunTime:0.000000s ]
INFO: [ app_init ] --END-- [ RunTime:0.002000s ]
INFO: [ app_begin ] --START--
INFO: Run Behavior\ReadHtmlCacheBehavior [ RunTime:0.003000s ]
INFO: [ app_begin ] --END-- [ RunTime:0.003000s ]
SQL: SHOW COLUMNS FROM `bj_loan` [ RunTime:0.0110s ]
SQL: SELECT * FROM `bj_loan` WHERE `loan_id` = 11 LIMIT 1   [ RunTime:0.0010s ]
SQL: SHOW COLUMNS FROM `bj_customer` [ RunTime:0.0140s ]
SQL: SELECT * FROM `bj_customer` LIMIT 1   [ RunTime:0.0010s ]
SQL: SHOW COLUMNS FROM `bj_product` [ RunTime:0.0160s ]
SQL: SELECT * FROM `bj_product` WHERE `product_id` = 5 LIMIT 1   [ RunTime:0.0010s ]
SQL: SHOW COLUMNS FROM `bj_cycle` [ RunTime:0.0170s ]
SQL: SELECT * FROM `bj_cycle` LIMIT 1   [ RunTime:0.0020s ]
SQL: SHOW COLUMNS FROM `bj_poundage_detail` [ RunTime:0.0140s ]
SQL: SELECT * FROM `bj_poundage_detail` WHERE `loan_id` = 11  [ RunTime:0.0010s ]
SQL: SHOW COLUMNS FROM `bj_poundage` [ RunTime:0.0200s ]
SQL: SELECT * FROM `bj_poundage` WHERE `poundage_id` = 2 LIMIT 1   [ RunTime:0.0010s ]
SQL: SELECT * FROM `bj_poundage` WHERE `poundage_id` = 3 LIMIT 1   [ RunTime:0.0020s ]
SQL: SELECT * FROM `bj_poundage` WHERE `poundage_id` = 4 LIMIT 1   [ RunTime:0.0020s ]
SQL: SELECT * FROM `bj_poundage` WHERE `poundage_id` = 5 LIMIT 1   [ RunTime:0.0010s ]

[ 2017-08-14T22:38:22+08:00 ] 127.0.0.1 /index.php?m=home&c=loan&a=editLoan
INFO: [ app_init ] --START--
INFO: Run Behavior\BuildLiteBehavior [ RunTime:0.000000s ]
INFO: [ app_init ] --END-- [ RunTime:0.003000s ]
INFO: [ app_begin ] --START--
INFO: Run Behavior\ReadHtmlCacheBehavior [ RunTime:0.005000s ]
INFO: [ app_begin ] --END-- [ RunTime:0.005000s ]
SQL: SHOW COLUMNS FROM `bj_loan` [ RunTime:0.0250s ]
SQL: SELECT * FROM `bj_loan` WHERE `loan_id` = 1 LIMIT 1   [ RunTime:0.0080s ]
SQL: SHOW COLUMNS FROM `bj_customer` [ RunTime:0.0330s ]
SQL: SELECT * FROM `bj_customer` LIMIT 1   [ RunTime:0.0010s ]
SQL: SHOW COLUMNS FROM `bj_product` [ RunTime:0.0160s ]
SQL: SELECT * FROM `bj_product` WHERE `product_id` = 3 LIMIT 1   [ RunTime:0.0010s ]
SQL: SHOW COLUMNS FROM `bj_cycle` [ RunTime:0.0390s ]
SQL: SELECT * FROM `bj_cycle` LIMIT 1   [ RunTime:0.0010s ]
SQL: SHOW COLUMNS FROM `bj_poundage_detail` [ RunTime:0.0290s ]
SQL: SELECT * FROM `bj_poundage_detail` WHERE `loan_id` = 1  [ RunTime:0.0030s ]
SQL: SHOW COLUMNS FROM `bj_poundage` [ RunTime:0.0170s ]
SQL: SELECT * FROM `bj_poundage` WHERE `poundage_id` = 2 LIMIT 1   [ RunTime:0.0010s ]
SQL: SELECT * FROM `bj_poundage` WHERE `poundage_id` = 4 LIMIT 1   [ RunTime:0.0010s ]
SQL: SELECT * FROM `bj_poundage` WHERE `poundage_id` = 5 LIMIT 1   [ RunTime:0.0020s ]

[ 2017-08-14T22:38:32+08:00 ] 127.0.0.1 /index.php?m=home&c=loan&a=editLoan
INFO: [ app_init ] --START--
INFO: Run Behavior\BuildLiteBehavior [ RunTime:0.000000s ]
INFO: [ app_init ] --END-- [ RunTime:0.002000s ]
INFO: [ app_begin ] --START--
INFO: Run Behavior\ReadHtmlCacheBehavior [ RunTime:0.005001s ]
INFO: [ app_begin ] --END-- [ RunTime:0.006001s ]
SQL: SHOW COLUMNS FROM `bj_loan` [ RunTime:0.0210s ]
SQL: SELECT * FROM `bj_loan` WHERE `loan_id` = 7 LIMIT 1   [ RunTime:0.0020s ]
SQL: SHOW COLUMNS FROM `bj_customer` [ RunTime:0.0300s ]
SQL: SELECT * FROM `bj_customer` LIMIT 1   [ RunTime:0.0020s ]
SQL: SHOW COLUMNS FROM `bj_product` [ RunTime:0.0180s ]
SQL: SELECT * FROM `bj_product` WHERE `product_id` = 1 LIMIT 1   [ RunTime:0.0010s ]
SQL: SHOW COLUMNS FROM `bj_cycle` [ RunTime:0.0160s ]
SQL: SELECT * FROM `bj_cycle` LIMIT 1   [ RunTime:0.0010s ]
SQL: SHOW COLUMNS FROM `bj_poundage_detail` [ RunTime:0.0160s ]
SQL: SELECT * FROM `bj_poundage_detail` WHERE `loan_id` = 7  [ RunTime:0.0010s ]

