[ 2017-08-09T21:41:42+08:00 ] 127.0.0.1 /
INFO: [ app_init ] --START--
INFO: Run Behavior\BuildLiteBehavior [ RunTime:0.000000s ]
INFO: [ app_init ] --END-- [ RunTime:0.003000s ]
INFO: [ app_begin ] --START--
INFO: Run Behavior\ReadHtmlCacheBehavior [ RunTime:0.022001s ]
INFO: [ app_begin ] --END-- [ RunTime:0.022001s ]
INFO: [ view_parse ] --START--
INFO: [ template_filter ] --START--
INFO: Run Behavior\ContentReplaceBehavior [ RunTime:0.001001s ]
INFO: [ template_filter ] --END-- [ RunTime:0.001001s ]
INFO: Run Behavior\ParseTemplateBehavior [ RunTime:0.281016s ]
INFO: [ view_parse ] --END-- [ RunTime:0.281016s ]
INFO: [ view_filter ] --START--
INFO: Run Behavior\WriteHtmlCacheBehavior [ RunTime:0.003000s ]
INFO: [ view_filter ] --END-- [ RunTime:0.004000s ]
INFO: [ app_end ] --START--
INFO: Run Behavior\ShowPageTraceBehavior [ RunTime:0.005001s ]
INFO: [ app_end ] --END-- [ RunTime:0.005001s ]

[ 2017-08-09T21:42:54+08:00 ] 127.0.0.1 /index.php?m=home&c=loan&a=index
INFO: [ app_init ] --START--
INFO: Run Behavior\BuildLiteBehavior [ RunTime:0.001000s ]
INFO: [ app_init ] --END-- [ RunTime:0.003000s ]
INFO: [ app_begin ] --START--
INFO: Run Behavior\ReadHtmlCacheBehavior [ RunTime:0.005000s ]
INFO: [ app_begin ] --END-- [ RunTime:0.006000s ]
INFO: [ view_parse ] --START--
INFO: [ template_filter ] --START--
INFO: Run Behavior\ContentReplaceBehavior [ RunTime:0.000000s ]
INFO: [ template_filter ] --END-- [ RunTime:0.000000s ]
INFO: Run Behavior\ParseTemplateBehavior [ RunTime:0.038002s ]
INFO: [ view_parse ] --END-- [ RunTime:0.038002s ]
INFO: [ view_filter ] --START--
INFO: Run Behavior\WriteHtmlCacheBehavior [ RunTime:0.002000s ]
INFO: [ view_filter ] --END-- [ RunTime:0.002000s ]

[ 2017-08-09T21:43:28+08:00 ] 127.0.0.1 /index.php?m=home&c=loan&a=index
INFO: [ app_init ] --START--
INFO: Run Behavior\BuildLiteBehavior [ RunTime:0.000000s ]
INFO: [ app_init ] --END-- [ RunTime:0.002000s ]
INFO: [ app_begin ] --START--
INFO: Run Behavior\ReadHtmlCacheBehavior [ RunTime:0.005000s ]
INFO: [ app_begin ] --END-- [ RunTime:0.005000s ]
SQL: SHOW COLUMNS FROM `bj_loan` [ RunTime:0.0330s ]
SQL: SELECT * FROM `bj_loan`  [ RunTime:0.0320s ]
SQL: SHOW COLUMNS FROM `bj_customer` [ RunTime:0.0210s ]
SQL: SELECT * FROM `bj_customer` ORDER BY create_time asc  [ RunTime:0.0180s ]
SQL: SHOW COLUMNS FROM `bj_product` [ RunTime:0.0200s ]
SQL: SELECT * FROM `bj_product` ORDER BY create_time asc  [ RunTime:0.0000s ]
SQL: SHOW COLUMNS FROM `bj_cycle` [ RunTime:0.0200s ]
SQL: SELECT * FROM `bj_cycle` ORDER BY create_time asc  [ RunTime:0.0010s ]
SQL: SHOW COLUMNS FROM `bj_staff` [ RunTime:0.0250s ]
SQL: SELECT * FROM `bj_staff`  [ RunTime:0.0020s ]
SQL: SHOW COLUMNS FROM `bj_poundage` [ RunTime:0.0230s ]
SQL: SELECT * FROM `bj_poundage` ORDER BY create_time desc  [ RunTime:0.0380s ]
SQL: SELECT * FROM `bj_customer` WHERE `id` = 7 LIMIT 1   [ RunTime:0.0010s ]
SQL: SELECT * FROM `bj_product` WHERE `product_id` = 3 LIMIT 1   [ RunTime:0.0020s ]
SQL: SELECT * FROM `bj_cycle` WHERE `cycle_id` = 4 LIMIT 1   [ RunTime:0.0010s ]
SQL: SELECT * FROM `bj_staff` WHERE `staff_id` = 3 LIMIT 1   [ RunTime:0.0010s ]
SQL: SELECT * FROM `bj_staff` WHERE `staff_id` = 4 LIMIT 1   [ RunTime:0.0010s ]
SQL: SELECT * FROM `bj_customer` WHERE `id` = 8 LIMIT 1   [ RunTime:0.0010s ]
SQL: SELECT * FROM `bj_product` WHERE `product_id` = 1 LIMIT 1   [ RunTime:0.0010s ]
SQL: SELECT * FROM `bj_cycle` WHERE `cycle_id` = 2 LIMIT 1   [ RunTime:0.0010s ]
SQL: SELECT * FROM `bj_staff` WHERE `staff_id` = 3 LIMIT 1   [ RunTime:0.0010s ]
SQL: SELECT * FROM `bj_staff` WHERE `staff_id` = 3 LIMIT 1   [ RunTime:0.0010s ]
SQL: SELECT * FROM `bj_customer` WHERE `id` = 8 LIMIT 1   [ RunTime:0.0010s ]
SQL: SELECT * FROM `bj_product` WHERE `product_id` = 2 LIMIT 1   [ RunTime:0.0010s ]
SQL: SELECT * FROM `bj_cycle` WHERE `cycle_id` = 1 LIMIT 1   [ RunTime:0.0010s ]
SQL: SELECT * FROM `bj_staff` WHERE `staff_id` = 3 LIMIT 1   [ RunTime:0.0010s ]
SQL: SELECT * FROM `bj_staff` WHERE `staff_id` = 3 LIMIT 1   [ RunTime:0.0020s ]
SQL: SELECT * FROM `bj_customer` WHERE `id` = 8 LIMIT 1   [ RunTime:0.0010s ]
SQL: SELECT * FROM `bj_product` WHERE `product_id` = 1 LIMIT 1   [ RunTime:0.0010s ]
SQL: SELECT * FROM `bj_cycle` WHERE `cycle_id` = 2 LIMIT 1   [ RunTime:0.0010s ]
SQL: SELECT * FROM `bj_staff` WHERE `staff_id` = 3 LIMIT 1   [ RunTime:0.0030s ]
SQL: SELECT * FROM `bj_staff` WHERE `staff_id` = 3 LIMIT 1   [ RunTime:0.0010s ]
SQL: SELECT * FROM `bj_customer` WHERE `id` = 8 LIMIT 1   [ RunTime:0.0010s ]
SQL: SELECT * FROM `bj_product` WHERE `product_id` = 1 LIMIT 1   [ RunTime:0.0000s ]
SQL: SELECT * FROM `bj_cycle` WHERE `cycle_id` = 2 LIMIT 1   [ RunTime:0.0010s ]
SQL: SELECT * FROM `bj_staff` WHERE `staff_id` = 3 LIMIT 1   [ RunTime:0.0030s ]
SQL: SELECT * FROM `bj_staff` WHERE `staff_id` = 3 LIMIT 1   [ RunTime:0.0080s ]
SQL: SELECT * FROM `bj_customer` WHERE `id` = 8 LIMIT 1   [ RunTime:0.0010s ]
SQL: SELECT * FROM `bj_product` WHERE `product_id` = 2 LIMIT 1   [ RunTime:0.0010s ]
SQL: SELECT * FROM `bj_cycle` WHERE `cycle_id` = 1 LIMIT 1   [ RunTime:0.0010s ]
SQL: SELECT * FROM `bj_staff` WHERE `staff_id` = 3 LIMIT 1   [ RunTime:0.0010s ]
SQL: SELECT * FROM `bj_staff` WHERE `staff_id` = 3 LIMIT 1   [ RunTime:0.0010s ]
SQL: SELECT * FROM `bj_customer` WHERE `id` = 8 LIMIT 1   [ RunTime:0.0010s ]
SQL: SELECT * FROM `bj_product` WHERE `product_id` = 5 LIMIT 1   [ RunTime:0.0010s ]
SQL: SELECT * FROM `bj_cycle` WHERE `cycle_id` = 1 LIMIT 1   [ RunTime:0.0020s ]
SQL: SELECT * FROM `bj_staff` WHERE `staff_id` = 3 LIMIT 1   [ RunTime:0.0000s ]
SQL: SELECT * FROM `bj_staff` WHERE `staff_id` = 4 LIMIT 1   [ RunTime:0.0030s ]
SQL: SELECT * FROM `bj_customer` WHERE `id` = 8 LIMIT 1   [ RunTime:0.0010s ]
SQL: SELECT * FROM `bj_product` WHERE `product_id` = 5 LIMIT 1   [ RunTime:0.0010s ]
SQL: SELECT * FROM `bj_cycle` WHERE `cycle_id` = 1 LIMIT 1   [ RunTime:0.0010s ]
SQL: SELECT * FROM `bj_staff` WHERE `staff_id` = 3 LIMIT 1   [ RunTime:0.0010s ]
SQL: SELECT * FROM `bj_staff` WHERE `staff_id` = 4 LIMIT 1   [ RunTime:0.0010s ]
SQL: SELECT * FROM `bj_customer` WHERE `id` = 8 LIMIT 1   [ RunTime:0.0010s ]
SQL: SELECT * FROM `bj_product` WHERE `product_id` = 5 LIMIT 1   [ RunTime:0.0010s ]
SQL: SELECT * FROM `bj_cycle` WHERE `cycle_id` = 1 LIMIT 1   [ RunTime:0.0010s ]
SQL: SELECT * FROM `bj_staff` WHERE `staff_id` = 3 LIMIT 1   [ RunTime:0.0010s ]
SQL: SELECT * FROM `bj_staff` WHERE `staff_id` = 4 LIMIT 1   [ RunTime:0.0010s ]
INFO: [ view_parse ] --START--
INFO: [ template_filter ] --START--
INFO: Run Behavior\ContentReplaceBehavior [ RunTime:0.002000s ]
INFO: [ template_filter ] --END-- [ RunTime:0.002000s ]
INFO: Run Behavior\ParseTemplateBehavior [ RunTime:0.185011s ]
INFO: [ view_parse ] --END-- [ RunTime:0.185011s ]
INFO: [ view_filter ] --START--
INFO: Run Behavior\WriteHtmlCacheBehavior [ RunTime:0.002000s ]
INFO: [ view_filter ] --END-- [ RunTime:0.003000s ]
INFO: [ app_end ] --START--
INFO: Run Behavior\ShowPageTraceBehavior [ RunTime:0.004000s ]
INFO: [ app_end ] --END-- [ RunTime:0.004000s ]

[ 2017-08-09T21:43:43+08:00 ] 127.0.0.1 /index.php?m=home&c=loan&a=editLoan
INFO: [ app_init ] --START--
INFO: Run Behavior\BuildLiteBehavior [ RunTime:0.000000s ]
INFO: [ app_init ] --END-- [ RunTime:0.001000s ]
INFO: [ app_begin ] --START--
INFO: Run Behavior\ReadHtmlCacheBehavior [ RunTime:0.001000s ]
INFO: [ app_begin ] --END-- [ RunTime:0.002000s ]
SQL: SHOW COLUMNS FROM `bj_loan` [ RunTime:0.0070s ]
SQL: SELECT * FROM `bj_loan` WHERE `loan_id` = 11 LIMIT 1   [ RunTime:0.0030s ]
SQL: SHOW COLUMNS FROM `bj_customer` [ RunTime:0.0110s ]
SQL: SELECT * FROM `bj_customer` LIMIT 1   [ RunTime:0.0050s ]
SQL: SHOW COLUMNS FROM `bj_product` [ RunTime:0.0110s ]
SQL: SELECT * FROM `bj_product` WHERE `product_id` = 5 LIMIT 1   [ RunTime:0.0020s ]
SQL: SHOW COLUMNS FROM `bj_cycle` [ RunTime:0.0110s ]
SQL: SELECT * FROM `bj_cycle` LIMIT 1   [ RunTime:0.0010s ]
SQL: SHOW COLUMNS FROM `bj_poundage_detail` [ RunTime:0.0070s ]
SQL: SELECT * FROM `bj_poundage_detail` WHERE `loan_id` = 11  [ RunTime:0.0000s ]
SQL: SHOW COLUMNS FROM `bj_poundage` [ RunTime:0.0130s ]
SQL: SELECT * FROM `bj_poundage` WHERE `poundage_id` = 2 LIMIT 1   [ RunTime:0.0070s ]
SQL: SELECT * FROM `bj_poundage` WHERE `poundage_id` = 4 LIMIT 1   [ RunTime:0.0020s ]
SQL: SELECT * FROM `bj_poundage` WHERE `poundage_id` = 5 LIMIT 1   [ RunTime:0.0020s ]

[ 2017-08-09T21:44:18+08:00 ] 127.0.0.1 /index.php?m=home&c=loan&a=editLoan
INFO: [ app_init ] --START--
INFO: Run Behavior\BuildLiteBehavior [ RunTime:0.001000s ]
INFO: [ app_init ] --END-- [ RunTime:0.002000s ]
INFO: [ app_begin ] --START--
INFO: Run Behavior\ReadHtmlCacheBehavior [ RunTime:0.003000s ]
INFO: [ app_begin ] --END-- [ RunTime:0.003000s ]
SQL: SHOW COLUMNS FROM `bj_loan` [ RunTime:0.0160s ]
SQL: SELECT * FROM `bj_loan` WHERE `loan_id` = 2 LIMIT 1   [ RunTime:0.0010s ]
SQL: SHOW COLUMNS FROM `bj_customer` [ RunTime:0.0180s ]
SQL: SELECT * FROM `bj_customer` LIMIT 1   [ RunTime:0.0010s ]
SQL: SHOW COLUMNS FROM `bj_product` [ RunTime:0.0170s ]
SQL: SELECT * FROM `bj_product` WHERE `product_id` = 1 LIMIT 1   [ RunTime:0.0350s ]
SQL: SHOW COLUMNS FROM `bj_cycle` [ RunTime:0.0210s ]
SQL: SELECT * FROM `bj_cycle` LIMIT 1   [ RunTime:0.0010s ]
SQL: SHOW COLUMNS FROM `bj_poundage_detail` [ RunTime:0.0170s ]
SQL: SELECT * FROM `bj_poundage_detail` WHERE `loan_id` = 2  [ RunTime:0.0020s ]

[ 2017-08-09T21:44:23+08:00 ] 127.0.0.1 /index.php?m=home&c=loan&a=deleteLoan
INFO: [ app_init ] --START--
INFO: Run Behavior\BuildLiteBehavior [ RunTime:0.000000s ]
INFO: [ app_init ] --END-- [ RunTime:0.001000s ]
INFO: [ app_begin ] --START--
INFO: Run Behavior\ReadHtmlCacheBehavior [ RunTime:0.001000s ]
INFO: [ app_begin ] --END-- [ RunTime:0.001000s ]
SQL: SHOW COLUMNS FROM `bj_loan` [ RunTime:0.0070s ]
SQL: DELETE FROM `bj_loan` WHERE `loan_id` = 2 [ RunTime:0.0410s ]

[ 2017-08-09T21:44:24+08:00 ] 127.0.0.1 /index.php?m=home&c=loan&a=index
INFO: [ app_init ] --START--
INFO: Run Behavior\BuildLiteBehavior [ RunTime:0.000000s ]
INFO: [ app_init ] --END-- [ RunTime:0.000000s ]
INFO: [ app_begin ] --START--
INFO: Run Behavior\ReadHtmlCacheBehavior [ RunTime:0.002001s ]
INFO: [ app_begin ] --END-- [ RunTime:0.002001s ]
SQL: SHOW COLUMNS FROM `bj_loan` [ RunTime:0.0060s ]
SQL: SELECT * FROM `bj_loan`  [ RunTime:0.0040s ]
SQL: SHOW COLUMNS FROM `bj_customer` [ RunTime:0.0080s ]
SQL: SELECT * FROM `bj_customer` ORDER BY create_time asc  [ RunTime:0.0010s ]
SQL: SHOW COLUMNS FROM `bj_product` [ RunTime:0.0060s ]
SQL: SELECT * FROM `bj_product` ORDER BY create_time asc  [ RunTime:0.0000s ]
SQL: SHOW COLUMNS FROM `bj_cycle` [ RunTime:0.0060s ]
SQL: SELECT * FROM `bj_cycle` ORDER BY create_time asc  [ RunTime:0.0000s ]
SQL: SHOW COLUMNS FROM `bj_staff` [ RunTime:0.0080s ]
SQL: SELECT * FROM `bj_staff`  [ RunTime:0.0000s ]
SQL: SHOW COLUMNS FROM `bj_poundage` [ RunTime:0.0070s ]
SQL: SELECT * FROM `bj_poundage` ORDER BY create_time desc  [ RunTime:0.0000s ]
SQL: SELECT * FROM `bj_customer` WHERE `id` = 7 LIMIT 1   [ RunTime:0.0010s ]
SQL: SELECT * FROM `bj_product` WHERE `product_id` = 3 LIMIT 1   [ RunTime:0.0000s ]
SQL: SELECT * FROM `bj_cycle` WHERE `cycle_id` = 4 LIMIT 1   [ RunTime:0.0000s ]
SQL: SELECT * FROM `bj_staff` WHERE `staff_id` = 3 LIMIT 1   [ RunTime:0.0000s ]
SQL: SELECT * FROM `bj_staff` WHERE `staff_id` = 4 LIMIT 1   [ RunTime:0.0000s ]
SQL: SELECT * FROM `bj_customer` WHERE `id` = 8 LIMIT 1   [ RunTime:0.0000s ]
SQL: SELECT * FROM `bj_product` WHERE `product_id` = 2 LIMIT 1   [ RunTime:0.0010s ]
SQL: SELECT * FROM `bj_cycle` WHERE `cycle_id` = 1 LIMIT 1   [ RunTime:0.0000s ]
SQL: SELECT * FROM `bj_staff` WHERE `staff_id` = 3 LIMIT 1   [ RunTime:0.0010s ]
SQL: SELECT * FROM `bj_staff` WHERE `staff_id` = 3 LIMIT 1   [ RunTime:0.0000s ]
SQL: SELECT * FROM `bj_customer` WHERE `id` = 8 LIMIT 1   [ RunTime:0.0000s ]
SQL: SELECT * FROM `bj_product` WHERE `product_id` = 1 LIMIT 1   [ RunTime:0.0000s ]
SQL: SELECT * FROM `bj_cycle` WHERE `cycle_id` = 2 LIMIT 1   [ RunTime:0.0000s ]
SQL: SELECT * FROM `bj_staff` WHERE `staff_id` = 3 LIMIT 1   [ RunTime:0.0010s ]
SQL: SELECT * FROM `bj_staff` WHERE `staff_id` = 3 LIMIT 1   [ RunTime:0.0000s ]
SQL: SELECT * FROM `bj_customer` WHERE `id` = 8 LIMIT 1   [ RunTime:0.0010s ]
SQL: SELECT * FROM `bj_product` WHERE `product_id` = 1 LIMIT 1   [ RunTime:0.0000s ]
SQL: SELECT * FROM `bj_cycle` WHERE `cycle_id` = 2 LIMIT 1   [ RunTime:0.0000s ]
SQL: SELECT * FROM `bj_staff` WHERE `staff_id` = 3 LIMIT 1   [ RunTime:0.0010s ]
SQL: SELECT * FROM `bj_staff` WHERE `staff_id` = 3 LIMIT 1   [ RunTime:0.0000s ]
SQL: SELECT * FROM `bj_customer` WHERE `id` = 8 LIMIT 1   [ RunTime:0.0010s ]
SQL: SELECT * FROM `bj_product` WHERE `product_id` = 2 LIMIT 1   [ RunTime:0.0000s ]
SQL: SELECT * FROM `bj_cycle` WHERE `cycle_id` = 1 LIMIT 1   [ RunTime:0.0000s ]
SQL: SELECT * FROM `bj_staff` WHERE `staff_id` = 3 LIMIT 1   [ RunTime:0.0000s ]
SQL: SELECT * FROM `bj_staff` WHERE `staff_id` = 3 LIMIT 1   [ RunTime:0.0000s ]
SQL: SELECT * FROM `bj_customer` WHERE `id` = 8 LIMIT 1   [ RunTime:0.0000s ]
SQL: SELECT * FROM `bj_product` WHERE `product_id` = 5 LIMIT 1   [ RunTime:0.0010s ]
SQL: SELECT * FROM `bj_cycle` WHERE `cycle_id` = 1 LIMIT 1   [ RunTime:0.0000s ]
SQL: SELECT * FROM `bj_staff` WHERE `staff_id` = 3 LIMIT 1   [ RunTime:0.0020s ]
SQL: SELECT * FROM `bj_staff` WHERE `staff_id` = 4 LIMIT 1   [ RunTime:0.0000s ]
SQL: SELECT * FROM `bj_customer` WHERE `id` = 8 LIMIT 1   [ RunTime:0.0010s ]
SQL: SELECT * FROM `bj_product` WHERE `product_id` = 5 LIMIT 1   [ RunTime:0.0010s ]
SQL: SELECT * FROM `bj_cycle` WHERE `cycle_id` = 1 LIMIT 1   [ RunTime:0.0000s ]
SQL: SELECT * FROM `bj_staff` WHERE `staff_id` = 3 LIMIT 1   [ RunTime:0.0000s ]
SQL: SELECT * FROM `bj_staff` WHERE `staff_id` = 4 LIMIT 1   [ RunTime:0.0010s ]
SQL: SELECT * FROM `bj_customer` WHERE `id` = 8 LIMIT 1   [ RunTime:0.0000s ]
SQL: SELECT * FROM `bj_product` WHERE `product_id` = 5 LIMIT 1   [ RunTime:0.0010s ]
SQL: SELECT * FROM `bj_cycle` WHERE `cycle_id` = 1 LIMIT 1   [ RunTime:0.0000s ]
SQL: SELECT * FROM `bj_staff` WHERE `staff_id` = 3 LIMIT 1   [ RunTime:0.0010s ]
SQL: SELECT * FROM `bj_staff` WHERE `staff_id` = 4 LIMIT 1   [ RunTime:0.0000s ]
INFO: [ view_parse ] --START--
INFO: [ template_filter ] --START--
INFO: Run Behavior\ContentReplaceBehavior [ RunTime:0.001000s ]
INFO: [ template_filter ] --END-- [ RunTime:0.001000s ]
INFO: Run Behavior\ParseTemplateBehavior [ RunTime:0.058004s ]
INFO: [ view_parse ] --END-- [ RunTime:0.058004s ]
INFO: [ view_filter ] --START--
INFO: Run Behavior\WriteHtmlCacheBehavior [ RunTime:0.001000s ]
INFO: [ view_filter ] --END-- [ RunTime:0.001000s ]
INFO: [ app_end ] --START--
INFO: Run Behavior\ShowPageTraceBehavior [ RunTime:0.010000s ]
INFO: [ app_end ] --END-- [ RunTime:0.010000s ]

