[ 2017-07-08T14:25:06+08:00 ] 127.0.0.1 /index.php?m=home&c=customer&a=index
INFO: [ app_init ] --START--
INFO: Run Behavior\BuildLiteBehavior [ RunTime:0.000000s ]
INFO: [ app_init ] --END-- [ RunTime:0.035002s ]
INFO: [ app_begin ] --START--
INFO: Run Behavior\ReadHtmlCacheBehavior [ RunTime:0.035002s ]
INFO: [ app_begin ] --END-- [ RunTime:0.035002s ]
SQL: SHOW COLUMNS FROM `bj_customer` [ RunTime:0.0120s ]
SQL: SELECT * FROM `bj_customer` ORDER BY create_time  [ RunTime:0.0010s ]
INFO: [ view_parse ] --START--
INFO: [ template_filter ] --START--
INFO: Run Behavior\ContentReplaceBehavior [ RunTime:0.001000s ]
INFO: [ template_filter ] --END-- [ RunTime:0.001000s ]
INFO: Run Behavior\ParseTemplateBehavior [ RunTime:0.140008s ]
INFO: [ view_parse ] --END-- [ RunTime:0.140008s ]
INFO: [ view_filter ] --START--
INFO: Run Behavior\WriteHtmlCacheBehavior [ RunTime:0.036002s ]
INFO: [ view_filter ] --END-- [ RunTime:0.036002s ]
INFO: [ app_end ] --START--
INFO: Run Behavior\ShowPageTraceBehavior [ RunTime:0.083005s ]
INFO: [ app_end ] --END-- [ RunTime:0.083005s ]

[ 2017-07-08T14:25:11+08:00 ] 127.0.0.1 /index.php?m=home&c=customer&a=index
INFO: [ app_init ] --START--
INFO: Run Behavior\BuildLiteBehavior [ RunTime:0.000000s ]
INFO: [ app_init ] --END-- [ RunTime:0.002000s ]
INFO: [ app_begin ] --START--
INFO: Run Behavior\ReadHtmlCacheBehavior [ RunTime:0.003000s ]
INFO: [ app_begin ] --END-- [ RunTime:0.003000s ]
SQL: SHOW COLUMNS FROM `bj_customer` [ RunTime:0.0120s ]
SQL: SELECT * FROM `bj_customer` ORDER BY create_time  [ RunTime:0.0010s ]
INFO: [ view_parse ] --START--
INFO: [ template_filter ] --START--
INFO: Run Behavior\ContentReplaceBehavior [ RunTime:0.001000s ]
INFO: [ template_filter ] --END-- [ RunTime:0.001000s ]
INFO: Run Behavior\ParseTemplateBehavior [ RunTime:0.098006s ]
INFO: [ view_parse ] --END-- [ RunTime:0.098006s ]
INFO: [ view_filter ] --START--
INFO: Run Behavior\WriteHtmlCacheBehavior [ RunTime:0.002000s ]
INFO: [ view_filter ] --END-- [ RunTime:0.002000s ]
INFO: [ app_end ] --START--
INFO: Run Behavior\ShowPageTraceBehavior [ RunTime:0.007001s ]
INFO: [ app_end ] --END-- [ RunTime:0.007001s ]

