[ 2017-07-25T23:02:58+08:00 ] 127.0.0.1 /index.php?m=home&c=customer&a=index
INFO: [ app_init ] --START--
INFO: Run Behavior\BuildLiteBehavior [ RunTime:0.000000s ]
INFO: [ app_init ] --END-- [ RunTime:0.006000s ]
INFO: [ app_begin ] --START--
INFO: Run Behavior\ReadHtmlCacheBehavior [ RunTime:0.005000s ]
INFO: [ app_begin ] --END-- [ RunTime:0.005000s ]
SQL: SHOW COLUMNS FROM `bj_customer` [ RunTime:0.0480s ]
SQL: SELECT * FROM `bj_customer` ORDER BY create_time  [ RunTime:0.0120s ]
INFO: [ view_parse ] --START--
INFO: [ template_filter ] --START--
INFO: Run Behavior\ContentReplaceBehavior [ RunTime:0.000000s ]
INFO: [ template_filter ] --END-- [ RunTime:0.000000s ]
INFO: Run Behavior\ParseTemplateBehavior [ RunTime:0.334019s ]
INFO: [ view_parse ] --END-- [ RunTime:0.334019s ]
INFO: [ view_filter ] --START--
INFO: Run Behavior\WriteHtmlCacheBehavior [ RunTime:0.049003s ]
INFO: [ view_filter ] --END-- [ RunTime:0.049003s ]
INFO: [ app_end ] --START--
INFO: Run Behavior\ShowPageTraceBehavior [ RunTime:0.054003s ]
INFO: [ app_end ] --END-- [ RunTime:0.054003s ]

[ 2017-07-25T23:03:04+08:00 ] 127.0.0.1 /index.php?m=home&c=staff&a=index
INFO: [ app_init ] --START--
INFO: Run Behavior\BuildLiteBehavior [ RunTime:0.000000s ]
INFO: [ app_init ] --END-- [ RunTime:0.003001s ]
INFO: [ app_begin ] --START--
INFO: Run Behavior\ReadHtmlCacheBehavior [ RunTime:0.005000s ]
INFO: [ app_begin ] --END-- [ RunTime:0.005000s ]
SQL: SHOW COLUMNS FROM `bj_staff` [ RunTime:0.0560s ]
SQL: SELECT * FROM `bj_staff`  [ RunTime:0.0010s ]
SQL: SHOW COLUMNS FROM `bj_department` [ RunTime:0.0570s ]
SQL: SELECT * FROM `bj_department` WHERE `department_id` = 3 LIMIT 1   [ RunTime:0.0010s ]
INFO: [ view_parse ] --START--
INFO: [ template_filter ] --START--
INFO: Run Behavior\ContentReplaceBehavior [ RunTime:0.001000s ]
INFO: [ template_filter ] --END-- [ RunTime:0.002000s ]
NOTIC: [8] Undefined index: id E:\wwwroot\baojutouzi.com\Application\Runtime\Cache\Home\5673efea18de54beca1404fb76cb2e39.php 第 577 行.
NOTIC: [8] Undefined variable: customer E:\wwwroot\baojutouzi.com\Application\Runtime\Cache\Home\5673efea18de54beca1404fb76cb2e39.php 第 577 行.
NOTIC: [8] Undefined variable: customer E:\wwwroot\baojutouzi.com\Application\Runtime\Cache\Home\5673efea18de54beca1404fb76cb2e39.php 第 582 行.
NOTIC: [8] Undefined variable: customer E:\wwwroot\baojutouzi.com\Application\Runtime\Cache\Home\5673efea18de54beca1404fb76cb2e39.php 第 582 行.
NOTIC: [8] Undefined variable: customer E:\wwwroot\baojutouzi.com\Application\Runtime\Cache\Home\5673efea18de54beca1404fb76cb2e39.php 第 582 行.
INFO: Run Behavior\ParseTemplateBehavior [ RunTime:0.155009s ]
INFO: [ view_parse ] --END-- [ RunTime:0.155009s ]
INFO: [ view_filter ] --START--
INFO: Run Behavior\WriteHtmlCacheBehavior [ RunTime:0.003000s ]
INFO: [ view_filter ] --END-- [ RunTime:0.003000s ]
INFO: [ app_end ] --START--
INFO: Run Behavior\ShowPageTraceBehavior [ RunTime:0.004000s ]
INFO: [ app_end ] --END-- [ RunTime:0.004000s ]

[ 2017-07-25T23:03:08+08:00 ] 127.0.0.1 /index.php?m=home&c=staff&a=changeStatus
INFO: [ app_init ] --START--
INFO: Run Behavior\BuildLiteBehavior [ RunTime:0.000000s ]
INFO: [ app_init ] --END-- [ RunTime:0.001000s ]
INFO: [ app_begin ] --START--
INFO: Run Behavior\ReadHtmlCacheBehavior [ RunTime:0.004000s ]
INFO: [ app_begin ] --END-- [ RunTime:0.004000s ]

[ 2017-07-25T23:03:40+08:00 ] 127.0.0.1 /index.php?m=home&c=staff&a=index
INFO: [ app_init ] --START--
INFO: Run Behavior\BuildLiteBehavior [ RunTime:0.000000s ]
INFO: [ app_init ] --END-- [ RunTime:0.001000s ]
INFO: [ app_begin ] --START--
INFO: Run Behavior\ReadHtmlCacheBehavior [ RunTime:0.014000s ]
INFO: [ app_begin ] --END-- [ RunTime:0.014000s ]
SQL: SHOW COLUMNS FROM `bj_staff` [ RunTime:0.0530s ]
SQL: SELECT * FROM `bj_staff`  [ RunTime:0.0020s ]
SQL: SHOW COLUMNS FROM `bj_department` [ RunTime:0.0500s ]
SQL: SELECT * FROM `bj_department` WHERE `department_id` = 3 LIMIT 1   [ RunTime:0.0000s ]
INFO: [ view_parse ] --START--
INFO: [ template_filter ] --START--
INFO: Run Behavior\ContentReplaceBehavior [ RunTime:0.001000s ]
INFO: [ template_filter ] --END-- [ RunTime:0.001000s ]
NOTIC: [8] Undefined variable: customer E:\wwwroot\baojutouzi.com\Application\Runtime\Cache\Home\5673efea18de54beca1404fb76cb2e39.php 第 577 行.
NOTIC: [8] Undefined variable: customer E:\wwwroot\baojutouzi.com\Application\Runtime\Cache\Home\5673efea18de54beca1404fb76cb2e39.php 第 582 行.
NOTIC: [8] Undefined variable: customer E:\wwwroot\baojutouzi.com\Application\Runtime\Cache\Home\5673efea18de54beca1404fb76cb2e39.php 第 582 行.
NOTIC: [8] Undefined variable: customer E:\wwwroot\baojutouzi.com\Application\Runtime\Cache\Home\5673efea18de54beca1404fb76cb2e39.php 第 582 行.
INFO: Run Behavior\ParseTemplateBehavior [ RunTime:0.105006s ]
INFO: [ view_parse ] --END-- [ RunTime:0.106006s ]
INFO: [ view_filter ] --START--
INFO: Run Behavior\WriteHtmlCacheBehavior [ RunTime:0.002000s ]
INFO: [ view_filter ] --END-- [ RunTime:0.002000s ]
INFO: [ app_end ] --START--
INFO: Run Behavior\ShowPageTraceBehavior [ RunTime:0.006000s ]
INFO: [ app_end ] --END-- [ RunTime:0.006000s ]

[ 2017-07-25T23:03:44+08:00 ] 127.0.0.1 /index.php?m=home&c=staff&a=changeStatus
INFO: [ app_init ] --START--
INFO: Run Behavior\BuildLiteBehavior [ RunTime:0.000000s ]
INFO: [ app_init ] --END-- [ RunTime:0.001000s ]
INFO: [ app_begin ] --START--
INFO: Run Behavior\ReadHtmlCacheBehavior [ RunTime:0.002000s ]
INFO: [ app_begin ] --END-- [ RunTime:0.002000s ]
SQL: SHOW COLUMNS FROM `bj_staff` [ RunTime:0.0370s ]
ERR: 1054:Unknown column 'id' in 'where clause'
 [ SQL语句 ] : UPDATE `bj_staff` SET `staff_status`='-1' WHERE ( id = 1 )

[ 2017-07-25T23:04:06+08:00 ] 127.0.0.1 /index.php?m=home&c=staff&a=changeStatus
INFO: [ app_init ] --START--
INFO: Run Behavior\BuildLiteBehavior [ RunTime:0.000000s ]
INFO: [ app_init ] --END-- [ RunTime:0.001000s ]
INFO: [ app_begin ] --START--
INFO: Run Behavior\ReadHtmlCacheBehavior [ RunTime:0.004000s ]
INFO: [ app_begin ] --END-- [ RunTime:0.004000s ]
SQL: SHOW COLUMNS FROM `bj_staff` [ RunTime:0.0180s ]
ERR: 1054:Unknown column 'id' in 'where clause'
 [ SQL语句 ] : UPDATE `bj_staff` SET `staff_status`='-1' WHERE ( id = 1 )

[ 2017-07-25T23:04:54+08:00 ] 127.0.0.1 /index.php?m=home&c=staff&a=index
INFO: [ app_init ] --START--
INFO: Run Behavior\BuildLiteBehavior [ RunTime:0.000000s ]
INFO: [ app_init ] --END-- [ RunTime:0.001000s ]
INFO: [ app_begin ] --START--
INFO: Run Behavior\ReadHtmlCacheBehavior [ RunTime:0.003001s ]
INFO: [ app_begin ] --END-- [ RunTime:0.003001s ]
SQL: SHOW COLUMNS FROM `bj_staff` [ RunTime:0.0230s ]
SQL: SELECT * FROM `bj_staff`  [ RunTime:0.0030s ]
SQL: SHOW COLUMNS FROM `bj_department` [ RunTime:0.0190s ]
SQL: SELECT * FROM `bj_department` WHERE `department_id` = 3 LIMIT 1   [ RunTime:0.0010s ]
INFO: [ view_parse ] --START--
INFO: [ template_filter ] --START--
INFO: Run Behavior\ContentReplaceBehavior [ RunTime:0.001000s ]
INFO: [ template_filter ] --END-- [ RunTime:0.001000s ]
NOTIC: [8] Undefined variable: customer E:\wwwroot\baojutouzi.com\Application\Runtime\Cache\Home\5673efea18de54beca1404fb76cb2e39.php 第 577 行.
NOTIC: [8] Undefined variable: customer E:\wwwroot\baojutouzi.com\Application\Runtime\Cache\Home\5673efea18de54beca1404fb76cb2e39.php 第 582 行.
NOTIC: [8] Undefined variable: customer E:\wwwroot\baojutouzi.com\Application\Runtime\Cache\Home\5673efea18de54beca1404fb76cb2e39.php 第 582 行.
NOTIC: [8] Undefined variable: customer E:\wwwroot\baojutouzi.com\Application\Runtime\Cache\Home\5673efea18de54beca1404fb76cb2e39.php 第 582 行.
INFO: Run Behavior\ParseTemplateBehavior [ RunTime:0.087005s ]
INFO: [ view_parse ] --END-- [ RunTime:0.087005s ]
INFO: [ view_filter ] --START--
INFO: Run Behavior\WriteHtmlCacheBehavior [ RunTime:0.003001s ]
INFO: [ view_filter ] --END-- [ RunTime:0.003001s ]
INFO: [ app_end ] --START--
INFO: Run Behavior\ShowPageTraceBehavior [ RunTime:0.005000s ]
INFO: [ app_end ] --END-- [ RunTime:0.005000s ]

[ 2017-07-25T23:05:00+08:00 ] 127.0.0.1 /index.php?m=home&c=staff&a=changeStatus
INFO: [ app_init ] --START--
INFO: Run Behavior\BuildLiteBehavior [ RunTime:0.000000s ]
INFO: [ app_init ] --END-- [ RunTime:0.002000s ]
INFO: [ app_begin ] --START--
INFO: Run Behavior\ReadHtmlCacheBehavior [ RunTime:0.003001s ]
INFO: [ app_begin ] --END-- [ RunTime:0.003001s ]
SQL: SHOW COLUMNS FROM `bj_staff` [ RunTime:0.0380s ]
SQL: UPDATE `bj_staff` SET `staff_status`='-1' WHERE ( staff_id = 1 ) [ RunTime:0.0700s ]

[ 2017-07-25T23:05:01+08:00 ] 127.0.0.1 /index.php?m=home&c=staff&a=index
INFO: [ app_init ] --START--
INFO: Run Behavior\BuildLiteBehavior [ RunTime:0.000000s ]
INFO: [ app_init ] --END-- [ RunTime:0.002001s ]
INFO: [ app_begin ] --START--
INFO: Run Behavior\ReadHtmlCacheBehavior [ RunTime:0.005001s ]
INFO: [ app_begin ] --END-- [ RunTime:0.005001s ]
SQL: SHOW COLUMNS FROM `bj_staff` [ RunTime:0.0680s ]
SQL: SELECT * FROM `bj_staff`  [ RunTime:0.0010s ]
SQL: SHOW COLUMNS FROM `bj_department` [ RunTime:0.0500s ]
SQL: SELECT * FROM `bj_department` WHERE `department_id` = 3 LIMIT 1   [ RunTime:0.0010s ]
INFO: [ view_parse ] --START--
INFO: [ template_filter ] --START--
INFO: Run Behavior\ContentReplaceBehavior [ RunTime:0.001000s ]
INFO: [ template_filter ] --END-- [ RunTime:0.001000s ]
NOTIC: [8] Undefined variable: customer E:\wwwroot\baojutouzi.com\Application\Runtime\Cache\Home\5673efea18de54beca1404fb76cb2e39.php 第 579 行.
NOTIC: [8] Undefined variable: customer E:\wwwroot\baojutouzi.com\Application\Runtime\Cache\Home\5673efea18de54beca1404fb76cb2e39.php 第 582 行.
NOTIC: [8] Undefined variable: customer E:\wwwroot\baojutouzi.com\Application\Runtime\Cache\Home\5673efea18de54beca1404fb76cb2e39.php 第 582 行.
NOTIC: [8] Undefined variable: customer E:\wwwroot\baojutouzi.com\Application\Runtime\Cache\Home\5673efea18de54beca1404fb76cb2e39.php 第 582 行.
INFO: Run Behavior\ParseTemplateBehavior [ RunTime:0.116007s ]
INFO: [ view_parse ] --END-- [ RunTime:0.116007s ]
INFO: [ view_filter ] --START--
INFO: Run Behavior\WriteHtmlCacheBehavior [ RunTime:0.003000s ]
INFO: [ view_filter ] --END-- [ RunTime:0.003000s ]
INFO: [ app_end ] --START--
INFO: Run Behavior\ShowPageTraceBehavior [ RunTime:0.008001s ]
INFO: [ app_end ] --END-- [ RunTime:0.008001s ]

[ 2017-07-25T23:05:08+08:00 ] 127.0.0.1 /index.php?m=home&c=staff&a=changeStatus
INFO: [ app_init ] --START--
INFO: Run Behavior\BuildLiteBehavior [ RunTime:0.004000s ]
INFO: [ app_init ] --END-- [ RunTime:0.005000s ]
INFO: [ app_begin ] --START--
INFO: Run Behavior\ReadHtmlCacheBehavior [ RunTime:0.003000s ]
INFO: [ app_begin ] --END-- [ RunTime:0.003000s ]
SQL: SHOW COLUMNS FROM `bj_staff` [ RunTime:0.0210s ]
SQL: UPDATE `bj_staff` SET `staff_status`='-1' WHERE ( staff_id = 1 ) [ RunTime:0.0610s ]

[ 2017-07-25T23:05:15+08:00 ] 127.0.0.1 /index.php?m=home&c=staff&a=changeStatus
INFO: [ app_init ] --START--
INFO: Run Behavior\BuildLiteBehavior [ RunTime:0.000000s ]
INFO: [ app_init ] --END-- [ RunTime:0.001000s ]
INFO: [ app_begin ] --START--
INFO: Run Behavior\ReadHtmlCacheBehavior [ RunTime:0.003000s ]
INFO: [ app_begin ] --END-- [ RunTime:0.003000s ]
SQL: SHOW COLUMNS FROM `bj_staff` [ RunTime:0.0400s ]
SQL: UPDATE `bj_staff` SET `staff_status`='-1' WHERE ( staff_id = 1 ) [ RunTime:0.0770s ]

[ 2017-07-25T23:05:18+08:00 ] 127.0.0.1 /index.php?m=home&c=staff&a=index
INFO: [ app_init ] --START--
INFO: Run Behavior\BuildLiteBehavior [ RunTime:0.000000s ]
INFO: [ app_init ] --END-- [ RunTime:0.001000s ]
INFO: [ app_begin ] --START--
INFO: Run Behavior\ReadHtmlCacheBehavior [ RunTime:0.003001s ]
INFO: [ app_begin ] --END-- [ RunTime:0.003001s ]
SQL: SHOW COLUMNS FROM `bj_staff` [ RunTime:0.0540s ]
SQL: SELECT * FROM `bj_staff`  [ RunTime:0.0030s ]
SQL: SHOW COLUMNS FROM `bj_department` [ RunTime:0.0530s ]
SQL: SELECT * FROM `bj_department` WHERE `department_id` = 3 LIMIT 1   [ RunTime:0.0010s ]
INFO: [ view_parse ] --START--
INFO: [ template_filter ] --START--
INFO: Run Behavior\ContentReplaceBehavior [ RunTime:0.000000s ]
INFO: [ template_filter ] --END-- [ RunTime:0.001000s ]
NOTIC: [8] Undefined variable: customer E:\wwwroot\baojutouzi.com\Application\Runtime\Cache\Home\5673efea18de54beca1404fb76cb2e39.php 第 579 行.
NOTIC: [8] Undefined variable: customer E:\wwwroot\baojutouzi.com\Application\Runtime\Cache\Home\5673efea18de54beca1404fb76cb2e39.php 第 582 行.
NOTIC: [8] Undefined variable: customer E:\wwwroot\baojutouzi.com\Application\Runtime\Cache\Home\5673efea18de54beca1404fb76cb2e39.php 第 582 行.
NOTIC: [8] Undefined variable: customer E:\wwwroot\baojutouzi.com\Application\Runtime\Cache\Home\5673efea18de54beca1404fb76cb2e39.php 第 582 行.
INFO: Run Behavior\ParseTemplateBehavior [ RunTime:0.102006s ]
INFO: [ view_parse ] --END-- [ RunTime:0.102006s ]
INFO: [ view_filter ] --START--
INFO: Run Behavior\WriteHtmlCacheBehavior [ RunTime:0.003000s ]
INFO: [ view_filter ] --END-- [ RunTime:0.003000s ]
INFO: [ app_end ] --START--
INFO: Run Behavior\ShowPageTraceBehavior [ RunTime:0.017001s ]
INFO: [ app_end ] --END-- [ RunTime:0.017001s ]

[ 2017-07-25T23:07:56+08:00 ] 127.0.0.1 /index.php?m=home&c=staff&a=changeStatus
INFO: [ app_init ] --START--
INFO: Run Behavior\BuildLiteBehavior [ RunTime:0.000000s ]
INFO: [ app_init ] --END-- [ RunTime:0.001000s ]
INFO: [ app_begin ] --START--
INFO: Run Behavior\ReadHtmlCacheBehavior [ RunTime:0.004000s ]
INFO: [ app_begin ] --END-- [ RunTime:0.004000s ]
SQL: SHOW COLUMNS FROM `bj_staff` [ RunTime:0.0260s ]
SQL: UPDATE `bj_staff` SET `staff_status`='-1' WHERE ( staff_id = 1 ) [ RunTime:0.0940s ]

[ 2017-07-25T23:08:59+08:00 ] 127.0.0.1 /index.php?m=home&c=staff&a=index
INFO: [ app_init ] --START--
INFO: Run Behavior\BuildLiteBehavior [ RunTime:0.000000s ]
INFO: [ app_init ] --END-- [ RunTime:0.003001s ]
INFO: [ app_begin ] --START--
INFO: Run Behavior\ReadHtmlCacheBehavior [ RunTime:0.005000s ]
INFO: [ app_begin ] --END-- [ RunTime:0.005000s ]
SQL: SHOW COLUMNS FROM `bj_staff` [ RunTime:0.0380s ]
SQL: SELECT * FROM `bj_staff`  [ RunTime:0.0010s ]
SQL: SHOW COLUMNS FROM `bj_department` [ RunTime:0.0280s ]
SQL: SELECT * FROM `bj_department` WHERE `department_id` = 3 LIMIT 1   [ RunTime:0.0010s ]
INFO: [ view_parse ] --START--
INFO: [ template_filter ] --START--
INFO: Run Behavior\ContentReplaceBehavior [ RunTime:0.001000s ]
INFO: [ template_filter ] --END-- [ RunTime:0.001000s ]
NOTIC: [8] Undefined variable: customer E:\wwwroot\baojutouzi.com\Application\Runtime\Cache\Home\5673efea18de54beca1404fb76cb2e39.php 第 582 行.
NOTIC: [8] Undefined variable: customer E:\wwwroot\baojutouzi.com\Application\Runtime\Cache\Home\5673efea18de54beca1404fb76cb2e39.php 第 582 行.
NOTIC: [8] Undefined variable: customer E:\wwwroot\baojutouzi.com\Application\Runtime\Cache\Home\5673efea18de54beca1404fb76cb2e39.php 第 582 行.
INFO: Run Behavior\ParseTemplateBehavior [ RunTime:0.107006s ]
INFO: [ view_parse ] --END-- [ RunTime:0.107006s ]
INFO: [ view_filter ] --START--
INFO: Run Behavior\WriteHtmlCacheBehavior [ RunTime:0.003000s ]
INFO: [ view_filter ] --END-- [ RunTime:0.003000s ]
INFO: [ app_end ] --START--
INFO: Run Behavior\ShowPageTraceBehavior [ RunTime:0.009001s ]
INFO: [ app_end ] --END-- [ RunTime:0.010001s ]

[ 2017-07-25T23:09:06+08:00 ] 127.0.0.1 /index.php?m=home&c=staff&a=changeStatus
INFO: [ app_init ] --START--
INFO: Run Behavior\BuildLiteBehavior [ RunTime:0.000000s ]
INFO: [ app_init ] --END-- [ RunTime:0.002000s ]
INFO: [ app_begin ] --START--
INFO: Run Behavior\ReadHtmlCacheBehavior [ RunTime:0.004000s ]
INFO: [ app_begin ] --END-- [ RunTime:0.004000s ]
SQL: SHOW COLUMNS FROM `bj_staff` [ RunTime:0.0170s ]
SQL: UPDATE `bj_staff` SET `staff_status`='0' WHERE ( staff_id = 1 ) [ RunTime:0.0680s ]

[ 2017-07-25T23:09:29+08:00 ] 127.0.0.1 /index.php?m=home&c=staff&a=index
INFO: [ app_init ] --START--
INFO: Run Behavior\BuildLiteBehavior [ RunTime:0.000000s ]
INFO: [ app_init ] --END-- [ RunTime:0.002000s ]
INFO: [ app_begin ] --START--
INFO: Run Behavior\ReadHtmlCacheBehavior [ RunTime:0.005000s ]
INFO: [ app_begin ] --END-- [ RunTime:0.005000s ]
SQL: SHOW COLUMNS FROM `bj_staff` [ RunTime:0.0420s ]
SQL: SELECT * FROM `bj_staff`  [ RunTime:0.0020s ]
SQL: SHOW COLUMNS FROM `bj_department` [ RunTime:0.0480s ]
SQL: SELECT * FROM `bj_department` WHERE `department_id` = 3 LIMIT 1   [ RunTime:0.0010s ]
INFO: [ view_parse ] --START--
INFO: [ template_filter ] --START--
INFO: Run Behavior\ContentReplaceBehavior [ RunTime:0.001000s ]
INFO: [ template_filter ] --END-- [ RunTime:0.001000s ]
NOTIC: [8] Undefined variable: customer E:\wwwroot\baojutouzi.com\Application\Runtime\Cache\Home\5673efea18de54beca1404fb76cb2e39.php 第 582 行.
NOTIC: [8] Undefined variable: customer E:\wwwroot\baojutouzi.com\Application\Runtime\Cache\Home\5673efea18de54beca1404fb76cb2e39.php 第 582 行.
NOTIC: [8] Undefined variable: customer E:\wwwroot\baojutouzi.com\Application\Runtime\Cache\Home\5673efea18de54beca1404fb76cb2e39.php 第 582 行.
INFO: Run Behavior\ParseTemplateBehavior [ RunTime:0.114006s ]
INFO: [ view_parse ] --END-- [ RunTime:0.115006s ]
INFO: [ view_filter ] --START--
INFO: Run Behavior\WriteHtmlCacheBehavior [ RunTime:0.003000s ]
INFO: [ view_filter ] --END-- [ RunTime:0.003000s ]
INFO: [ app_end ] --START--
INFO: Run Behavior\ShowPageTraceBehavior [ RunTime:0.005001s ]
INFO: [ app_end ] --END-- [ RunTime:0.005001s ]

[ 2017-07-25T23:09:35+08:00 ] 127.0.0.1 /index.php?m=home&c=staff&a=changeStatus
INFO: [ app_init ] --START--
INFO: Run Behavior\BuildLiteBehavior [ RunTime:0.000000s ]
INFO: [ app_init ] --END-- [ RunTime:0.002000s ]
INFO: [ app_begin ] --START--
INFO: Run Behavior\ReadHtmlCacheBehavior [ RunTime:0.003000s ]
INFO: [ app_begin ] --END-- [ RunTime:0.003000s ]
SQL: SHOW COLUMNS FROM `bj_staff` [ RunTime:0.0310s ]
SQL: UPDATE `bj_staff` SET `staff_status`='-1' WHERE ( staff_id = 1 ) [ RunTime:0.1200s ]

[ 2017-07-25T23:09:37+08:00 ] 127.0.0.1 /index.php?m=home&c=staff&a=index
INFO: [ app_init ] --START--
INFO: Run Behavior\BuildLiteBehavior [ RunTime:0.000000s ]
INFO: [ app_init ] --END-- [ RunTime:0.002000s ]
INFO: [ app_begin ] --START--
INFO: Run Behavior\ReadHtmlCacheBehavior [ RunTime:0.003001s ]
INFO: [ app_begin ] --END-- [ RunTime:0.003001s ]
SQL: SHOW COLUMNS FROM `bj_staff` [ RunTime:0.0540s ]
SQL: SELECT * FROM `bj_staff`  [ RunTime:0.0010s ]
SQL: SHOW COLUMNS FROM `bj_department` [ RunTime:0.0400s ]
SQL: SELECT * FROM `bj_department` WHERE `department_id` = 3 LIMIT 1   [ RunTime:0.0010s ]
INFO: [ view_parse ] --START--
INFO: [ template_filter ] --START--
INFO: Run Behavior\ContentReplaceBehavior [ RunTime:0.001000s ]
INFO: [ template_filter ] --END-- [ RunTime:0.001000s ]
NOTIC: [8] Undefined variable: customer E:\wwwroot\baojutouzi.com\Application\Runtime\Cache\Home\5673efea18de54beca1404fb76cb2e39.php 第 582 行.
NOTIC: [8] Undefined variable: customer E:\wwwroot\baojutouzi.com\Application\Runtime\Cache\Home\5673efea18de54beca1404fb76cb2e39.php 第 582 行.
NOTIC: [8] Undefined variable: customer E:\wwwroot\baojutouzi.com\Application\Runtime\Cache\Home\5673efea18de54beca1404fb76cb2e39.php 第 582 行.
INFO: Run Behavior\ParseTemplateBehavior [ RunTime:0.104006s ]
INFO: [ view_parse ] --END-- [ RunTime:0.104006s ]
INFO: [ view_filter ] --START--
INFO: Run Behavior\WriteHtmlCacheBehavior [ RunTime:0.005000s ]
INFO: [ view_filter ] --END-- [ RunTime:0.005000s ]
INFO: [ app_end ] --START--
INFO: Run Behavior\ShowPageTraceBehavior [ RunTime:0.006001s ]
INFO: [ app_end ] --END-- [ RunTime:0.006001s ]

[ 2017-07-25T23:17:59+08:00 ] 127.0.0.1 /index.php?m=home&c=staff&a=index
INFO: [ app_init ] --START--
INFO: Run Behavior\BuildLiteBehavior [ RunTime:0.000000s ]
INFO: [ app_init ] --END-- [ RunTime:0.001000s ]
INFO: [ app_begin ] --START--
INFO: Run Behavior\ReadHtmlCacheBehavior [ RunTime:0.004001s ]
INFO: [ app_begin ] --END-- [ RunTime:0.004001s ]
SQL: SHOW COLUMNS FROM `bj_staff` [ RunTime:0.0740s ]
SQL: SELECT * FROM `bj_staff`  [ RunTime:0.0000s ]
SQL: SHOW COLUMNS FROM `bj_department` [ RunTime:0.0510s ]
SQL: SELECT * FROM `bj_department` WHERE `department_id` = 3 LIMIT 1   [ RunTime:0.0000s ]
INFO: [ view_parse ] --START--
INFO: [ template_filter ] --START--
INFO: Run Behavior\ContentReplaceBehavior [ RunTime:0.000000s ]
INFO: [ template_filter ] --END-- [ RunTime:0.001000s ]
NOTIC: [8] Undefined variable: customer E:\wwwroot\baojutouzi.com\Application\Runtime\Cache\Home\5673efea18de54beca1404fb76cb2e39.php 第 582 行.
INFO: Run Behavior\ParseTemplateBehavior [ RunTime:0.086004s ]
INFO: [ view_parse ] --END-- [ RunTime:0.086004s ]
INFO: [ view_filter ] --START--
INFO: Run Behavior\WriteHtmlCacheBehavior [ RunTime:0.003001s ]
INFO: [ view_filter ] --END-- [ RunTime:0.004001s ]
INFO: [ app_end ] --START--
INFO: Run Behavior\ShowPageTraceBehavior [ RunTime:0.014001s ]
INFO: [ app_end ] --END-- [ RunTime:0.015001s ]

[ 2017-07-25T23:18:42+08:00 ] 127.0.0.1 /index.php?m=home&c=staff&a=index
INFO: [ app_init ] --START--
INFO: Run Behavior\BuildLiteBehavior [ RunTime:0.000000s ]
INFO: [ app_init ] --END-- [ RunTime:0.002000s ]
INFO: [ app_begin ] --START--
INFO: Run Behavior\ReadHtmlCacheBehavior [ RunTime:0.003000s ]
INFO: [ app_begin ] --END-- [ RunTime:0.003000s ]
SQL: SHOW COLUMNS FROM `bj_staff` [ RunTime:0.0180s ]
SQL: SELECT * FROM `bj_staff`  [ RunTime:0.0010s ]
SQL: SHOW COLUMNS FROM `bj_department` [ RunTime:0.0230s ]
SQL: SELECT * FROM `bj_department` WHERE `department_id` = 3 LIMIT 1   [ RunTime:0.0030s ]
INFO: [ view_parse ] --START--
INFO: [ template_filter ] --START--
INFO: Run Behavior\ContentReplaceBehavior [ RunTime:0.001000s ]
INFO: [ template_filter ] --END-- [ RunTime:0.001000s ]
NOTIC: [8] Undefined variable: customer E:\wwwroot\baojutouzi.com\Application\Runtime\Cache\Home\5673efea18de54beca1404fb76cb2e39.php 第 582 行.
INFO: Run Behavior\ParseTemplateBehavior [ RunTime:0.091005s ]
INFO: [ view_parse ] --END-- [ RunTime:0.091005s ]
INFO: [ view_filter ] --START--
INFO: Run Behavior\WriteHtmlCacheBehavior [ RunTime:0.005000s ]
INFO: [ view_filter ] --END-- [ RunTime:0.005000s ]
INFO: [ app_end ] --START--
INFO: Run Behavior\ShowPageTraceBehavior [ RunTime:0.005001s ]
INFO: [ app_end ] --END-- [ RunTime:0.005001s ]

[ 2017-07-25T23:18:50+08:00 ] 127.0.0.1 /index.php?m=home&c=staff&a=deleteCustomer
INFO: [ app_init ] --START--
INFO: Run Behavior\BuildLiteBehavior [ RunTime:0.000000s ]
INFO: [ app_init ] --END-- [ RunTime:0.001000s ]
INFO: [ app_begin ] --START--
INFO: Run Behavior\ReadHtmlCacheBehavior [ RunTime:0.003000s ]
INFO: [ app_begin ] --END-- [ RunTime:0.003000s ]
ERR: 非法操作:deleteCustomer

[ 2017-07-25T23:19:13+08:00 ] 127.0.0.1 /index.php?m=home&c=staff&a=index
INFO: [ app_init ] --START--
INFO: Run Behavior\BuildLiteBehavior [ RunTime:0.000000s ]
INFO: [ app_init ] --END-- [ RunTime:0.002000s ]
INFO: [ app_begin ] --START--
INFO: Run Behavior\ReadHtmlCacheBehavior [ RunTime:0.010001s ]
INFO: [ app_begin ] --END-- [ RunTime:0.010001s ]
SQL: SHOW COLUMNS FROM `bj_staff` [ RunTime:0.0150s ]
SQL: SELECT * FROM `bj_staff`  [ RunTime:0.0010s ]
SQL: SHOW COLUMNS FROM `bj_department` [ RunTime:0.0180s ]
SQL: SELECT * FROM `bj_department` WHERE `department_id` = 3 LIMIT 1   [ RunTime:0.0010s ]
INFO: [ view_parse ] --START--
INFO: [ template_filter ] --START--
INFO: Run Behavior\ContentReplaceBehavior [ RunTime:0.000000s ]
INFO: [ template_filter ] --END-- [ RunTime:0.000000s ]
NOTIC: [8] Undefined variable: customer E:\wwwroot\baojutouzi.com\Application\Runtime\Cache\Home\5673efea18de54beca1404fb76cb2e39.php 第 582 行.
INFO: Run Behavior\ParseTemplateBehavior [ RunTime:0.092006s ]
INFO: [ view_parse ] --END-- [ RunTime:0.092006s ]
INFO: [ view_filter ] --START--
INFO: Run Behavior\WriteHtmlCacheBehavior [ RunTime:0.005000s ]
INFO: [ view_filter ] --END-- [ RunTime:0.005000s ]
INFO: [ app_end ] --START--
INFO: Run Behavior\ShowPageTraceBehavior [ RunTime:0.004000s ]
INFO: [ app_end ] --END-- [ RunTime:0.005000s ]

[ 2017-07-25T23:19:21+08:00 ] 127.0.0.1 /index.php?m=home&c=staff&a=deleteCustomer
INFO: [ app_init ] --START--
INFO: Run Behavior\BuildLiteBehavior [ RunTime:0.000000s ]
INFO: [ app_init ] --END-- [ RunTime:0.002000s ]
INFO: [ app_begin ] --START--
INFO: Run Behavior\ReadHtmlCacheBehavior [ RunTime:0.002000s ]
INFO: [ app_begin ] --END-- [ RunTime:0.002000s ]
ERR: 非法操作:deleteCustomer

[ 2017-07-25T23:20:39+08:00 ] 127.0.0.1 /index.php?m=home&c=staff&a=index
INFO: [ app_init ] --START--
INFO: Run Behavior\BuildLiteBehavior [ RunTime:0.000000s ]
INFO: [ app_init ] --END-- [ RunTime:0.003000s ]
INFO: [ app_begin ] --START--
INFO: Run Behavior\ReadHtmlCacheBehavior [ RunTime:0.004000s ]
INFO: [ app_begin ] --END-- [ RunTime:0.004000s ]
SQL: SHOW COLUMNS FROM `bj_staff` [ RunTime:0.0430s ]
SQL: SELECT * FROM `bj_staff`  [ RunTime:0.0020s ]
SQL: SHOW COLUMNS FROM `bj_department` [ RunTime:0.0430s ]
SQL: SELECT * FROM `bj_department` WHERE `department_id` = 3 LIMIT 1   [ RunTime:0.0010s ]
INFO: [ view_parse ] --START--
INFO: [ template_filter ] --START--
INFO: Run Behavior\ContentReplaceBehavior [ RunTime:0.000000s ]
INFO: [ template_filter ] --END-- [ RunTime:0.001000s ]
NOTIC: [8] Undefined variable: customer E:\wwwroot\baojutouzi.com\Application\Runtime\Cache\Home\5673efea18de54beca1404fb76cb2e39.php 第 582 行.
INFO: Run Behavior\ParseTemplateBehavior [ RunTime:0.106006s ]
INFO: [ view_parse ] --END-- [ RunTime:0.106006s ]
INFO: [ view_filter ] --START--
INFO: Run Behavior\WriteHtmlCacheBehavior [ RunTime:0.003001s ]
INFO: [ view_filter ] --END-- [ RunTime:0.003001s ]
INFO: [ app_end ] --START--
INFO: Run Behavior\ShowPageTraceBehavior [ RunTime:0.006000s ]
INFO: [ app_end ] --END-- [ RunTime:0.006000s ]

[ 2017-07-25T23:20:45+08:00 ] 127.0.0.1 /index.php?m=home&c=staff&a=deleteStaff
INFO: [ app_init ] --START--
INFO: Run Behavior\BuildLiteBehavior [ RunTime:0.000000s ]
INFO: [ app_init ] --END-- [ RunTime:0.002001s ]
INFO: [ app_begin ] --START--
INFO: Run Behavior\ReadHtmlCacheBehavior [ RunTime:0.004000s ]
INFO: [ app_begin ] --END-- [ RunTime:0.005000s ]
SQL: SHOW COLUMNS FROM `bj_staff` [ RunTime:0.0330s ]
SQL: DELETE FROM `bj_staff` WHERE `staff_id` = 1 [ RunTime:0.1580s ]

[ 2017-07-25T23:20:46+08:00 ] 127.0.0.1 /index.php?m=home&c=staff&a=index
INFO: [ app_init ] --START--
INFO: Run Behavior\BuildLiteBehavior [ RunTime:0.000000s ]
INFO: [ app_init ] --END-- [ RunTime:0.001000s ]
INFO: [ app_begin ] --START--
INFO: Run Behavior\ReadHtmlCacheBehavior [ RunTime:0.004001s ]
INFO: [ app_begin ] --END-- [ RunTime:0.004001s ]
SQL: SHOW COLUMNS FROM `bj_staff` [ RunTime:0.0470s ]
SQL: SELECT * FROM `bj_staff`  [ RunTime:0.0010s ]
INFO: [ view_parse ] --START--
INFO: [ template_filter ] --START--
INFO: Run Behavior\ContentReplaceBehavior [ RunTime:0.000000s ]
INFO: [ template_filter ] --END-- [ RunTime:0.000000s ]
INFO: Run Behavior\ParseTemplateBehavior [ RunTime:0.040002s ]
INFO: [ view_parse ] --END-- [ RunTime:0.040002s ]
INFO: [ view_filter ] --START--
INFO: Run Behavior\WriteHtmlCacheBehavior [ RunTime:0.003000s ]
INFO: [ view_filter ] --END-- [ RunTime:0.003000s ]

[ 2017-07-25T23:20:49+08:00 ] 127.0.0.1 /
INFO: [ app_init ] --START--
INFO: Run Behavior\BuildLiteBehavior [ RunTime:0.000000s ]
INFO: [ app_init ] --END-- [ RunTime:0.002000s ]
INFO: [ app_begin ] --START--
INFO: Run Behavior\ReadHtmlCacheBehavior [ RunTime:0.005001s ]
INFO: [ app_begin ] --END-- [ RunTime:0.005001s ]
INFO: [ view_parse ] --START--
INFO: [ template_filter ] --START--
INFO: Run Behavior\ContentReplaceBehavior [ RunTime:0.001000s ]
INFO: [ template_filter ] --END-- [ RunTime:0.002000s ]
INFO: Run Behavior\ParseTemplateBehavior [ RunTime:0.145008s ]
INFO: [ view_parse ] --END-- [ RunTime:0.146008s ]
INFO: [ view_filter ] --START--
INFO: Run Behavior\WriteHtmlCacheBehavior [ RunTime:0.003000s ]
INFO: [ view_filter ] --END-- [ RunTime:0.003000s ]
INFO: [ app_end ] --START--
INFO: Run Behavior\ShowPageTraceBehavior [ RunTime:0.005000s ]
INFO: [ app_end ] --END-- [ RunTime:0.005000s ]

[ 2017-07-25T23:21:59+08:00 ] 127.0.0.1 /
INFO: [ app_init ] --START--
INFO: Run Behavior\BuildLiteBehavior [ RunTime:0.000000s ]
INFO: [ app_init ] --END-- [ RunTime:0.001000s ]
INFO: [ app_begin ] --START--
INFO: Run Behavior\ReadHtmlCacheBehavior [ RunTime:0.003000s ]
INFO: [ app_begin ] --END-- [ RunTime:0.003000s ]
INFO: [ view_parse ] --START--
INFO: [ template_filter ] --START--
INFO: Run Behavior\ContentReplaceBehavior [ RunTime:0.001000s ]
INFO: [ template_filter ] --END-- [ RunTime:0.002000s ]
INFO: Run Behavior\ParseTemplateBehavior [ RunTime:0.122007s ]
INFO: [ view_parse ] --END-- [ RunTime:0.122007s ]
INFO: [ view_filter ] --START--
INFO: Run Behavior\WriteHtmlCacheBehavior [ RunTime:0.005000s ]
INFO: [ view_filter ] --END-- [ RunTime:0.005000s ]
INFO: [ app_end ] --START--
INFO: Run Behavior\ShowPageTraceBehavior [ RunTime:0.003001s ]
INFO: [ app_end ] --END-- [ RunTime:0.003001s ]

[ 2017-07-25T23:22:07+08:00 ] 127.0.0.1 /index.php?m=home&c=staff&a=add
INFO: [ app_init ] --START--
INFO: Run Behavior\BuildLiteBehavior [ RunTime:0.000000s ]
INFO: [ app_init ] --END-- [ RunTime:0.002000s ]
INFO: [ app_begin ] --START--
INFO: Run Behavior\ReadHtmlCacheBehavior [ RunTime:0.003000s ]
INFO: [ app_begin ] --END-- [ RunTime:0.003000s ]
ERR: 模板不存在:./Application/Home/View/Staff/add.html

[ 2017-07-25T23:22:20+08:00 ] 127.0.0.1 /index.php?m=home&c=staff&a=add
INFO: [ app_init ] --START--
INFO: Run Behavior\BuildLiteBehavior [ RunTime:0.000000s ]
INFO: [ app_init ] --END-- [ RunTime:0.002000s ]
INFO: [ app_begin ] --START--
INFO: Run Behavior\ReadHtmlCacheBehavior [ RunTime:0.003000s ]
INFO: [ app_begin ] --END-- [ RunTime:0.003000s ]
INFO: [ view_parse ] --START--
INFO: [ template_filter ] --START--
INFO: Run Behavior\ContentReplaceBehavior [ RunTime:0.001000s ]
INFO: [ template_filter ] --END-- [ RunTime:0.001000s ]
INFO: Run Behavior\ParseTemplateBehavior [ RunTime:0.109006s ]
INFO: [ view_parse ] --END-- [ RunTime:0.110006s ]
INFO: [ view_filter ] --START--
INFO: Run Behavior\WriteHtmlCacheBehavior [ RunTime:0.002001s ]
INFO: [ view_filter ] --END-- [ RunTime:0.002001s ]
INFO: [ app_end ] --START--
INFO: Run Behavior\ShowPageTraceBehavior [ RunTime:0.006000s ]
INFO: [ app_end ] --END-- [ RunTime:0.006000s ]

