[ 2017-08-13T23:18:58+08:00 ] 127.0.0.1 /index.php?m=home&c=loan&a=index
INFO: [ app_init ] --START--
INFO: Run Behavior\BuildLiteBehavior [ RunTime:0.000000s ]
INFO: [ app_init ] --END-- [ RunTime:0.003000s ]
INFO: [ app_begin ] --START--
INFO: Run Behavior\ReadHtmlCacheBehavior [ RunTime:0.006000s ]
INFO: [ app_begin ] --END-- [ RunTime:0.006000s ]
SQL: SHOW COLUMNS FROM `bj_loan` [ RunTime:0.0170s ]
SQL: SELECT * FROM `bj_loan`  [ RunTime:0.0010s ]
SQL: SHOW COLUMNS FROM `bj_customer` [ RunTime:0.0170s ]
SQL: SELECT * FROM `bj_customer` ORDER BY create_time asc  [ RunTime:0.0010s ]
SQL: SHOW COLUMNS FROM `bj_product` [ RunTime:0.0170s ]
SQL: SELECT * FROM `bj_product` ORDER BY create_time asc  [ RunTime:0.0010s ]
SQL: SHOW COLUMNS FROM `bj_cycle` [ RunTime:0.0210s ]
SQL: SELECT * FROM `bj_cycle` ORDER BY create_time asc  [ RunTime:0.0010s ]
SQL: SHOW COLUMNS FROM `bj_staff` [ RunTime:0.0180s ]
SQL: SELECT * FROM `bj_staff`  [ RunTime:0.0010s ]
SQL: SHOW COLUMNS FROM `bj_poundage` [ RunTime:0.0160s ]
SQL: SELECT * FROM `bj_poundage` ORDER BY create_time desc  [ RunTime:0.0010s ]
SQL: SELECT * FROM `bj_customer` WHERE `id` = 7 LIMIT 1   [ RunTime:0.0000s ]
SQL: SELECT * FROM `bj_product` WHERE `product_id` = 3 LIMIT 1   [ RunTime:0.0000s ]
SQL: SELECT * FROM `bj_cycle` WHERE `cycle_id` = 4 LIMIT 1   [ RunTime:0.0010s ]
SQL: SELECT * FROM `bj_staff` WHERE `staff_id` = 3 LIMIT 1   [ RunTime:0.0010s ]
SQL: SELECT * FROM `bj_staff` WHERE `staff_id` = 4 LIMIT 1   [ RunTime:0.0010s ]
SQL: SELECT * FROM `bj_customer` WHERE `id` = 8 LIMIT 1   [ RunTime:0.0010s ]
SQL: SELECT * FROM `bj_product` WHERE `product_id` = 2 LIMIT 1   [ RunTime:0.0000s ]
SQL: SELECT * FROM `bj_cycle` WHERE `cycle_id` = 1 LIMIT 1   [ RunTime:0.0010s ]
SQL: SELECT * FROM `bj_staff` WHERE `staff_id` = 3 LIMIT 1   [ RunTime:0.0010s ]
SQL: SELECT * FROM `bj_staff` WHERE `staff_id` = 3 LIMIT 1   [ RunTime:0.0020s ]
SQL: SELECT * FROM `bj_customer` WHERE `id` = 8 LIMIT 1   [ RunTime:0.0030s ]
SQL: SELECT * FROM `bj_product` WHERE `product_id` = 1 LIMIT 1   [ RunTime:0.0010s ]
SQL: SELECT * FROM `bj_cycle` WHERE `cycle_id` = 2 LIMIT 1   [ RunTime:0.0000s ]
SQL: SELECT * FROM `bj_staff` WHERE `staff_id` = 3 LIMIT 1   [ RunTime:0.0010s ]
SQL: SELECT * FROM `bj_staff` WHERE `staff_id` = 3 LIMIT 1   [ RunTime:0.0010s ]
SQL: SELECT * FROM `bj_customer` WHERE `id` = 8 LIMIT 1   [ RunTime:0.0010s ]
SQL: SELECT * FROM `bj_product` WHERE `product_id` = 1 LIMIT 1   [ RunTime:0.0010s ]
SQL: SELECT * FROM `bj_cycle` WHERE `cycle_id` = 2 LIMIT 1   [ RunTime:0.0010s ]
SQL: SELECT * FROM `bj_staff` WHERE `staff_id` = 3 LIMIT 1   [ RunTime:0.0010s ]
SQL: SELECT * FROM `bj_staff` WHERE `staff_id` = 3 LIMIT 1   [ RunTime:0.0010s ]
SQL: SELECT * FROM `bj_customer` WHERE `id` = 8 LIMIT 1   [ RunTime:0.0000s ]
SQL: SELECT * FROM `bj_product` WHERE `product_id` = 2 LIMIT 1   [ RunTime:0.0010s ]
SQL: SELECT * FROM `bj_cycle` WHERE `cycle_id` = 1 LIMIT 1   [ RunTime:0.0010s ]
SQL: SELECT * FROM `bj_staff` WHERE `staff_id` = 3 LIMIT 1   [ RunTime:0.0000s ]
SQL: SELECT * FROM `bj_staff` WHERE `staff_id` = 3 LIMIT 1   [ RunTime:0.0010s ]
SQL: SELECT * FROM `bj_customer` WHERE `id` = 8 LIMIT 1   [ RunTime:0.0010s ]
SQL: SELECT * FROM `bj_product` WHERE `product_id` = 5 LIMIT 1   [ RunTime:0.0020s ]
SQL: SELECT * FROM `bj_cycle` WHERE `cycle_id` = 1 LIMIT 1   [ RunTime:0.0040s ]
SQL: SELECT * FROM `bj_staff` WHERE `staff_id` = 3 LIMIT 1   [ RunTime:0.0020s ]
SQL: SELECT * FROM `bj_staff` WHERE `staff_id` = 4 LIMIT 1   [ RunTime:0.0020s ]
SQL: SELECT * FROM `bj_customer` WHERE `id` = 8 LIMIT 1   [ RunTime:0.0060s ]
SQL: SELECT * FROM `bj_product` WHERE `product_id` = 5 LIMIT 1   [ RunTime:0.0010s ]
SQL: SELECT * FROM `bj_cycle` WHERE `cycle_id` = 1 LIMIT 1   [ RunTime:0.0010s ]
SQL: SELECT * FROM `bj_staff` WHERE `staff_id` = 3 LIMIT 1   [ RunTime:0.0010s ]
SQL: SELECT * FROM `bj_staff` WHERE `staff_id` = 4 LIMIT 1   [ RunTime:0.0020s ]
SQL: SELECT * FROM `bj_customer` WHERE `id` = 8 LIMIT 1   [ RunTime:0.0010s ]
SQL: SELECT * FROM `bj_product` WHERE `product_id` = 5 LIMIT 1   [ RunTime:0.0010s ]
SQL: SELECT * FROM `bj_cycle` WHERE `cycle_id` = 1 LIMIT 1   [ RunTime:0.0010s ]
SQL: SELECT * FROM `bj_staff` WHERE `staff_id` = 3 LIMIT 1   [ RunTime:0.0010s ]
SQL: SELECT * FROM `bj_staff` WHERE `staff_id` = 4 LIMIT 1   [ RunTime:0.0010s ]
INFO: [ view_parse ] --START--
INFO: [ template_filter ] --START--
INFO: Run Behavior\ContentReplaceBehavior [ RunTime:0.001000s ]
INFO: [ template_filter ] --END-- [ RunTime:0.001000s ]
INFO: Run Behavior\ParseTemplateBehavior [ RunTime:0.329018s ]
INFO: [ view_parse ] --END-- [ RunTime:0.329018s ]
INFO: [ view_filter ] --START--
INFO: Run Behavior\WriteHtmlCacheBehavior [ RunTime:0.037002s ]
INFO: [ view_filter ] --END-- [ RunTime:0.037002s ]
INFO: [ app_end ] --START--
INFO: Run Behavior\ShowPageTraceBehavior [ RunTime:0.076004s ]
INFO: [ app_end ] --END-- [ RunTime:0.076004s ]

[ 2017-08-13T23:19:27+08:00 ] 127.0.0.1 /index.php?m=home&c=loan&a=editLoan
INFO: [ app_init ] --START--
INFO: Run Behavior\BuildLiteBehavior [ RunTime:0.000000s ]
INFO: [ app_init ] --END-- [ RunTime:0.002000s ]
INFO: [ app_begin ] --START--
INFO: Run Behavior\ReadHtmlCacheBehavior [ RunTime:0.015001s ]
INFO: [ app_begin ] --END-- [ RunTime:0.016001s ]
SQL: SHOW COLUMNS FROM `bj_loan` [ RunTime:0.0190s ]
SQL: SELECT * FROM `bj_loan` WHERE `loan_id` = 11 LIMIT 1   [ RunTime:0.0010s ]
SQL: SHOW COLUMNS FROM `bj_customer` [ RunTime:0.0190s ]
SQL: SELECT * FROM `bj_customer` LIMIT 1   [ RunTime:0.0010s ]
SQL: SHOW COLUMNS FROM `bj_product` [ RunTime:0.0160s ]
SQL: SELECT * FROM `bj_product` WHERE `product_id` = 5 LIMIT 1   [ RunTime:0.0010s ]
SQL: SHOW COLUMNS FROM `bj_cycle` [ RunTime:0.0190s ]
SQL: SELECT * FROM `bj_cycle` LIMIT 1   [ RunTime:0.0010s ]
SQL: SHOW COLUMNS FROM `bj_poundage_detail` [ RunTime:0.0190s ]
SQL: SELECT * FROM `bj_poundage_detail` WHERE `loan_id` = 11  [ RunTime:0.0010s ]
SQL: SHOW COLUMNS FROM `bj_poundage` [ RunTime:0.0170s ]
SQL: SELECT * FROM `bj_poundage` WHERE `poundage_id` = 2 LIMIT 1   [ RunTime:0.0010s ]
SQL: SELECT * FROM `bj_poundage` WHERE `poundage_id` = 4 LIMIT 1   [ RunTime:0.0010s ]
SQL: SELECT * FROM `bj_poundage` WHERE `poundage_id` = 5 LIMIT 1   [ RunTime:0.0010s ]

[ 2017-08-13T23:19:39+08:00 ] 127.0.0.1 /index.php?m=home&c=loan&a=checkEdit
INFO: [ app_init ] --START--
INFO: Run Behavior\BuildLiteBehavior [ RunTime:0.001000s ]
INFO: [ app_init ] --END-- [ RunTime:0.002000s ]
INFO: [ app_begin ] --START--
INFO: Run Behavior\ReadHtmlCacheBehavior [ RunTime:0.002000s ]
INFO: [ app_begin ] --END-- [ RunTime:0.003000s ]
SQL: SHOW COLUMNS FROM `bj_poundage` [ RunTime:0.0080s ]
SQL: SELECT * FROM `bj_poundage` ORDER BY create_time desc  [ RunTime:0.0000s ]

[ 2017-08-13T23:19:43+08:00 ] 127.0.0.1 /index.php?m=home&c=loan&a=checkEdit
INFO: [ app_init ] --START--
INFO: Run Behavior\BuildLiteBehavior [ RunTime:0.000000s ]
INFO: [ app_init ] --END-- [ RunTime:0.003000s ]
INFO: [ app_begin ] --START--
INFO: Run Behavior\ReadHtmlCacheBehavior [ RunTime:0.004000s ]
INFO: [ app_begin ] --END-- [ RunTime:0.004000s ]
SQL: SHOW COLUMNS FROM `bj_poundage` [ RunTime:0.0170s ]
SQL: SELECT * FROM `bj_poundage` ORDER BY create_time desc  [ RunTime:0.0020s ]

[ 2017-08-13T23:20:39+08:00 ] 127.0.0.1 /index.php?m=home&c=loan&a=checkEdit
INFO: [ app_init ] --START--
INFO: Run Behavior\BuildLiteBehavior [ RunTime:0.000000s ]
INFO: [ app_init ] --END-- [ RunTime:0.002001s ]
INFO: [ app_begin ] --START--
INFO: Run Behavior\ReadHtmlCacheBehavior [ RunTime:0.006001s ]
INFO: [ app_begin ] --END-- [ RunTime:0.006001s ]
SQL: SHOW COLUMNS FROM `bj_poundage` [ RunTime:0.0150s ]
SQL: SELECT * FROM `bj_poundage` ORDER BY create_time desc  [ RunTime:0.0010s ]

[ 2017-08-13T23:22:46+08:00 ] 127.0.0.1 /index.php?m=home&c=loan&a=index
INFO: [ app_init ] --START--
INFO: Run Behavior\BuildLiteBehavior [ RunTime:0.000000s ]
INFO: [ app_init ] --END-- [ RunTime:0.002000s ]
INFO: [ app_begin ] --START--
INFO: Run Behavior\ReadHtmlCacheBehavior [ RunTime:0.003000s ]
INFO: [ app_begin ] --END-- [ RunTime:0.003000s ]
SQL: SHOW COLUMNS FROM `bj_loan` [ RunTime:0.0120s ]
SQL: SELECT * FROM `bj_loan`  [ RunTime:0.0020s ]
SQL: SHOW COLUMNS FROM `bj_customer` [ RunTime:0.0140s ]
SQL: SELECT * FROM `bj_customer` ORDER BY create_time asc  [ RunTime:0.0010s ]
SQL: SHOW COLUMNS FROM `bj_product` [ RunTime:0.0150s ]
SQL: SELECT * FROM `bj_product` ORDER BY create_time asc  [ RunTime:0.0020s ]
SQL: SHOW COLUMNS FROM `bj_cycle` [ RunTime:0.0100s ]
SQL: SELECT * FROM `bj_cycle` ORDER BY create_time asc  [ RunTime:0.0010s ]
SQL: SHOW COLUMNS FROM `bj_staff` [ RunTime:0.0120s ]
SQL: SELECT * FROM `bj_staff`  [ RunTime:0.0000s ]
SQL: SHOW COLUMNS FROM `bj_poundage` [ RunTime:0.0190s ]
SQL: SELECT * FROM `bj_poundage` ORDER BY create_time desc  [ RunTime:0.0010s ]
SQL: SELECT * FROM `bj_customer` WHERE `id` = 7 LIMIT 1   [ RunTime:0.0010s ]
SQL: SELECT * FROM `bj_product` WHERE `product_id` = 3 LIMIT 1   [ RunTime:0.0060s ]
SQL: SELECT * FROM `bj_cycle` WHERE `cycle_id` = 4 LIMIT 1   [ RunTime:0.0010s ]
SQL: SELECT * FROM `bj_staff` WHERE `staff_id` = 3 LIMIT 1   [ RunTime:0.0000s ]
SQL: SELECT * FROM `bj_staff` WHERE `staff_id` = 4 LIMIT 1   [ RunTime:0.0000s ]
SQL: SELECT * FROM `bj_customer` WHERE `id` = 8 LIMIT 1   [ RunTime:0.0010s ]
SQL: SELECT * FROM `bj_product` WHERE `product_id` = 2 LIMIT 1   [ RunTime:0.0270s ]
SQL: SELECT * FROM `bj_cycle` WHERE `cycle_id` = 1 LIMIT 1   [ RunTime:0.0020s ]
SQL: SELECT * FROM `bj_staff` WHERE `staff_id` = 3 LIMIT 1   [ RunTime:0.0010s ]
SQL: SELECT * FROM `bj_staff` WHERE `staff_id` = 3 LIMIT 1   [ RunTime:0.0010s ]
SQL: SELECT * FROM `bj_customer` WHERE `id` = 8 LIMIT 1   [ RunTime:0.0000s ]
SQL: SELECT * FROM `bj_product` WHERE `product_id` = 1 LIMIT 1   [ RunTime:0.0010s ]
SQL: SELECT * FROM `bj_cycle` WHERE `cycle_id` = 2 LIMIT 1   [ RunTime:0.0020s ]
SQL: SELECT * FROM `bj_staff` WHERE `staff_id` = 3 LIMIT 1   [ RunTime:0.0020s ]
SQL: SELECT * FROM `bj_staff` WHERE `staff_id` = 3 LIMIT 1   [ RunTime:0.0010s ]
SQL: SELECT * FROM `bj_customer` WHERE `id` = 8 LIMIT 1   [ RunTime:0.0020s ]
SQL: SELECT * FROM `bj_product` WHERE `product_id` = 1 LIMIT 1   [ RunTime:0.0020s ]
SQL: SELECT * FROM `bj_cycle` WHERE `cycle_id` = 2 LIMIT 1   [ RunTime:0.0010s ]
SQL: SELECT * FROM `bj_staff` WHERE `staff_id` = 3 LIMIT 1   [ RunTime:0.0000s ]
SQL: SELECT * FROM `bj_staff` WHERE `staff_id` = 3 LIMIT 1   [ RunTime:0.0000s ]
SQL: SELECT * FROM `bj_customer` WHERE `id` = 8 LIMIT 1   [ RunTime:0.0120s ]
SQL: SELECT * FROM `bj_product` WHERE `product_id` = 2 LIMIT 1   [ RunTime:0.0010s ]
SQL: SELECT * FROM `bj_cycle` WHERE `cycle_id` = 1 LIMIT 1   [ RunTime:0.0020s ]
SQL: SELECT * FROM `bj_staff` WHERE `staff_id` = 3 LIMIT 1   [ RunTime:0.0010s ]
SQL: SELECT * FROM `bj_staff` WHERE `staff_id` = 3 LIMIT 1   [ RunTime:0.0000s ]
SQL: SELECT * FROM `bj_customer` WHERE `id` = 8 LIMIT 1   [ RunTime:0.0100s ]
SQL: SELECT * FROM `bj_product` WHERE `product_id` = 5 LIMIT 1   [ RunTime:0.0000s ]
SQL: SELECT * FROM `bj_cycle` WHERE `cycle_id` = 1 LIMIT 1   [ RunTime:0.0050s ]
SQL: SELECT * FROM `bj_staff` WHERE `staff_id` = 3 LIMIT 1   [ RunTime:0.0010s ]
SQL: SELECT * FROM `bj_staff` WHERE `staff_id` = 4 LIMIT 1   [ RunTime:0.0020s ]
SQL: SELECT * FROM `bj_customer` WHERE `id` = 8 LIMIT 1   [ RunTime:0.0000s ]
SQL: SELECT * FROM `bj_product` WHERE `product_id` = 5 LIMIT 1   [ RunTime:0.0050s ]
SQL: SELECT * FROM `bj_cycle` WHERE `cycle_id` = 1 LIMIT 1   [ RunTime:0.0010s ]
SQL: SELECT * FROM `bj_staff` WHERE `staff_id` = 3 LIMIT 1   [ RunTime:0.0010s ]
SQL: SELECT * FROM `bj_staff` WHERE `staff_id` = 4 LIMIT 1   [ RunTime:0.0000s ]
SQL: SELECT * FROM `bj_customer` WHERE `id` = 8 LIMIT 1   [ RunTime:0.0010s ]
SQL: SELECT * FROM `bj_product` WHERE `product_id` = 5 LIMIT 1   [ RunTime:0.0010s ]
SQL: SELECT * FROM `bj_cycle` WHERE `cycle_id` = 1 LIMIT 1   [ RunTime:0.0010s ]
SQL: SELECT * FROM `bj_staff` WHERE `staff_id` = 3 LIMIT 1   [ RunTime:0.0010s ]
SQL: SELECT * FROM `bj_staff` WHERE `staff_id` = 4 LIMIT 1   [ RunTime:0.0010s ]
INFO: [ view_parse ] --START--
INFO: [ template_filter ] --START--
INFO: Run Behavior\ContentReplaceBehavior [ RunTime:0.000000s ]
INFO: [ template_filter ] --END-- [ RunTime:0.001000s ]
INFO: Run Behavior\ParseTemplateBehavior [ RunTime:0.095005s ]
INFO: [ view_parse ] --END-- [ RunTime:0.095005s ]
INFO: [ view_filter ] --START--
INFO: Run Behavior\WriteHtmlCacheBehavior [ RunTime:0.002001s ]
INFO: [ view_filter ] --END-- [ RunTime:0.002001s ]
INFO: [ app_end ] --START--
INFO: Run Behavior\ShowPageTraceBehavior [ RunTime:0.010000s ]
INFO: [ app_end ] --END-- [ RunTime:0.010000s ]

[ 2017-08-13T23:22:57+08:00 ] 127.0.0.1 /index.php?m=home&c=loan&a=editLoan
INFO: [ app_init ] --START--
INFO: Run Behavior\BuildLiteBehavior [ RunTime:0.000000s ]
INFO: [ app_init ] --END-- [ RunTime:0.007001s ]
INFO: [ app_begin ] --START--
INFO: Run Behavior\ReadHtmlCacheBehavior [ RunTime:0.009000s ]
INFO: [ app_begin ] --END-- [ RunTime:0.010000s ]
SQL: SHOW COLUMNS FROM `bj_loan` [ RunTime:0.0210s ]
SQL: SELECT * FROM `bj_loan` WHERE `loan_id` = 11 LIMIT 1   [ RunTime:0.0010s ]
SQL: SHOW COLUMNS FROM `bj_customer` [ RunTime:0.0290s ]
SQL: SELECT * FROM `bj_customer` LIMIT 1   [ RunTime:0.0070s ]
SQL: SHOW COLUMNS FROM `bj_product` [ RunTime:0.0560s ]
SQL: SELECT * FROM `bj_product` WHERE `product_id` = 5 LIMIT 1   [ RunTime:0.0010s ]
SQL: SHOW COLUMNS FROM `bj_cycle` [ RunTime:0.0370s ]
SQL: SELECT * FROM `bj_cycle` LIMIT 1   [ RunTime:0.0020s ]
SQL: SHOW COLUMNS FROM `bj_poundage_detail` [ RunTime:0.0480s ]
SQL: SELECT * FROM `bj_poundage_detail` WHERE `loan_id` = 11  [ RunTime:0.0010s ]
SQL: SHOW COLUMNS FROM `bj_poundage` [ RunTime:0.0540s ]
SQL: SELECT * FROM `bj_poundage` WHERE `poundage_id` = 2 LIMIT 1   [ RunTime:0.0050s ]
SQL: SELECT * FROM `bj_poundage` WHERE `poundage_id` = 4 LIMIT 1   [ RunTime:0.0040s ]
SQL: SELECT * FROM `bj_poundage` WHERE `poundage_id` = 5 LIMIT 1   [ RunTime:0.0010s ]

[ 2017-08-13T23:23:13+08:00 ] 127.0.0.1 /index.php?m=home&c=loan&a=checkEdit
INFO: [ app_init ] --START--
INFO: Run Behavior\BuildLiteBehavior [ RunTime:0.000000s ]
INFO: [ app_init ] --END-- [ RunTime:0.001000s ]
INFO: [ app_begin ] --START--
INFO: Run Behavior\ReadHtmlCacheBehavior [ RunTime:0.005000s ]
INFO: [ app_begin ] --END-- [ RunTime:0.005000s ]
SQL: SHOW COLUMNS FROM `bj_poundage` [ RunTime:0.0200s ]
SQL: SELECT * FROM `bj_poundage` ORDER BY create_time desc  [ RunTime:0.0020s ]
SQL: SHOW COLUMNS FROM `bj_loan` [ RunTime:0.0140s ]
SQL: SELECT * FROM `bj_loan` WHERE `loan_id` = 11 LIMIT 1   [ RunTime:0.0010s ]
SQL: UPDATE `bj_loan` SET `customer_id`='8',`product_id`='5',`principal`='2000',`interest`='200',`cyclical`='10',`cyc_principal`='20',`cyc_interest`='20',`poundage`='210',`bond`='200',`rebate`='200',`arrival`='2500',`expenditure`='2500',`staff_id`='3',`foreign_id`='4',`create_time`='1502626620',`update_time`='1502637792' WHERE ( loan_id = 11 ) [ RunTime:0.1110s ]
SQL: SHOW COLUMNS FROM `bj_poundage_detail` [ RunTime:0.0100s ]
SQL: DELETE FROM `bj_poundage_detail` WHERE ( loan_id = 1 ) [ RunTime:0.0010s ]
SQL: INSERT INTO `bj_poundage_detail` (`loan_id`,`poundage_id`,`money`,`create_time`) VALUES ('1','2','100','1502637792') [ RunTime:0.0650s ]
SQL: INSERT INTO `bj_poundage_detail` (`loan_id`,`poundage_id`,`money`,`create_time`) VALUES ('1','4','50','1502637792') [ RunTime:0.0550s ]
SQL: INSERT INTO `bj_poundage_detail` (`loan_id`,`poundage_id`,`money`,`create_time`) VALUES ('1','5','60','1502637792') [ RunTime:0.1090s ]

[ 2017-08-13T23:23:28+08:00 ] 127.0.0.1 /index.php?m=home&c=loan&a=checkEdit
INFO: [ app_init ] --START--
INFO: Run Behavior\BuildLiteBehavior [ RunTime:0.000000s ]
INFO: [ app_init ] --END-- [ RunTime:0.001001s ]
INFO: [ app_begin ] --START--
INFO: Run Behavior\ReadHtmlCacheBehavior [ RunTime:0.003000s ]
INFO: [ app_begin ] --END-- [ RunTime:0.003000s ]
SQL: SHOW COLUMNS FROM `bj_poundage` [ RunTime:0.0290s ]
SQL: SELECT * FROM `bj_poundage` ORDER BY create_time desc  [ RunTime:0.0010s ]
SQL: SHOW COLUMNS FROM `bj_loan` [ RunTime:0.0280s ]
SQL: SELECT * FROM `bj_loan` WHERE `loan_id` = 11 LIMIT 1   [ RunTime:0.0000s ]

[ 2017-08-13T23:25:02+08:00 ] 127.0.0.1 /index.php?m=home&c=loan&a=checkEdit
INFO: [ app_init ] --START--
INFO: Run Behavior\BuildLiteBehavior [ RunTime:0.000000s ]
INFO: [ app_init ] --END-- [ RunTime:0.001001s ]
INFO: [ app_begin ] --START--
INFO: Run Behavior\ReadHtmlCacheBehavior [ RunTime:0.002000s ]
INFO: [ app_begin ] --END-- [ RunTime:0.003000s ]
SQL: SHOW COLUMNS FROM `bj_poundage` [ RunTime:0.0240s ]
SQL: SELECT * FROM `bj_poundage` ORDER BY create_time desc  [ RunTime:0.0010s ]
SQL: SHOW COLUMNS FROM `bj_loan` [ RunTime:0.0260s ]
SQL: SELECT * FROM `bj_loan` WHERE `loan_id` = 11 LIMIT 1   [ RunTime:0.0010s ]

[ 2017-08-13T23:25:51+08:00 ] 127.0.0.1 /index.php?m=home&c=loan&a=checkEdit
INFO: [ app_init ] --START--
INFO: Run Behavior\BuildLiteBehavior [ RunTime:0.000000s ]
INFO: [ app_init ] --END-- [ RunTime:0.003000s ]
INFO: [ app_begin ] --START--
INFO: Run Behavior\ReadHtmlCacheBehavior [ RunTime:0.003000s ]
INFO: [ app_begin ] --END-- [ RunTime:0.003000s ]
SQL: SHOW COLUMNS FROM `bj_poundage` [ RunTime:0.0350s ]
SQL: SELECT * FROM `bj_poundage` ORDER BY create_time desc  [ RunTime:0.0000s ]
SQL: SHOW COLUMNS FROM `bj_loan` [ RunTime:0.0320s ]
SQL: SELECT * FROM `bj_loan` WHERE `loan_id` = 11 LIMIT 1   [ RunTime:0.0010s ]

[ 2017-08-13T23:26:52+08:00 ] 127.0.0.1 /index.php?m=home&c=loan&a=index
INFO: [ app_init ] --START--
INFO: Run Behavior\BuildLiteBehavior [ RunTime:0.000000s ]
INFO: [ app_init ] --END-- [ RunTime:0.002001s ]
INFO: [ app_begin ] --START--
INFO: Run Behavior\ReadHtmlCacheBehavior [ RunTime:0.004000s ]
INFO: [ app_begin ] --END-- [ RunTime:0.004000s ]
SQL: SHOW COLUMNS FROM `bj_loan` [ RunTime:0.0280s ]
SQL: SELECT * FROM `bj_loan`  [ RunTime:0.0000s ]
SQL: SHOW COLUMNS FROM `bj_customer` [ RunTime:0.0370s ]
SQL: SELECT * FROM `bj_customer` ORDER BY create_time asc  [ RunTime:0.0010s ]
SQL: SHOW COLUMNS FROM `bj_product` [ RunTime:0.0310s ]
SQL: SELECT * FROM `bj_product` ORDER BY create_time asc  [ RunTime:0.0010s ]
SQL: SHOW COLUMNS FROM `bj_cycle` [ RunTime:0.0320s ]
SQL: SELECT * FROM `bj_cycle` ORDER BY create_time asc  [ RunTime:0.0010s ]
SQL: SHOW COLUMNS FROM `bj_staff` [ RunTime:0.0240s ]
SQL: SELECT * FROM `bj_staff`  [ RunTime:0.0010s ]
SQL: SHOW COLUMNS FROM `bj_poundage` [ RunTime:0.0300s ]
SQL: SELECT * FROM `bj_poundage` ORDER BY create_time desc  [ RunTime:0.0010s ]
SQL: SELECT * FROM `bj_customer` WHERE `id` = 7 LIMIT 1   [ RunTime:0.0010s ]
SQL: SELECT * FROM `bj_product` WHERE `product_id` = 3 LIMIT 1   [ RunTime:0.0010s ]
SQL: SELECT * FROM `bj_cycle` WHERE `cycle_id` = 4 LIMIT 1   [ RunTime:0.0010s ]
SQL: SELECT * FROM `bj_staff` WHERE `staff_id` = 3 LIMIT 1   [ RunTime:0.0000s ]
SQL: SELECT * FROM `bj_staff` WHERE `staff_id` = 4 LIMIT 1   [ RunTime:0.0000s ]
SQL: SELECT * FROM `bj_customer` WHERE `id` = 8 LIMIT 1   [ RunTime:0.0010s ]
SQL: SELECT * FROM `bj_product` WHERE `product_id` = 2 LIMIT 1   [ RunTime:0.0000s ]
SQL: SELECT * FROM `bj_cycle` WHERE `cycle_id` = 1 LIMIT 1   [ RunTime:0.0000s ]
SQL: SELECT * FROM `bj_staff` WHERE `staff_id` = 3 LIMIT 1   [ RunTime:0.0000s ]
SQL: SELECT * FROM `bj_staff` WHERE `staff_id` = 3 LIMIT 1   [ RunTime:0.0010s ]
SQL: SELECT * FROM `bj_customer` WHERE `id` = 8 LIMIT 1   [ RunTime:0.0010s ]
SQL: SELECT * FROM `bj_product` WHERE `product_id` = 1 LIMIT 1   [ RunTime:0.0010s ]
SQL: SELECT * FROM `bj_cycle` WHERE `cycle_id` = 2 LIMIT 1   [ RunTime:0.0010s ]
SQL: SELECT * FROM `bj_staff` WHERE `staff_id` = 3 LIMIT 1   [ RunTime:0.0010s ]
SQL: SELECT * FROM `bj_staff` WHERE `staff_id` = 3 LIMIT 1   [ RunTime:0.0010s ]
SQL: SELECT * FROM `bj_customer` WHERE `id` = 8 LIMIT 1   [ RunTime:0.0010s ]
SQL: SELECT * FROM `bj_product` WHERE `product_id` = 1 LIMIT 1   [ RunTime:0.0010s ]
SQL: SELECT * FROM `bj_cycle` WHERE `cycle_id` = 2 LIMIT 1   [ RunTime:0.0010s ]
SQL: SELECT * FROM `bj_staff` WHERE `staff_id` = 3 LIMIT 1   [ RunTime:0.0010s ]
SQL: SELECT * FROM `bj_staff` WHERE `staff_id` = 3 LIMIT 1   [ RunTime:0.0010s ]
SQL: SELECT * FROM `bj_customer` WHERE `id` = 8 LIMIT 1   [ RunTime:0.0030s ]
SQL: SELECT * FROM `bj_product` WHERE `product_id` = 2 LIMIT 1   [ RunTime:0.0000s ]
SQL: SELECT * FROM `bj_cycle` WHERE `cycle_id` = 1 LIMIT 1   [ RunTime:0.0000s ]
SQL: SELECT * FROM `bj_staff` WHERE `staff_id` = 3 LIMIT 1   [ RunTime:0.0000s ]
SQL: SELECT * FROM `bj_staff` WHERE `staff_id` = 3 LIMIT 1   [ RunTime:0.0000s ]
SQL: SELECT * FROM `bj_customer` WHERE `id` = 8 LIMIT 1   [ RunTime:0.0000s ]
SQL: SELECT * FROM `bj_product` WHERE `product_id` = 5 LIMIT 1   [ RunTime:0.0000s ]
SQL: SELECT * FROM `bj_cycle` WHERE `cycle_id` = 1 LIMIT 1   [ RunTime:0.0000s ]
SQL: SELECT * FROM `bj_staff` WHERE `staff_id` = 3 LIMIT 1   [ RunTime:0.0010s ]
SQL: SELECT * FROM `bj_staff` WHERE `staff_id` = 4 LIMIT 1   [ RunTime:0.0010s ]
SQL: SELECT * FROM `bj_customer` WHERE `id` = 8 LIMIT 1   [ RunTime:0.0000s ]
SQL: SELECT * FROM `bj_product` WHERE `product_id` = 5 LIMIT 1   [ RunTime:0.0000s ]
SQL: SELECT * FROM `bj_cycle` WHERE `cycle_id` = 1 LIMIT 1   [ RunTime:0.0000s ]
SQL: SELECT * FROM `bj_staff` WHERE `staff_id` = 3 LIMIT 1   [ RunTime:0.0010s ]
SQL: SELECT * FROM `bj_staff` WHERE `staff_id` = 4 LIMIT 1   [ RunTime:0.0010s ]
SQL: SELECT * FROM `bj_customer` WHERE `id` = 8 LIMIT 1   [ RunTime:0.0010s ]
SQL: SELECT * FROM `bj_product` WHERE `product_id` = 5 LIMIT 1   [ RunTime:0.0010s ]
SQL: SELECT * FROM `bj_cycle` WHERE `cycle_id` = 1 LIMIT 1   [ RunTime:0.0010s ]
SQL: SELECT * FROM `bj_staff` WHERE `staff_id` = 3 LIMIT 1   [ RunTime:0.0010s ]
SQL: SELECT * FROM `bj_staff` WHERE `staff_id` = 4 LIMIT 1   [ RunTime:0.0010s ]
INFO: [ view_parse ] --START--
INFO: [ template_filter ] --START--
INFO: Run Behavior\ContentReplaceBehavior [ RunTime:0.000000s ]
INFO: [ template_filter ] --END-- [ RunTime:0.001000s ]
INFO: Run Behavior\ParseTemplateBehavior [ RunTime:0.115006s ]
INFO: [ view_parse ] --END-- [ RunTime:0.115006s ]
INFO: [ view_filter ] --START--
INFO: Run Behavior\WriteHtmlCacheBehavior [ RunTime:0.001000s ]
INFO: [ view_filter ] --END-- [ RunTime:0.001000s ]
INFO: [ app_end ] --START--
INFO: Run Behavior\ShowPageTraceBehavior [ RunTime:0.011001s ]
INFO: [ app_end ] --END-- [ RunTime:0.011001s ]

[ 2017-08-13T23:27:02+08:00 ] 127.0.0.1 /index.php?m=home&c=loan&a=editLoan
INFO: [ app_init ] --START--
INFO: Run Behavior\BuildLiteBehavior [ RunTime:0.000000s ]
INFO: [ app_init ] --END-- [ RunTime:0.001001s ]
INFO: [ app_begin ] --START--
INFO: Run Behavior\ReadHtmlCacheBehavior [ RunTime:0.003000s ]
INFO: [ app_begin ] --END-- [ RunTime:0.003000s ]
SQL: SHOW COLUMNS FROM `bj_loan` [ RunTime:0.0200s ]
SQL: SELECT * FROM `bj_loan` WHERE `loan_id` = 11 LIMIT 1   [ RunTime:0.0010s ]
SQL: SHOW COLUMNS FROM `bj_customer` [ RunTime:0.0190s ]
SQL: SELECT * FROM `bj_customer` LIMIT 1   [ RunTime:0.0010s ]
SQL: SHOW COLUMNS FROM `bj_product` [ RunTime:0.0200s ]
SQL: SELECT * FROM `bj_product` WHERE `product_id` = 5 LIMIT 1   [ RunTime:0.0010s ]
SQL: SHOW COLUMNS FROM `bj_cycle` [ RunTime:0.0160s ]
SQL: SELECT * FROM `bj_cycle` LIMIT 1   [ RunTime:0.0010s ]
SQL: SHOW COLUMNS FROM `bj_poundage_detail` [ RunTime:0.0140s ]
SQL: SELECT * FROM `bj_poundage_detail` WHERE `loan_id` = 11  [ RunTime:0.0010s ]
SQL: SHOW COLUMNS FROM `bj_poundage` [ RunTime:0.0220s ]
SQL: SELECT * FROM `bj_poundage` WHERE `poundage_id` = 2 LIMIT 1   [ RunTime:0.0000s ]
SQL: SELECT * FROM `bj_poundage` WHERE `poundage_id` = 4 LIMIT 1   [ RunTime:0.0010s ]
SQL: SELECT * FROM `bj_poundage` WHERE `poundage_id` = 5 LIMIT 1   [ RunTime:0.0010s ]

[ 2017-08-13T23:28:09+08:00 ] 127.0.0.1 /index.php?m=home&c=loan&a=checkEdit
INFO: [ app_init ] --START--
INFO: Run Behavior\BuildLiteBehavior [ RunTime:0.000000s ]
INFO: [ app_init ] --END-- [ RunTime:0.003000s ]
INFO: [ app_begin ] --START--
INFO: Run Behavior\ReadHtmlCacheBehavior [ RunTime:0.005000s ]
INFO: [ app_begin ] --END-- [ RunTime:0.006000s ]
SQL: SHOW COLUMNS FROM `bj_poundage` [ RunTime:0.0100s ]
SQL: SELECT * FROM `bj_poundage` ORDER BY create_time desc  [ RunTime:0.0000s ]
SQL: SHOW COLUMNS FROM `bj_loan` [ RunTime:0.0150s ]
SQL: SELECT * FROM `bj_loan` WHERE `loan_id` = 11 LIMIT 1   [ RunTime:0.0000s ]
SQL: UPDATE `bj_loan` SET `customer_id`='8',`product_id`='5',`principal`='2000',`interest`='200',`cyclical`='10',`cyc_principal`='20',`cyc_interest`='20',`poundage`='350',`bond`='200',`rebate`='200',`arrival`='2500',`expenditure`='2500',`staff_id`='3',`foreign_id`='4',`create_time`='1502626620',`update_time`='1502638089' WHERE ( loan_id = 11 ) [ RunTime:0.0390s ]
SQL: SHOW COLUMNS FROM `bj_poundage_detail` [ RunTime:0.0100s ]
SQL: DELETE FROM `bj_poundage_detail` WHERE ( loan_id = 1 ) [ RunTime:0.0530s ]
SQL: INSERT INTO `bj_poundage_detail` (`loan_id`,`poundage_id`,`money`,`create_time`) VALUES ('1','2','200','1502638089') [ RunTime:0.1100s ]
SQL: INSERT INTO `bj_poundage_detail` (`loan_id`,`poundage_id`,`money`,`create_time`) VALUES ('1','4','50','1502638089') [ RunTime:0.0880s ]
SQL: INSERT INTO `bj_poundage_detail` (`loan_id`,`poundage_id`,`money`,`create_time`) VALUES ('1','5','100','1502638089') [ RunTime:0.0550s ]

[ 2017-08-13T23:28:11+08:00 ] 127.0.0.1 /index.php?m=home&c=loan&a=index
INFO: [ app_init ] --START--
INFO: Run Behavior\BuildLiteBehavior [ RunTime:0.000000s ]
INFO: [ app_init ] --END-- [ RunTime:0.002001s ]
INFO: [ app_begin ] --START--
INFO: Run Behavior\ReadHtmlCacheBehavior [ RunTime:0.003000s ]
INFO: [ app_begin ] --END-- [ RunTime:0.003000s ]
SQL: SHOW COLUMNS FROM `bj_loan` [ RunTime:0.0340s ]
SQL: SELECT * FROM `bj_loan`  [ RunTime:0.0020s ]
SQL: SHOW COLUMNS FROM `bj_customer` [ RunTime:0.0190s ]
SQL: SELECT * FROM `bj_customer` ORDER BY create_time asc  [ RunTime:0.0020s ]
SQL: SHOW COLUMNS FROM `bj_product` [ RunTime:0.0220s ]
SQL: SELECT * FROM `bj_product` ORDER BY create_time asc  [ RunTime:0.0020s ]
SQL: SHOW COLUMNS FROM `bj_cycle` [ RunTime:0.0220s ]
SQL: SELECT * FROM `bj_cycle` ORDER BY create_time asc  [ RunTime:0.0000s ]
SQL: SHOW COLUMNS FROM `bj_staff` [ RunTime:0.0140s ]
SQL: SELECT * FROM `bj_staff`  [ RunTime:0.0010s ]
SQL: SHOW COLUMNS FROM `bj_poundage` [ RunTime:0.0190s ]
SQL: SELECT * FROM `bj_poundage` ORDER BY create_time desc  [ RunTime:0.0010s ]
SQL: SELECT * FROM `bj_customer` WHERE `id` = 7 LIMIT 1   [ RunTime:0.0020s ]
SQL: SELECT * FROM `bj_product` WHERE `product_id` = 3 LIMIT 1   [ RunTime:0.0010s ]
SQL: SELECT * FROM `bj_cycle` WHERE `cycle_id` = 4 LIMIT 1   [ RunTime:0.0000s ]
SQL: SELECT * FROM `bj_staff` WHERE `staff_id` = 3 LIMIT 1   [ RunTime:0.0010s ]
SQL: SELECT * FROM `bj_staff` WHERE `staff_id` = 4 LIMIT 1   [ RunTime:0.0010s ]
SQL: SELECT * FROM `bj_customer` WHERE `id` = 8 LIMIT 1   [ RunTime:0.0010s ]
SQL: SELECT * FROM `bj_product` WHERE `product_id` = 2 LIMIT 1   [ RunTime:0.0000s ]
SQL: SELECT * FROM `bj_cycle` WHERE `cycle_id` = 1 LIMIT 1   [ RunTime:0.0000s ]
SQL: SELECT * FROM `bj_staff` WHERE `staff_id` = 3 LIMIT 1   [ RunTime:0.0010s ]
SQL: SELECT * FROM `bj_staff` WHERE `staff_id` = 3 LIMIT 1   [ RunTime:0.0010s ]
SQL: SELECT * FROM `bj_customer` WHERE `id` = 8 LIMIT 1   [ RunTime:0.0010s ]
SQL: SELECT * FROM `bj_product` WHERE `product_id` = 1 LIMIT 1   [ RunTime:0.0010s ]
SQL: SELECT * FROM `bj_cycle` WHERE `cycle_id` = 2 LIMIT 1   [ RunTime:0.0020s ]
SQL: SELECT * FROM `bj_staff` WHERE `staff_id` = 3 LIMIT 1   [ RunTime:0.0010s ]
SQL: SELECT * FROM `bj_staff` WHERE `staff_id` = 3 LIMIT 1   [ RunTime:0.0010s ]
SQL: SELECT * FROM `bj_customer` WHERE `id` = 8 LIMIT 1   [ RunTime:0.0010s ]
SQL: SELECT * FROM `bj_product` WHERE `product_id` = 1 LIMIT 1   [ RunTime:0.0000s ]
SQL: SELECT * FROM `bj_cycle` WHERE `cycle_id` = 2 LIMIT 1   [ RunTime:0.0010s ]
SQL: SELECT * FROM `bj_staff` WHERE `staff_id` = 3 LIMIT 1   [ RunTime:0.0020s ]
SQL: SELECT * FROM `bj_staff` WHERE `staff_id` = 3 LIMIT 1   [ RunTime:0.0010s ]
SQL: SELECT * FROM `bj_customer` WHERE `id` = 8 LIMIT 1   [ RunTime:0.0010s ]
SQL: SELECT * FROM `bj_product` WHERE `product_id` = 2 LIMIT 1   [ RunTime:0.0000s ]
SQL: SELECT * FROM `bj_cycle` WHERE `cycle_id` = 1 LIMIT 1   [ RunTime:0.0000s ]
SQL: SELECT * FROM `bj_staff` WHERE `staff_id` = 3 LIMIT 1   [ RunTime:0.0000s ]
SQL: SELECT * FROM `bj_staff` WHERE `staff_id` = 3 LIMIT 1   [ RunTime:0.0020s ]
SQL: SELECT * FROM `bj_customer` WHERE `id` = 8 LIMIT 1   [ RunTime:0.0020s ]
SQL: SELECT * FROM `bj_product` WHERE `product_id` = 5 LIMIT 1   [ RunTime:0.0010s ]
SQL: SELECT * FROM `bj_cycle` WHERE `cycle_id` = 1 LIMIT 1   [ RunTime:0.0000s ]
SQL: SELECT * FROM `bj_staff` WHERE `staff_id` = 3 LIMIT 1   [ RunTime:0.0000s ]
SQL: SELECT * FROM `bj_staff` WHERE `staff_id` = 4 LIMIT 1   [ RunTime:0.0000s ]
SQL: SELECT * FROM `bj_customer` WHERE `id` = 8 LIMIT 1   [ RunTime:0.0010s ]
SQL: SELECT * FROM `bj_product` WHERE `product_id` = 5 LIMIT 1   [ RunTime:0.0010s ]
SQL: SELECT * FROM `bj_cycle` WHERE `cycle_id` = 1 LIMIT 1   [ RunTime:0.0010s ]
SQL: SELECT * FROM `bj_staff` WHERE `staff_id` = 3 LIMIT 1   [ RunTime:0.0010s ]
SQL: SELECT * FROM `bj_staff` WHERE `staff_id` = 4 LIMIT 1   [ RunTime:0.0010s ]
SQL: SELECT * FROM `bj_customer` WHERE `id` = 8 LIMIT 1   [ RunTime:0.0010s ]
SQL: SELECT * FROM `bj_product` WHERE `product_id` = 5 LIMIT 1   [ RunTime:0.0010s ]
SQL: SELECT * FROM `bj_cycle` WHERE `cycle_id` = 1 LIMIT 1   [ RunTime:0.0010s ]
SQL: SELECT * FROM `bj_staff` WHERE `staff_id` = 3 LIMIT 1   [ RunTime:0.0030s ]
SQL: SELECT * FROM `bj_staff` WHERE `staff_id` = 4 LIMIT 1   [ RunTime:0.0010s ]
INFO: [ view_parse ] --START--
INFO: [ template_filter ] --START--
INFO: Run Behavior\ContentReplaceBehavior [ RunTime:0.001000s ]
INFO: [ template_filter ] --END-- [ RunTime:0.001000s ]
INFO: Run Behavior\ParseTemplateBehavior [ RunTime:0.117007s ]
INFO: [ view_parse ] --END-- [ RunTime:0.118007s ]
INFO: [ view_filter ] --START--
INFO: Run Behavior\WriteHtmlCacheBehavior [ RunTime:0.003000s ]
INFO: [ view_filter ] --END-- [ RunTime:0.003000s ]
INFO: [ app_end ] --START--
INFO: Run Behavior\ShowPageTraceBehavior [ RunTime:0.006001s ]
INFO: [ app_end ] --END-- [ RunTime:0.006001s ]

[ 2017-08-13T23:32:20+08:00 ] 127.0.0.1 /index.php?m=home&c=loan&a=editLoan
INFO: [ app_init ] --START--
INFO: Run Behavior\BuildLiteBehavior [ RunTime:0.000000s ]
INFO: [ app_init ] --END-- [ RunTime:0.001000s ]
INFO: [ app_begin ] --START--
INFO: Run Behavior\ReadHtmlCacheBehavior [ RunTime:0.001000s ]
INFO: [ app_begin ] --END-- [ RunTime:0.002000s ]
SQL: SHOW COLUMNS FROM `bj_loan` [ RunTime:0.0090s ]
SQL: SELECT * FROM `bj_loan` WHERE `loan_id` = 11 LIMIT 1   [ RunTime:0.0010s ]
SQL: SHOW COLUMNS FROM `bj_customer` [ RunTime:0.0110s ]
SQL: SELECT * FROM `bj_customer` LIMIT 1   [ RunTime:0.0010s ]
SQL: SHOW COLUMNS FROM `bj_product` [ RunTime:0.0100s ]
SQL: SELECT * FROM `bj_product` WHERE `product_id` = 5 LIMIT 1   [ RunTime:0.0010s ]
SQL: SHOW COLUMNS FROM `bj_cycle` [ RunTime:0.0120s ]
SQL: SELECT * FROM `bj_cycle` LIMIT 1   [ RunTime:0.0010s ]
SQL: SHOW COLUMNS FROM `bj_poundage_detail` [ RunTime:0.0110s ]
SQL: SELECT * FROM `bj_poundage_detail` WHERE `loan_id` = 11  [ RunTime:0.0010s ]
SQL: SHOW COLUMNS FROM `bj_poundage` [ RunTime:0.0110s ]
SQL: SELECT * FROM `bj_poundage` WHERE `poundage_id` = 2 LIMIT 1   [ RunTime:0.0010s ]
SQL: SELECT * FROM `bj_poundage` WHERE `poundage_id` = 4 LIMIT 1   [ RunTime:0.0010s ]
SQL: SELECT * FROM `bj_poundage` WHERE `poundage_id` = 5 LIMIT 1   [ RunTime:0.0010s ]

[ 2017-08-13T23:33:16+08:00 ] 127.0.0.1 /index.php?m=home&c=loan&a=checkEdit
INFO: [ app_init ] --START--
INFO: Run Behavior\BuildLiteBehavior [ RunTime:0.000000s ]
INFO: [ app_init ] --END-- [ RunTime:0.000000s ]
INFO: [ app_begin ] --START--
INFO: Run Behavior\ReadHtmlCacheBehavior [ RunTime:0.003001s ]
INFO: [ app_begin ] --END-- [ RunTime:0.003001s ]
SQL: SHOW COLUMNS FROM `bj_poundage` [ RunTime:0.0110s ]
SQL: SELECT * FROM `bj_poundage` ORDER BY create_time desc  [ RunTime:0.0010s ]
SQL: SHOW COLUMNS FROM `bj_loan` [ RunTime:0.0100s ]
SQL: SELECT * FROM `bj_loan` WHERE `loan_id` = 11 LIMIT 1   [ RunTime:0.0000s ]
SQL: UPDATE `bj_loan` SET `customer_id`='8',`product_id`='5',`principal`='2000',`interest`='200',`cyclical`='10',`cyc_principal`='20',`cyc_interest`='20',`poundage`='410',`bond`='200',`rebate`='200',`arrival`='2500',`expenditure`='2500',`staff_id`='3',`foreign_id`='4',`create_time`='1502626620',`update_time`='1502638396' WHERE ( loan_id = 11 ) [ RunTime:0.0870s ]
SQL: SHOW COLUMNS FROM `bj_poundage_detail` [ RunTime:0.0210s ]
SQL: DELETE FROM `bj_poundage_detail` WHERE ( loan_id = 1 ) [ RunTime:0.0870s ]
SQL: INSERT INTO `bj_poundage_detail` (`loan_id`,`poundage_id`,`money`,`create_time`) VALUES ('1','2','200','1502638396') [ RunTime:0.1210s ]
SQL: INSERT INTO `bj_poundage_detail` (`loan_id`,`poundage_id`,`money`,`create_time`) VALUES ('1','4','150','1502638396') [ RunTime:0.0780s ]
SQL: INSERT INTO `bj_poundage_detail` (`loan_id`,`poundage_id`,`money`,`create_time`) VALUES ('1','5','60','1502638396') [ RunTime:0.0280s ]

[ 2017-08-13T23:35:06+08:00 ] 127.0.0.1 /index.php?m=home&c=loan&a=checkEdit
INFO: [ app_init ] --START--
INFO: Run Behavior\BuildLiteBehavior [ RunTime:0.000000s ]
INFO: [ app_init ] --END-- [ RunTime:0.001000s ]
INFO: [ app_begin ] --START--
INFO: Run Behavior\ReadHtmlCacheBehavior [ RunTime:0.002000s ]
INFO: [ app_begin ] --END-- [ RunTime:0.002000s ]
SQL: SHOW COLUMNS FROM `bj_poundage` [ RunTime:0.0090s ]
SQL: SELECT * FROM `bj_poundage` ORDER BY create_time desc  [ RunTime:0.0010s ]
SQL: SHOW COLUMNS FROM `bj_loan` [ RunTime:0.0090s ]
SQL: SELECT * FROM `bj_loan` WHERE `loan_id` = 11 LIMIT 1   [ RunTime:0.0000s ]
SQL: UPDATE `bj_loan` SET `customer_id`='8',`product_id`='5',`principal`='2000',`interest`='200',`cyclical`='10',`cyc_principal`='20',`cyc_interest`='20',`poundage`='10',`bond`='200',`rebate`='200',`arrival`='2500',`expenditure`='2500',`staff_id`='3',`foreign_id`='4',`create_time`='1502626620',`update_time`='1502638505' WHERE ( loan_id = 11 ) [ RunTime:0.0380s ]
SQL: SHOW COLUMNS FROM `bj_poundage_detail` [ RunTime:0.0080s ]
SQL: DELETE FROM `bj_poundage_detail` WHERE ( loan_id = 11 ) [ RunTime:0.0360s ]
SQL: INSERT INTO `bj_poundage_detail` (`loan_id`,`poundage_id`,`money`,`create_time`) VALUES ('11','2','1','1502638506') [ RunTime:0.0990s ]
SQL: INSERT INTO `bj_poundage_detail` (`loan_id`,`poundage_id`,`money`,`create_time`) VALUES ('11','3','2','1502638506') [ RunTime:0.0660s ]
SQL: INSERT INTO `bj_poundage_detail` (`loan_id`,`poundage_id`,`money`,`create_time`) VALUES ('11','4','3','1502638506') [ RunTime:0.0300s ]
SQL: INSERT INTO `bj_poundage_detail` (`loan_id`,`poundage_id`,`money`,`create_time`) VALUES ('11','5','4','1502638506') [ RunTime:0.0370s ]

[ 2017-08-13T23:35:08+08:00 ] 127.0.0.1 /index.php?m=home&c=loan&a=index
INFO: [ app_init ] --START--
INFO: Run Behavior\BuildLiteBehavior [ RunTime:0.000000s ]
INFO: [ app_init ] --END-- [ RunTime:0.002000s ]
INFO: [ app_begin ] --START--
INFO: Run Behavior\ReadHtmlCacheBehavior [ RunTime:0.004000s ]
INFO: [ app_begin ] --END-- [ RunTime:0.004000s ]
SQL: SHOW COLUMNS FROM `bj_loan` [ RunTime:0.0130s ]
SQL: SELECT * FROM `bj_loan`  [ RunTime:0.0020s ]
SQL: SHOW COLUMNS FROM `bj_customer` [ RunTime:0.0140s ]
SQL: SELECT * FROM `bj_customer` ORDER BY create_time asc  [ RunTime:0.0010s ]
SQL: SHOW COLUMNS FROM `bj_product` [ RunTime:0.0270s ]
SQL: SELECT * FROM `bj_product` ORDER BY create_time asc  [ RunTime:0.0100s ]
SQL: SHOW COLUMNS FROM `bj_cycle` [ RunTime:0.0160s ]
SQL: SELECT * FROM `bj_cycle` ORDER BY create_time asc  [ RunTime:0.0020s ]
SQL: SHOW COLUMNS FROM `bj_staff` [ RunTime:0.0200s ]
SQL: SELECT * FROM `bj_staff`  [ RunTime:0.0010s ]
SQL: SHOW COLUMNS FROM `bj_poundage` [ RunTime:0.0180s ]
SQL: SELECT * FROM `bj_poundage` ORDER BY create_time desc  [ RunTime:0.0010s ]
SQL: SELECT * FROM `bj_customer` WHERE `id` = 7 LIMIT 1   [ RunTime:0.0010s ]
SQL: SELECT * FROM `bj_product` WHERE `product_id` = 3 LIMIT 1   [ RunTime:0.0020s ]
SQL: SELECT * FROM `bj_cycle` WHERE `cycle_id` = 4 LIMIT 1   [ RunTime:0.0010s ]
SQL: SELECT * FROM `bj_staff` WHERE `staff_id` = 3 LIMIT 1   [ RunTime:0.0030s ]
SQL: SELECT * FROM `bj_staff` WHERE `staff_id` = 4 LIMIT 1   [ RunTime:0.0010s ]
SQL: SELECT * FROM `bj_customer` WHERE `id` = 8 LIMIT 1   [ RunTime:0.0010s ]
SQL: SELECT * FROM `bj_product` WHERE `product_id` = 2 LIMIT 1   [ RunTime:0.0030s ]
SQL: SELECT * FROM `bj_cycle` WHERE `cycle_id` = 1 LIMIT 1   [ RunTime:0.0010s ]
SQL: SELECT * FROM `bj_staff` WHERE `staff_id` = 3 LIMIT 1   [ RunTime:0.0010s ]
SQL: SELECT * FROM `bj_staff` WHERE `staff_id` = 3 LIMIT 1   [ RunTime:0.0020s ]
SQL: SELECT * FROM `bj_customer` WHERE `id` = 8 LIMIT 1   [ RunTime:0.0010s ]
SQL: SELECT * FROM `bj_product` WHERE `product_id` = 1 LIMIT 1   [ RunTime:0.0020s ]
SQL: SELECT * FROM `bj_cycle` WHERE `cycle_id` = 2 LIMIT 1   [ RunTime:0.0010s ]
SQL: SELECT * FROM `bj_staff` WHERE `staff_id` = 3 LIMIT 1   [ RunTime:0.0010s ]
SQL: SELECT * FROM `bj_staff` WHERE `staff_id` = 3 LIMIT 1   [ RunTime:0.0010s ]
SQL: SELECT * FROM `bj_customer` WHERE `id` = 8 LIMIT 1   [ RunTime:0.0010s ]
SQL: SELECT * FROM `bj_product` WHERE `product_id` = 1 LIMIT 1   [ RunTime:0.0010s ]
SQL: SELECT * FROM `bj_cycle` WHERE `cycle_id` = 2 LIMIT 1   [ RunTime:0.0030s ]
SQL: SELECT * FROM `bj_staff` WHERE `staff_id` = 3 LIMIT 1   [ RunTime:0.0010s ]
SQL: SELECT * FROM `bj_staff` WHERE `staff_id` = 3 LIMIT 1   [ RunTime:0.0010s ]
SQL: SELECT * FROM `bj_customer` WHERE `id` = 8 LIMIT 1   [ RunTime:0.0010s ]
SQL: SELECT * FROM `bj_product` WHERE `product_id` = 2 LIMIT 1   [ RunTime:0.0010s ]
SQL: SELECT * FROM `bj_cycle` WHERE `cycle_id` = 1 LIMIT 1   [ RunTime:0.0010s ]
SQL: SELECT * FROM `bj_staff` WHERE `staff_id` = 3 LIMIT 1   [ RunTime:0.0010s ]
SQL: SELECT * FROM `bj_staff` WHERE `staff_id` = 3 LIMIT 1   [ RunTime:0.0010s ]
SQL: SELECT * FROM `bj_customer` WHERE `id` = 8 LIMIT 1   [ RunTime:0.0010s ]
SQL: SELECT * FROM `bj_product` WHERE `product_id` = 5 LIMIT 1   [ RunTime:0.0010s ]
SQL: SELECT * FROM `bj_cycle` WHERE `cycle_id` = 1 LIMIT 1   [ RunTime:0.0000s ]
SQL: SELECT * FROM `bj_staff` WHERE `staff_id` = 3 LIMIT 1   [ RunTime:0.0010s ]
SQL: SELECT * FROM `bj_staff` WHERE `staff_id` = 4 LIMIT 1   [ RunTime:0.0010s ]
SQL: SELECT * FROM `bj_customer` WHERE `id` = 8 LIMIT 1   [ RunTime:0.0010s ]
SQL: SELECT * FROM `bj_product` WHERE `product_id` = 5 LIMIT 1   [ RunTime:0.0040s ]
SQL: SELECT * FROM `bj_cycle` WHERE `cycle_id` = 1 LIMIT 1   [ RunTime:0.0010s ]
SQL: SELECT * FROM `bj_staff` WHERE `staff_id` = 3 LIMIT 1   [ RunTime:0.0010s ]
SQL: SELECT * FROM `bj_staff` WHERE `staff_id` = 4 LIMIT 1   [ RunTime:0.0010s ]
SQL: SELECT * FROM `bj_customer` WHERE `id` = 8 LIMIT 1   [ RunTime:0.0020s ]
SQL: SELECT * FROM `bj_product` WHERE `product_id` = 5 LIMIT 1   [ RunTime:0.0010s ]
SQL: SELECT * FROM `bj_cycle` WHERE `cycle_id` = 1 LIMIT 1   [ RunTime:0.0000s ]
SQL: SELECT * FROM `bj_staff` WHERE `staff_id` = 3 LIMIT 1   [ RunTime:0.0010s ]
SQL: SELECT * FROM `bj_staff` WHERE `staff_id` = 4 LIMIT 1   [ RunTime:0.0010s ]
INFO: [ view_parse ] --START--
INFO: [ template_filter ] --START--
INFO: Run Behavior\ContentReplaceBehavior [ RunTime:0.001000s ]
INFO: [ template_filter ] --END-- [ RunTime:0.002000s ]
INFO: Run Behavior\ParseTemplateBehavior [ RunTime:0.160009s ]
INFO: [ view_parse ] --END-- [ RunTime:0.160009s ]
INFO: [ view_filter ] --START--
INFO: Run Behavior\WriteHtmlCacheBehavior [ RunTime:0.002000s ]
INFO: [ view_filter ] --END-- [ RunTime:0.002000s ]
INFO: [ app_end ] --START--
INFO: Run Behavior\ShowPageTraceBehavior [ RunTime:0.004000s ]
INFO: [ app_end ] --END-- [ RunTime:0.005000s ]

[ 2017-08-13T23:35:28+08:00 ] 127.0.0.1 /index.php?m=home&c=loan&a=editLoan
INFO: [ app_init ] --START--
INFO: Run Behavior\BuildLiteBehavior [ RunTime:0.001000s ]
INFO: [ app_init ] --END-- [ RunTime:0.003000s ]
INFO: [ app_begin ] --START--
INFO: Run Behavior\ReadHtmlCacheBehavior [ RunTime:0.007000s ]
INFO: [ app_begin ] --END-- [ RunTime:0.007000s ]
SQL: SHOW COLUMNS FROM `bj_loan` [ RunTime:0.0480s ]
SQL: SELECT * FROM `bj_loan` WHERE `loan_id` = 11 LIMIT 1   [ RunTime:0.0030s ]
SQL: SHOW COLUMNS FROM `bj_customer` [ RunTime:0.0560s ]
SQL: SELECT * FROM `bj_customer` LIMIT 1   [ RunTime:0.0010s ]
SQL: SHOW COLUMNS FROM `bj_product` [ RunTime:0.0510s ]
SQL: SELECT * FROM `bj_product` WHERE `product_id` = 5 LIMIT 1   [ RunTime:0.0030s ]
SQL: SHOW COLUMNS FROM `bj_cycle` [ RunTime:0.0340s ]
SQL: SELECT * FROM `bj_cycle` LIMIT 1   [ RunTime:0.0000s ]
SQL: SHOW COLUMNS FROM `bj_poundage_detail` [ RunTime:0.0450s ]
SQL: SELECT * FROM `bj_poundage_detail` WHERE `loan_id` = 11  [ RunTime:0.0010s ]
SQL: SHOW COLUMNS FROM `bj_poundage` [ RunTime:0.0420s ]
SQL: SELECT * FROM `bj_poundage` WHERE `poundage_id` = 2 LIMIT 1   [ RunTime:0.0010s ]
SQL: SELECT * FROM `bj_poundage` WHERE `poundage_id` = 3 LIMIT 1   [ RunTime:0.0020s ]
SQL: SELECT * FROM `bj_poundage` WHERE `poundage_id` = 4 LIMIT 1   [ RunTime:0.0020s ]
SQL: SELECT * FROM `bj_poundage` WHERE `poundage_id` = 5 LIMIT 1   [ RunTime:0.0010s ]

[ 2017-08-13T23:37:57+08:00 ] 127.0.0.1 /index.php?m=home&c=loan&a=editLoan
INFO: [ app_init ] --START--
INFO: Run Behavior\BuildLiteBehavior [ RunTime:0.000000s ]
INFO: [ app_init ] --END-- [ RunTime:0.002000s ]
INFO: [ app_begin ] --START--
INFO: Run Behavior\ReadHtmlCacheBehavior [ RunTime:0.006000s ]
INFO: [ app_begin ] --END-- [ RunTime:0.006000s ]
SQL: SHOW COLUMNS FROM `bj_loan` [ RunTime:0.0220s ]
SQL: SELECT * FROM `bj_loan` WHERE `loan_id` = 3 LIMIT 1   [ RunTime:0.0010s ]
SQL: SHOW COLUMNS FROM `bj_customer` [ RunTime:0.0220s ]
SQL: SELECT * FROM `bj_customer` LIMIT 1   [ RunTime:0.0280s ]
SQL: SHOW COLUMNS FROM `bj_product` [ RunTime:0.0220s ]
SQL: SELECT * FROM `bj_product` WHERE `product_id` = 2 LIMIT 1   [ RunTime:0.0020s ]
SQL: SHOW COLUMNS FROM `bj_cycle` [ RunTime:0.0240s ]
SQL: SELECT * FROM `bj_cycle` LIMIT 1   [ RunTime:0.0010s ]
SQL: SHOW COLUMNS FROM `bj_poundage_detail` [ RunTime:0.0350s ]
SQL: SELECT * FROM `bj_poundage_detail` WHERE `loan_id` = 3  [ RunTime:0.0010s ]

[ 2017-08-13T23:43:39+08:00 ] 127.0.0.1 /index.php?m=home&c=loan&a=index
INFO: [ app_init ] --START--
INFO: Run Behavior\BuildLiteBehavior [ RunTime:0.000000s ]
INFO: [ app_init ] --END-- [ RunTime:0.002000s ]
INFO: [ app_begin ] --START--
INFO: Run Behavior\ReadHtmlCacheBehavior [ RunTime:0.005001s ]
INFO: [ app_begin ] --END-- [ RunTime:0.006001s ]
SQL: SHOW COLUMNS FROM `bj_loan` [ RunTime:0.0210s ]
SQL: SELECT * FROM `bj_loan`  [ RunTime:0.0010s ]
SQL: SHOW COLUMNS FROM `bj_customer` [ RunTime:0.0220s ]
SQL: SELECT * FROM `bj_customer` ORDER BY create_time asc  [ RunTime:0.0020s ]
SQL: SHOW COLUMNS FROM `bj_product` [ RunTime:0.0160s ]
SQL: SELECT * FROM `bj_product` ORDER BY create_time asc  [ RunTime:0.0010s ]
SQL: SHOW COLUMNS FROM `bj_cycle` [ RunTime:0.0270s ]
SQL: SELECT * FROM `bj_cycle` ORDER BY create_time asc  [ RunTime:0.0010s ]
SQL: SHOW COLUMNS FROM `bj_staff` [ RunTime:0.0150s ]
SQL: SELECT * FROM `bj_staff`  [ RunTime:0.0010s ]
SQL: SHOW COLUMNS FROM `bj_poundage` [ RunTime:0.0210s ]
SQL: SELECT * FROM `bj_poundage` ORDER BY create_time desc  [ RunTime:0.0010s ]
SQL: SELECT * FROM `bj_customer` WHERE `id` = 7 LIMIT 1   [ RunTime:0.0010s ]
SQL: SELECT * FROM `bj_product` WHERE `product_id` = 3 LIMIT 1   [ RunTime:0.0010s ]
SQL: SELECT * FROM `bj_cycle` WHERE `cycle_id` = 4 LIMIT 1   [ RunTime:0.0010s ]
SQL: SELECT * FROM `bj_staff` WHERE `staff_id` = 3 LIMIT 1   [ RunTime:0.0010s ]
SQL: SELECT * FROM `bj_staff` WHERE `staff_id` = 4 LIMIT 1   [ RunTime:0.0010s ]
SQL: SELECT * FROM `bj_customer` WHERE `id` = 8 LIMIT 1   [ RunTime:0.0010s ]
SQL: SELECT * FROM `bj_product` WHERE `product_id` = 2 LIMIT 1   [ RunTime:0.0010s ]
SQL: SELECT * FROM `bj_cycle` WHERE `cycle_id` = 1 LIMIT 1   [ RunTime:0.0010s ]
SQL: SELECT * FROM `bj_staff` WHERE `staff_id` = 3 LIMIT 1   [ RunTime:0.0010s ]
SQL: SELECT * FROM `bj_staff` WHERE `staff_id` = 3 LIMIT 1   [ RunTime:0.0010s ]
SQL: SELECT * FROM `bj_customer` WHERE `id` = 8 LIMIT 1   [ RunTime:0.0000s ]
SQL: SELECT * FROM `bj_product` WHERE `product_id` = 1 LIMIT 1   [ RunTime:0.0010s ]
SQL: SELECT * FROM `bj_cycle` WHERE `cycle_id` = 2 LIMIT 1   [ RunTime:0.0010s ]
SQL: SELECT * FROM `bj_staff` WHERE `staff_id` = 3 LIMIT 1   [ RunTime:0.0010s ]
SQL: SELECT * FROM `bj_staff` WHERE `staff_id` = 3 LIMIT 1   [ RunTime:0.0010s ]
SQL: SELECT * FROM `bj_customer` WHERE `id` = 8 LIMIT 1   [ RunTime:0.0010s ]
SQL: SELECT * FROM `bj_product` WHERE `product_id` = 1 LIMIT 1   [ RunTime:0.0010s ]
SQL: SELECT * FROM `bj_cycle` WHERE `cycle_id` = 2 LIMIT 1   [ RunTime:0.0010s ]
SQL: SELECT * FROM `bj_staff` WHERE `staff_id` = 3 LIMIT 1   [ RunTime:0.0010s ]
SQL: SELECT * FROM `bj_staff` WHERE `staff_id` = 3 LIMIT 1   [ RunTime:0.0000s ]
SQL: SELECT * FROM `bj_customer` WHERE `id` = 8 LIMIT 1   [ RunTime:0.0010s ]
SQL: SELECT * FROM `bj_product` WHERE `product_id` = 2 LIMIT 1   [ RunTime:0.0010s ]
SQL: SELECT * FROM `bj_cycle` WHERE `cycle_id` = 1 LIMIT 1   [ RunTime:0.0010s ]
SQL: SELECT * FROM `bj_staff` WHERE `staff_id` = 3 LIMIT 1   [ RunTime:0.0010s ]
SQL: SELECT * FROM `bj_staff` WHERE `staff_id` = 3 LIMIT 1   [ RunTime:0.0010s ]
SQL: SELECT * FROM `bj_customer` WHERE `id` = 8 LIMIT 1   [ RunTime:0.0010s ]
SQL: SELECT * FROM `bj_product` WHERE `product_id` = 5 LIMIT 1   [ RunTime:0.0010s ]
SQL: SELECT * FROM `bj_cycle` WHERE `cycle_id` = 1 LIMIT 1   [ RunTime:0.0010s ]
SQL: SELECT * FROM `bj_staff` WHERE `staff_id` = 3 LIMIT 1   [ RunTime:0.0000s ]
SQL: SELECT * FROM `bj_staff` WHERE `staff_id` = 4 LIMIT 1   [ RunTime:0.0010s ]
SQL: SELECT * FROM `bj_customer` WHERE `id` = 8 LIMIT 1   [ RunTime:0.0010s ]
SQL: SELECT * FROM `bj_product` WHERE `product_id` = 5 LIMIT 1   [ RunTime:0.0010s ]
SQL: SELECT * FROM `bj_cycle` WHERE `cycle_id` = 1 LIMIT 1   [ RunTime:0.0000s ]
SQL: SELECT * FROM `bj_staff` WHERE `staff_id` = 3 LIMIT 1   [ RunTime:0.0020s ]
SQL: SELECT * FROM `bj_staff` WHERE `staff_id` = 4 LIMIT 1   [ RunTime:0.0010s ]
SQL: SELECT * FROM `bj_customer` WHERE `id` = 8 LIMIT 1   [ RunTime:0.0020s ]
SQL: SELECT * FROM `bj_product` WHERE `product_id` = 5 LIMIT 1   [ RunTime:0.0010s ]
SQL: SELECT * FROM `bj_cycle` WHERE `cycle_id` = 1 LIMIT 1   [ RunTime:0.0020s ]
SQL: SELECT * FROM `bj_staff` WHERE `staff_id` = 3 LIMIT 1   [ RunTime:0.0020s ]
SQL: SELECT * FROM `bj_staff` WHERE `staff_id` = 4 LIMIT 1   [ RunTime:0.0490s ]
INFO: [ view_parse ] --START--
INFO: [ template_filter ] --START--
INFO: Run Behavior\ContentReplaceBehavior [ RunTime:0.002000s ]
INFO: [ template_filter ] --END-- [ RunTime:0.002000s ]
INFO: Run Behavior\ParseTemplateBehavior [ RunTime:0.142008s ]
INFO: [ view_parse ] --END-- [ RunTime:0.144008s ]
INFO: [ view_filter ] --START--
INFO: Run Behavior\WriteHtmlCacheBehavior [ RunTime:0.004000s ]
INFO: [ view_filter ] --END-- [ RunTime:0.004000s ]
INFO: [ app_end ] --START--
INFO: Run Behavior\ShowPageTraceBehavior [ RunTime:0.008001s ]
INFO: [ app_end ] --END-- [ RunTime:0.008001s ]

[ 2017-08-13T23:44:13+08:00 ] 127.0.0.1 /index.php?m=home&c=loan&a=editLoan
INFO: [ app_init ] --START--
INFO: Run Behavior\BuildLiteBehavior [ RunTime:0.000000s ]
INFO: [ app_init ] --END-- [ RunTime:0.002000s ]
INFO: [ app_begin ] --START--
INFO: Run Behavior\ReadHtmlCacheBehavior [ RunTime:0.006000s ]
INFO: [ app_begin ] --END-- [ RunTime:0.007000s ]
SQL: SHOW COLUMNS FROM `bj_loan` [ RunTime:0.0240s ]
SQL: SELECT * FROM `bj_loan` WHERE `loan_id` = 11 LIMIT 1   [ RunTime:0.0030s ]
SQL: SHOW COLUMNS FROM `bj_customer` [ RunTime:0.0330s ]
SQL: SELECT * FROM `bj_customer` LIMIT 1   [ RunTime:0.0030s ]
SQL: SHOW COLUMNS FROM `bj_product` [ RunTime:0.0560s ]
SQL: SELECT * FROM `bj_product` WHERE `product_id` = 5 LIMIT 1   [ RunTime:0.0020s ]
SQL: SHOW COLUMNS FROM `bj_cycle` [ RunTime:0.0190s ]
SQL: SELECT * FROM `bj_cycle` LIMIT 1   [ RunTime:0.0010s ]
SQL: SHOW COLUMNS FROM `bj_poundage_detail` [ RunTime:0.0190s ]
SQL: SELECT * FROM `bj_poundage_detail` WHERE `loan_id` = 11  [ RunTime:0.0050s ]
SQL: SHOW COLUMNS FROM `bj_poundage` [ RunTime:0.0240s ]
SQL: SELECT * FROM `bj_poundage` WHERE `poundage_id` = 2 LIMIT 1   [ RunTime:0.0030s ]
SQL: SELECT * FROM `bj_poundage` WHERE `poundage_id` = 3 LIMIT 1   [ RunTime:0.0010s ]
SQL: SELECT * FROM `bj_poundage` WHERE `poundage_id` = 4 LIMIT 1   [ RunTime:0.0010s ]
SQL: SELECT * FROM `bj_poundage` WHERE `poundage_id` = 5 LIMIT 1   [ RunTime:0.0000s ]

[ 2017-08-13T23:44:20+08:00 ] 127.0.0.1 /index.php?m=home&c=loan&a=editLoan
INFO: [ app_init ] --START--
INFO: Run Behavior\BuildLiteBehavior [ RunTime:0.000000s ]
INFO: [ app_init ] --END-- [ RunTime:0.004000s ]
INFO: [ app_begin ] --START--
INFO: Run Behavior\ReadHtmlCacheBehavior [ RunTime:0.005000s ]
INFO: [ app_begin ] --END-- [ RunTime:0.005000s ]
SQL: SHOW COLUMNS FROM `bj_loan` [ RunTime:0.0280s ]
SQL: SELECT * FROM `bj_loan` WHERE `loan_id` = 4 LIMIT 1   [ RunTime:0.0040s ]
SQL: SHOW COLUMNS FROM `bj_customer` [ RunTime:0.0460s ]
SQL: SELECT * FROM `bj_customer` LIMIT 1   [ RunTime:0.0020s ]
SQL: SHOW COLUMNS FROM `bj_product` [ RunTime:0.0300s ]
SQL: SELECT * FROM `bj_product` WHERE `product_id` = 1 LIMIT 1   [ RunTime:0.0010s ]
SQL: SHOW COLUMNS FROM `bj_cycle` [ RunTime:0.0210s ]
SQL: SELECT * FROM `bj_cycle` LIMIT 1   [ RunTime:0.0040s ]
SQL: SHOW COLUMNS FROM `bj_poundage_detail` [ RunTime:0.0240s ]
SQL: SELECT * FROM `bj_poundage_detail` WHERE `loan_id` = 4  [ RunTime:0.0000s ]

[ 2017-08-13T23:45:09+08:00 ] 127.0.0.1 /index.php?m=home&c=loan&a=index
INFO: [ app_init ] --START--
INFO: Run Behavior\BuildLiteBehavior [ RunTime:0.000000s ]
INFO: [ app_init ] --END-- [ RunTime:0.002000s ]
INFO: [ app_begin ] --START--
INFO: Run Behavior\ReadHtmlCacheBehavior [ RunTime:0.004000s ]
INFO: [ app_begin ] --END-- [ RunTime:0.006000s ]
SQL: SHOW COLUMNS FROM `bj_loan` [ RunTime:0.0610s ]
SQL: SELECT * FROM `bj_loan`  [ RunTime:0.0030s ]
SQL: SHOW COLUMNS FROM `bj_customer` [ RunTime:0.0410s ]
SQL: SELECT * FROM `bj_customer` ORDER BY create_time asc  [ RunTime:0.0040s ]
SQL: SHOW COLUMNS FROM `bj_product` [ RunTime:0.0570s ]
SQL: SELECT * FROM `bj_product` ORDER BY create_time asc  [ RunTime:0.0010s ]
SQL: SHOW COLUMNS FROM `bj_cycle` [ RunTime:0.0550s ]
SQL: SELECT * FROM `bj_cycle` ORDER BY create_time asc  [ RunTime:0.0020s ]
SQL: SHOW COLUMNS FROM `bj_staff` [ RunTime:0.0400s ]
SQL: SELECT * FROM `bj_staff`  [ RunTime:0.0020s ]
SQL: SHOW COLUMNS FROM `bj_poundage` [ RunTime:0.0480s ]
SQL: SELECT * FROM `bj_poundage` ORDER BY create_time desc  [ RunTime:0.0010s ]
SQL: SELECT * FROM `bj_customer` WHERE `id` = 7 LIMIT 1   [ RunTime:0.0010s ]
SQL: SELECT * FROM `bj_product` WHERE `product_id` = 3 LIMIT 1   [ RunTime:0.0010s ]
SQL: SELECT * FROM `bj_cycle` WHERE `cycle_id` = 4 LIMIT 1   [ RunTime:0.0010s ]
SQL: SELECT * FROM `bj_staff` WHERE `staff_id` = 3 LIMIT 1   [ RunTime:0.0010s ]
SQL: SELECT * FROM `bj_staff` WHERE `staff_id` = 4 LIMIT 1   [ RunTime:0.0010s ]
SQL: SELECT * FROM `bj_customer` WHERE `id` = 8 LIMIT 1   [ RunTime:0.0010s ]
SQL: SELECT * FROM `bj_product` WHERE `product_id` = 2 LIMIT 1   [ RunTime:0.0010s ]
SQL: SELECT * FROM `bj_cycle` WHERE `cycle_id` = 1 LIMIT 1   [ RunTime:0.0010s ]
SQL: SELECT * FROM `bj_staff` WHERE `staff_id` = 3 LIMIT 1   [ RunTime:0.0010s ]
SQL: SELECT * FROM `bj_staff` WHERE `staff_id` = 3 LIMIT 1   [ RunTime:0.0010s ]
SQL: SELECT * FROM `bj_customer` WHERE `id` = 8 LIMIT 1   [ RunTime:0.0010s ]
SQL: SELECT * FROM `bj_product` WHERE `product_id` = 1 LIMIT 1   [ RunTime:0.0000s ]
SQL: SELECT * FROM `bj_cycle` WHERE `cycle_id` = 2 LIMIT 1   [ RunTime:0.0000s ]
SQL: SELECT * FROM `bj_staff` WHERE `staff_id` = 3 LIMIT 1   [ RunTime:0.0000s ]
SQL: SELECT * FROM `bj_staff` WHERE `staff_id` = 3 LIMIT 1   [ RunTime:0.0000s ]
SQL: SELECT * FROM `bj_customer` WHERE `id` = 8 LIMIT 1   [ RunTime:0.0000s ]
SQL: SELECT * FROM `bj_product` WHERE `product_id` = 1 LIMIT 1   [ RunTime:0.0000s ]
SQL: SELECT * FROM `bj_cycle` WHERE `cycle_id` = 2 LIMIT 1   [ RunTime:0.0000s ]
SQL: SELECT * FROM `bj_staff` WHERE `staff_id` = 3 LIMIT 1   [ RunTime:0.0010s ]
SQL: SELECT * FROM `bj_staff` WHERE `staff_id` = 3 LIMIT 1   [ RunTime:0.0010s ]
SQL: SELECT * FROM `bj_customer` WHERE `id` = 8 LIMIT 1   [ RunTime:0.0020s ]
SQL: SELECT * FROM `bj_product` WHERE `product_id` = 2 LIMIT 1   [ RunTime:0.0010s ]
SQL: SELECT * FROM `bj_cycle` WHERE `cycle_id` = 1 LIMIT 1   [ RunTime:0.0010s ]
SQL: SELECT * FROM `bj_staff` WHERE `staff_id` = 3 LIMIT 1   [ RunTime:0.0010s ]
SQL: SELECT * FROM `bj_staff` WHERE `staff_id` = 3 LIMIT 1   [ RunTime:0.0010s ]
SQL: SELECT * FROM `bj_customer` WHERE `id` = 8 LIMIT 1   [ RunTime:0.0010s ]
SQL: SELECT * FROM `bj_product` WHERE `product_id` = 5 LIMIT 1   [ RunTime:0.0010s ]
SQL: SELECT * FROM `bj_cycle` WHERE `cycle_id` = 1 LIMIT 1   [ RunTime:0.0000s ]
SQL: SELECT * FROM `bj_staff` WHERE `staff_id` = 3 LIMIT 1   [ RunTime:0.0010s ]
SQL: SELECT * FROM `bj_staff` WHERE `staff_id` = 4 LIMIT 1   [ RunTime:0.0020s ]
SQL: SELECT * FROM `bj_customer` WHERE `id` = 8 LIMIT 1   [ RunTime:0.0010s ]
SQL: SELECT * FROM `bj_product` WHERE `product_id` = 5 LIMIT 1   [ RunTime:0.0010s ]
SQL: SELECT * FROM `bj_cycle` WHERE `cycle_id` = 1 LIMIT 1   [ RunTime:0.0010s ]
SQL: SELECT * FROM `bj_staff` WHERE `staff_id` = 3 LIMIT 1   [ RunTime:0.0020s ]
SQL: SELECT * FROM `bj_staff` WHERE `staff_id` = 4 LIMIT 1   [ RunTime:0.0020s ]
SQL: SELECT * FROM `bj_customer` WHERE `id` = 8 LIMIT 1   [ RunTime:0.0010s ]
SQL: SELECT * FROM `bj_product` WHERE `product_id` = 5 LIMIT 1   [ RunTime:0.0010s ]
SQL: SELECT * FROM `bj_cycle` WHERE `cycle_id` = 1 LIMIT 1   [ RunTime:0.0000s ]
SQL: SELECT * FROM `bj_staff` WHERE `staff_id` = 3 LIMIT 1   [ RunTime:0.0010s ]
SQL: SELECT * FROM `bj_staff` WHERE `staff_id` = 4 LIMIT 1   [ RunTime:0.0010s ]
INFO: [ view_parse ] --START--
INFO: [ template_filter ] --START--
INFO: Run Behavior\ContentReplaceBehavior [ RunTime:0.001000s ]
INFO: [ template_filter ] --END-- [ RunTime:0.001000s ]
INFO: Run Behavior\ParseTemplateBehavior [ RunTime:0.176010s ]
INFO: [ view_parse ] --END-- [ RunTime:0.176010s ]
INFO: [ view_filter ] --START--
INFO: Run Behavior\WriteHtmlCacheBehavior [ RunTime:0.003000s ]
INFO: [ view_filter ] --END-- [ RunTime:0.003000s ]
INFO: [ app_end ] --START--
INFO: Run Behavior\ShowPageTraceBehavior [ RunTime:0.011000s ]
INFO: [ app_end ] --END-- [ RunTime:0.011000s ]

[ 2017-08-13T23:45:17+08:00 ] 127.0.0.1 /index.php?m=home&c=loan&a=editLoan
INFO: [ app_init ] --START--
INFO: Run Behavior\BuildLiteBehavior [ RunTime:0.000000s ]
INFO: [ app_init ] --END-- [ RunTime:0.002000s ]
INFO: [ app_begin ] --START--
INFO: Run Behavior\ReadHtmlCacheBehavior [ RunTime:0.006000s ]
INFO: [ app_begin ] --END-- [ RunTime:0.007000s ]
SQL: SHOW COLUMNS FROM `bj_loan` [ RunTime:0.0660s ]
SQL: SELECT * FROM `bj_loan` WHERE `loan_id` = 11 LIMIT 1   [ RunTime:0.0030s ]
SQL: SHOW COLUMNS FROM `bj_customer` [ RunTime:0.0530s ]
SQL: SELECT * FROM `bj_customer` LIMIT 1   [ RunTime:0.0010s ]
SQL: SHOW COLUMNS FROM `bj_product` [ RunTime:0.0540s ]
SQL: SELECT * FROM `bj_product` WHERE `product_id` = 5 LIMIT 1   [ RunTime:0.0020s ]
SQL: SHOW COLUMNS FROM `bj_cycle` [ RunTime:0.0320s ]
SQL: SELECT * FROM `bj_cycle` LIMIT 1   [ RunTime:0.0010s ]
SQL: SHOW COLUMNS FROM `bj_poundage_detail` [ RunTime:0.0410s ]
SQL: SELECT * FROM `bj_poundage_detail` WHERE `loan_id` = 11  [ RunTime:0.0020s ]
SQL: SHOW COLUMNS FROM `bj_poundage` [ RunTime:0.0410s ]
SQL: SELECT * FROM `bj_poundage` WHERE `poundage_id` = 2 LIMIT 1   [ RunTime:0.0070s ]
SQL: SELECT * FROM `bj_poundage` WHERE `poundage_id` = 3 LIMIT 1   [ RunTime:0.0020s ]
SQL: SELECT * FROM `bj_poundage` WHERE `poundage_id` = 4 LIMIT 1   [ RunTime:0.0010s ]
SQL: SELECT * FROM `bj_poundage` WHERE `poundage_id` = 5 LIMIT 1   [ RunTime:0.0010s ]

[ 2017-08-13T23:45:24+08:00 ] 127.0.0.1 /index.php?m=home&c=loan&a=editLoan
INFO: [ app_init ] --START--
INFO: Run Behavior\BuildLiteBehavior [ RunTime:0.000000s ]
INFO: [ app_init ] --END-- [ RunTime:0.015001s ]
INFO: [ app_begin ] --START--
INFO: Run Behavior\ReadHtmlCacheBehavior [ RunTime:0.002000s ]
INFO: [ app_begin ] --END-- [ RunTime:0.002000s ]
SQL: SHOW COLUMNS FROM `bj_loan` [ RunTime:0.0310s ]
SQL: SELECT * FROM `bj_loan` WHERE `loan_id` = 3 LIMIT 1   [ RunTime:0.0010s ]
SQL: SHOW COLUMNS FROM `bj_customer` [ RunTime:0.0500s ]
SQL: SELECT * FROM `bj_customer` LIMIT 1   [ RunTime:0.0020s ]
SQL: SHOW COLUMNS FROM `bj_product` [ RunTime:0.0170s ]
SQL: SELECT * FROM `bj_product` WHERE `product_id` = 2 LIMIT 1   [ RunTime:0.0010s ]
SQL: SHOW COLUMNS FROM `bj_cycle` [ RunTime:0.0210s ]
SQL: SELECT * FROM `bj_cycle` LIMIT 1   [ RunTime:0.0000s ]
SQL: SHOW COLUMNS FROM `bj_poundage_detail` [ RunTime:0.0250s ]
SQL: SELECT * FROM `bj_poundage_detail` WHERE `loan_id` = 3  [ RunTime:0.0020s ]

[ 2017-08-13T23:45:35+08:00 ] 127.0.0.1 /index.php?m=home&c=loan&a=editLoan
INFO: [ app_init ] --START--
INFO: Run Behavior\BuildLiteBehavior [ RunTime:0.000000s ]
INFO: [ app_init ] --END-- [ RunTime:0.002000s ]
INFO: [ app_begin ] --START--
INFO: Run Behavior\ReadHtmlCacheBehavior [ RunTime:0.007000s ]
INFO: [ app_begin ] --END-- [ RunTime:0.007000s ]
SQL: SHOW COLUMNS FROM `bj_loan` [ RunTime:0.0880s ]
SQL: SELECT * FROM `bj_loan` WHERE `loan_id` = 3 LIMIT 1   [ RunTime:0.0050s ]
SQL: SHOW COLUMNS FROM `bj_customer` [ RunTime:0.0580s ]
SQL: SELECT * FROM `bj_customer` LIMIT 1   [ RunTime:0.0060s ]
SQL: SHOW COLUMNS FROM `bj_product` [ RunTime:0.0700s ]
SQL: SELECT * FROM `bj_product` WHERE `product_id` = 2 LIMIT 1   [ RunTime:0.0010s ]
SQL: SHOW COLUMNS FROM `bj_cycle` [ RunTime:0.0380s ]
SQL: SELECT * FROM `bj_cycle` LIMIT 1   [ RunTime:0.0040s ]
SQL: SHOW COLUMNS FROM `bj_poundage_detail` [ RunTime:0.0470s ]
SQL: SELECT * FROM `bj_poundage_detail` WHERE `loan_id` = 3  [ RunTime:0.0010s ]

[ 2017-08-13T23:49:03+08:00 ] 127.0.0.1 /index.php?m=home&c=loan&a=index
INFO: [ app_init ] --START--
INFO: Run Behavior\BuildLiteBehavior [ RunTime:0.000000s ]
INFO: [ app_init ] --END-- [ RunTime:0.001000s ]
INFO: [ app_begin ] --START--
INFO: Run Behavior\ReadHtmlCacheBehavior [ RunTime:0.005001s ]
INFO: [ app_begin ] --END-- [ RunTime:0.005001s ]
SQL: SHOW COLUMNS FROM `bj_loan` [ RunTime:0.0340s ]
SQL: SELECT * FROM `bj_loan`  [ RunTime:0.0130s ]
SQL: SHOW COLUMNS FROM `bj_customer` [ RunTime:0.0300s ]
SQL: SELECT * FROM `bj_customer` ORDER BY create_time asc  [ RunTime:0.0020s ]
SQL: SHOW COLUMNS FROM `bj_product` [ RunTime:0.0420s ]
SQL: SELECT * FROM `bj_product` ORDER BY create_time asc  [ RunTime:0.0010s ]
SQL: SHOW COLUMNS FROM `bj_cycle` [ RunTime:0.0320s ]
SQL: SELECT * FROM `bj_cycle` ORDER BY create_time asc  [ RunTime:0.0010s ]
SQL: SHOW COLUMNS FROM `bj_staff` [ RunTime:0.0350s ]
SQL: SELECT * FROM `bj_staff`  [ RunTime:0.0020s ]
SQL: SHOW COLUMNS FROM `bj_poundage` [ RunTime:0.0230s ]
SQL: SELECT * FROM `bj_poundage` ORDER BY create_time desc  [ RunTime:0.0020s ]
SQL: SELECT * FROM `bj_customer` WHERE `id` = 7 LIMIT 1   [ RunTime:0.0020s ]
SQL: SELECT * FROM `bj_product` WHERE `product_id` = 3 LIMIT 1   [ RunTime:0.0020s ]
SQL: SELECT * FROM `bj_cycle` WHERE `cycle_id` = 4 LIMIT 1   [ RunTime:0.0010s ]
SQL: SELECT * FROM `bj_staff` WHERE `staff_id` = 3 LIMIT 1   [ RunTime:0.0020s ]
SQL: SELECT * FROM `bj_staff` WHERE `staff_id` = 4 LIMIT 1   [ RunTime:0.0050s ]
SQL: SELECT * FROM `bj_customer` WHERE `id` = 8 LIMIT 1   [ RunTime:0.0010s ]
SQL: SELECT * FROM `bj_product` WHERE `product_id` = 2 LIMIT 1   [ RunTime:0.0000s ]
SQL: SELECT * FROM `bj_cycle` WHERE `cycle_id` = 1 LIMIT 1   [ RunTime:0.0000s ]
SQL: SELECT * FROM `bj_staff` WHERE `staff_id` = 3 LIMIT 1   [ RunTime:0.0000s ]
SQL: SELECT * FROM `bj_staff` WHERE `staff_id` = 3 LIMIT 1   [ RunTime:0.0000s ]
SQL: SELECT * FROM `bj_customer` WHERE `id` = 8 LIMIT 1   [ RunTime:0.0000s ]
SQL: SELECT * FROM `bj_product` WHERE `product_id` = 1 LIMIT 1   [ RunTime:0.0000s ]
SQL: SELECT * FROM `bj_cycle` WHERE `cycle_id` = 2 LIMIT 1   [ RunTime:0.0010s ]
SQL: SELECT * FROM `bj_staff` WHERE `staff_id` = 3 LIMIT 1   [ RunTime:0.0010s ]
SQL: SELECT * FROM `bj_staff` WHERE `staff_id` = 3 LIMIT 1   [ RunTime:0.0010s ]
SQL: SELECT * FROM `bj_customer` WHERE `id` = 8 LIMIT 1   [ RunTime:0.0010s ]
SQL: SELECT * FROM `bj_product` WHERE `product_id` = 1 LIMIT 1   [ RunTime:0.0010s ]
SQL: SELECT * FROM `bj_cycle` WHERE `cycle_id` = 2 LIMIT 1   [ RunTime:0.0110s ]
SQL: SELECT * FROM `bj_staff` WHERE `staff_id` = 3 LIMIT 1   [ RunTime:0.0030s ]
SQL: SELECT * FROM `bj_staff` WHERE `staff_id` = 3 LIMIT 1   [ RunTime:0.0030s ]
SQL: SELECT * FROM `bj_customer` WHERE `id` = 8 LIMIT 1   [ RunTime:0.0010s ]
SQL: SELECT * FROM `bj_product` WHERE `product_id` = 2 LIMIT 1   [ RunTime:0.0000s ]
SQL: SELECT * FROM `bj_cycle` WHERE `cycle_id` = 1 LIMIT 1   [ RunTime:0.0000s ]
SQL: SELECT * FROM `bj_staff` WHERE `staff_id` = 3 LIMIT 1   [ RunTime:0.0010s ]
SQL: SELECT * FROM `bj_staff` WHERE `staff_id` = 3 LIMIT 1   [ RunTime:0.0010s ]
SQL: SELECT * FROM `bj_customer` WHERE `id` = 8 LIMIT 1   [ RunTime:0.0000s ]
SQL: SELECT * FROM `bj_product` WHERE `product_id` = 5 LIMIT 1   [ RunTime:0.0000s ]
SQL: SELECT * FROM `bj_cycle` WHERE `cycle_id` = 1 LIMIT 1   [ RunTime:0.0010s ]
SQL: SELECT * FROM `bj_staff` WHERE `staff_id` = 3 LIMIT 1   [ RunTime:0.0010s ]
SQL: SELECT * FROM `bj_staff` WHERE `staff_id` = 4 LIMIT 1   [ RunTime:0.0010s ]
SQL: SELECT * FROM `bj_customer` WHERE `id` = 8 LIMIT 1   [ RunTime:0.0010s ]
SQL: SELECT * FROM `bj_product` WHERE `product_id` = 5 LIMIT 1   [ RunTime:0.0000s ]
SQL: SELECT * FROM `bj_cycle` WHERE `cycle_id` = 1 LIMIT 1   [ RunTime:0.0000s ]
SQL: SELECT * FROM `bj_staff` WHERE `staff_id` = 3 LIMIT 1   [ RunTime:0.0010s ]
SQL: SELECT * FROM `bj_staff` WHERE `staff_id` = 4 LIMIT 1   [ RunTime:0.0010s ]
SQL: SELECT * FROM `bj_customer` WHERE `id` = 8 LIMIT 1   [ RunTime:0.0010s ]
SQL: SELECT * FROM `bj_product` WHERE `product_id` = 5 LIMIT 1   [ RunTime:0.0010s ]
SQL: SELECT * FROM `bj_cycle` WHERE `cycle_id` = 1 LIMIT 1   [ RunTime:0.0020s ]
SQL: SELECT * FROM `bj_staff` WHERE `staff_id` = 3 LIMIT 1   [ RunTime:0.0010s ]
SQL: SELECT * FROM `bj_staff` WHERE `staff_id` = 4 LIMIT 1   [ RunTime:0.0010s ]
INFO: [ view_parse ] --START--
INFO: [ template_filter ] --START--
INFO: Run Behavior\ContentReplaceBehavior [ RunTime:0.000000s ]
INFO: [ template_filter ] --END-- [ RunTime:0.000000s ]
INFO: Run Behavior\ParseTemplateBehavior [ RunTime:0.105006s ]
INFO: [ view_parse ] --END-- [ RunTime:0.106006s ]
INFO: [ view_filter ] --START--
INFO: Run Behavior\WriteHtmlCacheBehavior [ RunTime:0.005000s ]
INFO: [ view_filter ] --END-- [ RunTime:0.005000s ]
INFO: [ app_end ] --START--
INFO: Run Behavior\ShowPageTraceBehavior [ RunTime:0.002001s ]
INFO: [ app_end ] --END-- [ RunTime:0.002001s ]

[ 2017-08-13T23:49:13+08:00 ] 127.0.0.1 /index.php?m=home&c=loan&a=editLoan
INFO: [ app_init ] --START--
INFO: Run Behavior\BuildLiteBehavior [ RunTime:0.000000s ]
INFO: [ app_init ] --END-- [ RunTime:0.001000s ]
INFO: [ app_begin ] --START--
INFO: Run Behavior\ReadHtmlCacheBehavior [ RunTime:0.003001s ]
INFO: [ app_begin ] --END-- [ RunTime:0.004001s ]
SQL: SHOW COLUMNS FROM `bj_loan` [ RunTime:0.0300s ]
SQL: SELECT * FROM `bj_loan` WHERE `loan_id` = 1 LIMIT 1   [ RunTime:0.0010s ]
SQL: SHOW COLUMNS FROM `bj_customer` [ RunTime:0.0330s ]
SQL: SELECT * FROM `bj_customer` LIMIT 1   [ RunTime:0.0200s ]
SQL: SHOW COLUMNS FROM `bj_product` [ RunTime:0.0440s ]
SQL: SELECT * FROM `bj_product` WHERE `product_id` = 3 LIMIT 1   [ RunTime:0.0160s ]
SQL: SHOW COLUMNS FROM `bj_cycle` [ RunTime:0.0340s ]
SQL: SELECT * FROM `bj_cycle` LIMIT 1   [ RunTime:0.0010s ]
SQL: SHOW COLUMNS FROM `bj_poundage_detail` [ RunTime:0.0250s ]
SQL: SELECT * FROM `bj_poundage_detail` WHERE `loan_id` = 1  [ RunTime:0.0020s ]
SQL: SHOW COLUMNS FROM `bj_poundage` [ RunTime:0.0210s ]
SQL: SELECT * FROM `bj_poundage` WHERE `poundage_id` = 2 LIMIT 1   [ RunTime:0.0000s ]
SQL: SELECT * FROM `bj_poundage` WHERE `poundage_id` = 4 LIMIT 1   [ RunTime:0.0000s ]
SQL: SELECT * FROM `bj_poundage` WHERE `poundage_id` = 5 LIMIT 1   [ RunTime:0.0010s ]

[ 2017-08-13T23:49:24+08:00 ] 127.0.0.1 /index.php?m=home&c=loan&a=editLoan
INFO: [ app_init ] --START--
INFO: Run Behavior\BuildLiteBehavior [ RunTime:0.001000s ]
INFO: [ app_init ] --END-- [ RunTime:0.003001s ]
INFO: [ app_begin ] --START--
INFO: Run Behavior\ReadHtmlCacheBehavior [ RunTime:0.006000s ]
INFO: [ app_begin ] --END-- [ RunTime:0.007000s ]
SQL: SHOW COLUMNS FROM `bj_loan` [ RunTime:0.0180s ]
SQL: SELECT * FROM `bj_loan` WHERE `loan_id` = 11 LIMIT 1   [ RunTime:0.0010s ]
SQL: SHOW COLUMNS FROM `bj_customer` [ RunTime:0.0290s ]
SQL: SELECT * FROM `bj_customer` LIMIT 1   [ RunTime:0.0010s ]
SQL: SHOW COLUMNS FROM `bj_product` [ RunTime:0.0290s ]
SQL: SELECT * FROM `bj_product` WHERE `product_id` = 5 LIMIT 1   [ RunTime:0.0010s ]
SQL: SHOW COLUMNS FROM `bj_cycle` [ RunTime:0.0320s ]
SQL: SELECT * FROM `bj_cycle` LIMIT 1   [ RunTime:0.0000s ]
SQL: SHOW COLUMNS FROM `bj_poundage_detail` [ RunTime:0.0210s ]
SQL: SELECT * FROM `bj_poundage_detail` WHERE `loan_id` = 11  [ RunTime:0.0010s ]
SQL: SHOW COLUMNS FROM `bj_poundage` [ RunTime:0.0570s ]
SQL: SELECT * FROM `bj_poundage` WHERE `poundage_id` = 2 LIMIT 1   [ RunTime:0.0010s ]
SQL: SELECT * FROM `bj_poundage` WHERE `poundage_id` = 3 LIMIT 1   [ RunTime:0.0010s ]
SQL: SELECT * FROM `bj_poundage` WHERE `poundage_id` = 4 LIMIT 1   [ RunTime:0.0010s ]
SQL: SELECT * FROM `bj_poundage` WHERE `poundage_id` = 5 LIMIT 1   [ RunTime:0.0000s ]

[ 2017-08-13T23:49:31+08:00 ] 127.0.0.1 /index.php?m=home&c=loan&a=editLoan
INFO: [ app_init ] --START--
INFO: Run Behavior\BuildLiteBehavior [ RunTime:0.000000s ]
INFO: [ app_init ] --END-- [ RunTime:0.006001s ]
INFO: [ app_begin ] --START--
INFO: Run Behavior\ReadHtmlCacheBehavior [ RunTime:0.002000s ]
INFO: [ app_begin ] --END-- [ RunTime:0.002000s ]
SQL: SHOW COLUMNS FROM `bj_loan` [ RunTime:0.0190s ]
SQL: SELECT * FROM `bj_loan` WHERE `loan_id` = 4 LIMIT 1   [ RunTime:0.0060s ]
SQL: SHOW COLUMNS FROM `bj_customer` [ RunTime:0.0210s ]
SQL: SELECT * FROM `bj_customer` LIMIT 1   [ RunTime:0.0030s ]
SQL: SHOW COLUMNS FROM `bj_product` [ RunTime:0.0180s ]
SQL: SELECT * FROM `bj_product` WHERE `product_id` = 1 LIMIT 1   [ RunTime:0.0050s ]
SQL: SHOW COLUMNS FROM `bj_cycle` [ RunTime:0.0180s ]
SQL: SELECT * FROM `bj_cycle` LIMIT 1   [ RunTime:0.0010s ]
SQL: SHOW COLUMNS FROM `bj_poundage_detail` [ RunTime:0.0270s ]
SQL: SELECT * FROM `bj_poundage_detail` WHERE `loan_id` = 4  [ RunTime:0.0020s ]

