[ 2017-11-25T14:29:45+08:00 ] 127.0.0.1 /index.php?m=home&c=customer&a=index
INFO: [ app_init ] --START--
INFO: Run Behavior\BuildLiteBehavior [ RunTime:0.000040s ]
INFO: [ app_init ] --END-- [ RunTime:0.001236s ]
INFO: [ app_begin ] --START--
INFO: Run Behavior\ReadHtmlCacheBehavior [ RunTime:0.000774s ]
INFO: [ app_begin ] --END-- [ RunTime:0.000812s ]
SQL: SHOW COLUMNS FROM `bj_customer` [ RunTime:0.0096s ]
SQL: SELECT * FROM `bj_customer` ORDER BY create_time asc  [ RunTime:0.0007s ]
SQL: SHOW COLUMNS FROM `bj_staff` [ RunTime:0.0009s ]
SQL: SELECT * FROM `bj_staff`  [ RunTime:0.0003s ]
SQL: SELECT * FROM `bj_staff` WHERE `staff_id` = 3 LIMIT 1   [ RunTime:0.0007s ]
SQL: SELECT * FROM `bj_staff` WHERE `staff_id` = 4 LIMIT 1   [ RunTime:0.0002s ]
INFO: [ view_parse ] --START--
INFO: [ template_filter ] --START--
INFO: Run Behavior\ContentReplaceBehavior [ RunTime:0.000262s ]
INFO: [ template_filter ] --END-- [ RunTime:0.000300s ]
INFO: Run Behavior\ParseTemplateBehavior [ RunTime:0.094147s ]
INFO: [ view_parse ] --END-- [ RunTime:0.094199s ]
INFO: [ view_filter ] --START--
INFO: Run Behavior\WriteHtmlCacheBehavior [ RunTime:0.006113s ]
INFO: [ view_filter ] --END-- [ RunTime:0.006150s ]
INFO: [ app_end ] --START--
INFO: Run Behavior\ShowPageTraceBehavior [ RunTime:0.000933s ]
INFO: [ app_end ] --END-- [ RunTime:0.000975s ]

[ 2017-11-25T14:29:46+08:00 ] 127.0.0.1 /index.php?m=home&c=customer&a=index
INFO: [ app_init ] --START--
INFO: Run Behavior\BuildLiteBehavior [ RunTime:0.000011s ]
INFO: [ app_init ] --END-- [ RunTime:0.000309s ]
INFO: [ app_begin ] --START--
INFO: Run Behavior\ReadHtmlCacheBehavior [ RunTime:0.000388s ]
INFO: [ app_begin ] --END-- [ RunTime:0.000415s ]
SQL: SHOW COLUMNS FROM `bj_customer` [ RunTime:0.0007s ]
SQL: SELECT * FROM `bj_customer` ORDER BY create_time asc  [ RunTime:0.0003s ]
SQL: SHOW COLUMNS FROM `bj_staff` [ RunTime:0.0007s ]
SQL: SELECT * FROM `bj_staff`  [ RunTime:0.0003s ]
SQL: SELECT * FROM `bj_staff` WHERE `staff_id` = 3 LIMIT 1   [ RunTime:0.0003s ]
SQL: SELECT * FROM `bj_staff` WHERE `staff_id` = 4 LIMIT 1   [ RunTime:0.0003s ]
INFO: [ view_parse ] --START--
INFO: [ template_filter ] --START--
INFO: Run Behavior\ContentReplaceBehavior [ RunTime:0.000167s ]
INFO: [ template_filter ] --END-- [ RunTime:0.000205s ]
INFO: Run Behavior\ParseTemplateBehavior [ RunTime:0.020951s ]
INFO: [ view_parse ] --END-- [ RunTime:0.020984s ]
INFO: [ view_filter ] --START--
INFO: Run Behavior\WriteHtmlCacheBehavior [ RunTime:0.000177s ]
INFO: [ view_filter ] --END-- [ RunTime:0.000198s ]
INFO: [ app_end ] --START--
INFO: Run Behavior\ShowPageTraceBehavior [ RunTime:0.000546s ]
INFO: [ app_end ] --END-- [ RunTime:0.000579s ]

[ 2017-11-25T14:29:46+08:00 ] 127.0.0.1 /index.php?m=home&c=customer&a=index
INFO: [ app_init ] --START--
INFO: Run Behavior\BuildLiteBehavior [ RunTime:0.000012s ]
INFO: [ app_init ] --END-- [ RunTime:0.000310s ]
INFO: [ app_begin ] --START--
INFO: Run Behavior\ReadHtmlCacheBehavior [ RunTime:0.000578s ]
INFO: [ app_begin ] --END-- [ RunTime:0.000621s ]
SQL: SHOW COLUMNS FROM `bj_customer` [ RunTime:0.0012s ]
SQL: SELECT * FROM `bj_customer` ORDER BY create_time asc  [ RunTime:0.0010s ]
SQL: SHOW COLUMNS FROM `bj_staff` [ RunTime:0.0011s ]
SQL: SELECT * FROM `bj_staff`  [ RunTime:0.0004s ]
SQL: SELECT * FROM `bj_staff` WHERE `staff_id` = 3 LIMIT 1   [ RunTime:0.0004s ]
SQL: SELECT * FROM `bj_staff` WHERE `staff_id` = 4 LIMIT 1   [ RunTime:0.0003s ]
INFO: [ view_parse ] --START--
INFO: [ template_filter ] --START--
INFO: Run Behavior\ContentReplaceBehavior [ RunTime:0.000172s ]
INFO: [ template_filter ] --END-- [ RunTime:0.000228s ]
INFO: Run Behavior\ParseTemplateBehavior [ RunTime:0.027690s ]
INFO: [ view_parse ] --END-- [ RunTime:0.027801s ]
INFO: [ view_filter ] --START--
INFO: Run Behavior\WriteHtmlCacheBehavior [ RunTime:0.000283s ]
INFO: [ view_filter ] --END-- [ RunTime:0.000348s ]
INFO: [ app_end ] --START--
INFO: Run Behavior\ShowPageTraceBehavior [ RunTime:0.001017s ]
INFO: [ app_end ] --END-- [ RunTime:0.001059s ]

[ 2017-11-25T19:16:08+08:00 ] 127.0.0.1 /index.php?m=home&c=customer&a=index
INFO: [ app_init ] --START--
INFO: Run Behavior\BuildLiteBehavior [ RunTime:0.000009s ]
INFO: [ app_init ] --END-- [ RunTime:0.000701s ]
INFO: [ app_begin ] --START--
INFO: Run Behavior\ReadHtmlCacheBehavior [ RunTime:0.000697s ]
INFO: [ app_begin ] --END-- [ RunTime:0.000723s ]
SQL: SHOW COLUMNS FROM `bj_customer` [ RunTime:0.0004s ]
SQL: SELECT * FROM `bj_customer` ORDER BY create_time asc  [ RunTime:0.0002s ]
SQL: SHOW COLUMNS FROM `bj_staff` [ RunTime:0.0004s ]
SQL: SELECT * FROM `bj_staff`  [ RunTime:0.0002s ]
SQL: SELECT * FROM `bj_staff` WHERE `staff_id` = 3 LIMIT 1   [ RunTime:0.0002s ]
SQL: SELECT * FROM `bj_staff` WHERE `staff_id` = 4 LIMIT 1   [ RunTime:0.0001s ]
INFO: [ view_parse ] --START--
INFO: [ template_filter ] --START--
INFO: Run Behavior\ContentReplaceBehavior [ RunTime:0.000082s ]
INFO: [ template_filter ] --END-- [ RunTime:0.000102s ]
INFO: Run Behavior\ParseTemplateBehavior [ RunTime:0.014842s ]
INFO: [ view_parse ] --END-- [ RunTime:0.014857s ]
INFO: [ view_filter ] --START--
INFO: Run Behavior\WriteHtmlCacheBehavior [ RunTime:0.000471s ]
INFO: [ view_filter ] --END-- [ RunTime:0.000494s ]
INFO: [ app_end ] --START--
INFO: Run Behavior\ShowPageTraceBehavior [ RunTime:0.000731s ]
INFO: [ app_end ] --END-- [ RunTime:0.000791s ]

[ 2017-11-25T19:16:08+08:00 ] 127.0.0.1 /index.php?m=home&c=customer&a=index
INFO: [ app_init ] --START--
INFO: Run Behavior\BuildLiteBehavior [ RunTime:0.000004s ]
INFO: [ app_init ] --END-- [ RunTime:0.000136s ]
INFO: [ app_begin ] --START--
INFO: Run Behavior\ReadHtmlCacheBehavior [ RunTime:0.000180s ]
INFO: [ app_begin ] --END-- [ RunTime:0.000192s ]
SQL: SHOW COLUMNS FROM `bj_customer` [ RunTime:0.0004s ]
SQL: SELECT * FROM `bj_customer` ORDER BY create_time asc  [ RunTime:0.0002s ]
SQL: SHOW COLUMNS FROM `bj_staff` [ RunTime:0.0003s ]
SQL: SELECT * FROM `bj_staff`  [ RunTime:0.0001s ]
SQL: SELECT * FROM `bj_staff` WHERE `staff_id` = 3 LIMIT 1   [ RunTime:0.0001s ]
SQL: SELECT * FROM `bj_staff` WHERE `staff_id` = 4 LIMIT 1   [ RunTime:0.0001s ]
INFO: [ view_parse ] --START--
INFO: [ template_filter ] --START--
INFO: Run Behavior\ContentReplaceBehavior [ RunTime:0.000086s ]
INFO: [ template_filter ] --END-- [ RunTime:0.000108s ]
INFO: Run Behavior\ParseTemplateBehavior [ RunTime:0.010311s ]
INFO: [ view_parse ] --END-- [ RunTime:0.010327s ]
INFO: [ view_filter ] --START--
INFO: Run Behavior\WriteHtmlCacheBehavior [ RunTime:0.000104s ]
INFO: [ view_filter ] --END-- [ RunTime:0.000115s ]
INFO: [ app_end ] --START--
INFO: Run Behavior\ShowPageTraceBehavior [ RunTime:0.000239s ]
INFO: [ app_end ] --END-- [ RunTime:0.000252s ]

