[ 2017-11-16T10:22:25+08:00 ] 127.0.0.1 /index.php?m=home&c=customer&a=index
INFO: [ app_init ] --START--
INFO: Run Behavior\BuildLiteBehavior [ RunTime:0.000033s ]
INFO: [ app_init ] --END-- [ RunTime:0.002307s ]
INFO: [ app_begin ] --START--
INFO: Run Behavior\ReadHtmlCacheBehavior [ RunTime:0.001247s ]
INFO: [ app_begin ] --END-- [ RunTime:0.001295s ]
SQL: SHOW COLUMNS FROM `bj_customer` [ RunTime:0.0297s ]
SQL: SELECT * FROM `bj_customer` ORDER BY create_time asc  [ RunTime:0.0015s ]
SQL: SHOW COLUMNS FROM `bj_staff` [ RunTime:0.0005s ]
SQL: SELECT * FROM `bj_staff`  [ RunTime:0.0002s ]
SQL: SELECT * FROM `bj_staff` WHERE `staff_id` = 3 LIMIT 1   [ RunTime:0.0029s ]
SQL: SELECT * FROM `bj_staff` WHERE `staff_id` = 4 LIMIT 1   [ RunTime:0.0003s ]
INFO: [ view_parse ] --START--
INFO: [ template_filter ] --START--
INFO: Run Behavior\ContentReplaceBehavior [ RunTime:0.000182s ]
INFO: [ template_filter ] --END-- [ RunTime:0.000205s ]
INFO: Run Behavior\ParseTemplateBehavior [ RunTime:0.036690s ]
INFO: [ view_parse ] --END-- [ RunTime:0.036731s ]
INFO: [ view_filter ] --START--
INFO: Run Behavior\WriteHtmlCacheBehavior [ RunTime:0.000992s ]
INFO: [ view_filter ] --END-- [ RunTime:0.001017s ]
INFO: [ app_end ] --START--
INFO: Run Behavior\ShowPageTraceBehavior [ RunTime:0.000670s ]
INFO: [ app_end ] --END-- [ RunTime:0.000694s ]

[ 2017-11-16T10:22:25+08:00 ] 127.0.0.1 /index.php?m=home&c=customer&a=index
INFO: [ app_init ] --START--
INFO: Run Behavior\BuildLiteBehavior [ RunTime:0.000006s ]
INFO: [ app_init ] --END-- [ RunTime:0.000144s ]
INFO: [ app_begin ] --START--
INFO: Run Behavior\ReadHtmlCacheBehavior [ RunTime:0.000188s ]
INFO: [ app_begin ] --END-- [ RunTime:0.000201s ]
SQL: SHOW COLUMNS FROM `bj_customer` [ RunTime:0.0006s ]
SQL: SELECT * FROM `bj_customer` ORDER BY create_time asc  [ RunTime:0.0002s ]
SQL: SHOW COLUMNS FROM `bj_staff` [ RunTime:0.0008s ]
SQL: SELECT * FROM `bj_staff`  [ RunTime:0.0002s ]
SQL: SELECT * FROM `bj_staff` WHERE `staff_id` = 3 LIMIT 1   [ RunTime:0.0001s ]
SQL: SELECT * FROM `bj_staff` WHERE `staff_id` = 4 LIMIT 1   [ RunTime:0.0002s ]
INFO: [ view_parse ] --START--
INFO: [ template_filter ] --START--
INFO: Run Behavior\ContentReplaceBehavior [ RunTime:0.000076s ]
INFO: [ template_filter ] --END-- [ RunTime:0.000095s ]
INFO: Run Behavior\ParseTemplateBehavior [ RunTime:0.016474s ]
INFO: [ view_parse ] --END-- [ RunTime:0.016506s ]
INFO: [ view_filter ] --START--
INFO: Run Behavior\WriteHtmlCacheBehavior [ RunTime:0.000210s ]
INFO: [ view_filter ] --END-- [ RunTime:0.000232s ]
INFO: [ app_end ] --START--
INFO: Run Behavior\ShowPageTraceBehavior [ RunTime:0.000501s ]
INFO: [ app_end ] --END-- [ RunTime:0.000525s ]

