[ 2017-12-06T22:06:25+08:00 ] 127.0.0.1 /index.php?m=home&c=index
INFO: [ app_init ] --START--
INFO: Run Behavior\BuildLiteBehavior [ RunTime:0.000026s ]
INFO: [ app_init ] --END-- [ RunTime:0.000277s ]
INFO: [ app_begin ] --START--
INFO: Run Behavior\ReadHtmlCacheBehavior [ RunTime:0.000319s ]
INFO: [ app_begin ] --END-- [ RunTime:0.000348s ]
SQL: SHOW COLUMNS FROM `bj_admin` [ RunTime:0.0004s ]
SQL: SELECT * FROM `bj_admin` WHERE `user_id` = 1 LIMIT 1   [ RunTime:0.0002s ]
SQL: SHOW COLUMNS FROM `bj_loan` [ RunTime:0.0003s ]
SQL: SELECT SUM(expenditure) AS tp_sum FROM `bj_loan` WHERE `create_time` BETWEEN 1512057600 AND 1514735999 LIMIT 1   [ RunTime:0.0001s ]
SQL: SHOW COLUMNS FROM `bj_repayments` [ RunTime:0.0003s ]
SQL: SELECT SUM(r_money) AS tp_sum FROM `bj_repayments` WHERE `gmt_repay` BETWEEN '2017-12-01 00:00:00' AND '2017-12-31 23:59:59' LIMIT 1   [ RunTime:0.0001s ]
SQL: SELECT COUNT(*) AS tp_count FROM `bj_loan` WHERE `create_time` BETWEEN 1512057600 AND 1514735999 LIMIT 1   [ RunTime:0.0001s ]
SQL: SELECT * FROM `bj_repayments` WHERE `gmt_repay` BETWEEN 1512057600 AND 1514735999  [ RunTime:0.0001s ]
SQL: SELECT * FROM `bj_loan` WHERE `create_time` <= 1512569185 AND `exp_time` >= 1512569185 AND `loan_status` <> 1  [ RunTime:0.0002s ]
NOTIC: [8] Undefined index: r_money /Work/wwwroot/baojutouzi.com/Application/Home/Controller/IndexController.class.php 第 58 行.
SQL: SHOW COLUMNS FROM `bj_customer` [ RunTime:0.0002s ]
SQL: SELECT * FROM `bj_customer` WHERE `id` = 14 LIMIT 1   [ RunTime:0.0001s ]
SQL: SHOW COLUMNS FROM `bj_product` [ RunTime:0.0002s ]
SQL: SELECT * FROM `bj_product` WHERE `product_id` = 1 LIMIT 1   [ RunTime:0.0001s ]
SQL: SHOW COLUMNS FROM `bj_cycle` [ RunTime:0.0002s ]
SQL: SELECT * FROM `bj_cycle` WHERE `cycle_id` = 2 LIMIT 1   [ RunTime:0.0001s ]
SQL: SHOW COLUMNS FROM `bj_staff` [ RunTime:0.0003s ]
SQL: SELECT * FROM `bj_staff` WHERE `staff_id` = 5 LIMIT 1   [ RunTime:0.0001s ]
SQL: SELECT * FROM `bj_repayments` WHERE `loan_id` = 12 AND `cycles` = 5 LIMIT 1   [ RunTime:0.0001s ]
INFO: [ view_parse ] --START--
INFO: [ template_filter ] --START--
INFO: Run Behavior\ContentReplaceBehavior [ RunTime:0.000100s ]
INFO: [ template_filter ] --END-- [ RunTime:0.000121s ]
NOTIC: [8] Undefined variable: Think /Work/wwwroot/baojutouzi.com/Application/Runtime/Cache/Home/2a94b8bda04ff446dcedd42276fc99ee.php 第 344 行.
NOTIC: [8] Undefined variable: Think /Work/wwwroot/baojutouzi.com/Application/Runtime/Cache/Home/2a94b8bda04ff446dcedd42276fc99ee.php 第 344 行.
INFO: Run Behavior\ParseTemplateBehavior [ RunTime:0.012670s ]
INFO: [ view_parse ] --END-- [ RunTime:0.012686s ]
INFO: [ view_filter ] --START--
INFO: Run Behavior\WriteHtmlCacheBehavior [ RunTime:0.000101s ]
INFO: [ view_filter ] --END-- [ RunTime:0.000112s ]
INFO: [ app_end ] --START--
INFO: Run Behavior\ShowPageTraceBehavior [ RunTime:0.000319s ]
INFO: [ app_end ] --END-- [ RunTime:0.000336s ]

[ 2017-12-06T22:06:44+08:00 ] 127.0.0.1 /index.php?m=home&c=loan&a=index
INFO: [ app_init ] --START--
INFO: Run Behavior\BuildLiteBehavior [ RunTime:0.000007s ]
INFO: [ app_init ] --END-- [ RunTime:0.000182s ]
INFO: [ app_begin ] --START--
INFO: Run Behavior\ReadHtmlCacheBehavior [ RunTime:0.000375s ]
INFO: [ app_begin ] --END-- [ RunTime:0.000395s ]
SQL: SHOW COLUMNS FROM `bj_admin` [ RunTime:0.0005s ]
SQL: SELECT * FROM `bj_admin` WHERE `user_id` = 1 LIMIT 1   [ RunTime:0.0004s ]
SQL: SHOW COLUMNS FROM `bj_customer` [ RunTime:0.0004s ]
SQL: SELECT * FROM `bj_customer` WHERE ( status !=  -1 ) ORDER BY create_time desc  [ RunTime:0.0003s ]
SQL: SHOW COLUMNS FROM `bj_product` [ RunTime:0.0003s ]
SQL: SELECT * FROM `bj_product` ORDER BY create_time asc  [ RunTime:0.0002s ]
SQL: SHOW COLUMNS FROM `bj_staff` [ RunTime:0.0003s ]
SQL: SELECT * FROM `bj_staff` WHERE ( staff_status != -1 )  [ RunTime:0.0002s ]
SQL: SHOW COLUMNS FROM `bj_loan` [ RunTime:0.0003s ]
SQL: SELECT * FROM `bj_loan` ORDER BY create_time desc LIMIT 0,10   [ RunTime:0.0002s ]
SQL: SELECT COUNT(*) AS tp_count FROM `bj_loan` LIMIT 1   [ RunTime:0.0001s ]
SQL: SELECT SUM(principal) AS tp_sum FROM `bj_loan` LIMIT 1   [ RunTime:0.0001s ]
SQL: SELECT SUM(interest) AS tp_sum FROM `bj_loan` LIMIT 1   [ RunTime:0.0001s ]
SQL: SELECT SUM(poundage) AS tp_sum FROM `bj_loan` LIMIT 1   [ RunTime:0.0001s ]
SQL: SELECT SUM(bond) AS tp_sum FROM `bj_loan` LIMIT 1   [ RunTime:0.0001s ]
SQL: SELECT SUM(rebate) AS tp_sum FROM `bj_loan` LIMIT 1   [ RunTime:0.0001s ]
SQL: SELECT SUM(arrival) AS tp_sum FROM `bj_loan` LIMIT 1   [ RunTime:0.0002s ]
SQL: SELECT SUM(expenditure) AS tp_sum FROM `bj_loan` LIMIT 1   [ RunTime:0.0002s ]
SQL: SHOW COLUMNS FROM `bj_cycle` [ RunTime:0.0003s ]
SQL: SELECT * FROM `bj_cycle` ORDER BY create_time asc  [ RunTime:0.0001s ]
SQL: SHOW COLUMNS FROM `bj_poundage` [ RunTime:0.0014s ]
SQL: SELECT * FROM `bj_poundage` ORDER BY create_time desc  [ RunTime:0.0002s ]
SQL: SHOW COLUMNS FROM `bj_repayments` [ RunTime:0.0003s ]
SQL: SELECT COUNT(*) AS tp_count FROM `bj_repayments` WHERE `loan_id` = 19 LIMIT 1   [ RunTime:0.0001s ]
SQL: SELECT SUM(r_money) AS tp_sum FROM `bj_repayments` WHERE `loan_id` = 19 LIMIT 1   [ RunTime:0.0001s ]
SQL: SELECT * FROM `bj_customer` WHERE `id` = 22 LIMIT 1   [ RunTime:0.0001s ]
SQL: SELECT * FROM `bj_product` WHERE `product_id` = 1 LIMIT 1   [ RunTime:0.0001s ]
SQL: SELECT * FROM `bj_cycle` WHERE `cycle_id` = 2 LIMIT 1   [ RunTime:0.0001s ]
SQL: SELECT * FROM `bj_staff` WHERE `staff_id` = 6 LIMIT 1   [ RunTime:0.0001s ]
SQL: SELECT * FROM `bj_staff` WHERE `staff_id` = 3 LIMIT 1   [ RunTime:0.0001s ]
SQL: SELECT COUNT(*) AS tp_count FROM `bj_repayments` WHERE `loan_id` = 18 LIMIT 1   [ RunTime:0.0001s ]
SQL: SELECT SUM(r_money) AS tp_sum FROM `bj_repayments` WHERE `loan_id` = 18 LIMIT 1   [ RunTime:0.0001s ]
SQL: SELECT * FROM `bj_customer` WHERE `id` = 20 LIMIT 1   [ RunTime:0.0001s ]
SQL: SELECT * FROM `bj_product` WHERE `product_id` = 2 LIMIT 1   [ RunTime:0.0001s ]
SQL: SELECT * FROM `bj_cycle` WHERE `cycle_id` = 1 LIMIT 1   [ RunTime:0.0001s ]
SQL: SELECT * FROM `bj_staff` WHERE `staff_id` = 6 LIMIT 1   [ RunTime:0.0001s ]
SQL: SELECT * FROM `bj_staff` WHERE `staff_id` = 6 LIMIT 1   [ RunTime:0.0001s ]
SQL: SELECT COUNT(*) AS tp_count FROM `bj_repayments` WHERE `loan_id` = 16 LIMIT 1   [ RunTime:0.0001s ]
SQL: SELECT SUM(r_money) AS tp_sum FROM `bj_repayments` WHERE `loan_id` = 16 LIMIT 1   [ RunTime:0.0001s ]
SQL: SELECT * FROM `bj_customer` WHERE `id` = 18 LIMIT 1   [ RunTime:0.0001s ]
SQL: SELECT * FROM `bj_product` WHERE `product_id` = 2 LIMIT 1   [ RunTime:0.0001s ]
SQL: SELECT * FROM `bj_cycle` WHERE `cycle_id` = 1 LIMIT 1   [ RunTime:0.0001s ]
SQL: SELECT * FROM `bj_staff` WHERE `staff_id` = 3 LIMIT 1   [ RunTime:0.0001s ]
SQL: SELECT * FROM `bj_staff` WHERE `staff_id` = 3 LIMIT 1   [ RunTime:0.0001s ]
SQL: SELECT COUNT(*) AS tp_count FROM `bj_repayments` WHERE `loan_id` = 17 LIMIT 1   [ RunTime:0.0001s ]
SQL: SELECT SUM(r_money) AS tp_sum FROM `bj_repayments` WHERE `loan_id` = 17 LIMIT 1   [ RunTime:0.0001s ]
SQL: SELECT * FROM `bj_customer` WHERE `id` = 19 LIMIT 1   [ RunTime:0.0001s ]
SQL: SELECT * FROM `bj_product` WHERE `product_id` = 1 LIMIT 1   [ RunTime:0.0001s ]
SQL: SELECT * FROM `bj_cycle` WHERE `cycle_id` = 2 LIMIT 1   [ RunTime:0.0001s ]
SQL: SELECT * FROM `bj_staff` WHERE `staff_id` = 7 LIMIT 1   [ RunTime:0.0001s ]
SQL: SELECT * FROM `bj_staff` WHERE `staff_id` = 7 LIMIT 1   [ RunTime:0.0001s ]
SQL: SELECT COUNT(*) AS tp_count FROM `bj_repayments` WHERE `loan_id` = 13 LIMIT 1   [ RunTime:0.0001s ]
SQL: SELECT SUM(r_money) AS tp_sum FROM `bj_repayments` WHERE `loan_id` = 13 LIMIT 1   [ RunTime:0.0001s ]
SQL: SELECT * FROM `bj_customer` WHERE `id` = 15 LIMIT 1   [ RunTime:0.0001s ]
SQL: SELECT * FROM `bj_product` WHERE `product_id` = 1 LIMIT 1   [ RunTime:0.0001s ]
SQL: SELECT * FROM `bj_cycle` WHERE `cycle_id` = 2 LIMIT 1   [ RunTime:0.0001s ]
SQL: SELECT * FROM `bj_staff` WHERE `staff_id` = 5 LIMIT 1   [ RunTime:0.0001s ]
SQL: SELECT * FROM `bj_staff` WHERE `staff_id` = 5 LIMIT 1   [ RunTime:0.0001s ]
SQL: SELECT COUNT(*) AS tp_count FROM `bj_repayments` WHERE `loan_id` = 14 LIMIT 1   [ RunTime:0.0001s ]
SQL: SELECT SUM(r_money) AS tp_sum FROM `bj_repayments` WHERE `loan_id` = 14 LIMIT 1   [ RunTime:0.0001s ]
SQL: SELECT * FROM `bj_customer` WHERE `id` = 16 LIMIT 1   [ RunTime:0.0001s ]
SQL: SELECT * FROM `bj_product` WHERE `product_id` = 1 LIMIT 1   [ RunTime:0.0001s ]
SQL: SELECT * FROM `bj_cycle` WHERE `cycle_id` = 2 LIMIT 1   [ RunTime:0.0001s ]
SQL: SELECT * FROM `bj_staff` WHERE `staff_id` = 7 LIMIT 1   [ RunTime:0.0001s ]
SQL: SELECT * FROM `bj_staff` WHERE `staff_id` = 3 LIMIT 1   [ RunTime:0.0001s ]
SQL: SELECT COUNT(*) AS tp_count FROM `bj_repayments` WHERE `loan_id` = 15 LIMIT 1   [ RunTime:0.0001s ]
SQL: SELECT SUM(r_money) AS tp_sum FROM `bj_repayments` WHERE `loan_id` = 15 LIMIT 1   [ RunTime:0.0001s ]
SQL: SELECT * FROM `bj_customer` WHERE `id` = 17 LIMIT 1   [ RunTime:0.0001s ]
SQL: SELECT * FROM `bj_product` WHERE `product_id` = 2 LIMIT 1   [ RunTime:0.0001s ]
SQL: SELECT * FROM `bj_cycle` WHERE `cycle_id` = 1 LIMIT 1   [ RunTime:0.0001s ]
SQL: SELECT * FROM `bj_staff` WHERE `staff_id` = 7 LIMIT 1   [ RunTime:0.0001s ]
SQL: SELECT * FROM `bj_staff` WHERE `staff_id` = 5 LIMIT 1   [ RunTime:0.0001s ]
SQL: SELECT COUNT(*) AS tp_count FROM `bj_repayments` WHERE `loan_id` = 9 LIMIT 1   [ RunTime:0.0001s ]
SQL: SELECT SUM(r_money) AS tp_sum FROM `bj_repayments` WHERE `loan_id` = 9 LIMIT 1   [ RunTime:0.0001s ]
SQL: SELECT * FROM `bj_customer` WHERE `id` = 11 LIMIT 1   [ RunTime:0.0001s ]
SQL: SELECT * FROM `bj_product` WHERE `product_id` = 1 LIMIT 1   [ RunTime:0.0001s ]
SQL: SELECT * FROM `bj_cycle` WHERE `cycle_id` = 2 LIMIT 1   [ RunTime:0.0001s ]
SQL: SELECT * FROM `bj_staff` WHERE `staff_id` = 5 LIMIT 1   [ RunTime:0.0001s ]
SQL: SELECT * FROM `bj_staff` WHERE `staff_id` = 3 LIMIT 1   [ RunTime:0.0001s ]
SQL: SELECT COUNT(*) AS tp_count FROM `bj_repayments` WHERE `loan_id` = 11 LIMIT 1   [ RunTime:0.0001s ]
SQL: SELECT SUM(r_money) AS tp_sum FROM `bj_repayments` WHERE `loan_id` = 11 LIMIT 1   [ RunTime:0.0001s ]
SQL: SELECT * FROM `bj_customer` WHERE `id` = 13 LIMIT 1   [ RunTime:0.0001s ]
SQL: SELECT * FROM `bj_product` WHERE `product_id` = 2 LIMIT 1   [ RunTime:0.0001s ]
SQL: SELECT * FROM `bj_cycle` WHERE `cycle_id` = 1 LIMIT 1   [ RunTime:0.0001s ]
SQL: SELECT * FROM `bj_staff` WHERE `staff_id` = 3 LIMIT 1   [ RunTime:0.0001s ]
SQL: SELECT * FROM `bj_staff` WHERE `staff_id` = 3 LIMIT 1   [ RunTime:0.0001s ]
SQL: SELECT COUNT(*) AS tp_count FROM `bj_repayments` WHERE `loan_id` = 12 LIMIT 1   [ RunTime:0.0001s ]
SQL: SELECT SUM(r_money) AS tp_sum FROM `bj_repayments` WHERE `loan_id` = 12 LIMIT 1   [ RunTime:0.0001s ]
SQL: SELECT * FROM `bj_customer` WHERE `id` = 14 LIMIT 1   [ RunTime:0.0001s ]
SQL: SELECT * FROM `bj_product` WHERE `product_id` = 1 LIMIT 1   [ RunTime:0.0001s ]
SQL: SELECT * FROM `bj_cycle` WHERE `cycle_id` = 2 LIMIT 1   [ RunTime:0.0001s ]
SQL: SELECT * FROM `bj_staff` WHERE `staff_id` = 5 LIMIT 1   [ RunTime:0.0001s ]
SQL: SELECT * FROM `bj_staff` WHERE `staff_id` = 5 LIMIT 1   [ RunTime:0.0001s ]
INFO: [ view_parse ] --START--
INFO: [ template_filter ] --START--
INFO: Run Behavior\ContentReplaceBehavior [ RunTime:0.000142s ]
INFO: [ template_filter ] --END-- [ RunTime:0.000166s ]
NOTIC: [8] Undefined variable: Think /Work/wwwroot/baojutouzi.com/Application/Runtime/Cache/Home/67d6cdd0cc4f72cad38240f6e53499de.php 第 344 行.
NOTIC: [8] Undefined variable: Think /Work/wwwroot/baojutouzi.com/Application/Runtime/Cache/Home/67d6cdd0cc4f72cad38240f6e53499de.php 第 344 行.
NOTIC: [8] Undefined index: selected /Work/wwwroot/baojutouzi.com/Application/Runtime/Cache/Home/67d6cdd0cc4f72cad38240f6e53499de.php 第 539 行.
NOTIC: [8] Undefined index: selected /Work/wwwroot/baojutouzi.com/Application/Runtime/Cache/Home/67d6cdd0cc4f72cad38240f6e53499de.php 第 539 行.
NOTIC: [8] Undefined index: selected /Work/wwwroot/baojutouzi.com/Application/Runtime/Cache/Home/67d6cdd0cc4f72cad38240f6e53499de.php 第 539 行.
NOTIC: [8] Undefined index: selected /Work/wwwroot/baojutouzi.com/Application/Runtime/Cache/Home/67d6cdd0cc4f72cad38240f6e53499de.php 第 539 行.
NOTIC: [8] Undefined index: selected /Work/wwwroot/baojutouzi.com/Application/Runtime/Cache/Home/67d6cdd0cc4f72cad38240f6e53499de.php 第 539 行.
NOTIC: [8] Undefined index: selected /Work/wwwroot/baojutouzi.com/Application/Runtime/Cache/Home/67d6cdd0cc4f72cad38240f6e53499de.php 第 539 行.
NOTIC: [8] Undefined index: selected /Work/wwwroot/baojutouzi.com/Application/Runtime/Cache/Home/67d6cdd0cc4f72cad38240f6e53499de.php 第 539 行.
NOTIC: [8] Undefined index: selected /Work/wwwroot/baojutouzi.com/Application/Runtime/Cache/Home/67d6cdd0cc4f72cad38240f6e53499de.php 第 539 行.
NOTIC: [8] Undefined index: selected /Work/wwwroot/baojutouzi.com/Application/Runtime/Cache/Home/67d6cdd0cc4f72cad38240f6e53499de.php 第 539 行.
NOTIC: [8] Undefined index: selected /Work/wwwroot/baojutouzi.com/Application/Runtime/Cache/Home/67d6cdd0cc4f72cad38240f6e53499de.php 第 539 行.
NOTIC: [8] Undefined index: selected /Work/wwwroot/baojutouzi.com/Application/Runtime/Cache/Home/67d6cdd0cc4f72cad38240f6e53499de.php 第 539 行.
NOTIC: [8] Undefined index: selected /Work/wwwroot/baojutouzi.com/Application/Runtime/Cache/Home/67d6cdd0cc4f72cad38240f6e53499de.php 第 539 行.
NOTIC: [8] Undefined index: selected /Work/wwwroot/baojutouzi.com/Application/Runtime/Cache/Home/67d6cdd0cc4f72cad38240f6e53499de.php 第 539 行.
NOTIC: [8] Undefined index: selected /Work/wwwroot/baojutouzi.com/Application/Runtime/Cache/Home/67d6cdd0cc4f72cad38240f6e53499de.php 第 539 行.
NOTIC: [8] Undefined index: selected /Work/wwwroot/baojutouzi.com/Application/Runtime/Cache/Home/67d6cdd0cc4f72cad38240f6e53499de.php 第 539 行.
NOTIC: [8] Undefined index: selected /Work/wwwroot/baojutouzi.com/Application/Runtime/Cache/Home/67d6cdd0cc4f72cad38240f6e53499de.php 第 539 行.
NOTIC: [8] Undefined index: selected /Work/wwwroot/baojutouzi.com/Application/Runtime/Cache/Home/67d6cdd0cc4f72cad38240f6e53499de.php 第 548 行.
NOTIC: [8] Undefined index: selected /Work/wwwroot/baojutouzi.com/Application/Runtime/Cache/Home/67d6cdd0cc4f72cad38240f6e53499de.php 第 548 行.
NOTIC: [8] Undefined index: selected /Work/wwwroot/baojutouzi.com/Application/Runtime/Cache/Home/67d6cdd0cc4f72cad38240f6e53499de.php 第 548 行.
NOTIC: [8] Undefined index: selected /Work/wwwroot/baojutouzi.com/Application/Runtime/Cache/Home/67d6cdd0cc4f72cad38240f6e53499de.php 第 548 行.
NOTIC: [8] Undefined index: selected /Work/wwwroot/baojutouzi.com/Application/Runtime/Cache/Home/67d6cdd0cc4f72cad38240f6e53499de.php 第 548 行.
NOTIC: [8] Undefined index: selected /Work/wwwroot/baojutouzi.com/Application/Runtime/Cache/Home/67d6cdd0cc4f72cad38240f6e53499de.php 第 557 行.
NOTIC: [8] Undefined index: selected /Work/wwwroot/baojutouzi.com/Application/Runtime/Cache/Home/67d6cdd0cc4f72cad38240f6e53499de.php 第 557 行.
NOTIC: [8] Undefined index: selected /Work/wwwroot/baojutouzi.com/Application/Runtime/Cache/Home/67d6cdd0cc4f72cad38240f6e53499de.php 第 557 行.
NOTIC: [8] Undefined index: selected /Work/wwwroot/baojutouzi.com/Application/Runtime/Cache/Home/67d6cdd0cc4f72cad38240f6e53499de.php 第 557 行.
NOTIC: [8] Undefined index: selected /Work/wwwroot/baojutouzi.com/Application/Runtime/Cache/Home/67d6cdd0cc4f72cad38240f6e53499de.php 第 557 行.
NOTIC: [8] Undefined index: selected /Work/wwwroot/baojutouzi.com/Application/Runtime/Cache/Home/67d6cdd0cc4f72cad38240f6e53499de.php 第 576 行.
NOTIC: [8] Undefined index: selected /Work/wwwroot/baojutouzi.com/Application/Runtime/Cache/Home/67d6cdd0cc4f72cad38240f6e53499de.php 第 576 行.
NOTIC: [8] Undefined index: selected /Work/wwwroot/baojutouzi.com/Application/Runtime/Cache/Home/67d6cdd0cc4f72cad38240f6e53499de.php 第 576 行.
NOTIC: [8] Undefined variable: input_datepicker /Work/wwwroot/baojutouzi.com/Application/Runtime/Cache/Home/67d6cdd0cc4f72cad38240f6e53499de.php 第 584 行.
INFO: Run Behavior\ParseTemplateBehavior [ RunTime:0.033262s ]
INFO: [ view_parse ] --END-- [ RunTime:0.033275s ]
INFO: [ view_filter ] --START--
INFO: Run Behavior\WriteHtmlCacheBehavior [ RunTime:0.000098s ]
INFO: [ view_filter ] --END-- [ RunTime:0.000107s ]
INFO: [ app_end ] --START--
INFO: Run Behavior\ShowPageTraceBehavior [ RunTime:0.000236s ]
INFO: [ app_end ] --END-- [ RunTime:0.000248s ]

[ 2017-12-06T22:22:48+08:00 ] 127.0.0.1 /index.php?m=home&c=loan&a=daoru
INFO: [ app_init ] --START--
INFO: Run Behavior\BuildLiteBehavior [ RunTime:0.000005s ]
INFO: [ app_init ] --END-- [ RunTime:0.000144s ]
INFO: [ app_begin ] --START--
INFO: Run Behavior\ReadHtmlCacheBehavior [ RunTime:0.000183s ]
INFO: [ app_begin ] --END-- [ RunTime:0.000197s ]
SQL: SHOW COLUMNS FROM `bj_admin` [ RunTime:0.0006s ]
SQL: SELECT * FROM `bj_admin` WHERE `user_id` = 1 LIMIT 1   [ RunTime:0.0003s ]
ERR: 非法操作:daoru

[ 2017-12-06T22:23:24+08:00 ] 127.0.0.1 /index.php?m=home&c=index&a=daoru
INFO: [ app_init ] --START--
INFO: Run Behavior\BuildLiteBehavior [ RunTime:0.000007s ]
INFO: [ app_init ] --END-- [ RunTime:0.000214s ]
INFO: [ app_begin ] --START--
INFO: Run Behavior\ReadHtmlCacheBehavior [ RunTime:0.000244s ]
INFO: [ app_begin ] --END-- [ RunTime:0.000260s ]
SQL: SHOW COLUMNS FROM `bj_admin` [ RunTime:0.0004s ]
SQL: SELECT * FROM `bj_admin` WHERE `user_id` = 1 LIMIT 1   [ RunTime:0.0002s ]
INFO: [ app_end ] --START--
INFO: Run Behavior\ShowPageTraceBehavior [ RunTime:0.000526s ]
INFO: [ app_end ] --END-- [ RunTime:0.000570s ]

[ 2017-12-06T22:25:05+08:00 ] 127.0.0.1 /index.php?m=home&c=index&a=daoru
INFO: [ app_init ] --START--
INFO: Run Behavior\BuildLiteBehavior [ RunTime:0.000008s ]
INFO: [ app_init ] --END-- [ RunTime:0.000184s ]
INFO: [ app_begin ] --START--
INFO: Run Behavior\ReadHtmlCacheBehavior [ RunTime:0.000234s ]
INFO: [ app_begin ] --END-- [ RunTime:0.000252s ]
SQL: SHOW COLUMNS FROM `bj_admin` [ RunTime:0.0004s ]
SQL: SELECT * FROM `bj_admin` WHERE `user_id` = 1 LIMIT 1   [ RunTime:0.0002s ]
INFO: [ app_end ] --START--
INFO: Run Behavior\ShowPageTraceBehavior [ RunTime:0.000537s ]
INFO: [ app_end ] --END-- [ RunTime:0.000670s ]

[ 2017-12-06T22:25:15+08:00 ] 127.0.0.1 /index.php?m=home&c=index&a=daoru
INFO: [ app_init ] --START--
INFO: Run Behavior\BuildLiteBehavior [ RunTime:0.000007s ]
INFO: [ app_init ] --END-- [ RunTime:0.000183s ]
INFO: [ app_begin ] --START--
INFO: Run Behavior\ReadHtmlCacheBehavior [ RunTime:0.000346s ]
INFO: [ app_begin ] --END-- [ RunTime:0.000425s ]
SQL: SHOW COLUMNS FROM `bj_admin` [ RunTime:0.0005s ]
SQL: SELECT * FROM `bj_admin` WHERE `user_id` = 1 LIMIT 1   [ RunTime:0.0002s ]
INFO: [ app_end ] --START--
INFO: Run Behavior\ShowPageTraceBehavior [ RunTime:0.000574s ]
INFO: [ app_end ] --END-- [ RunTime:0.000609s ]

