[ 2018-01-19T16:30:46+08:00 ] 127.0.0.1 /index.php?m=home&c=message&a=index
INFO: [ app_init ] --START--
INFO: Run Behavior\BuildLiteBehavior [ RunTime:0.000007s ]
INFO: [ app_init ] --END-- [ RunTime:0.000426s ]
INFO: [ app_begin ] --START--
INFO: Run Behavior\ReadHtmlCacheBehavior [ RunTime:0.000504s ]
INFO: [ app_begin ] --END-- [ RunTime:0.000519s ]
SQL: SHOW COLUMNS FROM `bj_admin` [ RunTime:0.0006s ]
SQL: SELECT * FROM `bj_admin` WHERE `user_id` = 3 LIMIT 1   [ RunTime:0.0003s ]
SQL: SHOW COLUMNS FROM `bj_company` [ RunTime:0.0004s ]
SQL: SELECT * FROM `bj_company`  [ RunTime:0.0003s ]
SQL: SELECT * FROM `bj_admin` WHERE `user_id` = 3 LIMIT 1   [ RunTime:0.0002s ]
SQL: SHOW COLUMNS FROM `bj_customer` [ RunTime:0.0005s ]
SQL: SELECT * FROM `bj_customer` WHERE `company_id` IN ('1','2','3','4') AND `status` <> -1 AND `is_delete` <> 1 ORDER BY create_time desc  [ RunTime:0.0032s ]
SQL: SHOW COLUMNS FROM `bj_message` [ RunTime:0.0004s ]
SQL: SELECT * FROM `bj_message` WHERE `gmt_create` BETWEEN '2018-01-01 00:00:00' AND '2018-01-31 23:59:59' AND `company_id` IN ('1','2','3','4') ORDER BY gmt_create desc LIMIT 0,10   [ RunTime:0.0004s ]
SQL: SELECT COUNT(*) AS tp_count FROM `bj_message` WHERE `gmt_create` BETWEEN '2018-01-01 00:00:00' AND '2018-01-31 23:59:59' AND `company_id` IN ('1','2','3','4') LIMIT 1   [ RunTime:0.0002s ]
SQL: SELECT * FROM `bj_message` WHERE `gmt_create` BETWEEN '2018-01-01 00:00:00' AND '2018-01-31 23:59:59' AND `company_id` IN ('1','2','3','4') ORDER BY gmt_create desc  [ RunTime:0.0008s ]
SQL: SELECT * FROM `bj_company` WHERE `company_id` = 1 LIMIT 1   [ RunTime:0.0002s ]
SQL: SELECT * FROM `bj_customer` WHERE `id` = 948 LIMIT 1   [ RunTime:0.0001s ]
SQL: SELECT * FROM `bj_company` WHERE `company_id` = 1 LIMIT 1   [ RunTime:0.0001s ]
SQL: SELECT * FROM `bj_customer` WHERE `id` = 996 LIMIT 1   [ RunTime:0.0001s ]
SQL: SELECT * FROM `bj_company` WHERE `company_id` = 1 LIMIT 1   [ RunTime:0.0001s ]
SQL: SELECT * FROM `bj_customer` WHERE `id` = 994 LIMIT 1   [ RunTime:0.0001s ]
SQL: SELECT * FROM `bj_company` WHERE `company_id` = 1 LIMIT 1   [ RunTime:0.0001s ]
SQL: SELECT * FROM `bj_customer` WHERE `id` = 987 LIMIT 1   [ RunTime:0.0001s ]
SQL: SELECT * FROM `bj_company` WHERE `company_id` = 1 LIMIT 1   [ RunTime:0.0001s ]
SQL: SELECT * FROM `bj_customer` WHERE `id` = 948 LIMIT 1   [ RunTime:0.0001s ]
SQL: SELECT * FROM `bj_company` WHERE `company_id` = 1 LIMIT 1   [ RunTime:0.0001s ]
SQL: SELECT * FROM `bj_customer` WHERE `id` = 946 LIMIT 1   [ RunTime:0.0001s ]
SQL: SELECT * FROM `bj_company` WHERE `company_id` = 1 LIMIT 1   [ RunTime:0.0001s ]
SQL: SELECT * FROM `bj_customer` WHERE `id` = 944 LIMIT 1   [ RunTime:0.0001s ]
SQL: SELECT * FROM `bj_company` WHERE `company_id` = 1 LIMIT 1   [ RunTime:0.0001s ]
SQL: SELECT * FROM `bj_customer` WHERE `id` = 943 LIMIT 1   [ RunTime:0.0001s ]
SQL: SELECT * FROM `bj_company` WHERE `company_id` = 2 LIMIT 1   [ RunTime:0.0001s ]
SQL: SELECT * FROM `bj_customer` WHERE `id` = 940 LIMIT 1   [ RunTime:0.0001s ]
SQL: SELECT * FROM `bj_company` WHERE `company_id` = 2 LIMIT 1   [ RunTime:0.0001s ]
SQL: SELECT * FROM `bj_customer` WHERE `id` = 947 LIMIT 1   [ RunTime:0.0001s ]
INFO: [ view_parse ] --START--
INFO: [ template_filter ] --START--
INFO: Run Behavior\ContentReplaceBehavior [ RunTime:0.000097s ]
INFO: [ template_filter ] --END-- [ RunTime:0.000113s ]
NOTIC: [8] Undefined variable: Think /Work/wwwroot/baojutouzi.com/Application/Runtime/Cache/Home/455a6242d1c94ccc41106a388080363b.php 第 346 行.
NOTIC: [8] Undefined variable: Think /Work/wwwroot/baojutouzi.com/Application/Runtime/Cache/Home/455a6242d1c94ccc41106a388080363b.php 第 346 行.
NOTIC: [8] Undefined variable: input_customer_phone /Work/wwwroot/baojutouzi.com/Application/Runtime/Cache/Home/455a6242d1c94ccc41106a388080363b.php 第 604 行.
NOTIC: [8] Undefined variable: repayment /Work/wwwroot/baojutouzi.com/Application/Runtime/Cache/Home/455a6242d1c94ccc41106a388080363b.php 第 667 行.
NOTIC: [8] Undefined variable: repayment /Work/wwwroot/baojutouzi.com/Application/Runtime/Cache/Home/455a6242d1c94ccc41106a388080363b.php 第 668 行.
NOTIC: [8] Undefined variable: repayment /Work/wwwroot/baojutouzi.com/Application/Runtime/Cache/Home/455a6242d1c94ccc41106a388080363b.php 第 667 行.
NOTIC: [8] Undefined variable: repayment /Work/wwwroot/baojutouzi.com/Application/Runtime/Cache/Home/455a6242d1c94ccc41106a388080363b.php 第 668 行.
NOTIC: [8] Undefined variable: repayment /Work/wwwroot/baojutouzi.com/Application/Runtime/Cache/Home/455a6242d1c94ccc41106a388080363b.php 第 667 行.
NOTIC: [8] Undefined variable: repayment /Work/wwwroot/baojutouzi.com/Application/Runtime/Cache/Home/455a6242d1c94ccc41106a388080363b.php 第 668 行.
NOTIC: [8] Undefined variable: repayment /Work/wwwroot/baojutouzi.com/Application/Runtime/Cache/Home/455a6242d1c94ccc41106a388080363b.php 第 667 行.
NOTIC: [8] Undefined variable: repayment /Work/wwwroot/baojutouzi.com/Application/Runtime/Cache/Home/455a6242d1c94ccc41106a388080363b.php 第 668 行.
NOTIC: [8] Undefined variable: repayment /Work/wwwroot/baojutouzi.com/Application/Runtime/Cache/Home/455a6242d1c94ccc41106a388080363b.php 第 667 行.
NOTIC: [8] Undefined variable: repayment /Work/wwwroot/baojutouzi.com/Application/Runtime/Cache/Home/455a6242d1c94ccc41106a388080363b.php 第 668 行.
NOTIC: [8] Undefined variable: repayment /Work/wwwroot/baojutouzi.com/Application/Runtime/Cache/Home/455a6242d1c94ccc41106a388080363b.php 第 667 行.
NOTIC: [8] Undefined variable: repayment /Work/wwwroot/baojutouzi.com/Application/Runtime/Cache/Home/455a6242d1c94ccc41106a388080363b.php 第 668 行.
NOTIC: [8] Undefined variable: repayment /Work/wwwroot/baojutouzi.com/Application/Runtime/Cache/Home/455a6242d1c94ccc41106a388080363b.php 第 667 行.
NOTIC: [8] Undefined variable: repayment /Work/wwwroot/baojutouzi.com/Application/Runtime/Cache/Home/455a6242d1c94ccc41106a388080363b.php 第 668 行.
NOTIC: [8] Undefined variable: repayment /Work/wwwroot/baojutouzi.com/Application/Runtime/Cache/Home/455a6242d1c94ccc41106a388080363b.php 第 667 行.
NOTIC: [8] Undefined variable: repayment /Work/wwwroot/baojutouzi.com/Application/Runtime/Cache/Home/455a6242d1c94ccc41106a388080363b.php 第 668 行.
NOTIC: [8] Undefined variable: repayment /Work/wwwroot/baojutouzi.com/Application/Runtime/Cache/Home/455a6242d1c94ccc41106a388080363b.php 第 667 行.
NOTIC: [8] Undefined variable: repayment /Work/wwwroot/baojutouzi.com/Application/Runtime/Cache/Home/455a6242d1c94ccc41106a388080363b.php 第 668 行.
NOTIC: [8] Undefined variable: repayment /Work/wwwroot/baojutouzi.com/Application/Runtime/Cache/Home/455a6242d1c94ccc41106a388080363b.php 第 667 行.
NOTIC: [8] Undefined variable: repayment /Work/wwwroot/baojutouzi.com/Application/Runtime/Cache/Home/455a6242d1c94ccc41106a388080363b.php 第 668 行.
INFO: Run Behavior\ParseTemplateBehavior [ RunTime:0.011691s ]
INFO: [ view_parse ] --END-- [ RunTime:0.011707s ]
INFO: [ view_filter ] --START--
INFO: Run Behavior\WriteHtmlCacheBehavior [ RunTime:0.000804s ]
INFO: [ view_filter ] --END-- [ RunTime:0.000819s ]
INFO: [ app_end ] --START--
INFO: Run Behavior\ShowPageTraceBehavior [ RunTime:0.041471s ]
INFO: [ app_end ] --END-- [ RunTime:0.041519s ]

[ 2018-01-19T16:30:50+08:00 ] 127.0.0.1 /index.php?m=home&c=customer&a=getCustomerByID
INFO: [ app_init ] --START--
INFO: Run Behavior\BuildLiteBehavior [ RunTime:0.000006s ]
INFO: [ app_init ] --END-- [ RunTime:0.000155s ]
INFO: [ app_begin ] --START--
INFO: Run Behavior\ReadHtmlCacheBehavior [ RunTime:0.000203s ]
INFO: [ app_begin ] --END-- [ RunTime:0.000216s ]
SQL: SHOW COLUMNS FROM `bj_admin` [ RunTime:0.0005s ]
SQL: SELECT * FROM `bj_admin` WHERE `user_id` = 3 LIMIT 1   [ RunTime:0.0003s ]
SQL: SHOW COLUMNS FROM `bj_customer` [ RunTime:0.0004s ]
SQL: SELECT * FROM `bj_customer` WHERE `id` = 1098 LIMIT 1   [ RunTime:0.0002s ]
SQL: SHOW COLUMNS FROM `bj_company` [ RunTime:0.0003s ]
SQL: SELECT * FROM `bj_company` WHERE `company_id` = 4 LIMIT 1   [ RunTime:0.0002s ]

[ 2018-01-19T16:30:58+08:00 ] 127.0.0.1 /index.php?m=home&c=customer&a=getCustomerByID
INFO: [ app_init ] --START--
INFO: Run Behavior\BuildLiteBehavior [ RunTime:0.000007s ]
INFO: [ app_init ] --END-- [ RunTime:0.000186s ]
INFO: [ app_begin ] --START--
INFO: Run Behavior\ReadHtmlCacheBehavior [ RunTime:0.000241s ]
INFO: [ app_begin ] --END-- [ RunTime:0.000257s ]
SQL: SHOW COLUMNS FROM `bj_admin` [ RunTime:0.0004s ]
SQL: SELECT * FROM `bj_admin` WHERE `user_id` = 3 LIMIT 1   [ RunTime:0.0003s ]
SQL: SHOW COLUMNS FROM `bj_customer` [ RunTime:0.0004s ]
SQL: SELECT * FROM `bj_customer` WHERE `id` = 947 LIMIT 1   [ RunTime:0.0002s ]
SQL: SHOW COLUMNS FROM `bj_company` [ RunTime:0.0003s ]
SQL: SELECT * FROM `bj_company` WHERE `company_id` = 2 LIMIT 1   [ RunTime:0.0002s ]

[ 2018-01-19T16:31:04+08:00 ] 127.0.0.1 /index.php?m=home&c=customer&a=getCustomerByID
INFO: [ app_init ] --START--
INFO: Run Behavior\BuildLiteBehavior [ RunTime:0.000007s ]
INFO: [ app_init ] --END-- [ RunTime:0.000200s ]
INFO: [ app_begin ] --START--
INFO: Run Behavior\ReadHtmlCacheBehavior [ RunTime:0.000257s ]
INFO: [ app_begin ] --END-- [ RunTime:0.000273s ]
SQL: SHOW COLUMNS FROM `bj_admin` [ RunTime:0.0004s ]
SQL: SELECT * FROM `bj_admin` WHERE `user_id` = 3 LIMIT 1   [ RunTime:0.0002s ]
SQL: SHOW COLUMNS FROM `bj_customer` [ RunTime:0.0004s ]
SQL: SELECT * FROM `bj_customer` WHERE `id` = 902 LIMIT 1   [ RunTime:0.0002s ]
SQL: SHOW COLUMNS FROM `bj_company` [ RunTime:0.0004s ]
SQL: SELECT * FROM `bj_company` WHERE `company_id` = 2 LIMIT 1   [ RunTime:0.0002s ]

[ 2018-01-19T16:34:11+08:00 ] 127.0.0.1 /index.php?m=home&c=staff&a=index
INFO: [ app_init ] --START--
INFO: Run Behavior\BuildLiteBehavior [ RunTime:0.000005s ]
INFO: [ app_init ] --END-- [ RunTime:0.000152s ]
INFO: [ app_begin ] --START--
INFO: Run Behavior\ReadHtmlCacheBehavior [ RunTime:0.000209s ]
INFO: [ app_begin ] --END-- [ RunTime:0.000223s ]
SQL: SHOW COLUMNS FROM `bj_admin` [ RunTime:0.0004s ]
SQL: SELECT * FROM `bj_admin` WHERE `user_id` = 3 LIMIT 1   [ RunTime:0.0002s ]
SQL: SHOW COLUMNS FROM `bj_department` [ RunTime:0.0004s ]
SQL: SELECT * FROM `bj_department`  [ RunTime:0.0002s ]
SQL: SHOW COLUMNS FROM `bj_company` [ RunTime:0.0003s ]
SQL: SELECT * FROM `bj_company`  [ RunTime:0.0002s ]
SQL: SELECT * FROM `bj_admin` WHERE `user_id` = 3 LIMIT 1   [ RunTime:0.0002s ]
SQL: SHOW COLUMNS FROM `bj_staff` [ RunTime:0.0005s ]
SQL: SELECT * FROM `bj_staff` WHERE `company_id` IN ('1','2','3','4') ORDER BY create_time desc LIMIT 0,10   [ RunTime:0.0004s ]
SQL: SELECT COUNT(*) AS tp_count FROM `bj_staff` WHERE `company_id` IN ('1','2','3','4') LIMIT 1   [ RunTime:0.0002s ]
SQL: SELECT * FROM `bj_department` WHERE `department_id` = 7 LIMIT 1   [ RunTime:0.0002s ]
SQL: SELECT * FROM `bj_company` WHERE `company_id` = 3 LIMIT 1   [ RunTime:0.0001s ]
SQL: SELECT * FROM `bj_department` WHERE `department_id` = 6 LIMIT 1   [ RunTime:0.0001s ]
SQL: SELECT * FROM `bj_company` WHERE `company_id` = 3 LIMIT 1   [ RunTime:0.0001s ]
SQL: SELECT * FROM `bj_department` WHERE `department_id` = 6 LIMIT 1   [ RunTime:0.0001s ]
SQL: SELECT * FROM `bj_company` WHERE `company_id` = 3 LIMIT 1   [ RunTime:0.0001s ]
SQL: SELECT * FROM `bj_department` WHERE `department_id` = 6 LIMIT 1   [ RunTime:0.0001s ]
SQL: SELECT * FROM `bj_company` WHERE `company_id` = 4 LIMIT 1   [ RunTime:0.0002s ]
SQL: SELECT * FROM `bj_department` WHERE `department_id` = 1 LIMIT 1   [ RunTime:0.0001s ]
SQL: SELECT * FROM `bj_company` WHERE `company_id` = 3 LIMIT 1   [ RunTime:0.0001s ]
SQL: SELECT * FROM `bj_department` WHERE `department_id` = 6 LIMIT 1   [ RunTime:0.0001s ]
SQL: SELECT * FROM `bj_company` WHERE `company_id` = 4 LIMIT 1   [ RunTime:0.0001s ]
SQL: SELECT * FROM `bj_department` WHERE `department_id` = 7 LIMIT 1   [ RunTime:0.0001s ]
SQL: SELECT * FROM `bj_company` WHERE `company_id` = 3 LIMIT 1   [ RunTime:0.0001s ]
SQL: SELECT * FROM `bj_department` WHERE `department_id` = 7 LIMIT 1   [ RunTime:0.0002s ]
SQL: SELECT * FROM `bj_company` WHERE `company_id` = 3 LIMIT 1   [ RunTime:0.0001s ]
SQL: SELECT * FROM `bj_department` WHERE `department_id` = 7 LIMIT 1   [ RunTime:0.0001s ]
SQL: SELECT * FROM `bj_company` WHERE `company_id` = 4 LIMIT 1   [ RunTime:0.0002s ]
SQL: SELECT * FROM `bj_department` WHERE `department_id` = 7 LIMIT 1   [ RunTime:0.0001s ]
SQL: SELECT * FROM `bj_company` WHERE `company_id` = 4 LIMIT 1   [ RunTime:0.0001s ]
INFO: [ view_parse ] --START--
INFO: [ template_filter ] --START--
INFO: Run Behavior\ContentReplaceBehavior [ RunTime:0.000134s ]
INFO: [ template_filter ] --END-- [ RunTime:0.000157s ]
NOTIC: [8] Undefined variable: Think /Work/wwwroot/baojutouzi.com/Application/Runtime/Cache/Home/5673efea18de54beca1404fb76cb2e39.php 第 346 行.
NOTIC: [8] Undefined variable: Think /Work/wwwroot/baojutouzi.com/Application/Runtime/Cache/Home/5673efea18de54beca1404fb76cb2e39.php 第 346 行.
NOTIC: [8] Undefined variable: input_name /Work/wwwroot/baojutouzi.com/Application/Runtime/Cache/Home/5673efea18de54beca1404fb76cb2e39.php 第 603 行.
NOTIC: [8] Undefined variable: input_phone /Work/wwwroot/baojutouzi.com/Application/Runtime/Cache/Home/5673efea18de54beca1404fb76cb2e39.php 第 608 行.
NOTIC: [8] Undefined variable: input_idcard /Work/wwwroot/baojutouzi.com/Application/Runtime/Cache/Home/5673efea18de54beca1404fb76cb2e39.php 第 613 行.
NOTIC: [8] Undefined index: selected /Work/wwwroot/baojutouzi.com/Application/Runtime/Cache/Home/5673efea18de54beca1404fb76cb2e39.php 第 619 行.
NOTIC: [8] Undefined index: selected /Work/wwwroot/baojutouzi.com/Application/Runtime/Cache/Home/5673efea18de54beca1404fb76cb2e39.php 第 619 行.
NOTIC: [8] Undefined index: selected /Work/wwwroot/baojutouzi.com/Application/Runtime/Cache/Home/5673efea18de54beca1404fb76cb2e39.php 第 619 行.
NOTIC: [8] Undefined index: selected /Work/wwwroot/baojutouzi.com/Application/Runtime/Cache/Home/5673efea18de54beca1404fb76cb2e39.php 第 619 行.
NOTIC: [8] Undefined index: selected /Work/wwwroot/baojutouzi.com/Application/Runtime/Cache/Home/5673efea18de54beca1404fb76cb2e39.php 第 619 行.
NOTIC: [8] Undefined index: selected /Work/wwwroot/baojutouzi.com/Application/Runtime/Cache/Home/5673efea18de54beca1404fb76cb2e39.php 第 619 行.
NOTIC: [8] Undefined index: selected /Work/wwwroot/baojutouzi.com/Application/Runtime/Cache/Home/5673efea18de54beca1404fb76cb2e39.php 第 619 行.
NOTIC: [8] Undefined index: selected /Work/wwwroot/baojutouzi.com/Application/Runtime/Cache/Home/5673efea18de54beca1404fb76cb2e39.php 第 638 行.
NOTIC: [8] Undefined index: selected /Work/wwwroot/baojutouzi.com/Application/Runtime/Cache/Home/5673efea18de54beca1404fb76cb2e39.php 第 638 行.
NOTIC: [8] Undefined variable: input_datepicker /Work/wwwroot/baojutouzi.com/Application/Runtime/Cache/Home/5673efea18de54beca1404fb76cb2e39.php 第 646 行.
INFO: Run Behavior\ParseTemplateBehavior [ RunTime:0.013852s ]
INFO: [ view_parse ] --END-- [ RunTime:0.013872s ]
INFO: [ view_filter ] --START--
INFO: Run Behavior\WriteHtmlCacheBehavior [ RunTime:0.000130s ]
INFO: [ view_filter ] --END-- [ RunTime:0.000141s ]
INFO: [ app_end ] --START--
INFO: Run Behavior\ShowPageTraceBehavior [ RunTime:0.000294s ]
INFO: [ app_end ] --END-- [ RunTime:0.000332s ]

[ 2018-01-19T16:34:22+08:00 ] 127.0.0.1 /index.php?m=home&c=customer&a=add
INFO: [ app_init ] --START--
INFO: Run Behavior\BuildLiteBehavior [ RunTime:0.000006s ]
INFO: [ app_init ] --END-- [ RunTime:0.000187s ]
INFO: [ app_begin ] --START--
INFO: Run Behavior\ReadHtmlCacheBehavior [ RunTime:0.000316s ]
INFO: [ app_begin ] --END-- [ RunTime:0.000334s ]
SQL: SHOW COLUMNS FROM `bj_admin` [ RunTime:0.0004s ]
SQL: SELECT * FROM `bj_admin` WHERE `user_id` = 3 LIMIT 1   [ RunTime:0.0002s ]
SQL: SHOW COLUMNS FROM `bj_company` [ RunTime:0.0003s ]
SQL: SELECT * FROM `bj_company`  [ RunTime:0.0002s ]
SQL: SELECT * FROM `bj_admin` WHERE `user_id` = 3 LIMIT 1   [ RunTime:0.0002s ]
SQL: SHOW COLUMNS FROM `bj_staff` [ RunTime:0.0005s ]
SQL: SELECT * FROM `bj_staff` WHERE `company_id` IN ('1','2','3','4') AND `staff_status` <> -1  [ RunTime:0.0005s ]
INFO: [ view_parse ] --START--
INFO: [ template_filter ] --START--
INFO: Run Behavior\ContentReplaceBehavior [ RunTime:0.000102s ]
INFO: [ template_filter ] --END-- [ RunTime:0.000127s ]
NOTIC: [8] Undefined variable: Think /Work/wwwroot/baojutouzi.com/Application/Runtime/Cache/Home/b0e6b55275fb1c8ce32bff965ba58eae.php 第 346 行.
NOTIC: [8] Undefined variable: Think /Work/wwwroot/baojutouzi.com/Application/Runtime/Cache/Home/b0e6b55275fb1c8ce32bff965ba58eae.php 第 346 行.
INFO: Run Behavior\ParseTemplateBehavior [ RunTime:0.014973s ]
INFO: [ view_parse ] --END-- [ RunTime:0.014993s ]
INFO: [ view_filter ] --START--
INFO: Run Behavior\WriteHtmlCacheBehavior [ RunTime:0.000182s ]
INFO: [ view_filter ] --END-- [ RunTime:0.000199s ]
INFO: [ app_end ] --START--
INFO: Run Behavior\ShowPageTraceBehavior [ RunTime:0.000475s ]
INFO: [ app_end ] --END-- [ RunTime:0.000501s ]

[ 2018-01-19T16:34:23+08:00 ] 127.0.0.1 /index.php?m=home&c=customer&a=index
INFO: [ app_init ] --START--
INFO: Run Behavior\BuildLiteBehavior [ RunTime:0.000006s ]
INFO: [ app_init ] --END-- [ RunTime:0.000186s ]
INFO: [ app_begin ] --START--
INFO: Run Behavior\ReadHtmlCacheBehavior [ RunTime:0.000277s ]
INFO: [ app_begin ] --END-- [ RunTime:0.000296s ]
SQL: SHOW COLUMNS FROM `bj_admin` [ RunTime:0.0004s ]
SQL: SELECT * FROM `bj_admin` WHERE `user_id` = 3 LIMIT 1   [ RunTime:0.0002s ]
SQL: SHOW COLUMNS FROM `bj_company` [ RunTime:0.0003s ]
SQL: SELECT * FROM `bj_company`  [ RunTime:0.0001s ]
SQL: SELECT * FROM `bj_admin` WHERE `user_id` = 3 LIMIT 1   [ RunTime:0.0002s ]
SQL: SHOW COLUMNS FROM `bj_staff` [ RunTime:0.0004s ]
SQL: SELECT * FROM `bj_staff` WHERE `company_id` IN ('1','2','3','4') AND `staff_status` <> -1  [ RunTime:0.0005s ]
SQL: SHOW COLUMNS FROM `bj_customer` [ RunTime:0.0003s ]
SQL: SELECT * FROM `bj_customer` WHERE `company_id` IN ('1','2','3','4') AND `is_delete` <> 1 ORDER BY create_time desc LIMIT 0,10   [ RunTime:0.0006s ]
SQL: SELECT COUNT(*) AS tp_count FROM `bj_customer` WHERE `company_id` IN ('1','2','3','4') AND `is_delete` <> 1 LIMIT 1   [ RunTime:0.0004s ]
SQL: SELECT * FROM `bj_staff` WHERE `staff_id` = 82 LIMIT 1   [ RunTime:0.0002s ]
SQL: SELECT * FROM `bj_company` WHERE `company_id` = 2 LIMIT 1   [ RunTime:0.0002s ]
SQL: SELECT * FROM `bj_staff` WHERE `staff_id` = 127 LIMIT 1   [ RunTime:0.0002s ]
SQL: SELECT * FROM `bj_company` WHERE `company_id` = 4 LIMIT 1   [ RunTime:0.0001s ]
SQL: SELECT * FROM `bj_staff` WHERE `staff_id` = 118 LIMIT 1   [ RunTime:0.0002s ]
SQL: SELECT * FROM `bj_company` WHERE `company_id` = 3 LIMIT 1   [ RunTime:0.0001s ]
SQL: SELECT * FROM `bj_staff` WHERE `staff_id` = 118 LIMIT 1   [ RunTime:0.0002s ]
SQL: SELECT * FROM `bj_company` WHERE `company_id` = 3 LIMIT 1   [ RunTime:0.0002s ]
SQL: SELECT * FROM `bj_staff` WHERE `staff_id` = 104 LIMIT 1   [ RunTime:0.0002s ]
SQL: SELECT * FROM `bj_company` WHERE `company_id` = 4 LIMIT 1   [ RunTime:0.0001s ]
SQL: SELECT * FROM `bj_staff` WHERE `staff_id` = 111 LIMIT 1   [ RunTime:0.0002s ]
SQL: SELECT * FROM `bj_company` WHERE `company_id` = 3 LIMIT 1   [ RunTime:0.0002s ]
SQL: SELECT * FROM `bj_staff` WHERE `staff_id` = 94 LIMIT 1   [ RunTime:0.0002s ]
SQL: SELECT * FROM `bj_company` WHERE `company_id` = 1 LIMIT 1   [ RunTime:0.0001s ]
SQL: SELECT * FROM `bj_staff` WHERE `staff_id` = 98 LIMIT 1   [ RunTime:0.0002s ]
SQL: SELECT * FROM `bj_company` WHERE `company_id` = 2 LIMIT 1   [ RunTime:0.0001s ]
SQL: SELECT * FROM `bj_staff` WHERE `staff_id` = 127 LIMIT 1   [ RunTime:0.0002s ]
SQL: SELECT * FROM `bj_company` WHERE `company_id` = 4 LIMIT 1   [ RunTime:0.0001s ]
SQL: SELECT * FROM `bj_staff` WHERE `staff_id` = 85 LIMIT 1   [ RunTime:0.0002s ]
SQL: SELECT * FROM `bj_company` WHERE `company_id` = 1 LIMIT 1   [ RunTime:0.0001s ]
INFO: [ view_parse ] --START--
INFO: [ template_filter ] --START--
INFO: Run Behavior\ContentReplaceBehavior [ RunTime:0.000117s ]
INFO: [ template_filter ] --END-- [ RunTime:0.000141s ]
NOTIC: [8] Undefined variable: Think /Work/wwwroot/baojutouzi.com/Application/Runtime/Cache/Home/b375405256d4481b50aaa344e65c47be.php 第 346 行.
NOTIC: [8] Undefined variable: Think /Work/wwwroot/baojutouzi.com/Application/Runtime/Cache/Home/b375405256d4481b50aaa344e65c47be.php 第 346 行.
NOTIC: [8] Undefined variable: input_name /Work/wwwroot/baojutouzi.com/Application/Runtime/Cache/Home/b375405256d4481b50aaa344e65c47be.php 第 606 行.
NOTIC: [8] Undefined variable: input_phone /Work/wwwroot/baojutouzi.com/Application/Runtime/Cache/Home/b375405256d4481b50aaa344e65c47be.php 第 611 行.
NOTIC: [8] Undefined variable: input_idcard /Work/wwwroot/baojutouzi.com/Application/Runtime/Cache/Home/b375405256d4481b50aaa344e65c47be.php 第 616 行.
NOTIC: [8] Undefined index: selected /Work/wwwroot/baojutouzi.com/Application/Runtime/Cache/Home/b375405256d4481b50aaa344e65c47be.php 第 622 行.
NOTIC: [8] Undefined index: selected /Work/wwwroot/baojutouzi.com/Application/Runtime/Cache/Home/b375405256d4481b50aaa344e65c47be.php 第 622 行.
NOTIC: [8] Undefined index: selected /Work/wwwroot/baojutouzi.com/Application/Runtime/Cache/Home/b375405256d4481b50aaa344e65c47be.php 第 622 行.
NOTIC: [8] Undefined index: selected /Work/wwwroot/baojutouzi.com/Application/Runtime/Cache/Home/b375405256d4481b50aaa344e65c47be.php 第 622 行.
NOTIC: [8] Undefined index: selected /Work/wwwroot/baojutouzi.com/Application/Runtime/Cache/Home/b375405256d4481b50aaa344e65c47be.php 第 622 行.
NOTIC: [8] Undefined index: selected /Work/wwwroot/baojutouzi.com/Application/Runtime/Cache/Home/b375405256d4481b50aaa344e65c47be.php 第 622 行.
NOTIC: [8] Undefined index: selected /Work/wwwroot/baojutouzi.com/Application/Runtime/Cache/Home/b375405256d4481b50aaa344e65c47be.php 第 622 行.
NOTIC: [8] Undefined index: selected /Work/wwwroot/baojutouzi.com/Application/Runtime/Cache/Home/b375405256d4481b50aaa344e65c47be.php 第 622 行.
NOTIC: [8] Undefined index: selected /Work/wwwroot/baojutouzi.com/Application/Runtime/Cache/Home/b375405256d4481b50aaa344e65c47be.php 第 622 行.
NOTIC: [8] Undefined index: selected /Work/wwwroot/baojutouzi.com/Application/Runtime/Cache/Home/b375405256d4481b50aaa344e65c47be.php 第 622 行.
NOTIC: [8] Undefined index: selected /Work/wwwroot/baojutouzi.com/Application/Runtime/Cache/Home/b375405256d4481b50aaa344e65c47be.php 第 622 行.
NOTIC: [8] Undefined index: selected /Work/wwwroot/baojutouzi.com/Application/Runtime/Cache/Home/b375405256d4481b50aaa344e65c47be.php 第 622 行.
NOTIC: [8] Undefined index: selected /Work/wwwroot/baojutouzi.com/Application/Runtime/Cache/Home/b375405256d4481b50aaa344e65c47be.php 第 622 行.
NOTIC: [8] Undefined index: selected /Work/wwwroot/baojutouzi.com/Application/Runtime/Cache/Home/b375405256d4481b50aaa344e65c47be.php 第 622 行.
NOTIC: [8] Undefined index: selected /Work/wwwroot/baojutouzi.com/Application/Runtime/Cache/Home/b375405256d4481b50aaa344e65c47be.php 第 622 行.
NOTIC: [8] Undefined index: selected /Work/wwwroot/baojutouzi.com/Application/Runtime/Cache/Home/b375405256d4481b50aaa344e65c47be.php 第 622 行.
NOTIC: [8] Undefined index: selected /Work/wwwroot/baojutouzi.com/Application/Runtime/Cache/Home/b375405256d4481b50aaa344e65c47be.php 第 622 行.
NOTIC: [8] Undefined index: selected /Work/wwwroot/baojutouzi.com/Application/Runtime/Cache/Home/b375405256d4481b50aaa344e65c47be.php 第 622 行.
NOTIC: [8] Undefined index: selected /Work/wwwroot/baojutouzi.com/Application/Runtime/Cache/Home/b375405256d4481b50aaa344e65c47be.php 第 622 行.
NOTIC: [8] Undefined index: selected /Work/wwwroot/baojutouzi.com/Application/Runtime/Cache/Home/b375405256d4481b50aaa344e65c47be.php 第 622 行.
NOTIC: [8] Undefined index: selected /Work/wwwroot/baojutouzi.com/Application/Runtime/Cache/Home/b375405256d4481b50aaa344e65c47be.php 第 622 行.
NOTIC: [8] Undefined index: selected /Work/wwwroot/baojutouzi.com/Application/Runtime/Cache/Home/b375405256d4481b50aaa344e65c47be.php 第 622 行.
NOTIC: [8] Undefined index: selected /Work/wwwroot/baojutouzi.com/Application/Runtime/Cache/Home/b375405256d4481b50aaa344e65c47be.php 第 622 行.
NOTIC: [8] Undefined index: selected /Work/wwwroot/baojutouzi.com/Application/Runtime/Cache/Home/b375405256d4481b50aaa344e65c47be.php 第 622 行.
NOTIC: [8] Undefined index: selected /Work/wwwroot/baojutouzi.com/Application/Runtime/Cache/Home/b375405256d4481b50aaa344e65c47be.php 第 622 行.
NOTIC: [8] Undefined index: selected /Work/wwwroot/baojutouzi.com/Application/Runtime/Cache/Home/b375405256d4481b50aaa344e65c47be.php 第 622 行.
NOTIC: [8] Undefined index: selected /Work/wwwroot/baojutouzi.com/Application/Runtime/Cache/Home/b375405256d4481b50aaa344e65c47be.php 第 622 行.
NOTIC: [8] Undefined index: selected /Work/wwwroot/baojutouzi.com/Application/Runtime/Cache/Home/b375405256d4481b50aaa344e65c47be.php 第 622 行.
NOTIC: [8] Undefined index: selected /Work/wwwroot/baojutouzi.com/Application/Runtime/Cache/Home/b375405256d4481b50aaa344e65c47be.php 第 622 行.
NOTIC: [8] Undefined index: selected /Work/wwwroot/baojutouzi.com/Application/Runtime/Cache/Home/b375405256d4481b50aaa344e65c47be.php 第 622 行.
NOTIC: [8] Undefined index: selected /Work/wwwroot/baojutouzi.com/Application/Runtime/Cache/Home/b375405256d4481b50aaa344e65c47be.php 第 622 行.
NOTIC: [8] Undefined index: selected /Work/wwwroot/baojutouzi.com/Application/Runtime/Cache/Home/b375405256d4481b50aaa344e65c47be.php 第 622 行.
NOTIC: [8] Undefined index: selected /Work/wwwroot/baojutouzi.com/Application/Runtime/Cache/Home/b375405256d4481b50aaa344e65c47be.php 第 622 行.
NOTIC: [8] Undefined index: selected /Work/wwwroot/baojutouzi.com/Application/Runtime/Cache/Home/b375405256d4481b50aaa344e65c47be.php 第 622 行.
NOTIC: [8] Undefined index: selected /Work/wwwroot/baojutouzi.com/Application/Runtime/Cache/Home/b375405256d4481b50aaa344e65c47be.php 第 622 行.
NOTIC: [8] Undefined index: selected /Work/wwwroot/baojutouzi.com/Application/Runtime/Cache/Home/b375405256d4481b50aaa344e65c47be.php 第 622 行.
NOTIC: [8] Undefined index: selected /Work/wwwroot/baojutouzi.com/Application/Runtime/Cache/Home/b375405256d4481b50aaa344e65c47be.php 第 622 行.
NOTIC: [8] Undefined index: selected /Work/wwwroot/baojutouzi.com/Application/Runtime/Cache/Home/b375405256d4481b50aaa344e65c47be.php 第 622 行.
NOTIC: [8] Undefined index: selected /Work/wwwroot/baojutouzi.com/Application/Runtime/Cache/Home/b375405256d4481b50aaa344e65c47be.php 第 622 行.
NOTIC: [8] Undefined index: selected /Work/wwwroot/baojutouzi.com/Application/Runtime/Cache/Home/b375405256d4481b50aaa344e65c47be.php 第 622 行.
NOTIC: [8] Undefined index: selected /Work/wwwroot/baojutouzi.com/Application/Runtime/Cache/Home/b375405256d4481b50aaa344e65c47be.php 第 622 行.
NOTIC: [8] Undefined index: selected /Work/wwwroot/baojutouzi.com/Application/Runtime/Cache/Home/b375405256d4481b50aaa344e65c47be.php 第 622 行.
NOTIC: [8] Undefined index: selected /Work/wwwroot/baojutouzi.com/Application/Runtime/Cache/Home/b375405256d4481b50aaa344e65c47be.php 第 622 行.
NOTIC: [8] Undefined index: selected /Work/wwwroot/baojutouzi.com/Application/Runtime/Cache/Home/b375405256d4481b50aaa344e65c47be.php 第 622 行.
NOTIC: [8] Undefined index: selected /Work/wwwroot/baojutouzi.com/Application/Runtime/Cache/Home/b375405256d4481b50aaa344e65c47be.php 第 622 行.
NOTIC: [8] Undefined index: selected /Work/wwwroot/baojutouzi.com/Application/Runtime/Cache/Home/b375405256d4481b50aaa344e65c47be.php 第 622 行.
NOTIC: [8] Undefined index: selected /Work/wwwroot/baojutouzi.com/Application/Runtime/Cache/Home/b375405256d4481b50aaa344e65c47be.php 第 622 行.
NOTIC: [8] Undefined index: selected /Work/wwwroot/baojutouzi.com/Application/Runtime/Cache/Home/b375405256d4481b50aaa344e65c47be.php 第 622 行.
NOTIC: [8] Undefined index: selected /Work/wwwroot/baojutouzi.com/Application/Runtime/Cache/Home/b375405256d4481b50aaa344e65c47be.php 第 622 行.
NOTIC: [8] Undefined index: selected /Work/wwwroot/baojutouzi.com/Application/Runtime/Cache/Home/b375405256d4481b50aaa344e65c47be.php 第 622 行.
NOTIC: [8] Undefined index: selected /Work/wwwroot/baojutouzi.com/Application/Runtime/Cache/Home/b375405256d4481b50aaa344e65c47be.php 第 622 行.
NOTIC: [8] Undefined index: selected /Work/wwwroot/baojutouzi.com/Application/Runtime/Cache/Home/b375405256d4481b50aaa344e65c47be.php 第 622 行.
NOTIC: [8] Undefined index: selected /Work/wwwroot/baojutouzi.com/Application/Runtime/Cache/Home/b375405256d4481b50aaa344e65c47be.php 第 622 行.
NOTIC: [8] Undefined index: selected /Work/wwwroot/baojutouzi.com/Application/Runtime/Cache/Home/b375405256d4481b50aaa344e65c47be.php 第 622 行.
NOTIC: [8] Undefined index: selected /Work/wwwroot/baojutouzi.com/Application/Runtime/Cache/Home/b375405256d4481b50aaa344e65c47be.php 第 622 行.
NOTIC: [8] Undefined index: selected /Work/wwwroot/baojutouzi.com/Application/Runtime/Cache/Home/b375405256d4481b50aaa344e65c47be.php 第 622 行.
NOTIC: [8] Undefined index: selected /Work/wwwroot/baojutouzi.com/Application/Runtime/Cache/Home/b375405256d4481b50aaa344e65c47be.php 第 622 行.
NOTIC: [8] Undefined index: selected /Work/wwwroot/baojutouzi.com/Application/Runtime/Cache/Home/b375405256d4481b50aaa344e65c47be.php 第 622 行.
NOTIC: [8] Undefined index: selected /Work/wwwroot/baojutouzi.com/Application/Runtime/Cache/Home/b375405256d4481b50aaa344e65c47be.php 第 622 行.
NOTIC: [8] Undefined index: selected /Work/wwwroot/baojutouzi.com/Application/Runtime/Cache/Home/b375405256d4481b50aaa344e65c47be.php 第 622 行.
NOTIC: [8] Undefined index: selected /Work/wwwroot/baojutouzi.com/Application/Runtime/Cache/Home/b375405256d4481b50aaa344e65c47be.php 第 622 行.
NOTIC: [8] Undefined index: selected /Work/wwwroot/baojutouzi.com/Application/Runtime/Cache/Home/b375405256d4481b50aaa344e65c47be.php 第 622 行.
NOTIC: [8] Undefined index: selected /Work/wwwroot/baojutouzi.com/Application/Runtime/Cache/Home/b375405256d4481b50aaa344e65c47be.php 第 622 行.
NOTIC: [8] Undefined index: selected /Work/wwwroot/baojutouzi.com/Application/Runtime/Cache/Home/b375405256d4481b50aaa344e65c47be.php 第 641 行.
NOTIC: [8] Undefined index: selected /Work/wwwroot/baojutouzi.com/Application/Runtime/Cache/Home/b375405256d4481b50aaa344e65c47be.php 第 641 行.
NOTIC: [8] Undefined variable: input_datepicker /Work/wwwroot/baojutouzi.com/Application/Runtime/Cache/Home/b375405256d4481b50aaa344e65c47be.php 第 649 行.
INFO: Run Behavior\ParseTemplateBehavior [ RunTime:0.020138s ]
INFO: [ view_parse ] --END-- [ RunTime:0.020157s ]
INFO: [ view_filter ] --START--
INFO: Run Behavior\WriteHtmlCacheBehavior [ RunTime:0.000109s ]
INFO: [ view_filter ] --END-- [ RunTime:0.000120s ]
INFO: [ app_end ] --START--
INFO: Run Behavior\ShowPageTraceBehavior [ RunTime:0.000274s ]
INFO: [ app_end ] --END-- [ RunTime:0.000287s ]

[ 2018-01-19T16:34:24+08:00 ] 127.0.0.1 /index.php?m=home&c=customer&a=index&name=%E5%A4%8F%E4%BA%AE&phone=&idcard=&recommender=&status=&reservationtime=&company_id=1,2,3,4
INFO: [ app_init ] --START--
INFO: Run Behavior\BuildLiteBehavior [ RunTime:0.000007s ]
INFO: [ app_init ] --END-- [ RunTime:0.000180s ]
INFO: [ app_begin ] --START--
INFO: Run Behavior\ReadHtmlCacheBehavior [ RunTime:0.000244s ]
INFO: [ app_begin ] --END-- [ RunTime:0.000259s ]
SQL: SHOW COLUMNS FROM `bj_admin` [ RunTime:0.0004s ]
SQL: SELECT * FROM `bj_admin` WHERE `user_id` = 3 LIMIT 1   [ RunTime:0.0002s ]
SQL: SHOW COLUMNS FROM `bj_company` [ RunTime:0.0003s ]
SQL: SELECT * FROM `bj_company`  [ RunTime:0.0002s ]
SQL: SELECT * FROM `bj_admin` WHERE `user_id` = 3 LIMIT 1   [ RunTime:0.0003s ]
SQL: SHOW COLUMNS FROM `bj_staff` [ RunTime:0.0004s ]
SQL: SELECT * FROM `bj_staff` WHERE `company_id` IN ('1','2','3','4') AND `staff_status` <> -1  [ RunTime:0.0005s ]
SQL: SHOW COLUMNS FROM `bj_customer` [ RunTime:0.0005s ]
SQL: SELECT * FROM `bj_customer` WHERE `name` = '夏亮' AND `company_id` IN ('1','2','3','4') AND `is_delete` <> 1 ORDER BY create_time desc LIMIT 0,10   [ RunTime:0.0006s ]
SQL: SELECT COUNT(*) AS tp_count FROM `bj_customer` WHERE `name` = '夏亮' AND `company_id` IN ('1','2','3','4') AND `is_delete` <> 1 LIMIT 1   [ RunTime:0.0006s ]
SQL: SELECT * FROM `bj_staff` WHERE `staff_id` = 94 LIMIT 1   [ RunTime:0.0002s ]
SQL: SELECT * FROM `bj_company` WHERE `company_id` = 1 LIMIT 1   [ RunTime:0.0001s ]
INFO: [ view_parse ] --START--
INFO: [ template_filter ] --START--
INFO: Run Behavior\ContentReplaceBehavior [ RunTime:0.000118s ]
INFO: [ template_filter ] --END-- [ RunTime:0.000132s ]
NOTIC: [8] Undefined variable: Think /Work/wwwroot/baojutouzi.com/Application/Runtime/Cache/Home/b375405256d4481b50aaa344e65c47be.php 第 346 行.
NOTIC: [8] Undefined variable: Think /Work/wwwroot/baojutouzi.com/Application/Runtime/Cache/Home/b375405256d4481b50aaa344e65c47be.php 第 346 行.
NOTIC: [8] Undefined variable: input_phone /Work/wwwroot/baojutouzi.com/Application/Runtime/Cache/Home/b375405256d4481b50aaa344e65c47be.php 第 611 行.
NOTIC: [8] Undefined variable: input_idcard /Work/wwwroot/baojutouzi.com/Application/Runtime/Cache/Home/b375405256d4481b50aaa344e65c47be.php 第 616 行.
NOTIC: [8] Undefined index: selected /Work/wwwroot/baojutouzi.com/Application/Runtime/Cache/Home/b375405256d4481b50aaa344e65c47be.php 第 622 行.
NOTIC: [8] Undefined index: selected /Work/wwwroot/baojutouzi.com/Application/Runtime/Cache/Home/b375405256d4481b50aaa344e65c47be.php 第 622 行.
NOTIC: [8] Undefined index: selected /Work/wwwroot/baojutouzi.com/Application/Runtime/Cache/Home/b375405256d4481b50aaa344e65c47be.php 第 622 行.
NOTIC: [8] Undefined index: selected /Work/wwwroot/baojutouzi.com/Application/Runtime/Cache/Home/b375405256d4481b50aaa344e65c47be.php 第 622 行.
NOTIC: [8] Undefined index: selected /Work/wwwroot/baojutouzi.com/Application/Runtime/Cache/Home/b375405256d4481b50aaa344e65c47be.php 第 622 行.
NOTIC: [8] Undefined index: selected /Work/wwwroot/baojutouzi.com/Application/Runtime/Cache/Home/b375405256d4481b50aaa344e65c47be.php 第 622 行.
NOTIC: [8] Undefined index: selected /Work/wwwroot/baojutouzi.com/Application/Runtime/Cache/Home/b375405256d4481b50aaa344e65c47be.php 第 622 行.
NOTIC: [8] Undefined index: selected /Work/wwwroot/baojutouzi.com/Application/Runtime/Cache/Home/b375405256d4481b50aaa344e65c47be.php 第 622 行.
NOTIC: [8] Undefined index: selected /Work/wwwroot/baojutouzi.com/Application/Runtime/Cache/Home/b375405256d4481b50aaa344e65c47be.php 第 622 行.
NOTIC: [8] Undefined index: selected /Work/wwwroot/baojutouzi.com/Application/Runtime/Cache/Home/b375405256d4481b50aaa344e65c47be.php 第 622 行.
NOTIC: [8] Undefined index: selected /Work/wwwroot/baojutouzi.com/Application/Runtime/Cache/Home/b375405256d4481b50aaa344e65c47be.php 第 622 行.
NOTIC: [8] Undefined index: selected /Work/wwwroot/baojutouzi.com/Application/Runtime/Cache/Home/b375405256d4481b50aaa344e65c47be.php 第 622 行.
NOTIC: [8] Undefined index: selected /Work/wwwroot/baojutouzi.com/Application/Runtime/Cache/Home/b375405256d4481b50aaa344e65c47be.php 第 622 行.
NOTIC: [8] Undefined index: selected /Work/wwwroot/baojutouzi.com/Application/Runtime/Cache/Home/b375405256d4481b50aaa344e65c47be.php 第 622 行.
NOTIC: [8] Undefined index: selected /Work/wwwroot/baojutouzi.com/Application/Runtime/Cache/Home/b375405256d4481b50aaa344e65c47be.php 第 622 行.
NOTIC: [8] Undefined index: selected /Work/wwwroot/baojutouzi.com/Application/Runtime/Cache/Home/b375405256d4481b50aaa344e65c47be.php 第 622 行.
NOTIC: [8] Undefined index: selected /Work/wwwroot/baojutouzi.com/Application/Runtime/Cache/Home/b375405256d4481b50aaa344e65c47be.php 第 622 行.
NOTIC: [8] Undefined index: selected /Work/wwwroot/baojutouzi.com/Application/Runtime/Cache/Home/b375405256d4481b50aaa344e65c47be.php 第 622 行.
NOTIC: [8] Undefined index: selected /Work/wwwroot/baojutouzi.com/Application/Runtime/Cache/Home/b375405256d4481b50aaa344e65c47be.php 第 622 行.
NOTIC: [8] Undefined index: selected /Work/wwwroot/baojutouzi.com/Application/Runtime/Cache/Home/b375405256d4481b50aaa344e65c47be.php 第 622 行.
NOTIC: [8] Undefined index: selected /Work/wwwroot/baojutouzi.com/Application/Runtime/Cache/Home/b375405256d4481b50aaa344e65c47be.php 第 622 行.
NOTIC: [8] Undefined index: selected /Work/wwwroot/baojutouzi.com/Application/Runtime/Cache/Home/b375405256d4481b50aaa344e65c47be.php 第 622 行.
NOTIC: [8] Undefined index: selected /Work/wwwroot/baojutouzi.com/Application/Runtime/Cache/Home/b375405256d4481b50aaa344e65c47be.php 第 622 行.
NOTIC: [8] Undefined index: selected /Work/wwwroot/baojutouzi.com/Application/Runtime/Cache/Home/b375405256d4481b50aaa344e65c47be.php 第 622 行.
NOTIC: [8] Undefined index: selected /Work/wwwroot/baojutouzi.com/Application/Runtime/Cache/Home/b375405256d4481b50aaa344e65c47be.php 第 622 行.
NOTIC: [8] Undefined index: selected /Work/wwwroot/baojutouzi.com/Application/Runtime/Cache/Home/b375405256d4481b50aaa344e65c47be.php 第 622 行.
NOTIC: [8] Undefined index: selected /Work/wwwroot/baojutouzi.com/Application/Runtime/Cache/Home/b375405256d4481b50aaa344e65c47be.php 第 622 行.
NOTIC: [8] Undefined index: selected /Work/wwwroot/baojutouzi.com/Application/Runtime/Cache/Home/b375405256d4481b50aaa344e65c47be.php 第 622 行.
NOTIC: [8] Undefined index: selected /Work/wwwroot/baojutouzi.com/Application/Runtime/Cache/Home/b375405256d4481b50aaa344e65c47be.php 第 622 行.
NOTIC: [8] Undefined index: selected /Work/wwwroot/baojutouzi.com/Application/Runtime/Cache/Home/b375405256d4481b50aaa344e65c47be.php 第 622 行.
NOTIC: [8] Undefined index: selected /Work/wwwroot/baojutouzi.com/Application/Runtime/Cache/Home/b375405256d4481b50aaa344e65c47be.php 第 622 行.
NOTIC: [8] Undefined index: selected /Work/wwwroot/baojutouzi.com/Application/Runtime/Cache/Home/b375405256d4481b50aaa344e65c47be.php 第 622 行.
NOTIC: [8] Undefined index: selected /Work/wwwroot/baojutouzi.com/Application/Runtime/Cache/Home/b375405256d4481b50aaa344e65c47be.php 第 622 行.
NOTIC: [8] Undefined index: selected /Work/wwwroot/baojutouzi.com/Application/Runtime/Cache/Home/b375405256d4481b50aaa344e65c47be.php 第 622 行.
NOTIC: [8] Undefined index: selected /Work/wwwroot/baojutouzi.com/Application/Runtime/Cache/Home/b375405256d4481b50aaa344e65c47be.php 第 622 行.
NOTIC: [8] Undefined index: selected /Work/wwwroot/baojutouzi.com/Application/Runtime/Cache/Home/b375405256d4481b50aaa344e65c47be.php 第 622 行.
NOTIC: [8] Undefined index: selected /Work/wwwroot/baojutouzi.com/Application/Runtime/Cache/Home/b375405256d4481b50aaa344e65c47be.php 第 622 行.
NOTIC: [8] Undefined index: selected /Work/wwwroot/baojutouzi.com/Application/Runtime/Cache/Home/b375405256d4481b50aaa344e65c47be.php 第 622 行.
NOTIC: [8] Undefined index: selected /Work/wwwroot/baojutouzi.com/Application/Runtime/Cache/Home/b375405256d4481b50aaa344e65c47be.php 第 622 行.
NOTIC: [8] Undefined index: selected /Work/wwwroot/baojutouzi.com/Application/Runtime/Cache/Home/b375405256d4481b50aaa344e65c47be.php 第 622 行.
NOTIC: [8] Undefined index: selected /Work/wwwroot/baojutouzi.com/Application/Runtime/Cache/Home/b375405256d4481b50aaa344e65c47be.php 第 622 行.
NOTIC: [8] Undefined index: selected /Work/wwwroot/baojutouzi.com/Application/Runtime/Cache/Home/b375405256d4481b50aaa344e65c47be.php 第 622 行.
NOTIC: [8] Undefined index: selected /Work/wwwroot/baojutouzi.com/Application/Runtime/Cache/Home/b375405256d4481b50aaa344e65c47be.php 第 622 行.
NOTIC: [8] Undefined index: selected /Work/wwwroot/baojutouzi.com/Application/Runtime/Cache/Home/b375405256d4481b50aaa344e65c47be.php 第 622 行.
NOTIC: [8] Undefined index: selected /Work/wwwroot/baojutouzi.com/Application/Runtime/Cache/Home/b375405256d4481b50aaa344e65c47be.php 第 622 行.
NOTIC: [8] Undefined index: selected /Work/wwwroot/baojutouzi.com/Application/Runtime/Cache/Home/b375405256d4481b50aaa344e65c47be.php 第 622 行.
NOTIC: [8] Undefined index: selected /Work/wwwroot/baojutouzi.com/Application/Runtime/Cache/Home/b375405256d4481b50aaa344e65c47be.php 第 622 行.
NOTIC: [8] Undefined index: selected /Work/wwwroot/baojutouzi.com/Application/Runtime/Cache/Home/b375405256d4481b50aaa344e65c47be.php 第 622 行.
NOTIC: [8] Undefined index: selected /Work/wwwroot/baojutouzi.com/Application/Runtime/Cache/Home/b375405256d4481b50aaa344e65c47be.php 第 622 行.
NOTIC: [8] Undefined index: selected /Work/wwwroot/baojutouzi.com/Application/Runtime/Cache/Home/b375405256d4481b50aaa344e65c47be.php 第 622 行.
NOTIC: [8] Undefined index: selected /Work/wwwroot/baojutouzi.com/Application/Runtime/Cache/Home/b375405256d4481b50aaa344e65c47be.php 第 622 行.
NOTIC: [8] Undefined index: selected /Work/wwwroot/baojutouzi.com/Application/Runtime/Cache/Home/b375405256d4481b50aaa344e65c47be.php 第 622 行.
NOTIC: [8] Undefined index: selected /Work/wwwroot/baojutouzi.com/Application/Runtime/Cache/Home/b375405256d4481b50aaa344e65c47be.php 第 622 行.
NOTIC: [8] Undefined index: selected /Work/wwwroot/baojutouzi.com/Application/Runtime/Cache/Home/b375405256d4481b50aaa344e65c47be.php 第 622 行.
NOTIC: [8] Undefined index: selected /Work/wwwroot/baojutouzi.com/Application/Runtime/Cache/Home/b375405256d4481b50aaa344e65c47be.php 第 622 行.
NOTIC: [8] Undefined index: selected /Work/wwwroot/baojutouzi.com/Application/Runtime/Cache/Home/b375405256d4481b50aaa344e65c47be.php 第 622 行.
NOTIC: [8] Undefined index: selected /Work/wwwroot/baojutouzi.com/Application/Runtime/Cache/Home/b375405256d4481b50aaa344e65c47be.php 第 622 行.
NOTIC: [8] Undefined index: selected /Work/wwwroot/baojutouzi.com/Application/Runtime/Cache/Home/b375405256d4481b50aaa344e65c47be.php 第 622 行.
NOTIC: [8] Undefined index: selected /Work/wwwroot/baojutouzi.com/Application/Runtime/Cache/Home/b375405256d4481b50aaa344e65c47be.php 第 622 行.
NOTIC: [8] Undefined index: selected /Work/wwwroot/baojutouzi.com/Application/Runtime/Cache/Home/b375405256d4481b50aaa344e65c47be.php 第 622 行.
NOTIC: [8] Undefined index: selected /Work/wwwroot/baojutouzi.com/Application/Runtime/Cache/Home/b375405256d4481b50aaa344e65c47be.php 第 622 行.
NOTIC: [8] Undefined index: selected /Work/wwwroot/baojutouzi.com/Application/Runtime/Cache/Home/b375405256d4481b50aaa344e65c47be.php 第 622 行.
NOTIC: [8] Undefined index: selected /Work/wwwroot/baojutouzi.com/Application/Runtime/Cache/Home/b375405256d4481b50aaa344e65c47be.php 第 622 行.
NOTIC: [8] Undefined index: selected /Work/wwwroot/baojutouzi.com/Application/Runtime/Cache/Home/b375405256d4481b50aaa344e65c47be.php 第 641 行.
NOTIC: [8] Undefined index: selected /Work/wwwroot/baojutouzi.com/Application/Runtime/Cache/Home/b375405256d4481b50aaa344e65c47be.php 第 641 行.
NOTIC: [8] Undefined variable: input_datepicker /Work/wwwroot/baojutouzi.com/Application/Runtime/Cache/Home/b375405256d4481b50aaa344e65c47be.php 第 649 行.
INFO: Run Behavior\ParseTemplateBehavior [ RunTime:0.009955s ]
INFO: [ view_parse ] --END-- [ RunTime:0.009970s ]
INFO: [ view_filter ] --START--
INFO: Run Behavior\WriteHtmlCacheBehavior [ RunTime:0.000097s ]
INFO: [ view_filter ] --END-- [ RunTime:0.000106s ]
INFO: [ app_end ] --START--
INFO: Run Behavior\ShowPageTraceBehavior [ RunTime:0.000258s ]
INFO: [ app_end ] --END-- [ RunTime:0.000271s ]

[ 2018-01-19T16:34:29+08:00 ] 127.0.0.1 /index.php?m=home&c=loan&a=index&customer_id=972
INFO: [ app_init ] --START--
INFO: Run Behavior\BuildLiteBehavior [ RunTime:0.000007s ]
INFO: [ app_init ] --END-- [ RunTime:0.000188s ]
INFO: [ app_begin ] --START--
INFO: Run Behavior\ReadHtmlCacheBehavior [ RunTime:0.000249s ]
INFO: [ app_begin ] --END-- [ RunTime:0.000265s ]
SQL: SHOW COLUMNS FROM `bj_admin` [ RunTime:0.0004s ]
SQL: SELECT * FROM `bj_admin` WHERE `user_id` = 3 LIMIT 1   [ RunTime:0.0002s ]
SQL: SHOW COLUMNS FROM `bj_company` [ RunTime:0.0003s ]
SQL: SELECT * FROM `bj_company`  [ RunTime:0.0002s ]
SQL: SELECT * FROM `bj_admin` WHERE `user_id` = 3 LIMIT 1   [ RunTime:0.0002s ]
SQL: SHOW COLUMNS FROM `bj_customer` [ RunTime:0.0004s ]
SQL: SELECT * FROM `bj_customer` WHERE `company_id` IN ('1','2','3','4') AND `status` <> -1 AND `is_delete` <> 1 ORDER BY create_time desc  [ RunTime:0.0037s ]
SQL: SHOW COLUMNS FROM `bj_product` [ RunTime:0.0003s ]
SQL: SELECT * FROM `bj_product` ORDER BY create_time asc  [ RunTime:0.0002s ]
SQL: SHOW COLUMNS FROM `bj_staff` [ RunTime:0.0003s ]
SQL: SELECT * FROM `bj_staff` WHERE `company_id` IN ('1','2','3','4') AND `staff_status` <> -1  [ RunTime:0.0005s ]
SQL: SHOW COLUMNS FROM `bj_loan` [ RunTime:0.0005s ]
SQL: SELECT * FROM `bj_loan` WHERE `customer_id` IN ('972') AND `company_id` IN ('1','2','3','4') AND `is_delete` <> 1 ORDER BY create_time desc LIMIT 0,10   [ RunTime:0.0007s ]
SQL: SELECT * FROM `bj_loan` WHERE `customer_id` IN ('972') AND `company_id` IN ('1','2','3','4') AND `is_delete` <> 1 ORDER BY create_time desc  [ RunTime:0.0006s ]
SQL: SELECT COUNT(*) AS tp_count FROM `bj_loan` WHERE `customer_id` IN ('972') AND `company_id` IN ('1','2','3','4') AND `is_delete` <> 1 LIMIT 1   [ RunTime:0.0005s ]
SQL: SELECT SUM(principal) AS tp_sum FROM `bj_loan` WHERE `customer_id` IN ('972') AND `company_id` IN ('1','2','3','4') AND `is_delete` <> 1 LIMIT 1   [ RunTime:0.0005s ]
SQL: SELECT SUM(expenditure) AS tp_sum FROM `bj_loan` WHERE `customer_id` IN ('972') AND `company_id` IN ('1','2','3','4') AND `is_delete` <> 1 LIMIT 1   [ RunTime:0.0005s ]
SQL: SHOW COLUMNS FROM `bj_cycle` [ RunTime:0.0003s ]
SQL: SELECT * FROM `bj_cycle` ORDER BY create_time asc  [ RunTime:0.0002s ]
SQL: SHOW COLUMNS FROM `bj_repayments` [ RunTime:0.0005s ]
SQL: SELECT SUM(r_money) AS tp_sum FROM `bj_repayments` WHERE `is_delete` <> 1 AND `loan_id` IN ('1236') LIMIT 1   [ RunTime:0.0041s ]
SQL: SHOW COLUMNS FROM `bj_poundage` [ RunTime:0.0003s ]
SQL: SELECT * FROM `bj_poundage` ORDER BY create_time desc  [ RunTime:0.0001s ]
SQL: SELECT * FROM `bj_company` WHERE `company_id` = 1 LIMIT 1   [ RunTime:0.0001s ]
SQL: SELECT COUNT(*) AS tp_count FROM `bj_repayments` WHERE `loan_id` = 1236 AND `is_delete` <> 1 LIMIT 1   [ RunTime:0.0034s ]
SQL: SELECT SUM(r_money) AS tp_sum FROM `bj_repayments` WHERE `loan_id` = 1236 AND `is_delete` <> 1 LIMIT 1   [ RunTime:0.0034s ]
SQL: SELECT * FROM `bj_customer` WHERE `id` = 972 LIMIT 1   [ RunTime:0.0001s ]
SQL: SELECT * FROM `bj_product` WHERE `product_id` = 2 LIMIT 1   [ RunTime:0.0001s ]
SQL: SELECT * FROM `bj_cycle` WHERE `cycle_id` = 1 LIMIT 1   [ RunTime:0.0001s ]
SQL: SELECT * FROM `bj_staff` WHERE `staff_id` = 94 LIMIT 1   [ RunTime:0.0001s ]
SQL: SHOW COLUMNS FROM `bj_image` [ RunTime:0.0003s ]
SQL: SELECT * FROM `bj_image` WHERE `loan_id` = 1236  [ RunTime:0.0008s ]
INFO: [ view_parse ] --START--
INFO: [ template_filter ] --START--
INFO: Run Behavior\ContentReplaceBehavior [ RunTime:0.000138s ]
INFO: [ template_filter ] --END-- [ RunTime:0.000153s ]
NOTIC: [8] Undefined variable: Think /Work/wwwroot/baojutouzi.com/Application/Runtime/Cache/Home/67d6cdd0cc4f72cad38240f6e53499de.php 第 346 行.
NOTIC: [8] Undefined variable: Think /Work/wwwroot/baojutouzi.com/Application/Runtime/Cache/Home/67d6cdd0cc4f72cad38240f6e53499de.php 第 346 行.
NOTIC: [8] Undefined index: selected /Work/wwwroot/baojutouzi.com/Application/Runtime/Cache/Home/67d6cdd0cc4f72cad38240f6e53499de.php 第 683 行.
NOTIC: [8] Undefined index: selected /Work/wwwroot/baojutouzi.com/Application/Runtime/Cache/Home/67d6cdd0cc4f72cad38240f6e53499de.php 第 683 行.
NOTIC: [8] Undefined index: selected /Work/wwwroot/baojutouzi.com/Application/Runtime/Cache/Home/67d6cdd0cc4f72cad38240f6e53499de.php 第 683 行.
NOTIC: [8] Undefined index: selected /Work/wwwroot/baojutouzi.com/Application/Runtime/Cache/Home/67d6cdd0cc4f72cad38240f6e53499de.php 第 683 行.
NOTIC: [8] Undefined index: selected /Work/wwwroot/baojutouzi.com/Application/Runtime/Cache/Home/67d6cdd0cc4f72cad38240f6e53499de.php 第 683 行.
NOTIC: [8] Undefined index: selected /Work/wwwroot/baojutouzi.com/Application/Runtime/Cache/Home/67d6cdd0cc4f72cad38240f6e53499de.php 第 692 行.
NOTIC: [8] Undefined index: selected /Work/wwwroot/baojutouzi.com/Application/Runtime/Cache/Home/67d6cdd0cc4f72cad38240f6e53499de.php 第 692 行.
NOTIC: [8] Undefined index: selected /Work/wwwroot/baojutouzi.com/Application/Runtime/Cache/Home/67d6cdd0cc4f72cad38240f6e53499de.php 第 692 行.
NOTIC: [8] Undefined index: selected /Work/wwwroot/baojutouzi.com/Application/Runtime/Cache/Home/67d6cdd0cc4f72cad38240f6e53499de.php 第 692 行.
NOTIC: [8] Undefined index: selected /Work/wwwroot/baojutouzi.com/Application/Runtime/Cache/Home/67d6cdd0cc4f72cad38240f6e53499de.php 第 692 行.
NOTIC: [8] Undefined index: selected /Work/wwwroot/baojutouzi.com/Application/Runtime/Cache/Home/67d6cdd0cc4f72cad38240f6e53499de.php 第 692 行.
NOTIC: [8] Undefined index: selected /Work/wwwroot/baojutouzi.com/Application/Runtime/Cache/Home/67d6cdd0cc4f72cad38240f6e53499de.php 第 692 行.
NOTIC: [8] Undefined index: selected /Work/wwwroot/baojutouzi.com/Application/Runtime/Cache/Home/67d6cdd0cc4f72cad38240f6e53499de.php 第 692 行.
NOTIC: [8] Undefined index: selected /Work/wwwroot/baojutouzi.com/Application/Runtime/Cache/Home/67d6cdd0cc4f72cad38240f6e53499de.php 第 692 行.
NOTIC: [8] Undefined index: selected /Work/wwwroot/baojutouzi.com/Application/Runtime/Cache/Home/67d6cdd0cc4f72cad38240f6e53499de.php 第 692 行.
NOTIC: [8] Undefined index: selected /Work/wwwroot/baojutouzi.com/Application/Runtime/Cache/Home/67d6cdd0cc4f72cad38240f6e53499de.php 第 692 行.
NOTIC: [8] Undefined index: selected /Work/wwwroot/baojutouzi.com/Application/Runtime/Cache/Home/67d6cdd0cc4f72cad38240f6e53499de.php 第 692 行.
NOTIC: [8] Undefined index: selected /Work/wwwroot/baojutouzi.com/Application/Runtime/Cache/Home/67d6cdd0cc4f72cad38240f6e53499de.php 第 692 行.
NOTIC: [8] Undefined index: selected /Work/wwwroot/baojutouzi.com/Application/Runtime/Cache/Home/67d6cdd0cc4f72cad38240f6e53499de.php 第 692 行.
NOTIC: [8] Undefined index: selected /Work/wwwroot/baojutouzi.com/Application/Runtime/Cache/Home/67d6cdd0cc4f72cad38240f6e53499de.php 第 692 行.
NOTIC: [8] Undefined index: selected /Work/wwwroot/baojutouzi.com/Application/Runtime/Cache/Home/67d6cdd0cc4f72cad38240f6e53499de.php 第 692 行.
NOTIC: [8] Undefined index: selected /Work/wwwroot/baojutouzi.com/Application/Runtime/Cache/Home/67d6cdd0cc4f72cad38240f6e53499de.php 第 692 行.
NOTIC: [8] Undefined index: selected /Work/wwwroot/baojutouzi.com/Application/Runtime/Cache/Home/67d6cdd0cc4f72cad38240f6e53499de.php 第 692 行.
NOTIC: [8] Undefined index: selected /Work/wwwroot/baojutouzi.com/Application/Runtime/Cache/Home/67d6cdd0cc4f72cad38240f6e53499de.php 第 692 行.
NOTIC: [8] Undefined index: selected /Work/wwwroot/baojutouzi.com/Application/Runtime/Cache/Home/67d6cdd0cc4f72cad38240f6e53499de.php 第 692 行.
NOTIC: [8] Undefined index: selected /Work/wwwroot/baojutouzi.com/Application/Runtime/Cache/Home/67d6cdd0cc4f72cad38240f6e53499de.php 第 692 行.
NOTIC: [8] Undefined index: selected /Work/wwwroot/baojutouzi.com/Application/Runtime/Cache/Home/67d6cdd0cc4f72cad38240f6e53499de.php 第 692 行.
NOTIC: [8] Undefined index: selected /Work/wwwroot/baojutouzi.com/Application/Runtime/Cache/Home/67d6cdd0cc4f72cad38240f6e53499de.php 第 692 行.
NOTIC: [8] Undefined index: selected /Work/wwwroot/baojutouzi.com/Application/Runtime/Cache/Home/67d6cdd0cc4f72cad38240f6e53499de.php 第 692 行.
NOTIC: [8] Undefined index: selected /Work/wwwroot/baojutouzi.com/Application/Runtime/Cache/Home/67d6cdd0cc4f72cad38240f6e53499de.php 第 692 行.
NOTIC: [8] Undefined index: selected /Work/wwwroot/baojutouzi.com/Application/Runtime/Cache/Home/67d6cdd0cc4f72cad38240f6e53499de.php 第 692 行.
NOTIC: [8] Undefined index: selected /Work/wwwroot/baojutouzi.com/Application/Runtime/Cache/Home/67d6cdd0cc4f72cad38240f6e53499de.php 第 692 行.
NOTIC: [8] Undefined index: selected /Work/wwwroot/baojutouzi.com/Application/Runtime/Cache/Home/67d6cdd0cc4f72cad38240f6e53499de.php 第 692 行.
NOTIC: [8] Undefined index: selected /Work/wwwroot/baojutouzi.com/Application/Runtime/Cache/Home/67d6cdd0cc4f72cad38240f6e53499de.php 第 692 行.
NOTIC: [8] Undefined index: selected /Work/wwwroot/baojutouzi.com/Application/Runtime/Cache/Home/67d6cdd0cc4f72cad38240f6e53499de.php 第 692 行.
NOTIC: [8] Undefined index: selected /Work/wwwroot/baojutouzi.com/Application/Runtime/Cache/Home/67d6cdd0cc4f72cad38240f6e53499de.php 第 692 行.
NOTIC: [8] Undefined index: selected /Work/wwwroot/baojutouzi.com/Application/Runtime/Cache/Home/67d6cdd0cc4f72cad38240f6e53499de.php 第 692 行.
NOTIC: [8] Undefined index: selected /Work/wwwroot/baojutouzi.com/Application/Runtime/Cache/Home/67d6cdd0cc4f72cad38240f6e53499de.php 第 692 行.
NOTIC: [8] Undefined index: selected /Work/wwwroot/baojutouzi.com/Application/Runtime/Cache/Home/67d6cdd0cc4f72cad38240f6e53499de.php 第 692 行.
NOTIC: [8] Undefined index: selected /Work/wwwroot/baojutouzi.com/Application/Runtime/Cache/Home/67d6cdd0cc4f72cad38240f6e53499de.php 第 692 行.
NOTIC: [8] Undefined index: selected /Work/wwwroot/baojutouzi.com/Application/Runtime/Cache/Home/67d6cdd0cc4f72cad38240f6e53499de.php 第 692 行.
NOTIC: [8] Undefined index: selected /Work/wwwroot/baojutouzi.com/Application/Runtime/Cache/Home/67d6cdd0cc4f72cad38240f6e53499de.php 第 692 行.
NOTIC: [8] Undefined index: selected /Work/wwwroot/baojutouzi.com/Application/Runtime/Cache/Home/67d6cdd0cc4f72cad38240f6e53499de.php 第 692 行.
NOTIC: [8] Undefined index: selected /Work/wwwroot/baojutouzi.com/Application/Runtime/Cache/Home/67d6cdd0cc4f72cad38240f6e53499de.php 第 692 行.
NOTIC: [8] Undefined index: selected /Work/wwwroot/baojutouzi.com/Application/Runtime/Cache/Home/67d6cdd0cc4f72cad38240f6e53499de.php 第 692 行.
NOTIC: [8] Undefined index: selected /Work/wwwroot/baojutouzi.com/Application/Runtime/Cache/Home/67d6cdd0cc4f72cad38240f6e53499de.php 第 692 行.
NOTIC: [8] Undefined index: selected /Work/wwwroot/baojutouzi.com/Application/Runtime/Cache/Home/67d6cdd0cc4f72cad38240f6e53499de.php 第 692 行.
NOTIC: [8] Undefined index: selected /Work/wwwroot/baojutouzi.com/Application/Runtime/Cache/Home/67d6cdd0cc4f72cad38240f6e53499de.php 第 692 行.
NOTIC: [8] Undefined index: selected /Work/wwwroot/baojutouzi.com/Application/Runtime/Cache/Home/67d6cdd0cc4f72cad38240f6e53499de.php 第 692 行.
NOTIC: [8] Undefined index: selected /Work/wwwroot/baojutouzi.com/Application/Runtime/Cache/Home/67d6cdd0cc4f72cad38240f6e53499de.php 第 692 行.
NOTIC: [8] Undefined index: selected /Work/wwwroot/baojutouzi.com/Application/Runtime/Cache/Home/67d6cdd0cc4f72cad38240f6e53499de.php 第 692 行.
NOTIC: [8] Undefined index: selected /Work/wwwroot/baojutouzi.com/Application/Runtime/Cache/Home/67d6cdd0cc4f72cad38240f6e53499de.php 第 692 行.
NOTIC: [8] Undefined index: selected /Work/wwwroot/baojutouzi.com/Application/Runtime/Cache/Home/67d6cdd0cc4f72cad38240f6e53499de.php 第 692 行.
NOTIC: [8] Undefined index: selected /Work/wwwroot/baojutouzi.com/Application/Runtime/Cache/Home/67d6cdd0cc4f72cad38240f6e53499de.php 第 692 行.
NOTIC: [8] Undefined index: selected /Work/wwwroot/baojutouzi.com/Application/Runtime/Cache/Home/67d6cdd0cc4f72cad38240f6e53499de.php 第 692 行.
NOTIC: [8] Undefined index: selected /Work/wwwroot/baojutouzi.com/Application/Runtime/Cache/Home/67d6cdd0cc4f72cad38240f6e53499de.php 第 692 行.
NOTIC: [8] Undefined index: selected /Work/wwwroot/baojutouzi.com/Application/Runtime/Cache/Home/67d6cdd0cc4f72cad38240f6e53499de.php 第 692 行.
NOTIC: [8] Undefined index: selected /Work/wwwroot/baojutouzi.com/Application/Runtime/Cache/Home/67d6cdd0cc4f72cad38240f6e53499de.php 第 692 行.
NOTIC: [8] Undefined index: selected /Work/wwwroot/baojutouzi.com/Application/Runtime/Cache/Home/67d6cdd0cc4f72cad38240f6e53499de.php 第 692 行.
NOTIC: [8] Undefined index: selected /Work/wwwroot/baojutouzi.com/Application/Runtime/Cache/Home/67d6cdd0cc4f72cad38240f6e53499de.php 第 692 行.
NOTIC: [8] Undefined index: selected /Work/wwwroot/baojutouzi.com/Application/Runtime/Cache/Home/67d6cdd0cc4f72cad38240f6e53499de.php 第 692 行.
NOTIC: [8] Undefined index: selected /Work/wwwroot/baojutouzi.com/Application/Runtime/Cache/Home/67d6cdd0cc4f72cad38240f6e53499de.php 第 692 行.
NOTIC: [8] Undefined index: selected /Work/wwwroot/baojutouzi.com/Application/Runtime/Cache/Home/67d6cdd0cc4f72cad38240f6e53499de.php 第 692 行.
NOTIC: [8] Undefined index: selected /Work/wwwroot/baojutouzi.com/Application/Runtime/Cache/Home/67d6cdd0cc4f72cad38240f6e53499de.php 第 692 行.
NOTIC: [8] Undefined index: selected /Work/wwwroot/baojutouzi.com/Application/Runtime/Cache/Home/67d6cdd0cc4f72cad38240f6e53499de.php 第 692 行.
NOTIC: [8] Undefined index: selected /Work/wwwroot/baojutouzi.com/Application/Runtime/Cache/Home/67d6cdd0cc4f72cad38240f6e53499de.php 第 692 行.
NOTIC: [8] Undefined index: selected /Work/wwwroot/baojutouzi.com/Application/Runtime/Cache/Home/67d6cdd0cc4f72cad38240f6e53499de.php 第 692 行.
NOTIC: [8] Undefined index: selected /Work/wwwroot/baojutouzi.com/Application/Runtime/Cache/Home/67d6cdd0cc4f72cad38240f6e53499de.php 第 692 行.
NOTIC: [8] Undefined index: selected /Work/wwwroot/baojutouzi.com/Application/Runtime/Cache/Home/67d6cdd0cc4f72cad38240f6e53499de.php 第 701 行.
NOTIC: [8] Undefined index: selected /Work/wwwroot/baojutouzi.com/Application/Runtime/Cache/Home/67d6cdd0cc4f72cad38240f6e53499de.php 第 701 行.
NOTIC: [8] Undefined index: selected /Work/wwwroot/baojutouzi.com/Application/Runtime/Cache/Home/67d6cdd0cc4f72cad38240f6e53499de.php 第 701 行.
NOTIC: [8] Undefined index: selected /Work/wwwroot/baojutouzi.com/Application/Runtime/Cache/Home/67d6cdd0cc4f72cad38240f6e53499de.php 第 701 行.
NOTIC: [8] Undefined index: selected /Work/wwwroot/baojutouzi.com/Application/Runtime/Cache/Home/67d6cdd0cc4f72cad38240f6e53499de.php 第 701 行.
NOTIC: [8] Undefined index: selected /Work/wwwroot/baojutouzi.com/Application/Runtime/Cache/Home/67d6cdd0cc4f72cad38240f6e53499de.php 第 701 行.
NOTIC: [8] Undefined index: selected /Work/wwwroot/baojutouzi.com/Application/Runtime/Cache/Home/67d6cdd0cc4f72cad38240f6e53499de.php 第 701 行.
NOTIC: [8] Undefined index: selected /Work/wwwroot/baojutouzi.com/Application/Runtime/Cache/Home/67d6cdd0cc4f72cad38240f6e53499de.php 第 701 行.
NOTIC: [8] Undefined index: selected /Work/wwwroot/baojutouzi.com/Application/Runtime/Cache/Home/67d6cdd0cc4f72cad38240f6e53499de.php 第 701 行.
NOTIC: [8] Undefined index: selected /Work/wwwroot/baojutouzi.com/Application/Runtime/Cache/Home/67d6cdd0cc4f72cad38240f6e53499de.php 第 701 行.
NOTIC: [8] Undefined index: selected /Work/wwwroot/baojutouzi.com/Application/Runtime/Cache/Home/67d6cdd0cc4f72cad38240f6e53499de.php 第 701 行.
NOTIC: [8] Undefined index: selected /Work/wwwroot/baojutouzi.com/Application/Runtime/Cache/Home/67d6cdd0cc4f72cad38240f6e53499de.php 第 701 行.
NOTIC: [8] Undefined index: selected /Work/wwwroot/baojutouzi.com/Application/Runtime/Cache/Home/67d6cdd0cc4f72cad38240f6e53499de.php 第 701 行.
NOTIC: [8] Undefined index: selected /Work/wwwroot/baojutouzi.com/Application/Runtime/Cache/Home/67d6cdd0cc4f72cad38240f6e53499de.php 第 701 行.
NOTIC: [8] Undefined index: selected /Work/wwwroot/baojutouzi.com/Application/Runtime/Cache/Home/67d6cdd0cc4f72cad38240f6e53499de.php 第 701 行.
NOTIC: [8] Undefined index: selected /Work/wwwroot/baojutouzi.com/Application/Runtime/Cache/Home/67d6cdd0cc4f72cad38240f6e53499de.php 第 701 行.
NOTIC: [8] Undefined index: selected /Work/wwwroot/baojutouzi.com/Application/Runtime/Cache/Home/67d6cdd0cc4f72cad38240f6e53499de.php 第 701 行.
NOTIC: [8] Undefined index: selected /Work/wwwroot/baojutouzi.com/Application/Runtime/Cache/Home/67d6cdd0cc4f72cad38240f6e53499de.php 第 701 行.
NOTIC: [8] Undefined index: selected /Work/wwwroot/baojutouzi.com/Application/Runtime/Cache/Home/67d6cdd0cc4f72cad38240f6e53499de.php 第 701 行.
NOTIC: [8] Undefined index: selected /Work/wwwroot/baojutouzi.com/Application/Runtime/Cache/Home/67d6cdd0cc4f72cad38240f6e53499de.php 第 701 行.
NOTIC: [8] Undefined index: selected /Work/wwwroot/baojutouzi.com/Application/Runtime/Cache/Home/67d6cdd0cc4f72cad38240f6e53499de.php 第 701 行.
NOTIC: [8] Undefined index: selected /Work/wwwroot/baojutouzi.com/Application/Runtime/Cache/Home/67d6cdd0cc4f72cad38240f6e53499de.php 第 701 行.
NOTIC: [8] Undefined index: selected /Work/wwwroot/baojutouzi.com/Application/Runtime/Cache/Home/67d6cdd0cc4f72cad38240f6e53499de.php 第 701 行.
NOTIC: [8] Undefined index: selected /Work/wwwroot/baojutouzi.com/Application/Runtime/Cache/Home/67d6cdd0cc4f72cad38240f6e53499de.php 第 701 行.
NOTIC: [8] Undefined index: selected /Work/wwwroot/baojutouzi.com/Application/Runtime/Cache/Home/67d6cdd0cc4f72cad38240f6e53499de.php 第 701 行.
NOTIC: [8] Undefined index: selected /Work/wwwroot/baojutouzi.com/Application/Runtime/Cache/Home/67d6cdd0cc4f72cad38240f6e53499de.php 第 701 行.
NOTIC: [8] Undefined index: selected /Work/wwwroot/baojutouzi.com/Application/Runtime/Cache/Home/67d6cdd0cc4f72cad38240f6e53499de.php 第 701 行.
NOTIC: [8] Undefined index: selected /Work/wwwroot/baojutouzi.com/Application/Runtime/Cache/Home/67d6cdd0cc4f72cad38240f6e53499de.php 第 701 行.
NOTIC: [8] Undefined index: selected /Work/wwwroot/baojutouzi.com/Application/Runtime/Cache/Home/67d6cdd0cc4f72cad38240f6e53499de.php 第 701 行.
NOTIC: [8] Undefined index: selected /Work/wwwroot/baojutouzi.com/Application/Runtime/Cache/Home/67d6cdd0cc4f72cad38240f6e53499de.php 第 701 行.
NOTIC: [8] Undefined index: selected /Work/wwwroot/baojutouzi.com/Application/Runtime/Cache/Home/67d6cdd0cc4f72cad38240f6e53499de.php 第 701 行.
NOTIC: [8] Undefined index: selected /Work/wwwroot/baojutouzi.com/Application/Runtime/Cache/Home/67d6cdd0cc4f72cad38240f6e53499de.php 第 701 行.
NOTIC: [8] Undefined index: selected /Work/wwwroot/baojutouzi.com/Application/Runtime/Cache/Home/67d6cdd0cc4f72cad38240f6e53499de.php 第 701 行.
NOTIC: [8] Undefined index: selected /Work/wwwroot/baojutouzi.com/Application/Runtime/Cache/Home/67d6cdd0cc4f72cad38240f6e53499de.php 第 701 行.
NOTIC: [8] Undefined index: selected /Work/wwwroot/baojutouzi.com/Application/Runtime/Cache/Home/67d6cdd0cc4f72cad38240f6e53499de.php 第 701 行.
NOTIC: [8] Undefined index: selected /Work/wwwroot/baojutouzi.com/Application/Runtime/Cache/Home/67d6cdd0cc4f72cad38240f6e53499de.php 第 701 行.
NOTIC: [8] Undefined index: selected /Work/wwwroot/baojutouzi.com/Application/Runtime/Cache/Home/67d6cdd0cc4f72cad38240f6e53499de.php 第 701 行.
NOTIC: [8] Undefined index: selected /Work/wwwroot/baojutouzi.com/Application/Runtime/Cache/Home/67d6cdd0cc4f72cad38240f6e53499de.php 第 701 行.
NOTIC: [8] Undefined index: selected /Work/wwwroot/baojutouzi.com/Application/Runtime/Cache/Home/67d6cdd0cc4f72cad38240f6e53499de.php 第 701 行.
NOTIC: [8] Undefined index: selected /Work/wwwroot/baojutouzi.com/Application/Runtime/Cache/Home/67d6cdd0cc4f72cad38240f6e53499de.php 第 701 行.
NOTIC: [8] Undefined index: selected /Work/wwwroot/baojutouzi.com/Application/Runtime/Cache/Home/67d6cdd0cc4f72cad38240f6e53499de.php 第 701 行.
NOTIC: [8] Undefined index: selected /Work/wwwroot/baojutouzi.com/Application/Runtime/Cache/Home/67d6cdd0cc4f72cad38240f6e53499de.php 第 701 行.
NOTIC: [8] Undefined index: selected /Work/wwwroot/baojutouzi.com/Application/Runtime/Cache/Home/67d6cdd0cc4f72cad38240f6e53499de.php 第 701 行.
NOTIC: [8] Undefined index: selected /Work/wwwroot/baojutouzi.com/Application/Runtime/Cache/Home/67d6cdd0cc4f72cad38240f6e53499de.php 第 701 行.
NOTIC: [8] Undefined index: selected /Work/wwwroot/baojutouzi.com/Application/Runtime/Cache/Home/67d6cdd0cc4f72cad38240f6e53499de.php 第 701 行.
NOTIC: [8] Undefined index: selected /Work/wwwroot/baojutouzi.com/Application/Runtime/Cache/Home/67d6cdd0cc4f72cad38240f6e53499de.php 第 701 行.
NOTIC: [8] Undefined index: selected /Work/wwwroot/baojutouzi.com/Application/Runtime/Cache/Home/67d6cdd0cc4f72cad38240f6e53499de.php 第 701 行.
NOTIC: [8] Undefined index: selected /Work/wwwroot/baojutouzi.com/Application/Runtime/Cache/Home/67d6cdd0cc4f72cad38240f6e53499de.php 第 701 行.
NOTIC: [8] Undefined index: selected /Work/wwwroot/baojutouzi.com/Application/Runtime/Cache/Home/67d6cdd0cc4f72cad38240f6e53499de.php 第 701 行.
NOTIC: [8] Undefined index: selected /Work/wwwroot/baojutouzi.com/Application/Runtime/Cache/Home/67d6cdd0cc4f72cad38240f6e53499de.php 第 701 行.
NOTIC: [8] Undefined index: selected /Work/wwwroot/baojutouzi.com/Application/Runtime/Cache/Home/67d6cdd0cc4f72cad38240f6e53499de.php 第 701 行.
NOTIC: [8] Undefined index: selected /Work/wwwroot/baojutouzi.com/Application/Runtime/Cache/Home/67d6cdd0cc4f72cad38240f6e53499de.php 第 701 行.
NOTIC: [8] Undefined index: selected /Work/wwwroot/baojutouzi.com/Application/Runtime/Cache/Home/67d6cdd0cc4f72cad38240f6e53499de.php 第 701 行.
NOTIC: [8] Undefined index: selected /Work/wwwroot/baojutouzi.com/Application/Runtime/Cache/Home/67d6cdd0cc4f72cad38240f6e53499de.php 第 701 行.
NOTIC: [8] Undefined index: selected /Work/wwwroot/baojutouzi.com/Application/Runtime/Cache/Home/67d6cdd0cc4f72cad38240f6e53499de.php 第 701 行.
NOTIC: [8] Undefined index: selected /Work/wwwroot/baojutouzi.com/Application/Runtime/Cache/Home/67d6cdd0cc4f72cad38240f6e53499de.php 第 701 行.
NOTIC: [8] Undefined index: selected /Work/wwwroot/baojutouzi.com/Application/Runtime/Cache/Home/67d6cdd0cc4f72cad38240f6e53499de.php 第 701 行.
NOTIC: [8] Undefined index: selected /Work/wwwroot/baojutouzi.com/Application/Runtime/Cache/Home/67d6cdd0cc4f72cad38240f6e53499de.php 第 701 行.
NOTIC: [8] Undefined index: selected /Work/wwwroot/baojutouzi.com/Application/Runtime/Cache/Home/67d6cdd0cc4f72cad38240f6e53499de.php 第 701 行.
NOTIC: [8] Undefined index: selected /Work/wwwroot/baojutouzi.com/Application/Runtime/Cache/Home/67d6cdd0cc4f72cad38240f6e53499de.php 第 701 行.
NOTIC: [8] Undefined index: selected /Work/wwwroot/baojutouzi.com/Application/Runtime/Cache/Home/67d6cdd0cc4f72cad38240f6e53499de.php 第 701 行.
NOTIC: [8] Undefined index: selected /Work/wwwroot/baojutouzi.com/Application/Runtime/Cache/Home/67d6cdd0cc4f72cad38240f6e53499de.php 第 701 行.
NOTIC: [8] Undefined index: selected /Work/wwwroot/baojutouzi.com/Application/Runtime/Cache/Home/67d6cdd0cc4f72cad38240f6e53499de.php 第 701 行.
NOTIC: [8] Undefined index: selected /Work/wwwroot/baojutouzi.com/Application/Runtime/Cache/Home/67d6cdd0cc4f72cad38240f6e53499de.php 第 711 行.
NOTIC: [8] Undefined index: selected /Work/wwwroot/baojutouzi.com/Application/Runtime/Cache/Home/67d6cdd0cc4f72cad38240f6e53499de.php 第 711 行.
NOTIC: [8] Undefined index: selected /Work/wwwroot/baojutouzi.com/Application/Runtime/Cache/Home/67d6cdd0cc4f72cad38240f6e53499de.php 第 711 行.
NOTIC: [8] Undefined variable: input_datepicker /Work/wwwroot/baojutouzi.com/Application/Runtime/Cache/Home/67d6cdd0cc4f72cad38240f6e53499de.php 第 728 行.
NOTIC: [8] Undefined index: foreign_name /Work/wwwroot/baojutouzi.com/Application/Runtime/Cache/Home/67d6cdd0cc4f72cad38240f6e53499de.php 第 817 行.
INFO: Run Behavior\ParseTemplateBehavior [ RunTime:0.014331s ]
INFO: [ view_parse ] --END-- [ RunTime:0.014346s ]
INFO: [ view_filter ] --START--
INFO: Run Behavior\WriteHtmlCacheBehavior [ RunTime:0.000097s ]
INFO: [ view_filter ] --END-- [ RunTime:0.000107s ]
INFO: [ app_end ] --START--
INFO: Run Behavior\ShowPageTraceBehavior [ RunTime:0.000310s ]
INFO: [ app_end ] --END-- [ RunTime:0.000326s ]

[ 2018-01-19T16:45:47+08:00 ] 127.0.0.1 /index.php?m=home&c=message&a=index
INFO: [ app_init ] --START--
INFO: Run Behavior\BuildLiteBehavior [ RunTime:0.000009s ]
INFO: [ app_init ] --END-- [ RunTime:0.000729s ]
INFO: [ app_begin ] --START--
INFO: Run Behavior\ReadHtmlCacheBehavior [ RunTime:0.000740s ]
INFO: [ app_begin ] --END-- [ RunTime:0.000771s ]
SQL: SHOW COLUMNS FROM `bj_admin` [ RunTime:0.0004s ]
SQL: SELECT * FROM `bj_admin` WHERE `user_id` = 3 LIMIT 1   [ RunTime:0.0002s ]
SQL: SHOW COLUMNS FROM `bj_company` [ RunTime:0.0003s ]
SQL: SELECT * FROM `bj_company`  [ RunTime:0.0002s ]
SQL: SELECT * FROM `bj_admin` WHERE `user_id` = 3 LIMIT 1   [ RunTime:0.0002s ]
SQL: SHOW COLUMNS FROM `bj_customer` [ RunTime:0.0004s ]
SQL: SELECT * FROM `bj_customer` WHERE `company_id` IN ('1','2','3','4') AND `status` <> -1 AND `is_delete` <> 1 ORDER BY create_time desc  [ RunTime:0.0036s ]
SQL: SHOW COLUMNS FROM `bj_message` [ RunTime:0.0005s ]
SQL: SELECT * FROM `bj_message` WHERE `gmt_create` BETWEEN '2018-01-01 00:00:00' AND '2018-01-31 23:59:59' AND `company_id` IN ('1','2','3','4') ORDER BY gmt_create desc LIMIT 0,10   [ RunTime:0.0005s ]
SQL: SELECT COUNT(*) AS tp_count FROM `bj_message` WHERE `gmt_create` BETWEEN '2018-01-01 00:00:00' AND '2018-01-31 23:59:59' AND `company_id` IN ('1','2','3','4') LIMIT 1   [ RunTime:0.0002s ]
SQL: SELECT * FROM `bj_message` WHERE `gmt_create` BETWEEN '2018-01-01 00:00:00' AND '2018-01-31 23:59:59' AND `company_id` IN ('1','2','3','4') ORDER BY gmt_create desc  [ RunTime:0.0010s ]
SQL: SELECT * FROM `bj_company` WHERE `company_id` = 1 LIMIT 1   [ RunTime:0.0002s ]
SQL: SELECT * FROM `bj_customer` WHERE `id` = 948 LIMIT 1   [ RunTime:0.0002s ]
SQL: SELECT * FROM `bj_company` WHERE `company_id` = 1 LIMIT 1   [ RunTime:0.0001s ]
SQL: SELECT * FROM `bj_customer` WHERE `id` = 996 LIMIT 1   [ RunTime:0.0001s ]
SQL: SELECT * FROM `bj_company` WHERE `company_id` = 1 LIMIT 1   [ RunTime:0.0001s ]
SQL: SELECT * FROM `bj_customer` WHERE `id` = 994 LIMIT 1   [ RunTime:0.0001s ]
SQL: SELECT * FROM `bj_company` WHERE `company_id` = 1 LIMIT 1   [ RunTime:0.0001s ]
SQL: SELECT * FROM `bj_customer` WHERE `id` = 987 LIMIT 1   [ RunTime:0.0002s ]
SQL: SELECT * FROM `bj_company` WHERE `company_id` = 1 LIMIT 1   [ RunTime:0.0001s ]
SQL: SELECT * FROM `bj_customer` WHERE `id` = 948 LIMIT 1   [ RunTime:0.0001s ]
SQL: SELECT * FROM `bj_company` WHERE `company_id` = 1 LIMIT 1   [ RunTime:0.0001s ]
SQL: SELECT * FROM `bj_customer` WHERE `id` = 946 LIMIT 1   [ RunTime:0.0001s ]
SQL: SELECT * FROM `bj_company` WHERE `company_id` = 1 LIMIT 1   [ RunTime:0.0001s ]
SQL: SELECT * FROM `bj_customer` WHERE `id` = 944 LIMIT 1   [ RunTime:0.0001s ]
SQL: SELECT * FROM `bj_company` WHERE `company_id` = 1 LIMIT 1   [ RunTime:0.0001s ]
SQL: SELECT * FROM `bj_customer` WHERE `id` = 943 LIMIT 1   [ RunTime:0.0001s ]
SQL: SELECT * FROM `bj_company` WHERE `company_id` = 2 LIMIT 1   [ RunTime:0.0001s ]
SQL: SELECT * FROM `bj_customer` WHERE `id` = 940 LIMIT 1   [ RunTime:0.0001s ]
SQL: SELECT * FROM `bj_company` WHERE `company_id` = 2 LIMIT 1   [ RunTime:0.0001s ]
SQL: SELECT * FROM `bj_customer` WHERE `id` = 947 LIMIT 1   [ RunTime:0.0002s ]
INFO: [ view_parse ] --START--
INFO: [ template_filter ] --START--
INFO: Run Behavior\ContentReplaceBehavior [ RunTime:0.000119s ]
INFO: [ template_filter ] --END-- [ RunTime:0.000141s ]
NOTIC: [8] Undefined variable: Think /Work/wwwroot/baojutouzi.com/Application/Runtime/Cache/Home/455a6242d1c94ccc41106a388080363b.php 第 346 行.
NOTIC: [8] Undefined variable: Think /Work/wwwroot/baojutouzi.com/Application/Runtime/Cache/Home/455a6242d1c94ccc41106a388080363b.php 第 346 行.
NOTIC: [8] Undefined variable: input_customer_phone /Work/wwwroot/baojutouzi.com/Application/Runtime/Cache/Home/455a6242d1c94ccc41106a388080363b.php 第 604 行.
NOTIC: [8] Undefined variable: repayment /Work/wwwroot/baojutouzi.com/Application/Runtime/Cache/Home/455a6242d1c94ccc41106a388080363b.php 第 667 行.
NOTIC: [8] Undefined variable: repayment /Work/wwwroot/baojutouzi.com/Application/Runtime/Cache/Home/455a6242d1c94ccc41106a388080363b.php 第 668 行.
NOTIC: [8] Undefined variable: repayment /Work/wwwroot/baojutouzi.com/Application/Runtime/Cache/Home/455a6242d1c94ccc41106a388080363b.php 第 667 行.
NOTIC: [8] Undefined variable: repayment /Work/wwwroot/baojutouzi.com/Application/Runtime/Cache/Home/455a6242d1c94ccc41106a388080363b.php 第 668 行.
NOTIC: [8] Undefined variable: repayment /Work/wwwroot/baojutouzi.com/Application/Runtime/Cache/Home/455a6242d1c94ccc41106a388080363b.php 第 667 行.
NOTIC: [8] Undefined variable: repayment /Work/wwwroot/baojutouzi.com/Application/Runtime/Cache/Home/455a6242d1c94ccc41106a388080363b.php 第 668 行.
NOTIC: [8] Undefined variable: repayment /Work/wwwroot/baojutouzi.com/Application/Runtime/Cache/Home/455a6242d1c94ccc41106a388080363b.php 第 667 行.
NOTIC: [8] Undefined variable: repayment /Work/wwwroot/baojutouzi.com/Application/Runtime/Cache/Home/455a6242d1c94ccc41106a388080363b.php 第 668 行.
NOTIC: [8] Undefined variable: repayment /Work/wwwroot/baojutouzi.com/Application/Runtime/Cache/Home/455a6242d1c94ccc41106a388080363b.php 第 667 行.
NOTIC: [8] Undefined variable: repayment /Work/wwwroot/baojutouzi.com/Application/Runtime/Cache/Home/455a6242d1c94ccc41106a388080363b.php 第 668 行.
NOTIC: [8] Undefined variable: repayment /Work/wwwroot/baojutouzi.com/Application/Runtime/Cache/Home/455a6242d1c94ccc41106a388080363b.php 第 667 行.
NOTIC: [8] Undefined variable: repayment /Work/wwwroot/baojutouzi.com/Application/Runtime/Cache/Home/455a6242d1c94ccc41106a388080363b.php 第 668 行.
NOTIC: [8] Undefined variable: repayment /Work/wwwroot/baojutouzi.com/Application/Runtime/Cache/Home/455a6242d1c94ccc41106a388080363b.php 第 667 行.
NOTIC: [8] Undefined variable: repayment /Work/wwwroot/baojutouzi.com/Application/Runtime/Cache/Home/455a6242d1c94ccc41106a388080363b.php 第 668 行.
NOTIC: [8] Undefined variable: repayment /Work/wwwroot/baojutouzi.com/Application/Runtime/Cache/Home/455a6242d1c94ccc41106a388080363b.php 第 667 行.
NOTIC: [8] Undefined variable: repayment /Work/wwwroot/baojutouzi.com/Application/Runtime/Cache/Home/455a6242d1c94ccc41106a388080363b.php 第 668 行.
NOTIC: [8] Undefined variable: repayment /Work/wwwroot/baojutouzi.com/Application/Runtime/Cache/Home/455a6242d1c94ccc41106a388080363b.php 第 667 行.
NOTIC: [8] Undefined variable: repayment /Work/wwwroot/baojutouzi.com/Application/Runtime/Cache/Home/455a6242d1c94ccc41106a388080363b.php 第 668 行.
NOTIC: [8] Undefined variable: repayment /Work/wwwroot/baojutouzi.com/Application/Runtime/Cache/Home/455a6242d1c94ccc41106a388080363b.php 第 667 行.
NOTIC: [8] Undefined variable: repayment /Work/wwwroot/baojutouzi.com/Application/Runtime/Cache/Home/455a6242d1c94ccc41106a388080363b.php 第 668 行.
INFO: Run Behavior\ParseTemplateBehavior [ RunTime:0.016009s ]
INFO: [ view_parse ] --END-- [ RunTime:0.016025s ]
INFO: [ view_filter ] --START--
INFO: Run Behavior\WriteHtmlCacheBehavior [ RunTime:0.000591s ]
INFO: [ view_filter ] --END-- [ RunTime:0.000617s ]
INFO: [ app_end ] --START--
INFO: Run Behavior\ShowPageTraceBehavior [ RunTime:0.000735s ]
INFO: [ app_end ] --END-- [ RunTime:0.000764s ]

[ 2018-01-19T16:45:53+08:00 ] 127.0.0.1 /index.php?m=home&c=customer&a=getCustomerByID
INFO: [ app_init ] --START--
INFO: Run Behavior\BuildLiteBehavior [ RunTime:0.000007s ]
INFO: [ app_init ] --END-- [ RunTime:0.000276s ]
INFO: [ app_begin ] --START--
INFO: Run Behavior\ReadHtmlCacheBehavior [ RunTime:0.000260s ]
INFO: [ app_begin ] --END-- [ RunTime:0.000277s ]
SQL: SHOW COLUMNS FROM `bj_admin` [ RunTime:0.0004s ]
SQL: SELECT * FROM `bj_admin` WHERE `user_id` = 3 LIMIT 1   [ RunTime:0.0002s ]
SQL: SHOW COLUMNS FROM `bj_customer` [ RunTime:0.0005s ]
SQL: SELECT * FROM `bj_customer` WHERE `id` = 2275 LIMIT 1   [ RunTime:0.0002s ]
SQL: SHOW COLUMNS FROM `bj_company` [ RunTime:0.0003s ]
SQL: SELECT * FROM `bj_company` WHERE `company_id` = 2 LIMIT 1   [ RunTime:0.0002s ]

[ 2018-01-19T16:46:08+08:00 ] 127.0.0.1 /index.php?m=home&c=customer&a=getCustomerByID
INFO: [ app_init ] --START--
INFO: Run Behavior\BuildLiteBehavior [ RunTime:0.000007s ]
INFO: [ app_init ] --END-- [ RunTime:0.000193s ]
INFO: [ app_begin ] --START--
INFO: Run Behavior\ReadHtmlCacheBehavior [ RunTime:0.000256s ]
INFO: [ app_begin ] --END-- [ RunTime:0.000273s ]
SQL: SHOW COLUMNS FROM `bj_admin` [ RunTime:0.0004s ]
SQL: SELECT * FROM `bj_admin` WHERE `user_id` = 3 LIMIT 1   [ RunTime:0.0003s ]
SQL: SHOW COLUMNS FROM `bj_customer` [ RunTime:0.0003s ]
SQL: SELECT * FROM `bj_customer` WHERE `id` = 2500 LIMIT 1   [ RunTime:0.0002s ]
SQL: SHOW COLUMNS FROM `bj_company` [ RunTime:0.0003s ]
SQL: SELECT * FROM `bj_company` WHERE `company_id` = 2 LIMIT 1   [ RunTime:0.0002s ]

