[ 2018-01-15T00:03:31+08:00 ] 127.0.0.1 /index.php?m=home
INFO: [ app_init ] --START--
INFO: Run Behavior\BuildLiteBehavior [ RunTime:0.000006s ]
INFO: [ app_init ] --END-- [ RunTime:0.000237s ]
INFO: [ app_begin ] --START--
INFO: Run Behavior\ReadHtmlCacheBehavior [ RunTime:0.000280s ]
INFO: [ app_begin ] --END-- [ RunTime:0.000296s ]
SQL: SHOW COLUMNS FROM `bj_admin` [ RunTime:0.0259s ]
SQL: SELECT * FROM `bj_admin` WHERE `user_id` = 1 LIMIT 1   [ RunTime:0.0271s ]
SQL: SHOW COLUMNS FROM `bj_loan` [ RunTime:0.0300s ]
SQL: SELECT SUM(expenditure) AS tp_sum FROM `bj_loan` WHERE `create_time` BETWEEN 1514736000 AND 1517414399 AND `is_delete` <> 1 LIMIT 1   [ RunTime:0.0233s ]
SQL: SHOW COLUMNS FROM `bj_repayments` [ RunTime:0.0355s ]
SQL: SELECT SUM(r_money) AS tp_sum FROM `bj_repayments` WHERE `gmt_repay` BETWEEN '2018-01-01 00:00:00' AND '2018-01-31 23:59:59' AND `is_delete` <> 1 LIMIT 1   [ RunTime:0.0223s ]
SQL: SELECT COUNT(*) AS tp_count FROM `bj_loan` WHERE `create_time` BETWEEN 1514736000 AND 1517414399 AND `is_delete` <> 1 LIMIT 1   [ RunTime:0.0249s ]
SQL: SELECT * FROM `bj_repayments` WHERE `gmt_repay` BETWEEN 1514736000 AND 1517414399 AND `is_delete` <> 1  [ RunTime:0.0264s ]
SQL: SELECT * FROM `bj_admin` WHERE `user_id` = 1 LIMIT 1   [ RunTime:0.0280s ]
SQL: SELECT * FROM `bj_loan` WHERE `create_time` <= 1515945809 AND `exp_time` >= 1515945809 AND `company_id` = 1 AND `loan_status` <> 1 AND `is_delete` <> 1  [ RunTime:0.0660s ]
SQL: SHOW COLUMNS FROM `bj_customer` [ RunTime:0.0257s ]
SQL: SELECT * FROM `bj_customer` WHERE `id` = 899 LIMIT 1   [ RunTime:0.0336s ]
SQL: SHOW COLUMNS FROM `bj_product` [ RunTime:0.0232s ]
SQL: SELECT * FROM `bj_product` WHERE `product_id` = 2 LIMIT 1   [ RunTime:0.0250s ]
SQL: SHOW COLUMNS FROM `bj_cycle` [ RunTime:0.0291s ]
SQL: SELECT * FROM `bj_cycle` WHERE `cycle_id` = 1 LIMIT 1   [ RunTime:0.0230s ]
SQL: SHOW COLUMNS FROM `bj_staff` [ RunTime:0.0231s ]
SQL: SELECT * FROM `bj_staff` WHERE `staff_id` = 84 LIMIT 1   [ RunTime:0.0243s ]
SQL: SELECT * FROM `bj_repayments` WHERE `loan_id` = 1166 AND `cycles` = 14 AND `is_delete` <> 1 LIMIT 1   [ RunTime:0.0302s ]
SQL: SELECT * FROM `bj_customer` WHERE `id` = 900 LIMIT 1   [ RunTime:0.0226s ]
SQL: SELECT * FROM `bj_product` WHERE `product_id` = 2 LIMIT 1   [ RunTime:0.0227s ]
SQL: SELECT * FROM `bj_cycle` WHERE `cycle_id` = 1 LIMIT 1   [ RunTime:0.0235s ]
SQL: SELECT * FROM `bj_staff` WHERE `staff_id` = 94 LIMIT 1   [ RunTime:0.0237s ]
SQL: SELECT * FROM `bj_repayments` WHERE `loan_id` = 1167 AND `cycles` = 14 AND `is_delete` <> 1 LIMIT 1   [ RunTime:0.0326s ]
SQL: SELECT * FROM `bj_customer` WHERE `id` = 926 LIMIT 1   [ RunTime:0.0226s ]
SQL: SELECT * FROM `bj_product` WHERE `product_id` = 2 LIMIT 1   [ RunTime:0.0230s ]
SQL: SELECT * FROM `bj_cycle` WHERE `cycle_id` = 1 LIMIT 1   [ RunTime:0.0217s ]
SQL: SELECT * FROM `bj_staff` WHERE `staff_id` = 94 LIMIT 1   [ RunTime:0.0241s ]
SQL: SELECT * FROM `bj_repayments` WHERE `loan_id` = 1191 AND `cycles` = 12 AND `is_delete` <> 1 LIMIT 1   [ RunTime:0.0318s ]
SQL: SELECT * FROM `bj_customer` WHERE `id` = 953 LIMIT 1   [ RunTime:0.0239s ]
SQL: SELECT * FROM `bj_product` WHERE `product_id` = 1 LIMIT 1   [ RunTime:0.0220s ]
SQL: SELECT * FROM `bj_cycle` WHERE `cycle_id` = 2 LIMIT 1   [ RunTime:0.0332s ]
SQL: SELECT * FROM `bj_staff` WHERE `staff_id` = 84 LIMIT 1   [ RunTime:0.0307s ]
SQL: SELECT * FROM `bj_repayments` WHERE `loan_id` = 1216 AND `cycles` = 2 AND `is_delete` <> 1 LIMIT 1   [ RunTime:0.0264s ]
SQL: SELECT * FROM `bj_customer` WHERE `id` = 954 LIMIT 1   [ RunTime:0.0231s ]
SQL: SELECT * FROM `bj_product` WHERE `product_id` = 1 LIMIT 1   [ RunTime:0.0215s ]
SQL: SELECT * FROM `bj_cycle` WHERE `cycle_id` = 2 LIMIT 1   [ RunTime:0.0217s ]
SQL: SELECT * FROM `bj_staff` WHERE `staff_id` = 94 LIMIT 1   [ RunTime:0.0237s ]
SQL: SELECT * FROM `bj_repayments` WHERE `loan_id` = 1217 AND `cycles` = 2 AND `is_delete` <> 1 LIMIT 1   [ RunTime:0.0234s ]
SQL: SELECT * FROM `bj_customer` WHERE `id` = 956 LIMIT 1   [ RunTime:0.0215s ]
SQL: SELECT * FROM `bj_product` WHERE `product_id` = 1 LIMIT 1   [ RunTime:0.0279s ]
SQL: SELECT * FROM `bj_cycle` WHERE `cycle_id` = 2 LIMIT 1   [ RunTime:0.0249s ]
SQL: SELECT * FROM `bj_staff` WHERE `staff_id` = 85 LIMIT 1   [ RunTime:0.0736s ]
SQL: SELECT * FROM `bj_repayments` WHERE `loan_id` = 1218 AND `cycles` = 2 AND `is_delete` <> 1 LIMIT 1   [ RunTime:0.0391s ]
SQL: SELECT * FROM `bj_customer` WHERE `id` = 959 LIMIT 1   [ RunTime:0.0268s ]
SQL: SELECT * FROM `bj_product` WHERE `product_id` = 1 LIMIT 1   [ RunTime:0.0244s ]
SQL: SELECT * FROM `bj_cycle` WHERE `cycle_id` = 2 LIMIT 1   [ RunTime:0.0220s ]
SQL: SELECT * FROM `bj_staff` WHERE `staff_id` = 84 LIMIT 1   [ RunTime:0.0222s ]
SQL: SELECT * FROM `bj_repayments` WHERE `loan_id` = 1222 AND `cycles` = 2 AND `is_delete` <> 1 LIMIT 1   [ RunTime:0.0343s ]
SQL: SELECT * FROM `bj_customer` WHERE `id` = 962 LIMIT 1   [ RunTime:0.0226s ]
SQL: SELECT * FROM `bj_product` WHERE `product_id` = 1 LIMIT 1   [ RunTime:0.0233s ]
SQL: SELECT * FROM `bj_cycle` WHERE `cycle_id` = 2 LIMIT 1   [ RunTime:0.0253s ]
SQL: SELECT * FROM `bj_staff` WHERE `staff_id` = 94 LIMIT 1   [ RunTime:0.0296s ]
SQL: SELECT * FROM `bj_repayments` WHERE `loan_id` = 1225 AND `cycles` = 1 AND `is_delete` <> 1 LIMIT 1   [ RunTime:0.0212s ]
SQL: SELECT * FROM `bj_customer` WHERE `id` = 971 LIMIT 1   [ RunTime:0.0216s ]
SQL: SELECT * FROM `bj_product` WHERE `product_id` = 2 LIMIT 1   [ RunTime:0.0215s ]
SQL: SELECT * FROM `bj_cycle` WHERE `cycle_id` = 1 LIMIT 1   [ RunTime:0.0482s ]
SQL: SELECT * FROM `bj_staff` WHERE `staff_id` = 85 LIMIT 1   [ RunTime:0.0240s ]
SQL: SELECT * FROM `bj_repayments` WHERE `loan_id` = 1235 AND `cycles` = 6 AND `is_delete` <> 1 LIMIT 1   [ RunTime:0.0231s ]
SQL: SELECT * FROM `bj_customer` WHERE `id` = 972 LIMIT 1   [ RunTime:0.0235s ]
SQL: SELECT * FROM `bj_product` WHERE `product_id` = 2 LIMIT 1   [ RunTime:0.0214s ]
SQL: SELECT * FROM `bj_cycle` WHERE `cycle_id` = 1 LIMIT 1   [ RunTime:0.0225s ]
SQL: SELECT * FROM `bj_staff` WHERE `staff_id` = 94 LIMIT 1   [ RunTime:0.0222s ]
SQL: SELECT * FROM `bj_repayments` WHERE `loan_id` = 1236 AND `cycles` = 6 AND `is_delete` <> 1 LIMIT 1   [ RunTime:0.0220s ]
INFO: [ view_parse ] --START--
INFO: [ template_filter ] --START--
INFO: Run Behavior\ContentReplaceBehavior [ RunTime:0.000138s ]
INFO: [ template_filter ] --END-- [ RunTime:0.000160s ]
NOTIC: [8] Undefined variable: Think /Work/wwwroot/baojutouzi.com/Application/Runtime/Cache/Home/2a94b8bda04ff446dcedd42276fc99ee.php 第 346 行.
NOTIC: [8] Undefined variable: Think /Work/wwwroot/baojutouzi.com/Application/Runtime/Cache/Home/2a94b8bda04ff446dcedd42276fc99ee.php 第 346 行.
NOTIC: [8] Undefined variable: customers /Work/wwwroot/baojutouzi.com/Application/Runtime/Cache/Home/2a94b8bda04ff446dcedd42276fc99ee.php 第 639 行.
NOTIC: [8] Undefined variable: locations /Work/wwwroot/baojutouzi.com/Application/Runtime/Cache/Home/2a94b8bda04ff446dcedd42276fc99ee.php 第 648 行.
NOTIC: [8] Undefined variable: staffs /Work/wwwroot/baojutouzi.com/Application/Runtime/Cache/Home/2a94b8bda04ff446dcedd42276fc99ee.php 第 658 行.
NOTIC: [8] Undefined variable: paystyles /Work/wwwroot/baojutouzi.com/Application/Runtime/Cache/Home/2a94b8bda04ff446dcedd42276fc99ee.php 第 667 行.
NOTIC: [8] Undefined variable: isloans /Work/wwwroot/baojutouzi.com/Application/Runtime/Cache/Home/2a94b8bda04ff446dcedd42276fc99ee.php 第 676 行.
NOTIC: [8] Undefined variable: input_datepicker /Work/wwwroot/baojutouzi.com/Application/Runtime/Cache/Home/2a94b8bda04ff446dcedd42276fc99ee.php 第 684 行.
NOTIC: [8] Undefined variable: userInfo /Work/wwwroot/baojutouzi.com/Application/Runtime/Cache/Home/2a94b8bda04ff446dcedd42276fc99ee.php 第 687 行.
NOTIC: [8] Undefined variable: sum_money /Work/wwwroot/baojutouzi.com/Application/Runtime/Cache/Home/2a94b8bda04ff446dcedd42276fc99ee.php 第 716 行.
NOTIC: [8] Undefined variable: tours /Work/wwwroot/baojutouzi.com/Application/Runtime/Cache/Home/2a94b8bda04ff446dcedd42276fc99ee.php 第 740 行.
NOTIC: [8] Undefined variable: pageRes /Work/wwwroot/baojutouzi.com/Application/Runtime/Cache/Home/2a94b8bda04ff446dcedd42276fc99ee.php 第 756 行.
INFO: Run Behavior\ParseTemplateBehavior [ RunTime:0.020452s ]
INFO: [ view_parse ] --END-- [ RunTime:0.020475s ]
INFO: [ view_filter ] --START--
INFO: Run Behavior\WriteHtmlCacheBehavior [ RunTime:0.000124s ]
INFO: [ view_filter ] --END-- [ RunTime:0.000136s ]
INFO: [ app_end ] --START--
INFO: Run Behavior\ShowPageTraceBehavior [ RunTime:0.000319s ]
INFO: [ app_end ] --END-- [ RunTime:0.000333s ]

[ 2018-01-15T00:03:40+08:00 ] 127.0.0.1 /index.php?m=home&c=index&a=index
INFO: [ app_init ] --START--
INFO: Run Behavior\BuildLiteBehavior [ RunTime:0.000008s ]
INFO: [ app_init ] --END-- [ RunTime:0.000215s ]
INFO: [ app_begin ] --START--
INFO: Run Behavior\ReadHtmlCacheBehavior [ RunTime:0.000269s ]
INFO: [ app_begin ] --END-- [ RunTime:0.000288s ]
SQL: SHOW COLUMNS FROM `bj_admin` [ RunTime:0.0267s ]
SQL: SELECT * FROM `bj_admin` WHERE `user_id` = 1 LIMIT 1   [ RunTime:0.0516s ]
SQL: SHOW COLUMNS FROM `bj_loan` [ RunTime:0.0206s ]
SQL: SELECT SUM(expenditure) AS tp_sum FROM `bj_loan` WHERE `create_time` BETWEEN 1514736000 AND 1517414399 AND `is_delete` <> 1 LIMIT 1   [ RunTime:0.0210s ]
SQL: SHOW COLUMNS FROM `bj_repayments` [ RunTime:0.0198s ]
SQL: SELECT SUM(r_money) AS tp_sum FROM `bj_repayments` WHERE `gmt_repay` BETWEEN '2018-01-01 00:00:00' AND '2018-01-31 23:59:59' AND `is_delete` <> 1 LIMIT 1   [ RunTime:0.0191s ]
SQL: SELECT COUNT(*) AS tp_count FROM `bj_loan` WHERE `create_time` BETWEEN 1514736000 AND 1517414399 AND `is_delete` <> 1 LIMIT 1   [ RunTime:0.0211s ]
SQL: SELECT * FROM `bj_repayments` WHERE `gmt_repay` BETWEEN 1514736000 AND 1517414399 AND `is_delete` <> 1  [ RunTime:0.0206s ]
SQL: SELECT * FROM `bj_admin` WHERE `user_id` = 1 LIMIT 1   [ RunTime:0.0196s ]
SQL: SELECT * FROM `bj_loan` WHERE `create_time` <= 1515945819 AND `exp_time` >= 1515945819 AND `company_id` = 1 AND `loan_status` <> 1 AND `is_delete` <> 1  [ RunTime:0.0273s ]
SQL: SHOW COLUMNS FROM `bj_customer` [ RunTime:0.0208s ]
SQL: SELECT * FROM `bj_customer` WHERE `id` = 899 LIMIT 1   [ RunTime:0.0195s ]
SQL: SHOW COLUMNS FROM `bj_product` [ RunTime:0.0197s ]
SQL: SELECT * FROM `bj_product` WHERE `product_id` = 2 LIMIT 1   [ RunTime:0.0214s ]
SQL: SHOW COLUMNS FROM `bj_cycle` [ RunTime:0.0266s ]
SQL: SELECT * FROM `bj_cycle` WHERE `cycle_id` = 1 LIMIT 1   [ RunTime:0.0200s ]
SQL: SHOW COLUMNS FROM `bj_staff` [ RunTime:0.0206s ]
SQL: SELECT * FROM `bj_staff` WHERE `staff_id` = 84 LIMIT 1   [ RunTime:0.0229s ]
SQL: SELECT * FROM `bj_repayments` WHERE `loan_id` = 1166 AND `cycles` = 14 AND `is_delete` <> 1 LIMIT 1   [ RunTime:0.0222s ]
SQL: SELECT * FROM `bj_customer` WHERE `id` = 900 LIMIT 1   [ RunTime:0.0259s ]
SQL: SELECT * FROM `bj_product` WHERE `product_id` = 2 LIMIT 1   [ RunTime:0.0223s ]
SQL: SELECT * FROM `bj_cycle` WHERE `cycle_id` = 1 LIMIT 1   [ RunTime:0.0200s ]
SQL: SELECT * FROM `bj_staff` WHERE `staff_id` = 94 LIMIT 1   [ RunTime:0.0218s ]
SQL: SELECT * FROM `bj_repayments` WHERE `loan_id` = 1167 AND `cycles` = 14 AND `is_delete` <> 1 LIMIT 1   [ RunTime:0.0278s ]
SQL: SELECT * FROM `bj_customer` WHERE `id` = 926 LIMIT 1   [ RunTime:0.0192s ]
SQL: SELECT * FROM `bj_product` WHERE `product_id` = 2 LIMIT 1   [ RunTime:0.0201s ]
SQL: SELECT * FROM `bj_cycle` WHERE `cycle_id` = 1 LIMIT 1   [ RunTime:0.0228s ]
SQL: SELECT * FROM `bj_staff` WHERE `staff_id` = 94 LIMIT 1   [ RunTime:0.0225s ]
SQL: SELECT * FROM `bj_repayments` WHERE `loan_id` = 1191 AND `cycles` = 12 AND `is_delete` <> 1 LIMIT 1   [ RunTime:0.0199s ]
SQL: SELECT * FROM `bj_customer` WHERE `id` = 953 LIMIT 1   [ RunTime:0.0229s ]
SQL: SELECT * FROM `bj_product` WHERE `product_id` = 1 LIMIT 1   [ RunTime:0.0199s ]
SQL: SELECT * FROM `bj_cycle` WHERE `cycle_id` = 2 LIMIT 1   [ RunTime:0.0194s ]
SQL: SELECT * FROM `bj_staff` WHERE `staff_id` = 84 LIMIT 1   [ RunTime:0.0202s ]
SQL: SELECT * FROM `bj_repayments` WHERE `loan_id` = 1216 AND `cycles` = 2 AND `is_delete` <> 1 LIMIT 1   [ RunTime:0.0202s ]
SQL: SELECT * FROM `bj_customer` WHERE `id` = 954 LIMIT 1   [ RunTime:0.0205s ]
SQL: SELECT * FROM `bj_product` WHERE `product_id` = 1 LIMIT 1   [ RunTime:0.0198s ]
SQL: SELECT * FROM `bj_cycle` WHERE `cycle_id` = 2 LIMIT 1   [ RunTime:0.0198s ]
SQL: SELECT * FROM `bj_staff` WHERE `staff_id` = 94 LIMIT 1   [ RunTime:0.0223s ]
SQL: SELECT * FROM `bj_repayments` WHERE `loan_id` = 1217 AND `cycles` = 2 AND `is_delete` <> 1 LIMIT 1   [ RunTime:0.0203s ]
SQL: SELECT * FROM `bj_customer` WHERE `id` = 956 LIMIT 1   [ RunTime:0.0198s ]
SQL: SELECT * FROM `bj_product` WHERE `product_id` = 1 LIMIT 1   [ RunTime:0.0209s ]
SQL: SELECT * FROM `bj_cycle` WHERE `cycle_id` = 2 LIMIT 1   [ RunTime:0.0263s ]
SQL: SELECT * FROM `bj_staff` WHERE `staff_id` = 85 LIMIT 1   [ RunTime:0.0200s ]
SQL: SELECT * FROM `bj_repayments` WHERE `loan_id` = 1218 AND `cycles` = 2 AND `is_delete` <> 1 LIMIT 1   [ RunTime:0.0224s ]
SQL: SELECT * FROM `bj_customer` WHERE `id` = 959 LIMIT 1   [ RunTime:0.0266s ]
SQL: SELECT * FROM `bj_product` WHERE `product_id` = 1 LIMIT 1   [ RunTime:0.0221s ]
SQL: SELECT * FROM `bj_cycle` WHERE `cycle_id` = 2 LIMIT 1   [ RunTime:0.0232s ]
SQL: SELECT * FROM `bj_staff` WHERE `staff_id` = 84 LIMIT 1   [ RunTime:0.0222s ]
SQL: SELECT * FROM `bj_repayments` WHERE `loan_id` = 1222 AND `cycles` = 2 AND `is_delete` <> 1 LIMIT 1   [ RunTime:0.0205s ]
SQL: SELECT * FROM `bj_customer` WHERE `id` = 962 LIMIT 1   [ RunTime:0.0196s ]
SQL: SELECT * FROM `bj_product` WHERE `product_id` = 1 LIMIT 1   [ RunTime:0.0273s ]
SQL: SELECT * FROM `bj_cycle` WHERE `cycle_id` = 2 LIMIT 1   [ RunTime:0.0201s ]
SQL: SELECT * FROM `bj_staff` WHERE `staff_id` = 94 LIMIT 1   [ RunTime:0.0211s ]
SQL: SELECT * FROM `bj_repayments` WHERE `loan_id` = 1225 AND `cycles` = 1 AND `is_delete` <> 1 LIMIT 1   [ RunTime:0.0329s ]
SQL: SELECT * FROM `bj_customer` WHERE `id` = 971 LIMIT 1   [ RunTime:0.0234s ]
SQL: SELECT * FROM `bj_product` WHERE `product_id` = 2 LIMIT 1   [ RunTime:0.0219s ]
SQL: SELECT * FROM `bj_cycle` WHERE `cycle_id` = 1 LIMIT 1   [ RunTime:0.0224s ]
SQL: SELECT * FROM `bj_staff` WHERE `staff_id` = 85 LIMIT 1   [ RunTime:0.0194s ]
SQL: SELECT * FROM `bj_repayments` WHERE `loan_id` = 1235 AND `cycles` = 6 AND `is_delete` <> 1 LIMIT 1   [ RunTime:0.0213s ]
SQL: SELECT * FROM `bj_customer` WHERE `id` = 972 LIMIT 1   [ RunTime:0.0222s ]
SQL: SELECT * FROM `bj_product` WHERE `product_id` = 2 LIMIT 1   [ RunTime:0.0236s ]
SQL: SELECT * FROM `bj_cycle` WHERE `cycle_id` = 1 LIMIT 1   [ RunTime:0.0206s ]
SQL: SELECT * FROM `bj_staff` WHERE `staff_id` = 94 LIMIT 1   [ RunTime:0.0234s ]
SQL: SELECT * FROM `bj_repayments` WHERE `loan_id` = 1236 AND `cycles` = 6 AND `is_delete` <> 1 LIMIT 1   [ RunTime:0.0216s ]
INFO: [ view_parse ] --START--
INFO: [ template_filter ] --START--
INFO: Run Behavior\ContentReplaceBehavior [ RunTime:0.000122s ]
INFO: [ template_filter ] --END-- [ RunTime:0.000140s ]
NOTIC: [8] Undefined variable: Think /Work/wwwroot/baojutouzi.com/Application/Runtime/Cache/Home/2a94b8bda04ff446dcedd42276fc99ee.php 第 346 行.
NOTIC: [8] Undefined variable: Think /Work/wwwroot/baojutouzi.com/Application/Runtime/Cache/Home/2a94b8bda04ff446dcedd42276fc99ee.php 第 346 行.
NOTIC: [8] Undefined variable: customers /Work/wwwroot/baojutouzi.com/Application/Runtime/Cache/Home/2a94b8bda04ff446dcedd42276fc99ee.php 第 639 行.
NOTIC: [8] Undefined variable: locations /Work/wwwroot/baojutouzi.com/Application/Runtime/Cache/Home/2a94b8bda04ff446dcedd42276fc99ee.php 第 648 行.
NOTIC: [8] Undefined variable: staffs /Work/wwwroot/baojutouzi.com/Application/Runtime/Cache/Home/2a94b8bda04ff446dcedd42276fc99ee.php 第 658 行.
NOTIC: [8] Undefined variable: paystyles /Work/wwwroot/baojutouzi.com/Application/Runtime/Cache/Home/2a94b8bda04ff446dcedd42276fc99ee.php 第 667 行.
NOTIC: [8] Undefined variable: isloans /Work/wwwroot/baojutouzi.com/Application/Runtime/Cache/Home/2a94b8bda04ff446dcedd42276fc99ee.php 第 676 行.
NOTIC: [8] Undefined variable: input_datepicker /Work/wwwroot/baojutouzi.com/Application/Runtime/Cache/Home/2a94b8bda04ff446dcedd42276fc99ee.php 第 684 行.
NOTIC: [8] Undefined variable: userInfo /Work/wwwroot/baojutouzi.com/Application/Runtime/Cache/Home/2a94b8bda04ff446dcedd42276fc99ee.php 第 687 行.
NOTIC: [8] Undefined variable: sum_money /Work/wwwroot/baojutouzi.com/Application/Runtime/Cache/Home/2a94b8bda04ff446dcedd42276fc99ee.php 第 716 行.
NOTIC: [8] Undefined variable: tours /Work/wwwroot/baojutouzi.com/Application/Runtime/Cache/Home/2a94b8bda04ff446dcedd42276fc99ee.php 第 740 行.
NOTIC: [8] Undefined variable: pageRes /Work/wwwroot/baojutouzi.com/Application/Runtime/Cache/Home/2a94b8bda04ff446dcedd42276fc99ee.php 第 756 行.
INFO: Run Behavior\ParseTemplateBehavior [ RunTime:0.018296s ]
INFO: [ view_parse ] --END-- [ RunTime:0.018315s ]
INFO: [ view_filter ] --START--
INFO: Run Behavior\WriteHtmlCacheBehavior [ RunTime:0.000117s ]
INFO: [ view_filter ] --END-- [ RunTime:0.000129s ]
INFO: [ app_end ] --START--
INFO: Run Behavior\ShowPageTraceBehavior [ RunTime:0.000295s ]
INFO: [ app_end ] --END-- [ RunTime:0.000309s ]

[ 2018-01-15T00:03:56+08:00 ] 127.0.0.1 /index.php?m=home&c=index&a=index
INFO: [ app_init ] --START--
INFO: Run Behavior\BuildLiteBehavior [ RunTime:0.000008s ]
INFO: [ app_init ] --END-- [ RunTime:0.000250s ]
INFO: [ app_begin ] --START--
INFO: Run Behavior\ReadHtmlCacheBehavior [ RunTime:0.000320s ]
INFO: [ app_begin ] --END-- [ RunTime:0.000339s ]
SQL: SHOW COLUMNS FROM `bj_admin` [ RunTime:0.0208s ]
SQL: SELECT * FROM `bj_admin` WHERE `user_id` = 1 LIMIT 1   [ RunTime:0.0200s ]
SQL: SHOW COLUMNS FROM `bj_loan` [ RunTime:0.0244s ]
SQL: SELECT SUM(expenditure) AS tp_sum FROM `bj_loan` WHERE `create_time` BETWEEN 1514736000 AND 1517414399 AND `is_delete` <> 1 LIMIT 1   [ RunTime:0.0189s ]
SQL: SHOW COLUMNS FROM `bj_repayments` [ RunTime:0.0228s ]
SQL: SELECT SUM(r_money) AS tp_sum FROM `bj_repayments` WHERE `gmt_repay` BETWEEN '2018-01-01 00:00:00' AND '2018-01-31 23:59:59' AND `is_delete` <> 1 LIMIT 1   [ RunTime:0.0194s ]
SQL: SELECT COUNT(*) AS tp_count FROM `bj_loan` WHERE `create_time` BETWEEN 1514736000 AND 1517414399 AND `is_delete` <> 1 LIMIT 1   [ RunTime:0.0197s ]
SQL: SELECT * FROM `bj_repayments` WHERE `gmt_repay` BETWEEN 1514736000 AND 1517414399 AND `is_delete` <> 1  [ RunTime:0.0204s ]
SQL: SELECT * FROM `bj_admin` WHERE `user_id` = 1 LIMIT 1   [ RunTime:0.0202s ]
SQL: SELECT * FROM `bj_loan` WHERE `create_time` <= 1515945835 AND `exp_time` >= 1515945835 AND `company_id` = 1 AND `loan_status` <> 1 AND `is_delete` <> 1  [ RunTime:0.0218s ]
SQL: SHOW COLUMNS FROM `bj_customer` [ RunTime:0.0191s ]
SQL: SELECT * FROM `bj_customer` WHERE `id` = 899 LIMIT 1   [ RunTime:0.0199s ]
SQL: SHOW COLUMNS FROM `bj_product` [ RunTime:0.0493s ]
SQL: SELECT * FROM `bj_product` WHERE `product_id` = 2 LIMIT 1   [ RunTime:0.0204s ]
SQL: SHOW COLUMNS FROM `bj_cycle` [ RunTime:0.0195s ]
SQL: SELECT * FROM `bj_cycle` WHERE `cycle_id` = 1 LIMIT 1   [ RunTime:0.0197s ]
SQL: SHOW COLUMNS FROM `bj_staff` [ RunTime:0.0222s ]
SQL: SELECT * FROM `bj_staff` WHERE `staff_id` = 84 LIMIT 1   [ RunTime:0.0204s ]
SQL: SELECT * FROM `bj_repayments` WHERE `loan_id` = 1166 AND `cycles` = 14 AND `is_delete` <> 1 LIMIT 1   [ RunTime:0.0225s ]
SQL: SELECT * FROM `bj_customer` WHERE `id` = 900 LIMIT 1   [ RunTime:0.0202s ]
SQL: SELECT * FROM `bj_product` WHERE `product_id` = 2 LIMIT 1   [ RunTime:0.0223s ]
SQL: SELECT * FROM `bj_cycle` WHERE `cycle_id` = 1 LIMIT 1   [ RunTime:0.0221s ]
SQL: SELECT * FROM `bj_staff` WHERE `staff_id` = 94 LIMIT 1   [ RunTime:0.0239s ]
SQL: SELECT * FROM `bj_repayments` WHERE `loan_id` = 1167 AND `cycles` = 14 AND `is_delete` <> 1 LIMIT 1   [ RunTime:0.0193s ]
SQL: SELECT * FROM `bj_customer` WHERE `id` = 926 LIMIT 1   [ RunTime:0.0203s ]
SQL: SELECT * FROM `bj_product` WHERE `product_id` = 2 LIMIT 1   [ RunTime:0.0319s ]
SQL: SELECT * FROM `bj_cycle` WHERE `cycle_id` = 1 LIMIT 1   [ RunTime:0.0200s ]
SQL: SELECT * FROM `bj_staff` WHERE `staff_id` = 94 LIMIT 1   [ RunTime:0.0219s ]
SQL: SELECT * FROM `bj_repayments` WHERE `loan_id` = 1191 AND `cycles` = 12 AND `is_delete` <> 1 LIMIT 1   [ RunTime:0.0211s ]
SQL: SELECT * FROM `bj_customer` WHERE `id` = 953 LIMIT 1   [ RunTime:0.0205s ]
SQL: SELECT * FROM `bj_product` WHERE `product_id` = 1 LIMIT 1   [ RunTime:0.0196s ]
SQL: SELECT * FROM `bj_cycle` WHERE `cycle_id` = 2 LIMIT 1   [ RunTime:0.0192s ]
SQL: SELECT * FROM `bj_staff` WHERE `staff_id` = 84 LIMIT 1   [ RunTime:0.0207s ]
SQL: SELECT * FROM `bj_repayments` WHERE `loan_id` = 1216 AND `cycles` = 2 AND `is_delete` <> 1 LIMIT 1   [ RunTime:0.0291s ]
SQL: SELECT * FROM `bj_customer` WHERE `id` = 954 LIMIT 1   [ RunTime:0.0195s ]
SQL: SELECT * FROM `bj_product` WHERE `product_id` = 1 LIMIT 1   [ RunTime:0.0300s ]
SQL: SELECT * FROM `bj_cycle` WHERE `cycle_id` = 2 LIMIT 1   [ RunTime:0.0194s ]
SQL: SELECT * FROM `bj_staff` WHERE `staff_id` = 94 LIMIT 1   [ RunTime:0.0240s ]
SQL: SELECT * FROM `bj_repayments` WHERE `loan_id` = 1217 AND `cycles` = 2 AND `is_delete` <> 1 LIMIT 1   [ RunTime:0.0210s ]
SQL: SELECT * FROM `bj_customer` WHERE `id` = 956 LIMIT 1   [ RunTime:0.0204s ]
SQL: SELECT * FROM `bj_product` WHERE `product_id` = 1 LIMIT 1   [ RunTime:0.0214s ]
SQL: SELECT * FROM `bj_cycle` WHERE `cycle_id` = 2 LIMIT 1   [ RunTime:0.0200s ]
SQL: SELECT * FROM `bj_staff` WHERE `staff_id` = 85 LIMIT 1   [ RunTime:0.0212s ]
SQL: SELECT * FROM `bj_repayments` WHERE `loan_id` = 1218 AND `cycles` = 2 AND `is_delete` <> 1 LIMIT 1   [ RunTime:0.0441s ]
SQL: SELECT * FROM `bj_customer` WHERE `id` = 959 LIMIT 1   [ RunTime:0.0250s ]
SQL: SELECT * FROM `bj_product` WHERE `product_id` = 1 LIMIT 1   [ RunTime:0.0193s ]
SQL: SELECT * FROM `bj_cycle` WHERE `cycle_id` = 2 LIMIT 1   [ RunTime:0.0221s ]
SQL: SELECT * FROM `bj_staff` WHERE `staff_id` = 84 LIMIT 1   [ RunTime:0.0291s ]
SQL: SELECT * FROM `bj_repayments` WHERE `loan_id` = 1222 AND `cycles` = 2 AND `is_delete` <> 1 LIMIT 1   [ RunTime:0.0198s ]
SQL: SELECT * FROM `bj_customer` WHERE `id` = 962 LIMIT 1   [ RunTime:0.0201s ]
SQL: SELECT * FROM `bj_product` WHERE `product_id` = 1 LIMIT 1   [ RunTime:0.0194s ]
SQL: SELECT * FROM `bj_cycle` WHERE `cycle_id` = 2 LIMIT 1   [ RunTime:0.0190s ]
SQL: SELECT * FROM `bj_staff` WHERE `staff_id` = 94 LIMIT 1   [ RunTime:0.0225s ]
SQL: SELECT * FROM `bj_repayments` WHERE `loan_id` = 1225 AND `cycles` = 1 AND `is_delete` <> 1 LIMIT 1   [ RunTime:0.0224s ]
SQL: SELECT * FROM `bj_customer` WHERE `id` = 971 LIMIT 1   [ RunTime:0.0230s ]
SQL: SELECT * FROM `bj_product` WHERE `product_id` = 2 LIMIT 1   [ RunTime:0.0200s ]
SQL: SELECT * FROM `bj_cycle` WHERE `cycle_id` = 1 LIMIT 1   [ RunTime:0.0186s ]
SQL: SELECT * FROM `bj_staff` WHERE `staff_id` = 85 LIMIT 1   [ RunTime:0.0207s ]
SQL: SELECT * FROM `bj_repayments` WHERE `loan_id` = 1235 AND `cycles` = 6 AND `is_delete` <> 1 LIMIT 1   [ RunTime:0.0196s ]
SQL: SELECT * FROM `bj_customer` WHERE `id` = 972 LIMIT 1   [ RunTime:0.0211s ]
SQL: SELECT * FROM `bj_product` WHERE `product_id` = 2 LIMIT 1   [ RunTime:0.0231s ]
SQL: SELECT * FROM `bj_cycle` WHERE `cycle_id` = 1 LIMIT 1   [ RunTime:0.0220s ]
SQL: SELECT * FROM `bj_staff` WHERE `staff_id` = 94 LIMIT 1   [ RunTime:0.0210s ]
SQL: SELECT * FROM `bj_repayments` WHERE `loan_id` = 1236 AND `cycles` = 6 AND `is_delete` <> 1 LIMIT 1   [ RunTime:0.0219s ]
INFO: [ view_parse ] --START--
INFO: [ template_filter ] --START--
INFO: Run Behavior\ContentReplaceBehavior [ RunTime:0.000127s ]
INFO: [ template_filter ] --END-- [ RunTime:0.000147s ]
NOTIC: [8] Undefined variable: Think /Work/wwwroot/baojutouzi.com/Application/Runtime/Cache/Home/2a94b8bda04ff446dcedd42276fc99ee.php 第 346 行.
NOTIC: [8] Undefined variable: Think /Work/wwwroot/baojutouzi.com/Application/Runtime/Cache/Home/2a94b8bda04ff446dcedd42276fc99ee.php 第 346 行.
NOTIC: [8] Undefined variable: customers /Work/wwwroot/baojutouzi.com/Application/Runtime/Cache/Home/2a94b8bda04ff446dcedd42276fc99ee.php 第 639 行.
NOTIC: [8] Undefined variable: locations /Work/wwwroot/baojutouzi.com/Application/Runtime/Cache/Home/2a94b8bda04ff446dcedd42276fc99ee.php 第 648 行.
NOTIC: [8] Undefined variable: staffs /Work/wwwroot/baojutouzi.com/Application/Runtime/Cache/Home/2a94b8bda04ff446dcedd42276fc99ee.php 第 658 行.
NOTIC: [8] Undefined variable: paystyles /Work/wwwroot/baojutouzi.com/Application/Runtime/Cache/Home/2a94b8bda04ff446dcedd42276fc99ee.php 第 667 行.
NOTIC: [8] Undefined variable: isloans /Work/wwwroot/baojutouzi.com/Application/Runtime/Cache/Home/2a94b8bda04ff446dcedd42276fc99ee.php 第 676 行.
NOTIC: [8] Undefined variable: input_datepicker /Work/wwwroot/baojutouzi.com/Application/Runtime/Cache/Home/2a94b8bda04ff446dcedd42276fc99ee.php 第 684 行.
NOTIC: [8] Undefined variable: userInfo /Work/wwwroot/baojutouzi.com/Application/Runtime/Cache/Home/2a94b8bda04ff446dcedd42276fc99ee.php 第 687 行.
NOTIC: [8] Undefined variable: sum_money /Work/wwwroot/baojutouzi.com/Application/Runtime/Cache/Home/2a94b8bda04ff446dcedd42276fc99ee.php 第 716 行.
NOTIC: [8] Undefined variable: tours /Work/wwwroot/baojutouzi.com/Application/Runtime/Cache/Home/2a94b8bda04ff446dcedd42276fc99ee.php 第 740 行.
NOTIC: [8] Undefined variable: pageRes /Work/wwwroot/baojutouzi.com/Application/Runtime/Cache/Home/2a94b8bda04ff446dcedd42276fc99ee.php 第 756 行.
INFO: Run Behavior\ParseTemplateBehavior [ RunTime:0.022151s ]
INFO: [ view_parse ] --END-- [ RunTime:0.022175s ]
INFO: [ view_filter ] --START--
INFO: Run Behavior\WriteHtmlCacheBehavior [ RunTime:0.000124s ]
INFO: [ view_filter ] --END-- [ RunTime:0.000137s ]
INFO: [ app_end ] --START--
INFO: Run Behavior\ShowPageTraceBehavior [ RunTime:0.000342s ]
INFO: [ app_end ] --END-- [ RunTime:0.000358s ]

[ 2018-01-15T00:04:11+08:00 ] 127.0.0.1 /index.php?m=home&c=index&a=index
INFO: [ app_init ] --START--
INFO: Run Behavior\BuildLiteBehavior [ RunTime:0.000011s ]
INFO: [ app_init ] --END-- [ RunTime:0.000277s ]
INFO: [ app_begin ] --START--
INFO: Run Behavior\ReadHtmlCacheBehavior [ RunTime:0.000422s ]
INFO: [ app_begin ] --END-- [ RunTime:0.000452s ]
SQL: SHOW COLUMNS FROM `bj_admin` [ RunTime:0.0325s ]
SQL: SELECT * FROM `bj_admin` WHERE `user_id` = 1 LIMIT 1   [ RunTime:0.0237s ]
SQL: SHOW COLUMNS FROM `bj_loan` [ RunTime:0.0225s ]
SQL: SELECT SUM(expenditure) AS tp_sum FROM `bj_loan` WHERE `create_time` BETWEEN 1514736000 AND 1517414399 AND `is_delete` <> 1 LIMIT 1   [ RunTime:0.0211s ]
SQL: SHOW COLUMNS FROM `bj_repayments` [ RunTime:0.0219s ]
SQL: SELECT SUM(r_money) AS tp_sum FROM `bj_repayments` WHERE `gmt_repay` BETWEEN '2018-01-01 00:00:00' AND '2018-01-31 23:59:59' AND `is_delete` <> 1 LIMIT 1   [ RunTime:0.0223s ]
SQL: SELECT COUNT(*) AS tp_count FROM `bj_loan` WHERE `create_time` BETWEEN 1514736000 AND 1517414399 AND `is_delete` <> 1 LIMIT 1   [ RunTime:0.0200s ]
SQL: SELECT * FROM `bj_repayments` WHERE `gmt_repay` BETWEEN 1514736000 AND 1517414399 AND `is_delete` <> 1  [ RunTime:0.0221s ]
SQL: SELECT * FROM `bj_admin` WHERE `user_id` = 1 LIMIT 1   [ RunTime:0.0210s ]
SQL: SELECT * FROM `bj_loan` WHERE `create_time` <= 1515945849 AND `exp_time` >= 1515945849 AND `company_id` = 1 AND `loan_status` <> 1 AND `is_delete` <> 1  [ RunTime:0.0307s ]
SQL: SHOW COLUMNS FROM `bj_customer` [ RunTime:0.0258s ]
SQL: SELECT * FROM `bj_customer` WHERE `id` = 899 LIMIT 1   [ RunTime:0.0203s ]
SQL: SHOW COLUMNS FROM `bj_product` [ RunTime:0.0207s ]
SQL: SELECT * FROM `bj_product` WHERE `product_id` = 2 LIMIT 1   [ RunTime:0.0207s ]
SQL: SHOW COLUMNS FROM `bj_cycle` [ RunTime:0.0250s ]
SQL: SELECT * FROM `bj_cycle` WHERE `cycle_id` = 1 LIMIT 1   [ RunTime:0.0210s ]
SQL: SHOW COLUMNS FROM `bj_staff` [ RunTime:0.0308s ]
SQL: SELECT * FROM `bj_staff` WHERE `staff_id` = 84 LIMIT 1   [ RunTime:0.0226s ]
SQL: SELECT * FROM `bj_repayments` WHERE `loan_id` = 1166 AND `cycles` = 14 AND `is_delete` <> 1 LIMIT 1   [ RunTime:0.0212s ]
SQL: SELECT * FROM `bj_customer` WHERE `id` = 900 LIMIT 1   [ RunTime:0.0206s ]
SQL: SELECT * FROM `bj_product` WHERE `product_id` = 2 LIMIT 1   [ RunTime:0.0205s ]
SQL: SELECT * FROM `bj_cycle` WHERE `cycle_id` = 1 LIMIT 1   [ RunTime:0.0197s ]
SQL: SELECT * FROM `bj_staff` WHERE `staff_id` = 94 LIMIT 1   [ RunTime:0.0224s ]
SQL: SELECT * FROM `bj_repayments` WHERE `loan_id` = 1167 AND `cycles` = 14 AND `is_delete` <> 1 LIMIT 1   [ RunTime:0.0574s ]
SQL: SELECT * FROM `bj_customer` WHERE `id` = 926 LIMIT 1   [ RunTime:0.0208s ]
SQL: SELECT * FROM `bj_product` WHERE `product_id` = 2 LIMIT 1   [ RunTime:0.0215s ]
SQL: SELECT * FROM `bj_cycle` WHERE `cycle_id` = 1 LIMIT 1   [ RunTime:0.0201s ]
SQL: SELECT * FROM `bj_staff` WHERE `staff_id` = 94 LIMIT 1   [ RunTime:0.0211s ]
SQL: SELECT * FROM `bj_repayments` WHERE `loan_id` = 1191 AND `cycles` = 12 AND `is_delete` <> 1 LIMIT 1   [ RunTime:0.0210s ]
SQL: SELECT * FROM `bj_customer` WHERE `id` = 953 LIMIT 1   [ RunTime:0.0228s ]
SQL: SELECT * FROM `bj_product` WHERE `product_id` = 1 LIMIT 1   [ RunTime:0.0410s ]
SQL: SELECT * FROM `bj_cycle` WHERE `cycle_id` = 2 LIMIT 1   [ RunTime:0.0238s ]
SQL: SELECT * FROM `bj_staff` WHERE `staff_id` = 84 LIMIT 1   [ RunTime:0.0218s ]
SQL: SELECT * FROM `bj_repayments` WHERE `loan_id` = 1216 AND `cycles` = 2 AND `is_delete` <> 1 LIMIT 1   [ RunTime:0.0209s ]
SQL: SELECT * FROM `bj_customer` WHERE `id` = 954 LIMIT 1   [ RunTime:0.0214s ]
SQL: SELECT * FROM `bj_product` WHERE `product_id` = 1 LIMIT 1   [ RunTime:0.0390s ]
SQL: SELECT * FROM `bj_cycle` WHERE `cycle_id` = 2 LIMIT 1   [ RunTime:0.0212s ]
SQL: SELECT * FROM `bj_staff` WHERE `staff_id` = 94 LIMIT 1   [ RunTime:0.0506s ]
SQL: SELECT * FROM `bj_repayments` WHERE `loan_id` = 1217 AND `cycles` = 2 AND `is_delete` <> 1 LIMIT 1   [ RunTime:0.0217s ]
SQL: SELECT * FROM `bj_customer` WHERE `id` = 956 LIMIT 1   [ RunTime:0.0220s ]
SQL: SELECT * FROM `bj_product` WHERE `product_id` = 1 LIMIT 1   [ RunTime:0.0231s ]
SQL: SELECT * FROM `bj_cycle` WHERE `cycle_id` = 2 LIMIT 1   [ RunTime:0.0248s ]
SQL: SELECT * FROM `bj_staff` WHERE `staff_id` = 85 LIMIT 1   [ RunTime:0.0216s ]
SQL: SELECT * FROM `bj_repayments` WHERE `loan_id` = 1218 AND `cycles` = 2 AND `is_delete` <> 1 LIMIT 1   [ RunTime:0.0229s ]
SQL: SELECT * FROM `bj_customer` WHERE `id` = 959 LIMIT 1   [ RunTime:0.0232s ]
SQL: SELECT * FROM `bj_product` WHERE `product_id` = 1 LIMIT 1   [ RunTime:0.0208s ]
SQL: SELECT * FROM `bj_cycle` WHERE `cycle_id` = 2 LIMIT 1   [ RunTime:0.0251s ]
SQL: SELECT * FROM `bj_staff` WHERE `staff_id` = 84 LIMIT 1   [ RunTime:0.0211s ]
SQL: SELECT * FROM `bj_repayments` WHERE `loan_id` = 1222 AND `cycles` = 2 AND `is_delete` <> 1 LIMIT 1   [ RunTime:0.0261s ]
SQL: SELECT * FROM `bj_customer` WHERE `id` = 962 LIMIT 1   [ RunTime:0.0232s ]
SQL: SELECT * FROM `bj_product` WHERE `product_id` = 1 LIMIT 1   [ RunTime:0.0224s ]
SQL: SELECT * FROM `bj_cycle` WHERE `cycle_id` = 2 LIMIT 1   [ RunTime:0.0205s ]
SQL: SELECT * FROM `bj_staff` WHERE `staff_id` = 94 LIMIT 1   [ RunTime:0.0222s ]
SQL: SELECT * FROM `bj_repayments` WHERE `loan_id` = 1225 AND `cycles` = 1 AND `is_delete` <> 1 LIMIT 1   [ RunTime:0.0245s ]
SQL: SELECT * FROM `bj_customer` WHERE `id` = 971 LIMIT 1   [ RunTime:0.0233s ]
SQL: SELECT * FROM `bj_product` WHERE `product_id` = 2 LIMIT 1   [ RunTime:0.0275s ]
SQL: SELECT * FROM `bj_cycle` WHERE `cycle_id` = 1 LIMIT 1   [ RunTime:0.0220s ]
SQL: SELECT * FROM `bj_staff` WHERE `staff_id` = 85 LIMIT 1   [ RunTime:0.0211s ]
SQL: SELECT * FROM `bj_repayments` WHERE `loan_id` = 1235 AND `cycles` = 6 AND `is_delete` <> 1 LIMIT 1   [ RunTime:0.0199s ]
SQL: SELECT * FROM `bj_customer` WHERE `id` = 972 LIMIT 1   [ RunTime:0.0221s ]
SQL: SELECT * FROM `bj_product` WHERE `product_id` = 2 LIMIT 1   [ RunTime:0.0203s ]
SQL: SELECT * FROM `bj_cycle` WHERE `cycle_id` = 1 LIMIT 1   [ RunTime:0.0220s ]
SQL: SELECT * FROM `bj_staff` WHERE `staff_id` = 94 LIMIT 1   [ RunTime:0.0203s ]
SQL: SELECT * FROM `bj_repayments` WHERE `loan_id` = 1236 AND `cycles` = 6 AND `is_delete` <> 1 LIMIT 1   [ RunTime:0.0222s ]
INFO: [ view_parse ] --START--
INFO: [ template_filter ] --START--
INFO: Run Behavior\ContentReplaceBehavior [ RunTime:0.000107s ]
INFO: [ template_filter ] --END-- [ RunTime:0.000125s ]
NOTIC: [8] Undefined variable: Think /Work/wwwroot/baojutouzi.com/Application/Runtime/Cache/Home/2a94b8bda04ff446dcedd42276fc99ee.php 第 346 行.
NOTIC: [8] Undefined variable: Think /Work/wwwroot/baojutouzi.com/Application/Runtime/Cache/Home/2a94b8bda04ff446dcedd42276fc99ee.php 第 346 行.
NOTIC: [8] Undefined variable: customers /Work/wwwroot/baojutouzi.com/Application/Runtime/Cache/Home/2a94b8bda04ff446dcedd42276fc99ee.php 第 639 行.
NOTIC: [8] Undefined variable: locations /Work/wwwroot/baojutouzi.com/Application/Runtime/Cache/Home/2a94b8bda04ff446dcedd42276fc99ee.php 第 648 行.
NOTIC: [8] Undefined variable: staffs /Work/wwwroot/baojutouzi.com/Application/Runtime/Cache/Home/2a94b8bda04ff446dcedd42276fc99ee.php 第 658 行.
NOTIC: [8] Undefined variable: paystyles /Work/wwwroot/baojutouzi.com/Application/Runtime/Cache/Home/2a94b8bda04ff446dcedd42276fc99ee.php 第 667 行.
NOTIC: [8] Undefined variable: isloans /Work/wwwroot/baojutouzi.com/Application/Runtime/Cache/Home/2a94b8bda04ff446dcedd42276fc99ee.php 第 676 行.
NOTIC: [8] Undefined variable: input_datepicker /Work/wwwroot/baojutouzi.com/Application/Runtime/Cache/Home/2a94b8bda04ff446dcedd42276fc99ee.php 第 684 行.
NOTIC: [8] Undefined variable: userInfo /Work/wwwroot/baojutouzi.com/Application/Runtime/Cache/Home/2a94b8bda04ff446dcedd42276fc99ee.php 第 687 行.
NOTIC: [8] Undefined variable: sum_money /Work/wwwroot/baojutouzi.com/Application/Runtime/Cache/Home/2a94b8bda04ff446dcedd42276fc99ee.php 第 716 行.
NOTIC: [8] Undefined variable: pageRes /Work/wwwroot/baojutouzi.com/Application/Runtime/Cache/Home/2a94b8bda04ff446dcedd42276fc99ee.php 第 756 行.
INFO: Run Behavior\ParseTemplateBehavior [ RunTime:0.017983s ]
INFO: [ view_parse ] --END-- [ RunTime:0.018006s ]
INFO: [ view_filter ] --START--
INFO: Run Behavior\WriteHtmlCacheBehavior [ RunTime:0.000136s ]
INFO: [ view_filter ] --END-- [ RunTime:0.000156s ]
INFO: [ app_end ] --START--
INFO: Run Behavior\ShowPageTraceBehavior [ RunTime:0.000364s ]
INFO: [ app_end ] --END-- [ RunTime:0.000384s ]

