[ 2018-01-24T23:02:24+08:00 ] 127.0.0.1 /index.php?m=home&c=collection&a=index
INFO: [ app_init ] --START--
INFO: Run Behavior\BuildLiteBehavior [ RunTime:0.000007s ]
INFO: [ app_init ] --END-- [ RunTime:0.000189s ]
INFO: [ app_begin ] --START--
INFO: Run Behavior\ReadHtmlCacheBehavior [ RunTime:0.000222s ]
INFO: [ app_begin ] --END-- [ RunTime:0.000235s ]
SQL: SHOW COLUMNS FROM `bj_admin` [ RunTime:0.0004s ]
SQL: SELECT * FROM `bj_admin` WHERE `user_id` = 3 LIMIT 1   [ RunTime:0.0002s ]
SQL: SHOW COLUMNS FROM `bj_company` [ RunTime:0.0002s ]
SQL: SELECT * FROM `bj_company` ORDER BY gmt_create  [ RunTime:0.0001s ]
SQL: SELECT * FROM `bj_admin` WHERE `user_id` = 3 LIMIT 1   [ RunTime:0.0001s ]
SQL: SHOW COLUMNS FROM `bj_loan` [ RunTime:0.0003s ]
SQL: SELECT * FROM `bj_loan` WHERE `company_id` IN ('1','2','3','4') AND `create_time` <= 1516723200 AND `exp_time` >= 1516723200 AND `loan_status` <> 1 AND `is_delete` <> 1  [ RunTime:0.0052s ]
SQL: SELECT * FROM `bj_company` WHERE `company_id` = 2 LIMIT 1   [ RunTime:0.0002s ]
SQL: SHOW COLUMNS FROM `bj_customer` [ RunTime:0.0003s ]
SQL: SELECT * FROM `bj_customer` WHERE `id` = 889 LIMIT 1   [ RunTime:0.0001s ]
SQL: SHOW COLUMNS FROM `bj_product` [ RunTime:0.0002s ]
SQL: SELECT * FROM `bj_product` WHERE `product_id` = 2 LIMIT 1   [ RunTime:0.0001s ]
SQL: SHOW COLUMNS FROM `bj_cycle` [ RunTime:0.0002s ]
SQL: SELECT * FROM `bj_cycle` WHERE `cycle_id` = 1 LIMIT 1   [ RunTime:0.0001s ]
SQL: SHOW COLUMNS FROM `bj_staff` [ RunTime:0.0003s ]
SQL: SELECT * FROM `bj_staff` WHERE `staff_id` = 75 LIMIT 1   [ RunTime:0.0001s ]
SQL: SHOW COLUMNS FROM `bj_repayments` [ RunTime:0.0003s ]
SQL: SELECT * FROM `bj_repayments` WHERE `loan_id` = 1156 AND `cycles` = 23 AND `is_delete` <> 1 LIMIT 1   [ RunTime:0.0188s ]
SQL: SELECT * FROM `bj_company` WHERE `company_id` = 1 LIMIT 1   [ RunTime:0.0002s ]
SQL: SELECT * FROM `bj_customer` WHERE `id` = 900 LIMIT 1   [ RunTime:0.0002s ]
SQL: SELECT * FROM `bj_product` WHERE `product_id` = 2 LIMIT 1   [ RunTime:0.0001s ]
SQL: SELECT * FROM `bj_cycle` WHERE `cycle_id` = 1 LIMIT 1   [ RunTime:0.0001s ]
SQL: SELECT * FROM `bj_staff` WHERE `staff_id` = 94 LIMIT 1   [ RunTime:0.0001s ]
SQL: SELECT * FROM `bj_repayments` WHERE `loan_id` = 1167 AND `cycles` = 23 AND `is_delete` <> 1 LIMIT 1   [ RunTime:0.0168s ]
SQL: SELECT * FROM `bj_company` WHERE `company_id` = 2 LIMIT 1   [ RunTime:0.0002s ]
SQL: SELECT * FROM `bj_customer` WHERE `id` = 908 LIMIT 1   [ RunTime:0.0001s ]
SQL: SELECT * FROM `bj_product` WHERE `product_id` = 2 LIMIT 1   [ RunTime:0.0001s ]
SQL: SELECT * FROM `bj_cycle` WHERE `cycle_id` = 1 LIMIT 1   [ RunTime:0.0001s ]
SQL: SELECT * FROM `bj_staff` WHERE `staff_id` = 68 LIMIT 1   [ RunTime:0.0001s ]
SQL: SELECT * FROM `bj_repayments` WHERE `loan_id` = 1175 AND `cycles` = 22 AND `is_delete` <> 1 LIMIT 1   [ RunTime:0.0187s ]
SQL: SELECT * FROM `bj_company` WHERE `company_id` = 2 LIMIT 1   [ RunTime:0.0002s ]
SQL: SELECT * FROM `bj_customer` WHERE `id` = 912 LIMIT 1   [ RunTime:0.0001s ]
SQL: SELECT * FROM `bj_product` WHERE `product_id` = 2 LIMIT 1   [ RunTime:0.0001s ]
SQL: SELECT * FROM `bj_cycle` WHERE `cycle_id` = 1 LIMIT 1   [ RunTime:0.0001s ]
SQL: SELECT * FROM `bj_staff` WHERE `staff_id` = 68 LIMIT 1   [ RunTime:0.0001s ]
SQL: SELECT * FROM `bj_repayments` WHERE `loan_id` = 1179 AND `cycles` = 22 AND `is_delete` <> 1 LIMIT 1   [ RunTime:0.0175s ]
SQL: SELECT * FROM `bj_company` WHERE `company_id` = 2 LIMIT 1   [ RunTime:0.0002s ]
SQL: SELECT * FROM `bj_customer` WHERE `id` = 918 LIMIT 1   [ RunTime:0.0001s ]
SQL: SELECT * FROM `bj_product` WHERE `product_id` = 2 LIMIT 1   [ RunTime:0.0001s ]
SQL: SELECT * FROM `bj_cycle` WHERE `cycle_id` = 1 LIMIT 1   [ RunTime:0.0001s ]
SQL: SELECT * FROM `bj_staff` WHERE `staff_id` = 75 LIMIT 1   [ RunTime:0.0001s ]
SQL: SELECT * FROM `bj_repayments` WHERE `loan_id` = 1183 AND `cycles` = 21 AND `is_delete` <> 1 LIMIT 1   [ RunTime:0.0166s ]
SQL: SELECT * FROM `bj_company` WHERE `company_id` = 2 LIMIT 1   [ RunTime:0.0001s ]
SQL: SELECT * FROM `bj_customer` WHERE `id` = 919 LIMIT 1   [ RunTime:0.0001s ]
SQL: SELECT * FROM `bj_product` WHERE `product_id` = 1 LIMIT 1   [ RunTime:0.0001s ]
SQL: SELECT * FROM `bj_cycle` WHERE `cycle_id` = 2 LIMIT 1   [ RunTime:0.0001s ]
SQL: SELECT * FROM `bj_staff` WHERE `staff_id` = 67 LIMIT 1   [ RunTime:0.0001s ]
SQL: SELECT * FROM `bj_repayments` WHERE `loan_id` = 1184 AND `cycles` = 3 AND `is_delete` <> 1 LIMIT 1   [ RunTime:0.0183s ]
SQL: SELECT * FROM `bj_company` WHERE `company_id` = 2 LIMIT 1   [ RunTime:0.0002s ]
SQL: SELECT * FROM `bj_customer` WHERE `id` = 920 LIMIT 1   [ RunTime:0.0002s ]
SQL: SELECT * FROM `bj_product` WHERE `product_id` = 1 LIMIT 1   [ RunTime:0.0001s ]
SQL: SELECT * FROM `bj_cycle` WHERE `cycle_id` = 2 LIMIT 1   [ RunTime:0.0001s ]
SQL: SELECT * FROM `bj_staff` WHERE `staff_id` = 82 LIMIT 1   [ RunTime:0.0001s ]
SQL: SELECT * FROM `bj_repayments` WHERE `loan_id` = 1185 AND `cycles` = 3 AND `is_delete` <> 1 LIMIT 1   [ RunTime:0.0178s ]
SQL: SELECT * FROM `bj_company` WHERE `company_id` = 2 LIMIT 1   [ RunTime:0.0002s ]
SQL: SELECT * FROM `bj_customer` WHERE `id` = 921 LIMIT 1   [ RunTime:0.0001s ]
SQL: SELECT * FROM `bj_product` WHERE `product_id` = 1 LIMIT 1   [ RunTime:0.0001s ]
SQL: SELECT * FROM `bj_cycle` WHERE `cycle_id` = 2 LIMIT 1   [ RunTime:0.0001s ]
SQL: SELECT * FROM `bj_staff` WHERE `staff_id` = 67 LIMIT 1   [ RunTime:0.0001s ]
SQL: SELECT * FROM `bj_repayments` WHERE `loan_id` = 1186 AND `cycles` = 3 AND `is_delete` <> 1 LIMIT 1   [ RunTime:0.0182s ]
SQL: SELECT * FROM `bj_company` WHERE `company_id` = 2 LIMIT 1   [ RunTime:0.0002s ]
SQL: SELECT * FROM `bj_customer` WHERE `id` = 922 LIMIT 1   [ RunTime:0.0001s ]
SQL: SELECT * FROM `bj_product` WHERE `product_id` = 1 LIMIT 1   [ RunTime:0.0001s ]
SQL: SELECT * FROM `bj_cycle` WHERE `cycle_id` = 2 LIMIT 1   [ RunTime:0.0001s ]
SQL: SELECT * FROM `bj_staff` WHERE `staff_id` = 82 LIMIT 1   [ RunTime:0.0001s ]
SQL: SELECT * FROM `bj_repayments` WHERE `loan_id` = 1187 AND `cycles` = 3 AND `is_delete` <> 1 LIMIT 1   [ RunTime:0.0199s ]
SQL: SELECT * FROM `bj_company` WHERE `company_id` = 2 LIMIT 1   [ RunTime:0.0002s ]
SQL: SELECT * FROM `bj_customer` WHERE `id` = 923 LIMIT 1   [ RunTime:0.0001s ]
SQL: SELECT * FROM `bj_product` WHERE `product_id` = 2 LIMIT 1   [ RunTime:0.0001s ]
SQL: SELECT * FROM `bj_cycle` WHERE `cycle_id` = 1 LIMIT 1   [ RunTime:0.0001s ]
SQL: SELECT * FROM `bj_staff` WHERE `staff_id` = 72 LIMIT 1   [ RunTime:0.0001s ]
SQL: SELECT * FROM `bj_repayments` WHERE `loan_id` = 1188 AND `cycles` = 21 AND `is_delete` <> 1 LIMIT 1   [ RunTime:0.0180s ]
SQL: SELECT * FROM `bj_company` WHERE `company_id` = 1 LIMIT 1   [ RunTime:0.0003s ]
SQL: SELECT * FROM `bj_customer` WHERE `id` = 924 LIMIT 1   [ RunTime:0.0001s ]
SQL: SELECT * FROM `bj_product` WHERE `product_id` = 1 LIMIT 1   [ RunTime:0.0001s ]
SQL: SELECT * FROM `bj_cycle` WHERE `cycle_id` = 2 LIMIT 1   [ RunTime:0.0001s ]
SQL: SELECT * FROM `bj_staff` WHERE `staff_id` = 94 LIMIT 1   [ RunTime:0.0001s ]
SQL: SELECT * FROM `bj_repayments` WHERE `loan_id` = 1189 AND `cycles` = 3 AND `is_delete` <> 1 LIMIT 1   [ RunTime:0.0177s ]
SQL: SELECT * FROM `bj_company` WHERE `company_id` = 2 LIMIT 1   [ RunTime:0.0002s ]
SQL: SELECT * FROM `bj_customer` WHERE `id` = 925 LIMIT 1   [ RunTime:0.0001s ]
SQL: SELECT * FROM `bj_product` WHERE `product_id` = 1 LIMIT 1   [ RunTime:0.0001s ]
SQL: SELECT * FROM `bj_cycle` WHERE `cycle_id` = 2 LIMIT 1   [ RunTime:0.0001s ]
SQL: SELECT * FROM `bj_staff` WHERE `staff_id` = 72 LIMIT 1   [ RunTime:0.0001s ]
SQL: SELECT * FROM `bj_repayments` WHERE `loan_id` = 1190 AND `cycles` = 3 AND `is_delete` <> 1 LIMIT 1   [ RunTime:0.0180s ]
SQL: SELECT * FROM `bj_company` WHERE `company_id` = 1 LIMIT 1   [ RunTime:0.0002s ]
SQL: SELECT * FROM `bj_customer` WHERE `id` = 926 LIMIT 1   [ RunTime:0.0001s ]
SQL: SELECT * FROM `bj_product` WHERE `product_id` = 2 LIMIT 1   [ RunTime:0.0002s ]
SQL: SELECT * FROM `bj_cycle` WHERE `cycle_id` = 1 LIMIT 1   [ RunTime:0.0001s ]
SQL: SELECT * FROM `bj_staff` WHERE `staff_id` = 94 LIMIT 1   [ RunTime:0.0001s ]
SQL: SELECT * FROM `bj_repayments` WHERE `loan_id` = 1191 AND `cycles` = 21 AND `is_delete` <> 1 LIMIT 1   [ RunTime:0.0175s ]
SQL: SELECT * FROM `bj_company` WHERE `company_id` = 1 LIMIT 1   [ RunTime:0.0002s ]
SQL: SELECT * FROM `bj_customer` WHERE `id` = 927 LIMIT 1   [ RunTime:0.0001s ]
SQL: SELECT * FROM `bj_product` WHERE `product_id` = 1 LIMIT 1   [ RunTime:0.0002s ]
SQL: SELECT * FROM `bj_cycle` WHERE `cycle_id` = 2 LIMIT 1   [ RunTime:0.0001s ]
SQL: SELECT * FROM `bj_staff` WHERE `staff_id` = 85 LIMIT 1   [ RunTime:0.0001s ]
SQL: SELECT * FROM `bj_repayments` WHERE `loan_id` = 1192 AND `cycles` = 3 AND `is_delete` <> 1 LIMIT 1   [ RunTime:0.0171s ]
SQL: SELECT * FROM `bj_company` WHERE `company_id` = 2 LIMIT 1   [ RunTime:0.0002s ]
SQL: SELECT * FROM `bj_customer` WHERE `id` = 930 LIMIT 1   [ RunTime:0.0001s ]
SQL: SELECT * FROM `bj_product` WHERE `product_id` = 2 LIMIT 1   [ RunTime:0.0001s ]
SQL: SELECT * FROM `bj_cycle` WHERE `cycle_id` = 1 LIMIT 1   [ RunTime:0.0001s ]
SQL: SELECT * FROM `bj_staff` WHERE `staff_id` = 67 LIMIT 1   [ RunTime:0.0001s ]
SQL: SELECT * FROM `bj_repayments` WHERE `loan_id` = 1194 AND `cycles` = 20 AND `is_delete` <> 1 LIMIT 1   [ RunTime:0.0172s ]
SQL: SELECT * FROM `bj_company` WHERE `company_id` = 2 LIMIT 1   [ RunTime:0.0002s ]
SQL: SELECT * FROM `bj_customer` WHERE `id` = 949 LIMIT 1   [ RunTime:0.0001s ]
SQL: SELECT * FROM `bj_product` WHERE `product_id` = 2 LIMIT 1   [ RunTime:0.0001s ]
SQL: SELECT * FROM `bj_cycle` WHERE `cycle_id` = 1 LIMIT 1   [ RunTime:0.0001s ]
SQL: SELECT * FROM `bj_staff` WHERE `staff_id` = 82 LIMIT 1   [ RunTime:0.0001s ]
SQL: SELECT * FROM `bj_repayments` WHERE `loan_id` = 1213 AND `cycles` = 17 AND `is_delete` <> 1 LIMIT 1   [ RunTime:0.0174s ]
SQL: SELECT * FROM `bj_company` WHERE `company_id` = 2 LIMIT 1   [ RunTime:0.0002s ]
SQL: SELECT * FROM `bj_customer` WHERE `id` = 963 LIMIT 1   [ RunTime:0.0001s ]
SQL: SELECT * FROM `bj_product` WHERE `product_id` = 2 LIMIT 1   [ RunTime:0.0001s ]
SQL: SELECT * FROM `bj_cycle` WHERE `cycle_id` = 1 LIMIT 1   [ RunTime:0.0001s ]
SQL: SELECT * FROM `bj_staff` WHERE `staff_id` = 98 LIMIT 1   [ RunTime:0.0001s ]
SQL: SELECT * FROM `bj_repayments` WHERE `loan_id` = 1227 AND `cycles` = 16 AND `is_delete` <> 1 LIMIT 1   [ RunTime:0.0183s ]
SQL: SELECT * FROM `bj_company` WHERE `company_id` = 2 LIMIT 1   [ RunTime:0.0002s ]
SQL: SELECT * FROM `bj_customer` WHERE `id` = 969 LIMIT 1   [ RunTime:0.0002s ]
SQL: SELECT * FROM `bj_product` WHERE `product_id` = 2 LIMIT 1   [ RunTime:0.0001s ]
SQL: SELECT * FROM `bj_cycle` WHERE `cycle_id` = 1 LIMIT 1   [ RunTime:0.0001s ]
SQL: SELECT * FROM `bj_staff` WHERE `staff_id` = 93 LIMIT 1   [ RunTime:0.0002s ]
SQL: SELECT * FROM `bj_repayments` WHERE `loan_id` = 1233 AND `cycles` = 15 AND `is_delete` <> 1 LIMIT 1   [ RunTime:0.0177s ]
SQL: SELECT * FROM `bj_company` WHERE `company_id` = 1 LIMIT 1   [ RunTime:0.0002s ]
SQL: SELECT * FROM `bj_customer` WHERE `id` = 971 LIMIT 1   [ RunTime:0.0001s ]
SQL: SELECT * FROM `bj_product` WHERE `product_id` = 2 LIMIT 1   [ RunTime:0.0001s ]
SQL: SELECT * FROM `bj_cycle` WHERE `cycle_id` = 1 LIMIT 1   [ RunTime:0.0001s ]
SQL: SELECT * FROM `bj_staff` WHERE `staff_id` = 85 LIMIT 1   [ RunTime:0.0003s ]
SQL: SELECT * FROM `bj_repayments` WHERE `loan_id` = 1235 AND `cycles` = 15 AND `is_delete` <> 1 LIMIT 1   [ RunTime:0.0173s ]
SQL: SELECT * FROM `bj_company` WHERE `company_id` = 1 LIMIT 1   [ RunTime:0.0002s ]
SQL: SELECT * FROM `bj_customer` WHERE `id` = 972 LIMIT 1   [ RunTime:0.0001s ]
SQL: SELECT * FROM `bj_product` WHERE `product_id` = 2 LIMIT 1   [ RunTime:0.0001s ]
SQL: SELECT * FROM `bj_cycle` WHERE `cycle_id` = 1 LIMIT 1   [ RunTime:0.0001s ]
SQL: SELECT * FROM `bj_staff` WHERE `staff_id` = 86 LIMIT 1   [ RunTime:0.0001s ]
SQL: SELECT * FROM `bj_repayments` WHERE `loan_id` = 1236 AND `cycles` = 15 AND `is_delete` <> 1 LIMIT 1   [ RunTime:0.0183s ]
SQL: SELECT * FROM `bj_company` WHERE `company_id` = 2 LIMIT 1   [ RunTime:0.0002s ]
SQL: SELECT * FROM `bj_customer` WHERE `id` = 975 LIMIT 1   [ RunTime:0.0001s ]
SQL: SELECT * FROM `bj_product` WHERE `product_id` = 1 LIMIT 1   [ RunTime:0.0001s ]
SQL: SELECT * FROM `bj_cycle` WHERE `cycle_id` = 2 LIMIT 1   [ RunTime:0.0001s ]
SQL: SELECT * FROM `bj_staff` WHERE `staff_id` = 96 LIMIT 1   [ RunTime:0.0001s ]
SQL: SELECT * FROM `bj_repayments` WHERE `loan_id` = 1239 AND `cycles` = 2 AND `is_delete` <> 1 LIMIT 1   [ RunTime:0.0173s ]
SQL: SELECT * FROM `bj_company` WHERE `company_id` = 1 LIMIT 1   [ RunTime:0.0002s ]
SQL: SELECT * FROM `bj_customer` WHERE `id` = 977 LIMIT 1   [ RunTime:0.0002s ]
SQL: SELECT * FROM `bj_product` WHERE `product_id` = 1 LIMIT 1   [ RunTime:0.0002s ]
SQL: SELECT * FROM `bj_cycle` WHERE `cycle_id` = 2 LIMIT 1   [ RunTime:0.0002s ]
SQL: SELECT * FROM `bj_staff` WHERE `staff_id` = 85 LIMIT 1   [ RunTime:0.0003s ]
SQL: SELECT * FROM `bj_repayments` WHERE `loan_id` = 1241 AND `cycles` = 2 AND `is_delete` <> 1 LIMIT 1   [ RunTime:0.0169s ]
SQL: SELECT * FROM `bj_company` WHERE `company_id` = 1 LIMIT 1   [ RunTime:0.0002s ]
SQL: SELECT * FROM `bj_customer` WHERE `id` = 978 LIMIT 1   [ RunTime:0.0002s ]
SQL: SELECT * FROM `bj_product` WHERE `product_id` = 1 LIMIT 1   [ RunTime:0.0001s ]
SQL: SELECT * FROM `bj_cycle` WHERE `cycle_id` = 2 LIMIT 1   [ RunTime:0.0001s ]
SQL: SELECT * FROM `bj_staff` WHERE `staff_id` = 94 LIMIT 1   [ RunTime:0.0001s ]
SQL: SELECT * FROM `bj_repayments` WHERE `loan_id` = 1242 AND `cycles` = 2 AND `is_delete` <> 1 LIMIT 1   [ RunTime:0.0003s ]
SQL: SELECT * FROM `bj_company` WHERE `company_id` = 2 LIMIT 1   [ RunTime:0.0001s ]
SQL: SELECT * FROM `bj_customer` WHERE `id` = 979 LIMIT 1   [ RunTime:0.0001s ]
SQL: SELECT * FROM `bj_product` WHERE `product_id` = 1 LIMIT 1   [ RunTime:0.0001s ]
SQL: SELECT * FROM `bj_cycle` WHERE `cycle_id` = 2 LIMIT 1   [ RunTime:0.0001s ]
SQL: SELECT * FROM `bj_staff` WHERE `staff_id` = 98 LIMIT 1   [ RunTime:0.0001s ]
SQL: SELECT * FROM `bj_repayments` WHERE `loan_id` = 1243 AND `cycles` = 2 AND `is_delete` <> 1 LIMIT 1   [ RunTime:0.0167s ]
SQL: SELECT * FROM `bj_company` WHERE `company_id` = 2 LIMIT 1   [ RunTime:0.0002s ]
SQL: SELECT * FROM `bj_customer` WHERE `id` = 983 LIMIT 1   [ RunTime:0.0002s ]
SQL: SELECT * FROM `bj_product` WHERE `product_id` = 2 LIMIT 1   [ RunTime:0.0001s ]
SQL: SELECT * FROM `bj_cycle` WHERE `cycle_id` = 1 LIMIT 1   [ RunTime:0.0001s ]
SQL: SELECT * FROM `bj_staff` WHERE `staff_id` = 67 LIMIT 1   [ RunTime:0.0001s ]
SQL: SELECT * FROM `bj_repayments` WHERE `loan_id` = 1248 AND `cycles` = 13 AND `is_delete` <> 1 LIMIT 1   [ RunTime:0.0174s ]
SQL: SELECT * FROM `bj_company` WHERE `company_id` = 2 LIMIT 1   [ RunTime:0.0002s ]
SQL: SELECT * FROM `bj_customer` WHERE `id` = 985 LIMIT 1   [ RunTime:0.0001s ]
SQL: SELECT * FROM `bj_product` WHERE `product_id` = 2 LIMIT 1   [ RunTime:0.0001s ]
SQL: SELECT * FROM `bj_cycle` WHERE `cycle_id` = 1 LIMIT 1   [ RunTime:0.0001s ]
SQL: SELECT * FROM `bj_staff` WHERE `staff_id` = 73 LIMIT 1   [ RunTime:0.0001s ]
SQL: SELECT * FROM `bj_repayments` WHERE `loan_id` = 1250 AND `cycles` = 13 AND `is_delete` <> 1 LIMIT 1   [ RunTime:0.0180s ]
SQL: SELECT * FROM `bj_company` WHERE `company_id` = 3 LIMIT 1   [ RunTime:0.0002s ]
SQL: SELECT * FROM `bj_customer` WHERE `id` = 1001 LIMIT 1   [ RunTime:0.0001s ]
SQL: SELECT * FROM `bj_product` WHERE `product_id` = 1 LIMIT 1   [ RunTime:0.0001s ]
SQL: SELECT * FROM `bj_cycle` WHERE `cycle_id` = 2 LIMIT 1   [ RunTime:0.0002s ]
SQL: SELECT * FROM `bj_staff` WHERE `staff_id` = 118 LIMIT 1   [ RunTime:0.0002s ]
SQL: SELECT * FROM `bj_repayments` WHERE `loan_id` = 1264 AND `cycles` = 3 AND `is_delete` <> 1 LIMIT 1   [ RunTime:0.0169s ]
SQL: SELECT * FROM `bj_company` WHERE `company_id` = 4 LIMIT 1   [ RunTime:0.0004s ]
SQL: SELECT * FROM `bj_customer` WHERE `id` = 1012 LIMIT 1   [ RunTime:0.0002s ]
SQL: SELECT * FROM `bj_product` WHERE `product_id` = 1 LIMIT 1   [ RunTime:0.0002s ]
SQL: SELECT * FROM `bj_cycle` WHERE `cycle_id` = 2 LIMIT 1   [ RunTime:0.0001s ]
SQL: SELECT * FROM `bj_staff` WHERE `staff_id` = 125 LIMIT 1   [ RunTime:0.0002s ]
SQL: SELECT * FROM `bj_repayments` WHERE `loan_id` = 1276 AND `cycles` = 3 AND `is_delete` <> 1 LIMIT 1   [ RunTime:0.0197s ]
SQL: SELECT * FROM `bj_company` WHERE `company_id` = 4 LIMIT 1   [ RunTime:0.0002s ]
SQL: SELECT * FROM `bj_customer` WHERE `id` = 1013 LIMIT 1   [ RunTime:0.0001s ]
SQL: SELECT * FROM `bj_product` WHERE `product_id` = 1 LIMIT 1   [ RunTime:0.0001s ]
SQL: SELECT * FROM `bj_cycle` WHERE `cycle_id` = 2 LIMIT 1   [ RunTime:0.0001s ]
SQL: SELECT * FROM `bj_staff` WHERE `staff_id` = 104 LIMIT 1   [ RunTime:0.0001s ]
SQL: SELECT * FROM `bj_repayments` WHERE `loan_id` = 1277 AND `cycles` = 3 AND `is_delete` <> 1 LIMIT 1   [ RunTime:0.0178s ]
SQL: SELECT * FROM `bj_company` WHERE `company_id` = 4 LIMIT 1   [ RunTime:0.0003s ]
SQL: SELECT * FROM `bj_customer` WHERE `id` = 1014 LIMIT 1   [ RunTime:0.0002s ]
SQL: SELECT * FROM `bj_product` WHERE `product_id` = 1 LIMIT 1   [ RunTime:0.0001s ]
SQL: SELECT * FROM `bj_cycle` WHERE `cycle_id` = 2 LIMIT 1   [ RunTime:0.0002s ]
SQL: SELECT * FROM `bj_staff` WHERE `staff_id` = 107 LIMIT 1   [ RunTime:0.0001s ]
SQL: SELECT * FROM `bj_repayments` WHERE `loan_id` = 1278 AND `cycles` = 3 AND `is_delete` <> 1 LIMIT 1   [ RunTime:0.0174s ]
SQL: SELECT * FROM `bj_company` WHERE `company_id` = 3 LIMIT 1   [ RunTime:0.0002s ]
SQL: SELECT * FROM `bj_customer` WHERE `id` = 1032 LIMIT 1   [ RunTime:0.0001s ]
SQL: SELECT * FROM `bj_product` WHERE `product_id` = 2 LIMIT 1   [ RunTime:0.0001s ]
SQL: SELECT * FROM `bj_cycle` WHERE `cycle_id` = 1 LIMIT 1   [ RunTime:0.0001s ]
SQL: SELECT * FROM `bj_staff` WHERE `staff_id` = 119 LIMIT 1   [ RunTime:0.0001s ]
SQL: SELECT * FROM `bj_repayments` WHERE `loan_id` = 1299 AND `cycles` = 16 AND `is_delete` <> 1 LIMIT 1   [ RunTime:0.0177s ]
SQL: SELECT * FROM `bj_company` WHERE `company_id` = 3 LIMIT 1   [ RunTime:0.0002s ]
SQL: SELECT * FROM `bj_customer` WHERE `id` = 1033 LIMIT 1   [ RunTime:0.0001s ]
SQL: SELECT * FROM `bj_product` WHERE `product_id` = 2 LIMIT 1   [ RunTime:0.0001s ]
SQL: SELECT * FROM `bj_cycle` WHERE `cycle_id` = 1 LIMIT 1   [ RunTime:0.0001s ]
SQL: SELECT * FROM `bj_staff` WHERE `staff_id` = 111 LIMIT 1   [ RunTime:0.0001s ]
SQL: SELECT * FROM `bj_repayments` WHERE `loan_id` = 1300 AND `cycles` = 16 AND `is_delete` <> 1 LIMIT 1   [ RunTime:0.0174s ]
SQL: SELECT * FROM `bj_company` WHERE `company_id` = 3 LIMIT 1   [ RunTime:0.0002s ]
SQL: SELECT * FROM `bj_customer` WHERE `id` = 1034 LIMIT 1   [ RunTime:0.0002s ]
SQL: SELECT * FROM `bj_product` WHERE `product_id` = 2 LIMIT 1   [ RunTime:0.0001s ]
SQL: SELECT * FROM `bj_cycle` WHERE `cycle_id` = 1 LIMIT 1   [ RunTime:0.0001s ]
SQL: SELECT * FROM `bj_staff` WHERE `staff_id` = 118 LIMIT 1   [ RunTime:0.0001s ]
SQL: SELECT * FROM `bj_repayments` WHERE `loan_id` = 1301 AND `cycles` = 15 AND `is_delete` <> 1 LIMIT 1   [ RunTime:0.0171s ]
SQL: SELECT * FROM `bj_company` WHERE `company_id` = 3 LIMIT 1   [ RunTime:0.0002s ]
SQL: SELECT * FROM `bj_customer` WHERE `id` = 1037 LIMIT 1   [ RunTime:0.0002s ]
SQL: SELECT * FROM `bj_product` WHERE `product_id` = 2 LIMIT 1   [ RunTime:0.0001s ]
SQL: SELECT * FROM `bj_cycle` WHERE `cycle_id` = 1 LIMIT 1   [ RunTime:0.0001s ]
SQL: SELECT * FROM `bj_staff` WHERE `staff_id` = 110 LIMIT 1   [ RunTime:0.0001s ]
SQL: SELECT * FROM `bj_repayments` WHERE `loan_id` = 1302 AND `cycles` = 14 AND `is_delete` <> 1 LIMIT 1   [ RunTime:0.0186s ]
SQL: SELECT * FROM `bj_company` WHERE `company_id` = 3 LIMIT 1   [ RunTime:0.0002s ]
SQL: SELECT * FROM `bj_customer` WHERE `id` = 1043 LIMIT 1   [ RunTime:0.0002s ]
SQL: SELECT * FROM `bj_product` WHERE `product_id` = 2 LIMIT 1   [ RunTime:0.0002s ]
SQL: SELECT * FROM `bj_cycle` WHERE `cycle_id` = 1 LIMIT 1   [ RunTime:0.0001s ]
SQL: SELECT * FROM `bj_staff` WHERE `staff_id` = 118 LIMIT 1   [ RunTime:0.0002s ]
SQL: SELECT * FROM `bj_repayments` WHERE `loan_id` = 1306 AND `cycles` = 9 AND `is_delete` <> 1 LIMIT 1   [ RunTime:0.0181s ]
SQL: SELECT * FROM `bj_company` WHERE `company_id` = 4 LIMIT 1   [ RunTime:0.0002s ]
SQL: SELECT * FROM `bj_customer` WHERE `id` = 1047 LIMIT 1   [ RunTime:0.0002s ]
SQL: SELECT * FROM `bj_product` WHERE `product_id` = 1 LIMIT 1   [ RunTime:0.0002s ]
SQL: SELECT * FROM `bj_cycle` WHERE `cycle_id` = 2 LIMIT 1   [ RunTime:0.0001s ]
SQL: SELECT * FROM `bj_staff` WHERE `staff_id` = 127 LIMIT 1   [ RunTime:0.0001s ]
SQL: SELECT * FROM `bj_repayments` WHERE `loan_id` = 1310 AND `cycles` = 2 AND `is_delete` <> 1 LIMIT 1   [ RunTime:0.0180s ]
SQL: SELECT * FROM `bj_company` WHERE `company_id` = 1 LIMIT 1   [ RunTime:0.0002s ]
SQL: SELECT * FROM `bj_customer` WHERE `id` = 1046 LIMIT 1   [ RunTime:0.0001s ]
SQL: SELECT * FROM `bj_product` WHERE `product_id` = 2 LIMIT 1   [ RunTime:0.0001s ]
SQL: SELECT * FROM `bj_cycle` WHERE `cycle_id` = 1 LIMIT 1   [ RunTime:0.0001s ]
SQL: SELECT * FROM `bj_staff` WHERE `staff_id` = 85 LIMIT 1   [ RunTime:0.0002s ]
SQL: SELECT * FROM `bj_repayments` WHERE `loan_id` = 1311 AND `cycles` = 9 AND `is_delete` <> 1 LIMIT 1   [ RunTime:0.0175s ]
SQL: SELECT * FROM `bj_company` WHERE `company_id` = 4 LIMIT 1   [ RunTime:0.0002s ]
SQL: SELECT * FROM `bj_customer` WHERE `id` = 1048 LIMIT 1   [ RunTime:0.0001s ]
SQL: SELECT * FROM `bj_product` WHERE `product_id` = 1 LIMIT 1   [ RunTime:0.0001s ]
SQL: SELECT * FROM `bj_cycle` WHERE `cycle_id` = 2 LIMIT 1   [ RunTime:0.0001s ]
SQL: SELECT * FROM `bj_staff` WHERE `staff_id` = 127 LIMIT 1   [ RunTime:0.0001s ]
SQL: SELECT * FROM `bj_repayments` WHERE `loan_id` = 1312 AND `cycles` = 2 AND `is_delete` <> 1 LIMIT 1   [ RunTime:0.0173s ]
SQL: SELECT * FROM `bj_company` WHERE `company_id` = 4 LIMIT 1   [ RunTime:0.0002s ]
SQL: SELECT * FROM `bj_customer` WHERE `id` = 1062 LIMIT 1   [ RunTime:0.0001s ]
SQL: SELECT * FROM `bj_product` WHERE `product_id` = 2 LIMIT 1   [ RunTime:0.0001s ]
SQL: SELECT * FROM `bj_cycle` WHERE `cycle_id` = 1 LIMIT 1   [ RunTime:0.0001s ]
SQL: SELECT * FROM `bj_staff` WHERE `staff_id` = 105 LIMIT 1   [ RunTime:0.0001s ]
SQL: SELECT * FROM `bj_repayments` WHERE `loan_id` = 1326 AND `cycles` = 16 AND `is_delete` <> 1 LIMIT 1   [ RunTime:0.0211s ]
SQL: SELECT * FROM `bj_company` WHERE `company_id` = 4 LIMIT 1   [ RunTime:0.0002s ]
SQL: SELECT * FROM `bj_customer` WHERE `id` = 1063 LIMIT 1   [ RunTime:0.0002s ]
SQL: SELECT * FROM `bj_product` WHERE `product_id` = 2 LIMIT 1   [ RunTime:0.0001s ]
SQL: SELECT * FROM `bj_cycle` WHERE `cycle_id` = 1 LIMIT 1   [ RunTime:0.0001s ]
SQL: SELECT * FROM `bj_staff` WHERE `staff_id` = 107 LIMIT 1   [ RunTime:0.0002s ]
SQL: SELECT * FROM `bj_repayments` WHERE `loan_id` = 1327 AND `cycles` = 15 AND `is_delete` <> 1 LIMIT 1   [ RunTime:0.0184s ]
SQL: SELECT * FROM `bj_company` WHERE `company_id` = 4 LIMIT 1   [ RunTime:0.0002s ]
SQL: SELECT * FROM `bj_customer` WHERE `id` = 1065 LIMIT 1   [ RunTime:0.0001s ]
SQL: SELECT * FROM `bj_product` WHERE `product_id` = 2 LIMIT 1   [ RunTime:0.0001s ]
SQL: SELECT * FROM `bj_cycle` WHERE `cycle_id` = 1 LIMIT 1   [ RunTime:0.0001s ]
SQL: SELECT * FROM `bj_staff` WHERE `staff_id` = 104 LIMIT 1   [ RunTime:0.0001s ]
SQL: SELECT * FROM `bj_repayments` WHERE `loan_id` = 1328 AND `cycles` = 13 AND `is_delete` <> 1 LIMIT 1   [ RunTime:0.0165s ]
SQL: SELECT * FROM `bj_company` WHERE `company_id` = 4 LIMIT 1   [ RunTime:0.0001s ]
SQL: SELECT * FROM `bj_customer` WHERE `id` = 1066 LIMIT 1   [ RunTime:0.0001s ]
SQL: SELECT * FROM `bj_product` WHERE `product_id` = 2 LIMIT 1   [ RunTime:0.0001s ]
SQL: SELECT * FROM `bj_cycle` WHERE `cycle_id` = 1 LIMIT 1   [ RunTime:0.0001s ]
SQL: SELECT * FROM `bj_staff` WHERE `staff_id` = 105 LIMIT 1   [ RunTime:0.0001s ]
SQL: SELECT * FROM `bj_repayments` WHERE `loan_id` = 1330 AND `cycles` = 13 AND `is_delete` <> 1 LIMIT 1   [ RunTime:0.0178s ]
SQL: SELECT * FROM `bj_company` WHERE `company_id` = 4 LIMIT 1   [ RunTime:0.0002s ]
SQL: SELECT * FROM `bj_customer` WHERE `id` = 1084 LIMIT 1   [ RunTime:0.0001s ]
SQL: SELECT * FROM `bj_product` WHERE `product_id` = 1 LIMIT 1   [ RunTime:0.0001s ]
SQL: SELECT * FROM `bj_cycle` WHERE `cycle_id` = 2 LIMIT 1   [ RunTime:0.0001s ]
SQL: SELECT * FROM `bj_staff` WHERE `staff_id` = 127 LIMIT 1   [ RunTime:0.0001s ]
SQL: SELECT * FROM `bj_repayments` WHERE `loan_id` = 1344 AND `cycles` = 1 AND `is_delete` <> 1 LIMIT 1   [ RunTime:0.0169s ]
SQL: SELECT * FROM `bj_company` WHERE `company_id` = 3 LIMIT 1   [ RunTime:0.0002s ]
SQL: SELECT * FROM `bj_customer` WHERE `id` = 1080 LIMIT 1   [ RunTime:0.0001s ]
SQL: SELECT * FROM `bj_product` WHERE `product_id` = 2 LIMIT 1   [ RunTime:0.0001s ]
SQL: SELECT * FROM `bj_cycle` WHERE `cycle_id` = 1 LIMIT 1   [ RunTime:0.0001s ]
SQL: SELECT * FROM `bj_staff` WHERE `staff_id` = 111 LIMIT 1   [ RunTime:0.0001s ]
SQL: SELECT * FROM `bj_repayments` WHERE `loan_id` = 1348 AND `cycles` = 8 AND `is_delete` <> 1 LIMIT 1   [ RunTime:0.0177s ]
SQL: SELECT * FROM `bj_company` WHERE `company_id` = 1 LIMIT 1   [ RunTime:0.0002s ]
SQL: SELECT * FROM `bj_customer` WHERE `id` = 1090 LIMIT 1   [ RunTime:0.0001s ]
SQL: SELECT * FROM `bj_product` WHERE `product_id` = 1 LIMIT 1   [ RunTime:0.0001s ]
SQL: SELECT * FROM `bj_cycle` WHERE `cycle_id` = 2 LIMIT 1   [ RunTime:0.0001s ]
SQL: SELECT * FROM `bj_staff` WHERE `staff_id` = 85 LIMIT 1   [ RunTime:0.0001s ]
SQL: SELECT * FROM `bj_repayments` WHERE `loan_id` = 1351 AND `cycles` = 1 AND `is_delete` <> 1 LIMIT 1   [ RunTime:0.0173s ]
SQL: SELECT * FROM `bj_company` WHERE `company_id` = 4 LIMIT 1   [ RunTime:0.0002s ]
SQL: SELECT * FROM `bj_customer` WHERE `id` = 1091 LIMIT 1   [ RunTime:0.0001s ]
SQL: SELECT * FROM `bj_product` WHERE `product_id` = 1 LIMIT 1   [ RunTime:0.0001s ]
SQL: SELECT * FROM `bj_cycle` WHERE `cycle_id` = 2 LIMIT 1   [ RunTime:0.0001s ]
SQL: SELECT * FROM `bj_staff` WHERE `staff_id` = 127 LIMIT 1   [ RunTime:0.0001s ]
SQL: SELECT * FROM `bj_repayments` WHERE `loan_id` = 1352 AND `cycles` = 1 AND `is_delete` <> 1 LIMIT 1   [ RunTime:0.0176s ]
SQL: SELECT * FROM `bj_company` WHERE `company_id` = 2 LIMIT 1   [ RunTime:0.0002s ]
SQL: SELECT * FROM `bj_customer` WHERE `id` = 1092 LIMIT 1   [ RunTime:0.0001s ]
SQL: SELECT * FROM `bj_product` WHERE `product_id` = 1 LIMIT 1   [ RunTime:0.0001s ]
SQL: SELECT * FROM `bj_cycle` WHERE `cycle_id` = 2 LIMIT 1   [ RunTime:0.0001s ]
SQL: SELECT * FROM `bj_staff` WHERE `staff_id` = 98 LIMIT 1   [ RunTime:0.0001s ]
SQL: SELECT * FROM `bj_repayments` WHERE `loan_id` = 1353 AND `cycles` = 1 AND `is_delete` <> 1 LIMIT 1   [ RunTime:0.0179s ]
SQL: SELECT * FROM `bj_company` WHERE `company_id` = 1 LIMIT 1   [ RunTime:0.0002s ]
SQL: SELECT * FROM `bj_customer` WHERE `id` = 1093 LIMIT 1   [ RunTime:0.0001s ]
SQL: SELECT * FROM `bj_product` WHERE `product_id` = 1 LIMIT 1   [ RunTime:0.0001s ]
SQL: SELECT * FROM `bj_cycle` WHERE `cycle_id` = 2 LIMIT 1   [ RunTime:0.0001s ]
SQL: SELECT * FROM `bj_staff` WHERE `staff_id` = 94 LIMIT 1   [ RunTime:0.0001s ]
SQL: SELECT * FROM `bj_repayments` WHERE `loan_id` = 1354 AND `cycles` = 1 AND `is_delete` <> 1 LIMIT 1   [ RunTime:0.0183s ]
SQL: SELECT * FROM `bj_company` WHERE `company_id` = 3 LIMIT 1   [ RunTime:0.0002s ]
SQL: SELECT * FROM `bj_customer` WHERE `id` = 1094 LIMIT 1   [ RunTime:0.0002s ]
SQL: SELECT * FROM `bj_product` WHERE `product_id` = 1 LIMIT 1   [ RunTime:0.0001s ]
SQL: SELECT * FROM `bj_cycle` WHERE `cycle_id` = 2 LIMIT 1   [ RunTime:0.0001s ]
SQL: SELECT * FROM `bj_staff` WHERE `staff_id` = 111 LIMIT 1   [ RunTime:0.0001s ]
SQL: SELECT * FROM `bj_repayments` WHERE `loan_id` = 1355 AND `cycles` = 1 AND `is_delete` <> 1 LIMIT 1   [ RunTime:0.0187s ]
SQL: SELECT * FROM `bj_company` WHERE `company_id` = 4 LIMIT 1   [ RunTime:0.0002s ]
SQL: SELECT * FROM `bj_customer` WHERE `id` = 1095 LIMIT 1   [ RunTime:0.0001s ]
SQL: SELECT * FROM `bj_product` WHERE `product_id` = 5 LIMIT 1   [ RunTime:0.0001s ]
SQL: SELECT * FROM `bj_cycle` WHERE `cycle_id` = 1 LIMIT 1   [ RunTime:0.0001s ]
SQL: SELECT * FROM `bj_staff` WHERE `staff_id` = 104 LIMIT 1   [ RunTime:0.0001s ]
SQL: SELECT * FROM `bj_repayments` WHERE `loan_id` = 1356 AND `cycles` = 7 AND `is_delete` <> 1 LIMIT 1   [ RunTime:0.0189s ]
SQL: SELECT * FROM `bj_company` WHERE `company_id` = 3 LIMIT 1   [ RunTime:0.0002s ]
SQL: SELECT * FROM `bj_customer` WHERE `id` = 1097 LIMIT 1   [ RunTime:0.0003s ]
SQL: SELECT * FROM `bj_product` WHERE `product_id` = 1 LIMIT 1   [ RunTime:0.0002s ]
SQL: SELECT * FROM `bj_cycle` WHERE `cycle_id` = 2 LIMIT 1   [ RunTime:0.0002s ]
SQL: SELECT * FROM `bj_staff` WHERE `staff_id` = 118 LIMIT 1   [ RunTime:0.0003s ]
SQL: SELECT * FROM `bj_repayments` WHERE `loan_id` = 1358 AND `cycles` = 1 AND `is_delete` <> 1 LIMIT 1   [ RunTime:0.0192s ]
SQL: SELECT * FROM `bj_company` WHERE `company_id` = 4 LIMIT 1   [ RunTime:0.0002s ]
SQL: SELECT * FROM `bj_customer` WHERE `id` = 1098 LIMIT 1   [ RunTime:0.0002s ]
SQL: SELECT * FROM `bj_product` WHERE `product_id` = 2 LIMIT 1   [ RunTime:0.0001s ]
SQL: SELECT * FROM `bj_cycle` WHERE `cycle_id` = 1 LIMIT 1   [ RunTime:0.0001s ]
SQL: SELECT * FROM `bj_staff` WHERE `staff_id` = 127 LIMIT 1   [ RunTime:0.0001s ]
SQL: SELECT * FROM `bj_repayments` WHERE `loan_id` = 1360 AND `cycles` = 7 AND `is_delete` <> 1 LIMIT 1   [ RunTime:0.0176s ]
SQL: SELECT * FROM `bj_company` WHERE `company_id` = 1 LIMIT 1   [ RunTime:0.0002s ]
SQL: SELECT * FROM `bj_customer` WHERE `id` = 3285 LIMIT 1   [ RunTime:0.0001s ]
SQL: SELECT * FROM `bj_product` WHERE `product_id` = 1 LIMIT 1   [ RunTime:0.0001s ]
SQL: SELECT * FROM `bj_cycle` WHERE `cycle_id` = 2 LIMIT 1   [ RunTime:0.0001s ]
SQL: SELECT * FROM `bj_staff` WHERE `staff_id` = 94 LIMIT 1   [ RunTime:0.0001s ]
SQL: SELECT * FROM `bj_repayments` WHERE `loan_id` = 4351 AND `cycles` = 39 AND `is_delete` <> 1 LIMIT 1   [ RunTime:0.0167s ]
SQL: SELECT * FROM `bj_company` WHERE `company_id` = 1 LIMIT 1   [ RunTime:0.0001s ]
SQL: SELECT * FROM `bj_customer` WHERE `id` = 3237 LIMIT 1   [ RunTime:0.0001s ]
SQL: SELECT * FROM `bj_product` WHERE `product_id` = 1 LIMIT 1   [ RunTime:0.0001s ]
SQL: SELECT * FROM `bj_cycle` WHERE `cycle_id` = 2 LIMIT 1   [ RunTime:0.0001s ]
SQL: SELECT * FROM `bj_staff` WHERE `staff_id` = 77 LIMIT 1   [ RunTime:0.0001s ]
SQL: SELECT * FROM `bj_repayments` WHERE `loan_id` = 4584 AND `cycles` = 20 AND `is_delete` <> 1 LIMIT 1   [ RunTime:0.0177s ]
SQL: SELECT * FROM `bj_company` WHERE `company_id` = 1 LIMIT 1   [ RunTime:0.0002s ]
SQL: SELECT * FROM `bj_customer` WHERE `id` = 4614 LIMIT 1   [ RunTime:0.0001s ]
SQL: SELECT * FROM `bj_product` WHERE `product_id` = 1 LIMIT 1   [ RunTime:0.0001s ]
SQL: SELECT * FROM `bj_cycle` WHERE `cycle_id` = 2 LIMIT 1   [ RunTime:0.0001s ]
SQL: SELECT * FROM `bj_staff` WHERE `staff_id` = 86 LIMIT 1   [ RunTime:0.0001s ]
SQL: SELECT * FROM `bj_repayments` WHERE `loan_id` = 4585 AND `cycles` = 20 AND `is_delete` <> 1 LIMIT 1   [ RunTime:0.0175s ]
SQL: SELECT * FROM `bj_company` WHERE `company_id` = 1 LIMIT 1   [ RunTime:0.0002s ]
SQL: SELECT * FROM `bj_customer` WHERE `id` = 3253 LIMIT 1   [ RunTime:0.0001s ]
SQL: SELECT * FROM `bj_product` WHERE `product_id` = 1 LIMIT 1   [ RunTime:0.0001s ]
SQL: SELECT * FROM `bj_cycle` WHERE `cycle_id` = 2 LIMIT 1   [ RunTime:0.0001s ]
SQL: SELECT * FROM `bj_staff` WHERE `staff_id` = 85 LIMIT 1   [ RunTime:0.0001s ]
SQL: SELECT * FROM `bj_repayments` WHERE `loan_id` = 4586 AND `cycles` = 20 AND `is_delete` <> 1 LIMIT 1   [ RunTime:0.0175s ]
SQL: SELECT * FROM `bj_company` WHERE `company_id` = 1 LIMIT 1   [ RunTime:0.0002s ]
SQL: SELECT * FROM `bj_customer` WHERE `id` = 3488 LIMIT 1   [ RunTime:0.0001s ]
SQL: SELECT * FROM `bj_product` WHERE `product_id` = 1 LIMIT 1   [ RunTime:0.0001s ]
SQL: SELECT * FROM `bj_cycle` WHERE `cycle_id` = 2 LIMIT 1   [ RunTime:0.0001s ]
SQL: SELECT * FROM `bj_staff` WHERE `staff_id` = 86 LIMIT 1   [ RunTime:0.0001s ]
SQL: SELECT * FROM `bj_repayments` WHERE `loan_id` = 4649 AND `cycles` = 15 AND `is_delete` <> 1 LIMIT 1   [ RunTime:0.0174s ]
SQL: SELECT * FROM `bj_company` WHERE `company_id` = 1 LIMIT 1   [ RunTime:0.0002s ]
SQL: SELECT * FROM `bj_customer` WHERE `id` = 3497 LIMIT 1   [ RunTime:0.0001s ]
SQL: SELECT * FROM `bj_product` WHERE `product_id` = 1 LIMIT 1   [ RunTime:0.0001s ]
SQL: SELECT * FROM `bj_cycle` WHERE `cycle_id` = 2 LIMIT 1   [ RunTime:0.0001s ]
SQL: SELECT * FROM `bj_staff` WHERE `staff_id` = 90 LIMIT 1   [ RunTime:0.0001s ]
SQL: SELECT * FROM `bj_repayments` WHERE `loan_id` = 4664 AND `cycles` = 14 AND `is_delete` <> 1 LIMIT 1   [ RunTime:0.0177s ]
SQL: SELECT * FROM `bj_company` WHERE `company_id` = 1 LIMIT 1   [ RunTime:0.0002s ]
SQL: SELECT * FROM `bj_customer` WHERE `id` = 3519 LIMIT 1   [ RunTime:0.0001s ]
SQL: SELECT * FROM `bj_product` WHERE `product_id` = 1 LIMIT 1   [ RunTime:0.0001s ]
SQL: SELECT * FROM `bj_cycle` WHERE `cycle_id` = 2 LIMIT 1   [ RunTime:0.0001s ]
SQL: SELECT * FROM `bj_staff` WHERE `staff_id` = 92 LIMIT 1   [ RunTime:0.0001s ]
SQL: SELECT * FROM `bj_repayments` WHERE `loan_id` = 4718 AND `cycles` = 9 AND `is_delete` <> 1 LIMIT 1   [ RunTime:0.0176s ]
SQL: SELECT * FROM `bj_company` WHERE `company_id` = 1 LIMIT 1   [ RunTime:0.0002s ]
SQL: SELECT * FROM `bj_customer` WHERE `id` = 3551 LIMIT 1   [ RunTime:0.0001s ]
SQL: SELECT * FROM `bj_product` WHERE `product_id` = 1 LIMIT 1   [ RunTime:0.0001s ]
SQL: SELECT * FROM `bj_cycle` WHERE `cycle_id` = 2 LIMIT 1   [ RunTime:0.0001s ]
SQL: SELECT * FROM `bj_staff` WHERE `staff_id` = 84 LIMIT 1   [ RunTime:0.0001s ]
SQL: SELECT * FROM `bj_repayments` WHERE `loan_id` = 4745 AND `cycles` = 7 AND `is_delete` <> 1 LIMIT 1   [ RunTime:0.0171s ]
SQL: SELECT * FROM `bj_company` WHERE `company_id` = 1 LIMIT 1   [ RunTime:0.0002s ]
SQL: SELECT * FROM `bj_customer` WHERE `id` = 3567 LIMIT 1   [ RunTime:0.0001s ]
SQL: SELECT * FROM `bj_product` WHERE `product_id` = 1 LIMIT 1   [ RunTime:0.0001s ]
SQL: SELECT * FROM `bj_cycle` WHERE `cycle_id` = 2 LIMIT 1   [ RunTime:0.0001s ]
SQL: SELECT * FROM `bj_staff` WHERE `staff_id` = 84 LIMIT 1   [ RunTime:0.0001s ]
SQL: SELECT * FROM `bj_repayments` WHERE `loan_id` = 4765 AND `cycles` = 6 AND `is_delete` <> 1 LIMIT 1   [ RunTime:0.0178s ]
SQL: SELECT * FROM `bj_company` WHERE `company_id` = 1 LIMIT 1   [ RunTime:0.0002s ]
SQL: SELECT * FROM `bj_customer` WHERE `id` = 4453 LIMIT 1   [ RunTime:0.0001s ]
SQL: SELECT * FROM `bj_product` WHERE `product_id` = 1 LIMIT 1   [ RunTime:0.0001s ]
SQL: SELECT * FROM `bj_cycle` WHERE `cycle_id` = 2 LIMIT 1   [ RunTime:0.0001s ]
SQL: SELECT * FROM `bj_staff` WHERE `staff_id` = 94 LIMIT 1   [ RunTime:0.0001s ]
SQL: SELECT * FROM `bj_repayments` WHERE `loan_id` = 4766 AND `cycles` = 6 AND `is_delete` <> 1 LIMIT 1   [ RunTime:0.0184s ]
SQL: SELECT * FROM `bj_company` WHERE `company_id` = 1 LIMIT 1   [ RunTime:0.0002s ]
SQL: SELECT * FROM `bj_customer` WHERE `id` = 3574 LIMIT 1   [ RunTime:0.0001s ]
SQL: SELECT * FROM `bj_product` WHERE `product_id` = 1 LIMIT 1   [ RunTime:0.0001s ]
SQL: SELECT * FROM `bj_cycle` WHERE `cycle_id` = 2 LIMIT 1   [ RunTime:0.0001s ]
SQL: SELECT * FROM `bj_staff` WHERE `staff_id` = 86 LIMIT 1   [ RunTime:0.0001s ]
SQL: SELECT * FROM `bj_repayments` WHERE `loan_id` = 4778 AND `cycles` = 5 AND `is_delete` <> 1 LIMIT 1   [ RunTime:0.0169s ]
SQL: SELECT * FROM `bj_company` WHERE `company_id` = 1 LIMIT 1   [ RunTime:0.0002s ]
SQL: SELECT * FROM `bj_customer` WHERE `id` = 3623 LIMIT 1   [ RunTime:0.0002s ]
SQL: SELECT * FROM `bj_product` WHERE `product_id` = 3 LIMIT 1   [ RunTime:0.0003s ]
SQL: SELECT * FROM `bj_cycle` WHERE `cycle_id` = 5 LIMIT 1   [ RunTime:0.0002s ]
SQL: SELECT * FROM `bj_staff` WHERE `staff_id` = 85 LIMIT 1   [ RunTime:0.0001s ]
SQL: SELECT * FROM `bj_repayments` WHERE `loan_id` = 4885 AND `cycles` = 5 AND `is_delete` <> 1 LIMIT 1   [ RunTime:0.0178s ]
SQL: SELECT * FROM `bj_company` WHERE `company_id` = 1 LIMIT 1   [ RunTime:0.0002s ]
SQL: SELECT * FROM `bj_customer` WHERE `id` = 3638 LIMIT 1   [ RunTime:0.0001s ]
SQL: SELECT * FROM `bj_product` WHERE `product_id` = 4 LIMIT 1   [ RunTime:0.0001s ]
SQL: SELECT * FROM `bj_cycle` WHERE `cycle_id` = 2 LIMIT 1   [ RunTime:0.0001s ]
SQL: SELECT * FROM `bj_staff` WHERE `staff_id` = 84 LIMIT 1   [ RunTime:0.0001s ]
SQL: SELECT * FROM `bj_repayments` WHERE `loan_id` = 4908 AND `cycles` = 11 AND `is_delete` <> 1 LIMIT 1   [ RunTime:0.0172s ]
SQL: SELECT * FROM `bj_company` WHERE `company_id` = 1 LIMIT 1   [ RunTime:0.0004s ]
SQL: SELECT * FROM `bj_customer` WHERE `id` = 3822 LIMIT 1   [ RunTime:0.0002s ]
SQL: SELECT * FROM `bj_product` WHERE `product_id` = 1 LIMIT 1   [ RunTime:0.0001s ]
SQL: SELECT * FROM `bj_cycle` WHERE `cycle_id` = 2 LIMIT 1   [ RunTime:0.0001s ]
SQL: SELECT * FROM `bj_staff` WHERE `staff_id` = 296 LIMIT 1   [ RunTime:0.0002s ]
SQL: SELECT * FROM `bj_repayments` WHERE `loan_id` = 5111 AND `cycles` = 24 AND `is_delete` <> 1 LIMIT 1   [ RunTime:0.0169s ]
SQL: SELECT * FROM `bj_company` WHERE `company_id` = 1 LIMIT 1   [ RunTime:0.0002s ]
SQL: SELECT * FROM `bj_customer` WHERE `id` = 3851 LIMIT 1   [ RunTime:0.0001s ]
SQL: SELECT * FROM `bj_product` WHERE `product_id` = 1 LIMIT 1   [ RunTime:0.0001s ]
SQL: SELECT * FROM `bj_cycle` WHERE `cycle_id` = 2 LIMIT 1   [ RunTime:0.0001s ]
SQL: SELECT * FROM `bj_staff` WHERE `staff_id` = 296 LIMIT 1   [ RunTime:0.0001s ]
SQL: SELECT * FROM `bj_repayments` WHERE `loan_id` = 5149 AND `cycles` = 19 AND `is_delete` <> 1 LIMIT 1   [ RunTime:0.0189s ]
SQL: SELECT * FROM `bj_company` WHERE `company_id` = 1 LIMIT 1   [ RunTime:0.0002s ]
SQL: SELECT * FROM `bj_customer` WHERE `id` = 3860 LIMIT 1   [ RunTime:0.0002s ]
SQL: SELECT * FROM `bj_product` WHERE `product_id` = 1 LIMIT 1   [ RunTime:0.0001s ]
SQL: SELECT * FROM `bj_cycle` WHERE `cycle_id` = 2 LIMIT 1   [ RunTime:0.0002s ]
SQL: SELECT * FROM `bj_staff` WHERE `staff_id` = 85 LIMIT 1   [ RunTime:0.0002s ]
SQL: SELECT * FROM `bj_repayments` WHERE `loan_id` = 5158 AND `cycles` = 17 AND `is_delete` <> 1 LIMIT 1   [ RunTime:0.0176s ]
SQL: SELECT * FROM `bj_company` WHERE `company_id` = 1 LIMIT 1   [ RunTime:0.0002s ]
SQL: SELECT * FROM `bj_customer` WHERE `id` = 3873 LIMIT 1   [ RunTime:0.0001s ]
SQL: SELECT * FROM `bj_product` WHERE `product_id` = 1 LIMIT 1   [ RunTime:0.0001s ]
SQL: SELECT * FROM `bj_cycle` WHERE `cycle_id` = 2 LIMIT 1   [ RunTime:0.0001s ]
SQL: SELECT * FROM `bj_staff` WHERE `staff_id` = 86 LIMIT 1   [ RunTime:0.0001s ]
SQL: SELECT * FROM `bj_repayments` WHERE `loan_id` = 5173 AND `cycles` = 12 AND `is_delete` <> 1 LIMIT 1   [ RunTime:0.0178s ]
SQL: SELECT * FROM `bj_company` WHERE `company_id` = 1 LIMIT 1   [ RunTime:0.0002s ]
SQL: SELECT * FROM `bj_customer` WHERE `id` = 3890 LIMIT 1   [ RunTime:0.0001s ]
SQL: SELECT * FROM `bj_product` WHERE `product_id` = 1 LIMIT 1   [ RunTime:0.0001s ]
SQL: SELECT * FROM `bj_cycle` WHERE `cycle_id` = 2 LIMIT 1   [ RunTime:0.0002s ]
SQL: SELECT * FROM `bj_staff` WHERE `staff_id` = 84 LIMIT 1   [ RunTime:0.0001s ]
SQL: SELECT * FROM `bj_repayments` WHERE `loan_id` = 5193 AND `cycles` = 9 AND `is_delete` <> 1 LIMIT 1   [ RunTime:0.0168s ]
SQL: SELECT * FROM `bj_company` WHERE `company_id` = 1 LIMIT 1   [ RunTime:0.0002s ]
SQL: SELECT * FROM `bj_customer` WHERE `id` = 3905 LIMIT 1   [ RunTime:0.0001s ]
SQL: SELECT * FROM `bj_product` WHERE `product_id` = 1 LIMIT 1   [ RunTime:0.0001s ]
SQL: SELECT * FROM `bj_cycle` WHERE `cycle_id` = 2 LIMIT 1   [ RunTime:0.0001s ]
SQL: SELECT * FROM `bj_staff` WHERE `staff_id` = 84 LIMIT 1   [ RunTime:0.0001s ]
SQL: SELECT * FROM `bj_repayments` WHERE `loan_id` = 5210 AND `cycles` = 7 AND `is_delete` <> 1 LIMIT 1   [ RunTime:0.0190s ]
SQL: SELECT * FROM `bj_company` WHERE `company_id` = 3 LIMIT 1   [ RunTime:0.0003s ]
SQL: SELECT * FROM `bj_customer` WHERE `id` = 4497 LIMIT 1   [ RunTime:0.0002s ]
SQL: SELECT * FROM `bj_product` WHERE `product_id` = 1 LIMIT 1   [ RunTime:0.0002s ]
SQL: SELECT * FROM `bj_cycle` WHERE `cycle_id` = 2 LIMIT 1   [ RunTime:0.0002s ]
SQL: SELECT * FROM `bj_staff` WHERE `staff_id` = 118 LIMIT 1   [ RunTime:0.0002s ]
SQL: SELECT * FROM `bj_repayments` WHERE `loan_id` = 5337 AND `cycles` = 9 AND `is_delete` <> 1 LIMIT 1   [ RunTime:0.0182s ]
SQL: SELECT * FROM `bj_company` WHERE `company_id` = 3 LIMIT 1   [ RunTime:0.0002s ]
SQL: SELECT * FROM `bj_customer` WHERE `id` = 4454 LIMIT 1   [ RunTime:0.0001s ]
SQL: SELECT * FROM `bj_product` WHERE `product_id` = 1 LIMIT 1   [ RunTime:0.0001s ]
SQL: SELECT * FROM `bj_cycle` WHERE `cycle_id` = 2 LIMIT 1   [ RunTime:0.0001s ]
SQL: SELECT * FROM `bj_staff` WHERE `staff_id` = 119 LIMIT 1   [ RunTime:0.0001s ]
SQL: SELECT * FROM `bj_repayments` WHERE `loan_id` = 5343 AND `cycles` = 6 AND `is_delete` <> 1 LIMIT 1   [ RunTime:0.0178s ]
SQL: SELECT * FROM `bj_company` WHERE `company_id` = 3 LIMIT 1   [ RunTime:0.0002s ]
SQL: SELECT * FROM `bj_customer` WHERE `id` = 4569 LIMIT 1   [ RunTime:0.0001s ]
SQL: SELECT * FROM `bj_product` WHERE `product_id` = 1 LIMIT 1   [ RunTime:0.0001s ]
SQL: SELECT * FROM `bj_cycle` WHERE `cycle_id` = 2 LIMIT 1   [ RunTime:0.0001s ]
SQL: SELECT * FROM `bj_staff` WHERE `staff_id` = 110 LIMIT 1   [ RunTime:0.0001s ]
SQL: SELECT * FROM `bj_repayments` WHERE `loan_id` = 5406 AND `cycles` = 15 AND `is_delete` <> 1 LIMIT 1   [ RunTime:0.0170s ]
SQL: SELECT * FROM `bj_company` WHERE `company_id` = 3 LIMIT 1   [ RunTime:0.0003s ]
SQL: SELECT * FROM `bj_customer` WHERE `id` = 4557 LIMIT 1   [ RunTime:0.0001s ]
SQL: SELECT * FROM `bj_product` WHERE `product_id` = 1 LIMIT 1   [ RunTime:0.0001s ]
SQL: SELECT * FROM `bj_cycle` WHERE `cycle_id` = 2 LIMIT 1   [ RunTime:0.0001s ]
SQL: SELECT * FROM `bj_staff` WHERE `staff_id` = 114 LIMIT 1   [ RunTime:0.0001s ]
SQL: SELECT * FROM `bj_repayments` WHERE `loan_id` = 5411 AND `cycles` = 14 AND `is_delete` <> 1 LIMIT 1   [ RunTime:0.0174s ]
SQL: SELECT * FROM `bj_company` WHERE `company_id` = 3 LIMIT 1   [ RunTime:0.0002s ]
SQL: SELECT * FROM `bj_customer` WHERE `id` = 4521 LIMIT 1   [ RunTime:0.0001s ]
SQL: SELECT * FROM `bj_product` WHERE `product_id` = 1 LIMIT 1   [ RunTime:0.0001s ]
SQL: SELECT * FROM `bj_cycle` WHERE `cycle_id` = 2 LIMIT 1   [ RunTime:0.0001s ]
SQL: SELECT * FROM `bj_staff` WHERE `staff_id` = 119 LIMIT 1   [ RunTime:0.0001s ]
SQL: SELECT * FROM `bj_repayments` WHERE `loan_id` = 5420 AND `cycles` = 11 AND `is_delete` <> 1 LIMIT 1   [ RunTime:0.0173s ]
SQL: SELECT * FROM `bj_company` WHERE `company_id` = 3 LIMIT 1   [ RunTime:0.0003s ]
SQL: SELECT * FROM `bj_customer` WHERE `id` = 4506 LIMIT 1   [ RunTime:0.0002s ]
SQL: SELECT * FROM `bj_product` WHERE `product_id` = 1 LIMIT 1   [ RunTime:0.0001s ]
SQL: SELECT * FROM `bj_cycle` WHERE `cycle_id` = 2 LIMIT 1   [ RunTime:0.0001s ]
SQL: SELECT * FROM `bj_staff` WHERE `staff_id` = 111 LIMIT 1   [ RunTime:0.0001s ]
SQL: SELECT * FROM `bj_repayments` WHERE `loan_id` = 5427 AND `cycles` = 10 AND `is_delete` <> 1 LIMIT 1   [ RunTime:0.0181s ]
SQL: SELECT * FROM `bj_company` WHERE `company_id` = 3 LIMIT 1   [ RunTime:0.0002s ]
SQL: SELECT * FROM `bj_customer` WHERE `id` = 4017 LIMIT 1   [ RunTime:0.0001s ]
SQL: SELECT * FROM `bj_product` WHERE `product_id` = 1 LIMIT 1   [ RunTime:0.0001s ]
SQL: SELECT * FROM `bj_cycle` WHERE `cycle_id` = 2 LIMIT 1   [ RunTime:0.0001s ]
SQL: SELECT * FROM `bj_staff` WHERE `staff_id` = 118 LIMIT 1   [ RunTime:0.0001s ]
SQL: SELECT * FROM `bj_repayments` WHERE `loan_id` = 5431 AND `cycles` = 9 AND `is_delete` <> 1 LIMIT 1   [ RunTime:0.0181s ]
SQL: SELECT * FROM `bj_company` WHERE `company_id` = 3 LIMIT 1   [ RunTime:0.0002s ]
SQL: SELECT * FROM `bj_customer` WHERE `id` = 4032 LIMIT 1   [ RunTime:0.0001s ]
SQL: SELECT * FROM `bj_product` WHERE `product_id` = 1 LIMIT 1   [ RunTime:0.0001s ]
SQL: SELECT * FROM `bj_cycle` WHERE `cycle_id` = 2 LIMIT 1   [ RunTime:0.0001s ]
SQL: SELECT * FROM `bj_staff` WHERE `staff_id` = 111 LIMIT 1   [ RunTime:0.0001s ]
SQL: SELECT * FROM `bj_repayments` WHERE `loan_id` = 5459 AND `cycles` = 6 AND `is_delete` <> 1 LIMIT 1   [ RunTime:0.0182s ]
SQL: SELECT * FROM `bj_company` WHERE `company_id` = 3 LIMIT 1   [ RunTime:0.0002s ]
SQL: SELECT * FROM `bj_customer` WHERE `id` = 4452 LIMIT 1   [ RunTime:0.0001s ]
SQL: SELECT * FROM `bj_product` WHERE `product_id` = 1 LIMIT 1   [ RunTime:0.0002s ]
SQL: SELECT * FROM `bj_cycle` WHERE `cycle_id` = 2 LIMIT 1   [ RunTime:0.0001s ]
SQL: SELECT * FROM `bj_staff` WHERE `staff_id` = 126 LIMIT 1   [ RunTime:0.0001s ]
SQL: SELECT * FROM `bj_repayments` WHERE `loan_id` = 5460 AND `cycles` = 6 AND `is_delete` <> 1 LIMIT 1   [ RunTime:0.0180s ]
SQL: SELECT * FROM `bj_company` WHERE `company_id` = 3 LIMIT 1   [ RunTime:0.0002s ]
SQL: SELECT * FROM `bj_customer` WHERE `id` = 4430 LIMIT 1   [ RunTime:0.0001s ]
SQL: SELECT * FROM `bj_product` WHERE `product_id` = 2 LIMIT 1   [ RunTime:0.0001s ]
SQL: SELECT * FROM `bj_cycle` WHERE `cycle_id` = 1 LIMIT 1   [ RunTime:0.0001s ]
SQL: SELECT * FROM `bj_staff` WHERE `staff_id` = 118 LIMIT 1   [ RunTime:0.0001s ]
SQL: SELECT * FROM `bj_repayments` WHERE `loan_id` = 5481 AND `cycles` = 30 AND `is_delete` <> 1 LIMIT 1   [ RunTime:0.0177s ]
SQL: SELECT * FROM `bj_company` WHERE `company_id` = 4 LIMIT 1   [ RunTime:0.0002s ]
SQL: SELECT * FROM `bj_customer` WHERE `id` = 4051 LIMIT 1   [ RunTime:0.0002s ]
SQL: SELECT * FROM `bj_product` WHERE `product_id` = 5 LIMIT 1   [ RunTime:0.0001s ]
SQL: SELECT * FROM `bj_cycle` WHERE `cycle_id` = 1 LIMIT 1   [ RunTime:0.0001s ]
SQL: SELECT * FROM `bj_staff` WHERE `staff_id` = 127 LIMIT 1   [ RunTime:0.0001s ]
SQL: SELECT * FROM `bj_repayments` WHERE `loan_id` = 5492 AND `cycles` = 6 AND `is_delete` <> 1 LIMIT 1   [ RunTime:0.0175s ]
SQL: SELECT * FROM `bj_company` WHERE `company_id` = 4 LIMIT 1   [ RunTime:0.0002s ]
SQL: SELECT * FROM `bj_customer` WHERE `id` = 1068 LIMIT 1   [ RunTime:0.0002s ]
SQL: SELECT * FROM `bj_product` WHERE `product_id` = 1 LIMIT 1   [ RunTime:0.0001s ]
SQL: SELECT * FROM `bj_cycle` WHERE `cycle_id` = 2 LIMIT 1   [ RunTime:0.0001s ]
SQL: SELECT * FROM `bj_staff` WHERE `staff_id` = 104 LIMIT 1   [ RunTime:0.0001s ]
SQL: SELECT * FROM `bj_repayments` WHERE `loan_id` = 5499 AND `cycles` = 22 AND `is_delete` <> 1 LIMIT 1   [ RunTime:0.0170s ]
SQL: SELECT * FROM `bj_company` WHERE `company_id` = 4 LIMIT 1   [ RunTime:0.0002s ]
SQL: SELECT * FROM `bj_customer` WHERE `id` = 4613 LIMIT 1   [ RunTime:0.0002s ]
SQL: SELECT * FROM `bj_product` WHERE `product_id` = 1 LIMIT 1   [ RunTime:0.0001s ]
SQL: SELECT * FROM `bj_cycle` WHERE `cycle_id` = 2 LIMIT 1   [ RunTime:0.0001s ]
SQL: SELECT * FROM `bj_staff` WHERE `staff_id` = 107 LIMIT 1   [ RunTime:0.0001s ]
SQL: SELECT * FROM `bj_repayments` WHERE `loan_id` = 5502 AND `cycles` = 20 AND `is_delete` <> 1 LIMIT 1   [ RunTime:0.0170s ]
SQL: SELECT * FROM `bj_company` WHERE `company_id` = 4 LIMIT 1   [ RunTime:0.0002s ]
SQL: SELECT * FROM `bj_customer` WHERE `id` = 4074 LIMIT 1   [ RunTime:0.0001s ]
SQL: SELECT * FROM `bj_product` WHERE `product_id` = 1 LIMIT 1   [ RunTime:0.0001s ]
SQL: SELECT * FROM `bj_cycle` WHERE `cycle_id` = 2 LIMIT 1   [ RunTime:0.0002s ]
SQL: SELECT * FROM `bj_staff` WHERE `staff_id` = 122 LIMIT 1   [ RunTime:0.0002s ]
SQL: SELECT * FROM `bj_repayments` WHERE `loan_id` = 5513 AND `cycles` = 15 AND `is_delete` <> 1 LIMIT 1   [ RunTime:0.0179s ]
SQL: SELECT * FROM `bj_company` WHERE `company_id` = 4 LIMIT 1   [ RunTime:0.0002s ]
SQL: SELECT * FROM `bj_customer` WHERE `id` = 4534 LIMIT 1   [ RunTime:0.0001s ]
SQL: SELECT * FROM `bj_product` WHERE `product_id` = 1 LIMIT 1   [ RunTime:0.0001s ]
SQL: SELECT * FROM `bj_cycle` WHERE `cycle_id` = 2 LIMIT 1   [ RunTime:0.0001s ]
SQL: SELECT * FROM `bj_staff` WHERE `staff_id` = 321 LIMIT 1   [ RunTime:0.0001s ]
SQL: SELECT * FROM `bj_repayments` WHERE `loan_id` = 5525 AND `cycles` = 12 AND `is_delete` <> 1 LIMIT 1   [ RunTime:0.0176s ]
SQL: SELECT * FROM `bj_company` WHERE `company_id` = 4 LIMIT 1   [ RunTime:0.0002s ]
SQL: SELECT * FROM `bj_customer` WHERE `id` = 4072 LIMIT 1   [ RunTime:0.0001s ]
SQL: SELECT * FROM `bj_product` WHERE `product_id` = 1 LIMIT 1   [ RunTime:0.0001s ]
SQL: SELECT * FROM `bj_cycle` WHERE `cycle_id` = 2 LIMIT 1   [ RunTime:0.0001s ]
SQL: SELECT * FROM `bj_staff` WHERE `staff_id` = 104 LIMIT 1   [ RunTime:0.0001s ]
SQL: SELECT * FROM `bj_repayments` WHERE `loan_id` = 5530 AND `cycles` = 11 AND `is_delete` <> 1 LIMIT 1   [ RunTime:0.0178s ]
SQL: SELECT * FROM `bj_company` WHERE `company_id` = 4 LIMIT 1   [ RunTime:0.0002s ]
SQL: SELECT * FROM `bj_customer` WHERE `id` = 4488 LIMIT 1   [ RunTime:0.0001s ]
SQL: SELECT * FROM `bj_product` WHERE `product_id` = 1 LIMIT 1   [ RunTime:0.0001s ]
SQL: SELECT * FROM `bj_cycle` WHERE `cycle_id` = 2 LIMIT 1   [ RunTime:0.0002s ]
SQL: SELECT * FROM `bj_staff` WHERE `staff_id` = 107 LIMIT 1   [ RunTime:0.0001s ]
SQL: SELECT * FROM `bj_repayments` WHERE `loan_id` = 5548 AND `cycles` = 8 AND `is_delete` <> 1 LIMIT 1   [ RunTime:0.0179s ]
SQL: SELECT * FROM `bj_company` WHERE `company_id` = 4 LIMIT 1   [ RunTime:0.0002s ]
SQL: SELECT * FROM `bj_customer` WHERE `id` = 4088 LIMIT 1   [ RunTime:0.0001s ]
SQL: SELECT * FROM `bj_product` WHERE `product_id` = 1 LIMIT 1   [ RunTime:0.0001s ]
SQL: SELECT * FROM `bj_cycle` WHERE `cycle_id` = 2 LIMIT 1   [ RunTime:0.0001s ]
SQL: SELECT * FROM `bj_staff` WHERE `staff_id` = 107 LIMIT 1   [ RunTime:0.0001s ]
SQL: SELECT * FROM `bj_repayments` WHERE `loan_id` = 5557 AND `cycles` = 7 AND `is_delete` <> 1 LIMIT 1   [ RunTime:0.0180s ]
SQL: SELECT * FROM `bj_company` WHERE `company_id` = 4 LIMIT 1   [ RunTime:0.0002s ]
SQL: SELECT * FROM `bj_customer` WHERE `id` = 4089 LIMIT 1   [ RunTime:0.0001s ]
SQL: SELECT * FROM `bj_product` WHERE `product_id` = 1 LIMIT 1   [ RunTime:0.0001s ]
SQL: SELECT * FROM `bj_cycle` WHERE `cycle_id` = 2 LIMIT 1   [ RunTime:0.0001s ]
SQL: SELECT * FROM `bj_staff` WHERE `staff_id` = 102 LIMIT 1   [ RunTime:0.0001s ]
SQL: SELECT * FROM `bj_repayments` WHERE `loan_id` = 5558 AND `cycles` = 7 AND `is_delete` <> 1 LIMIT 1   [ RunTime:0.0172s ]
SQL: SELECT * FROM `bj_company` WHERE `company_id` = 4 LIMIT 1   [ RunTime:0.0002s ]
SQL: SELECT * FROM `bj_customer` WHERE `id` = 4468 LIMIT 1   [ RunTime:0.0001s ]
SQL: SELECT * FROM `bj_product` WHERE `product_id` = 1 LIMIT 1   [ RunTime:0.0001s ]
SQL: SELECT * FROM `bj_cycle` WHERE `cycle_id` = 2 LIMIT 1   [ RunTime:0.0001s ]
SQL: SELECT * FROM `bj_staff` WHERE `staff_id` = 107 LIMIT 1   [ RunTime:0.0001s ]
SQL: SELECT * FROM `bj_repayments` WHERE `loan_id` = 5559 AND `cycles` = 7 AND `is_delete` <> 1 LIMIT 1   [ RunTime:0.0192s ]
SQL: SELECT * FROM `bj_company` WHERE `company_id` = 4 LIMIT 1   [ RunTime:0.0002s ]
SQL: SELECT * FROM `bj_customer` WHERE `id` = 4091 LIMIT 1   [ RunTime:0.0002s ]
SQL: SELECT * FROM `bj_product` WHERE `product_id` = 1 LIMIT 1   [ RunTime:0.0001s ]
SQL: SELECT * FROM `bj_cycle` WHERE `cycle_id` = 2 LIMIT 1   [ RunTime:0.0001s ]
SQL: SELECT * FROM `bj_staff` WHERE `staff_id` = 107 LIMIT 1   [ RunTime:0.0001s ]
SQL: SELECT * FROM `bj_repayments` WHERE `loan_id` = 5561 AND `cycles` = 7 AND `is_delete` <> 1 LIMIT 1   [ RunTime:0.0173s ]
SQL: SELECT * FROM `bj_company` WHERE `company_id` = 4 LIMIT 1   [ RunTime:0.0002s ]
SQL: SELECT * FROM `bj_customer` WHERE `id` = 4100 LIMIT 1   [ RunTime:0.0001s ]
SQL: SELECT * FROM `bj_product` WHERE `product_id` = 1 LIMIT 1   [ RunTime:0.0001s ]
SQL: SELECT * FROM `bj_cycle` WHERE `cycle_id` = 2 LIMIT 1   [ RunTime:0.0001s ]
SQL: SELECT * FROM `bj_staff` WHERE `staff_id` = 104 LIMIT 1   [ RunTime:0.0001s ]
SQL: SELECT * FROM `bj_repayments` WHERE `loan_id` = 5579 AND `cycles` = 5 AND `is_delete` <> 1 LIMIT 1   [ RunTime:0.0170s ]
SQL: SELECT * FROM `bj_company` WHERE `company_id` = 4 LIMIT 1   [ RunTime:0.0002s ]
SQL: SELECT * FROM `bj_customer` WHERE `id` = 4101 LIMIT 1   [ RunTime:0.0001s ]
SQL: SELECT * FROM `bj_product` WHERE `product_id` = 1 LIMIT 1   [ RunTime:0.0001s ]
SQL: SELECT * FROM `bj_cycle` WHERE `cycle_id` = 2 LIMIT 1   [ RunTime:0.0001s ]
SQL: SELECT * FROM `bj_staff` WHERE `staff_id` = 323 LIMIT 1   [ RunTime:0.0001s ]
SQL: SELECT * FROM `bj_repayments` WHERE `loan_id` = 5580 AND `cycles` = 5 AND `is_delete` <> 1 LIMIT 1   [ RunTime:0.0177s ]
SQL: SELECT * FROM `bj_company` WHERE `company_id` = 4 LIMIT 1   [ RunTime:0.0002s ]
SQL: SELECT * FROM `bj_customer` WHERE `id` = 4102 LIMIT 1   [ RunTime:0.0002s ]
SQL: SELECT * FROM `bj_product` WHERE `product_id` = 1 LIMIT 1   [ RunTime:0.0001s ]
SQL: SELECT * FROM `bj_cycle` WHERE `cycle_id` = 2 LIMIT 1   [ RunTime:0.0002s ]
SQL: SELECT * FROM `bj_staff` WHERE `staff_id` = 104 LIMIT 1   [ RunTime:0.0002s ]
SQL: SELECT * FROM `bj_repayments` WHERE `loan_id` = 5581 AND `cycles` = 5 AND `is_delete` <> 1 LIMIT 1   [ RunTime:0.0191s ]
SQL: SELECT * FROM `bj_company` WHERE `company_id` = 4 LIMIT 1   [ RunTime:0.0002s ]
SQL: SELECT * FROM `bj_customer` WHERE `id` = 4426 LIMIT 1   [ RunTime:0.0001s ]
SQL: SELECT * FROM `bj_product` WHERE `product_id` = 1 LIMIT 1   [ RunTime:0.0001s ]
SQL: SELECT * FROM `bj_cycle` WHERE `cycle_id` = 2 LIMIT 1   [ RunTime:0.0002s ]
SQL: SELECT * FROM `bj_staff` WHERE `staff_id` = 102 LIMIT 1   [ RunTime:0.0002s ]
SQL: SELECT * FROM `bj_repayments` WHERE `loan_id` = 5589 AND `cycles` = 4 AND `is_delete` <> 1 LIMIT 1   [ RunTime:0.0191s ]
SQL: SELECT * FROM `bj_company` WHERE `company_id` = 4 LIMIT 1   [ RunTime:0.0002s ]
SQL: SELECT * FROM `bj_customer` WHERE `id` = 4055 LIMIT 1   [ RunTime:0.0001s ]
SQL: SELECT * FROM `bj_product` WHERE `product_id` = 2 LIMIT 1   [ RunTime:0.0001s ]
SQL: SELECT * FROM `bj_cycle` WHERE `cycle_id` = 1 LIMIT 1   [ RunTime:0.0001s ]
SQL: SELECT * FROM `bj_staff` WHERE `staff_id` = 127 LIMIT 1   [ RunTime:0.0001s ]
SQL: SELECT * FROM `bj_repayments` WHERE `loan_id` = 5840 AND `cycles` = 6 AND `is_delete` <> 1 LIMIT 1   [ RunTime:0.0175s ]
SQL: SELECT * FROM `bj_company` WHERE `company_id` = 4 LIMIT 1   [ RunTime:0.0002s ]
SQL: SELECT * FROM `bj_customer` WHERE `id` = 4123 LIMIT 1   [ RunTime:0.0001s ]
SQL: SELECT * FROM `bj_product` WHERE `product_id` = 2 LIMIT 1   [ RunTime:0.0001s ]
SQL: SELECT * FROM `bj_cycle` WHERE `cycle_id` = 1 LIMIT 1   [ RunTime:0.0001s ]
SQL: SELECT * FROM `bj_staff` WHERE `staff_id` = 104 LIMIT 1   [ RunTime:0.0001s ]
SQL: SELECT * FROM `bj_repayments` WHERE `loan_id` = 6182 AND `cycles` = 226 AND `is_delete` <> 1 LIMIT 1   [ RunTime:0.0196s ]
SQL: SELECT * FROM `bj_company` WHERE `company_id` = 4 LIMIT 1   [ RunTime:0.0002s ]
SQL: SELECT * FROM `bj_customer` WHERE `id` = 4667 LIMIT 1   [ RunTime:0.0002s ]
SQL: SELECT * FROM `bj_product` WHERE `product_id` = 1 LIMIT 1   [ RunTime:0.0001s ]
SQL: SELECT * FROM `bj_cycle` WHERE `cycle_id` = 2 LIMIT 1   [ RunTime:0.0001s ]
SQL: SELECT * FROM `bj_staff` WHERE `staff_id` = 320 LIMIT 1   [ RunTime:0.0001s ]
SQL: SELECT * FROM `bj_repayments` WHERE `loan_id` = 6238 AND `cycles` = 27 AND `is_delete` <> 1 LIMIT 1   [ RunTime:0.0181s ]
SQL: SELECT * FROM `bj_company` WHERE `company_id` = 4 LIMIT 1   [ RunTime:0.0005s ]
SQL: SELECT * FROM `bj_customer` WHERE `id` = 4374 LIMIT 1   [ RunTime:0.0002s ]
SQL: SELECT * FROM `bj_product` WHERE `product_id` = 1 LIMIT 1   [ RunTime:0.0001s ]
SQL: SELECT * FROM `bj_cycle` WHERE `cycle_id` = 2 LIMIT 1   [ RunTime:0.0001s ]
SQL: SELECT * FROM `bj_staff` WHERE `staff_id` = 104 LIMIT 1   [ RunTime:0.0001s ]
SQL: SELECT * FROM `bj_repayments` WHERE `loan_id` = 6293 AND `cycles` = 17 AND `is_delete` <> 1 LIMIT 1   [ RunTime:0.0172s ]
SQL: SELECT * FROM `bj_company` WHERE `company_id` = 4 LIMIT 1   [ RunTime:0.0002s ]
SQL: SELECT * FROM `bj_customer` WHERE `id` = 4641 LIMIT 1   [ RunTime:0.0001s ]
SQL: SELECT * FROM `bj_product` WHERE `product_id` = 1 LIMIT 1   [ RunTime:0.0001s ]
SQL: SELECT * FROM `bj_cycle` WHERE `cycle_id` = 2 LIMIT 1   [ RunTime:0.0001s ]
SQL: SELECT * FROM `bj_staff` WHERE `staff_id` = 107 LIMIT 1   [ RunTime:0.0001s ]
SQL: SELECT * FROM `bj_repayments` WHERE `loan_id` = 6298 AND `cycles` = 24 AND `is_delete` <> 1 LIMIT 1   [ RunTime:0.0177s ]
SQL: SELECT * FROM `bj_company` WHERE `company_id` = 4 LIMIT 1   [ RunTime:0.0002s ]
SQL: SELECT * FROM `bj_customer` WHERE `id` = 4380 LIMIT 1   [ RunTime:0.0001s ]
SQL: SELECT * FROM `bj_product` WHERE `product_id` = 1 LIMIT 1   [ RunTime:0.0001s ]
SQL: SELECT * FROM `bj_cycle` WHERE `cycle_id` = 2 LIMIT 1   [ RunTime:0.0001s ]
SQL: SELECT * FROM `bj_staff` WHERE `staff_id` = 102 LIMIT 1   [ RunTime:0.0001s ]
SQL: SELECT * FROM `bj_repayments` WHERE `loan_id` = 6309 AND `cycles` = 13 AND `is_delete` <> 1 LIMIT 1   [ RunTime:0.0184s ]
SQL: SELECT * FROM `bj_company` WHERE `company_id` = 4 LIMIT 1   [ RunTime:0.0002s ]
SQL: SELECT * FROM `bj_customer` WHERE `id` = 4571 LIMIT 1   [ RunTime:0.0001s ]
SQL: SELECT * FROM `bj_product` WHERE `product_id` = 1 LIMIT 1   [ RunTime:0.0001s ]
SQL: SELECT * FROM `bj_cycle` WHERE `cycle_id` = 2 LIMIT 1   [ RunTime:0.0001s ]
SQL: SELECT * FROM `bj_staff` WHERE `staff_id` = 104 LIMIT 1   [ RunTime:0.0001s ]
SQL: SELECT * FROM `bj_repayments` WHERE `loan_id` = 6310 AND `cycles` = 15 AND `is_delete` <> 1 LIMIT 1   [ RunTime:0.0180s ]
SQL: SELECT * FROM `bj_company` WHERE `company_id` = 4 LIMIT 1   [ RunTime:0.0004s ]
SQL: SELECT * FROM `bj_customer` WHERE `id` = 4383 LIMIT 1   [ RunTime:0.0002s ]
SQL: SELECT * FROM `bj_product` WHERE `product_id` = 1 LIMIT 1   [ RunTime:0.0001s ]
SQL: SELECT * FROM `bj_cycle` WHERE `cycle_id` = 2 LIMIT 1   [ RunTime:0.0001s ]
SQL: SELECT * FROM `bj_staff` WHERE `staff_id` = 102 LIMIT 1   [ RunTime:0.0001s ]
SQL: SELECT * FROM `bj_repayments` WHERE `loan_id` = 6316 AND `cycles` = 14 AND `is_delete` <> 1 LIMIT 1   [ RunTime:0.0189s ]
SQL: SELECT * FROM `bj_company` WHERE `company_id` = 4 LIMIT 1   [ RunTime:0.0002s ]
SQL: SELECT * FROM `bj_customer` WHERE `id` = 4535 LIMIT 1   [ RunTime:0.0001s ]
SQL: SELECT * FROM `bj_product` WHERE `product_id` = 1 LIMIT 1   [ RunTime:0.0001s ]
SQL: SELECT * FROM `bj_cycle` WHERE `cycle_id` = 2 LIMIT 1   [ RunTime:0.0001s ]
SQL: SELECT * FROM `bj_staff` WHERE `staff_id` = 127 LIMIT 1   [ RunTime:0.0001s ]
SQL: SELECT * FROM `bj_repayments` WHERE `loan_id` = 6326 AND `cycles` = 12 AND `is_delete` <> 1 LIMIT 1   [ RunTime:0.0176s ]
SQL: SELECT * FROM `bj_company` WHERE `company_id` = 4 LIMIT 1   [ RunTime:0.0004s ]
SQL: SELECT * FROM `bj_customer` WHERE `id` = 4393 LIMIT 1   [ RunTime:0.0002s ]
SQL: SELECT * FROM `bj_product` WHERE `product_id` = 1 LIMIT 1   [ RunTime:0.0002s ]
SQL: SELECT * FROM `bj_cycle` WHERE `cycle_id` = 2 LIMIT 1   [ RunTime:0.0002s ]
SQL: SELECT * FROM `bj_staff` WHERE `staff_id` = 102 LIMIT 1   [ RunTime:0.0002s ]
SQL: SELECT * FROM `bj_repayments` WHERE `loan_id` = 6339 AND `cycles` = 11 AND `is_delete` <> 1 LIMIT 1   [ RunTime:0.0199s ]
SQL: SELECT * FROM `bj_company` WHERE `company_id` = 4 LIMIT 1   [ RunTime:0.0002s ]
SQL: SELECT * FROM `bj_customer` WHERE `id` = 4421 LIMIT 1   [ RunTime:0.0001s ]
SQL: SELECT * FROM `bj_product` WHERE `product_id` = 2 LIMIT 1   [ RunTime:0.0001s ]
SQL: SELECT * FROM `bj_cycle` WHERE `cycle_id` = 1 LIMIT 1   [ RunTime:0.0001s ]
SQL: SELECT * FROM `bj_staff` WHERE `staff_id` = 127 LIMIT 1   [ RunTime:0.0001s ]
SQL: SELECT * FROM `bj_repayments` WHERE `loan_id` = 6387 AND `cycles` = 6 AND `is_delete` <> 1 LIMIT 1   [ RunTime:0.0192s ]
SQL: SELECT * FROM `bj_company` WHERE `company_id` = 3 LIMIT 1   [ RunTime:0.0002s ]
SQL: SELECT * FROM `bj_customer` WHERE `id` = 4852 LIMIT 1   [ RunTime:0.0002s ]
SQL: SELECT * FROM `bj_product` WHERE `product_id` = 2 LIMIT 1   [ RunTime:0.0002s ]
SQL: SELECT * FROM `bj_cycle` WHERE `cycle_id` = 1 LIMIT 1   [ RunTime:0.0002s ]
SQL: SELECT * FROM `bj_staff` WHERE `staff_id` = 111 LIMIT 1   [ RunTime:0.0001s ]
SQL: SELECT * FROM `bj_repayments` WHERE `loan_id` = 6401 AND `cycles` = 3 AND `is_delete` <> 1 LIMIT 1   [ RunTime:0.0209s ]
SQL: SELECT * FROM `bj_company` WHERE `company_id` = 4 LIMIT 1   [ RunTime:0.0002s ]
SQL: SELECT * FROM `bj_customer` WHERE `id` = 4856 LIMIT 1   [ RunTime:0.0002s ]
SQL: SELECT * FROM `bj_product` WHERE `product_id` = 2 LIMIT 1   [ RunTime:0.0001s ]
SQL: SELECT * FROM `bj_cycle` WHERE `cycle_id` = 1 LIMIT 1   [ RunTime:0.0001s ]
SQL: SELECT * FROM `bj_staff` WHERE `staff_id` = 104 LIMIT 1   [ RunTime:0.0001s ]
SQL: SELECT * FROM `bj_repayments` WHERE `loan_id` = 6405 AND `cycles` = 3 AND `is_delete` <> 1 LIMIT 1   [ RunTime:0.0181s ]
SQL: SELECT * FROM `bj_repayments` WHERE `loan_id` = 1167 AND `cycles` = 23 AND `is_delete` <> 1 LIMIT 1   [ RunTime:0.0176s ]
SQL: SHOW COLUMNS FROM `bj_message` [ RunTime:0.0004s ]
SQL: SELECT * FROM `bj_message` WHERE `loan_id` = 1167 AND `customer_id` = 900 AND `send_status` = 1 AND `nowdata` = '2018-01-24 00:00:00'  [ RunTime:0.0005s ]
SQL: SELECT * FROM `bj_repayments` WHERE `loan_id` = 1179 AND `cycles` = 22 AND `is_delete` <> 1 LIMIT 1   [ RunTime:0.0176s ]
SQL: SELECT * FROM `bj_message` WHERE `loan_id` = 1179 AND `customer_id` = 912 AND `send_status` = 1 AND `nowdata` = '2018-01-24 00:00:00'  [ RunTime:0.0004s ]
SQL: SELECT * FROM `bj_repayments` WHERE `loan_id` = 1183 AND `cycles` = 21 AND `is_delete` <> 1 LIMIT 1   [ RunTime:0.0172s ]
SQL: SELECT * FROM `bj_message` WHERE `loan_id` = 1183 AND `customer_id` = 918 AND `send_status` = 1 AND `nowdata` = '2018-01-24 00:00:00'  [ RunTime:0.0004s ]
SQL: SELECT * FROM `bj_repayments` WHERE `loan_id` = 1184 AND `cycles` = 3 AND `is_delete` <> 1 LIMIT 1   [ RunTime:0.0182s ]
SQL: SELECT * FROM `bj_message` WHERE `loan_id` = 1184 AND `customer_id` = 919 AND `send_status` = 1 AND `nowdata` = '2018-01-24 00:00:00'  [ RunTime:0.0004s ]
SQL: SELECT * FROM `bj_repayments` WHERE `loan_id` = 1185 AND `cycles` = 3 AND `is_delete` <> 1 LIMIT 1   [ RunTime:0.0167s ]
SQL: SELECT * FROM `bj_message` WHERE `loan_id` = 1185 AND `customer_id` = 920 AND `send_status` = 1 AND `nowdata` = '2018-01-24 00:00:00'  [ RunTime:0.0008s ]
SQL: SELECT * FROM `bj_repayments` WHERE `loan_id` = 1186 AND `cycles` = 3 AND `is_delete` <> 1 LIMIT 1   [ RunTime:0.0177s ]
SQL: SELECT * FROM `bj_message` WHERE `loan_id` = 1186 AND `customer_id` = 921 AND `send_status` = 1 AND `nowdata` = '2018-01-24 00:00:00'  [ RunTime:0.0004s ]
SQL: SELECT * FROM `bj_repayments` WHERE `loan_id` = 1187 AND `cycles` = 3 AND `is_delete` <> 1 LIMIT 1   [ RunTime:0.0173s ]
SQL: SELECT * FROM `bj_message` WHERE `loan_id` = 1187 AND `customer_id` = 922 AND `send_status` = 1 AND `nowdata` = '2018-01-24 00:00:00'  [ RunTime:0.0004s ]
SQL: SELECT * FROM `bj_repayments` WHERE `loan_id` = 1188 AND `cycles` = 21 AND `is_delete` <> 1 LIMIT 1   [ RunTime:0.0164s ]
SQL: SELECT * FROM `bj_message` WHERE `loan_id` = 1188 AND `customer_id` = 923 AND `send_status` = 1 AND `nowdata` = '2018-01-24 00:00:00'  [ RunTime:0.0003s ]
SQL: SELECT * FROM `bj_repayments` WHERE `loan_id` = 1189 AND `cycles` = 3 AND `is_delete` <> 1 LIMIT 1   [ RunTime:0.0176s ]
SQL: SELECT * FROM `bj_message` WHERE `loan_id` = 1189 AND `customer_id` = 924 AND `send_status` = 1 AND `nowdata` = '2018-01-24 00:00:00'  [ RunTime:0.0004s ]
SQL: SELECT * FROM `bj_repayments` WHERE `loan_id` = 1190 AND `cycles` = 3 AND `is_delete` <> 1 LIMIT 1   [ RunTime:0.0176s ]
SQL: SELECT * FROM `bj_message` WHERE `loan_id` = 1190 AND `customer_id` = 925 AND `send_status` = 1 AND `nowdata` = '2018-01-24 00:00:00'  [ RunTime:0.0004s ]
SQL: SELECT * FROM `bj_repayments` WHERE `loan_id` = 1191 AND `cycles` = 21 AND `is_delete` <> 1 LIMIT 1   [ RunTime:0.0169s ]
SQL: SELECT * FROM `bj_message` WHERE `loan_id` = 1191 AND `customer_id` = 926 AND `send_status` = 1 AND `nowdata` = '2018-01-24 00:00:00'  [ RunTime:0.0005s ]
SQL: SELECT * FROM `bj_repayments` WHERE `loan_id` = 1192 AND `cycles` = 3 AND `is_delete` <> 1 LIMIT 1   [ RunTime:0.0188s ]
SQL: SELECT * FROM `bj_message` WHERE `loan_id` = 1192 AND `customer_id` = 927 AND `send_status` = 1 AND `nowdata` = '2018-01-24 00:00:00'  [ RunTime:0.0004s ]
SQL: SELECT * FROM `bj_repayments` WHERE `loan_id` = 1213 AND `cycles` = 17 AND `is_delete` <> 1 LIMIT 1   [ RunTime:0.0166s ]
SQL: SELECT * FROM `bj_message` WHERE `loan_id` = 1213 AND `customer_id` = 949 AND `send_status` = 1 AND `nowdata` = '2018-01-24 00:00:00'  [ RunTime:0.0003s ]
SQL: SELECT * FROM `bj_repayments` WHERE `loan_id` = 1227 AND `cycles` = 16 AND `is_delete` <> 1 LIMIT 1   [ RunTime:0.0179s ]
SQL: SELECT * FROM `bj_message` WHERE `loan_id` = 1227 AND `customer_id` = 963 AND `send_status` = 1 AND `nowdata` = '2018-01-24 00:00:00'  [ RunTime:0.0004s ]
SQL: SELECT * FROM `bj_repayments` WHERE `loan_id` = 1233 AND `cycles` = 15 AND `is_delete` <> 1 LIMIT 1   [ RunTime:0.0168s ]
SQL: SELECT * FROM `bj_message` WHERE `loan_id` = 1233 AND `customer_id` = 969 AND `send_status` = 1 AND `nowdata` = '2018-01-24 00:00:00'  [ RunTime:0.0004s ]
SQL: SELECT * FROM `bj_repayments` WHERE `loan_id` = 1235 AND `cycles` = 15 AND `is_delete` <> 1 LIMIT 1   [ RunTime:0.0184s ]
SQL: SELECT * FROM `bj_message` WHERE `loan_id` = 1235 AND `customer_id` = 971 AND `send_status` = 1 AND `nowdata` = '2018-01-24 00:00:00'  [ RunTime:0.0004s ]
SQL: SELECT * FROM `bj_repayments` WHERE `loan_id` = 1236 AND `cycles` = 15 AND `is_delete` <> 1 LIMIT 1   [ RunTime:0.0174s ]
SQL: SELECT * FROM `bj_message` WHERE `loan_id` = 1236 AND `customer_id` = 972 AND `send_status` = 1 AND `nowdata` = '2018-01-24 00:00:00'  [ RunTime:0.0004s ]
SQL: SELECT * FROM `bj_repayments` WHERE `loan_id` = 1239 AND `cycles` = 2 AND `is_delete` <> 1 LIMIT 1   [ RunTime:0.0172s ]
SQL: SELECT * FROM `bj_message` WHERE `loan_id` = 1239 AND `customer_id` = 975 AND `send_status` = 1 AND `nowdata` = '2018-01-24 00:00:00'  [ RunTime:0.0004s ]
SQL: SELECT * FROM `bj_repayments` WHERE `loan_id` = 1241 AND `cycles` = 2 AND `is_delete` <> 1 LIMIT 1   [ RunTime:0.0169s ]
SQL: SELECT * FROM `bj_message` WHERE `loan_id` = 1241 AND `customer_id` = 977 AND `send_status` = 1 AND `nowdata` = '2018-01-24 00:00:00'  [ RunTime:0.0004s ]
SQL: SELECT * FROM `bj_repayments` WHERE `loan_id` = 1242 AND `cycles` = 2 AND `is_delete` <> 1 LIMIT 1   [ RunTime:0.0003s ]
SQL: SELECT * FROM `bj_message` WHERE `loan_id` = 1242 AND `customer_id` = 978 AND `send_status` = 1 AND `nowdata` = '2018-01-24 00:00:00'  [ RunTime:0.0004s ]
SQL: SELECT * FROM `bj_repayments` WHERE `loan_id` = 1243 AND `cycles` = 2 AND `is_delete` <> 1 LIMIT 1   [ RunTime:0.0163s ]
SQL: SELECT * FROM `bj_message` WHERE `loan_id` = 1243 AND `customer_id` = 979 AND `send_status` = 1 AND `nowdata` = '2018-01-24 00:00:00'  [ RunTime:0.0005s ]
SQL: SELECT * FROM `bj_repayments` WHERE `loan_id` = 1248 AND `cycles` = 13 AND `is_delete` <> 1 LIMIT 1   [ RunTime:0.0184s ]
SQL: SELECT * FROM `bj_message` WHERE `loan_id` = 1248 AND `customer_id` = 983 AND `send_status` = 1 AND `nowdata` = '2018-01-24 00:00:00'  [ RunTime:0.0004s ]
SQL: SELECT * FROM `bj_repayments` WHERE `loan_id` = 1264 AND `cycles` = 3 AND `is_delete` <> 1 LIMIT 1   [ RunTime:0.0197s ]
SQL: SELECT * FROM `bj_message` WHERE `loan_id` = 1264 AND `customer_id` = 1001 AND `send_status` = 1 AND `nowdata` = '2018-01-24 00:00:00'  [ RunTime:0.0004s ]
SQL: SELECT * FROM `bj_repayments` WHERE `loan_id` = 1276 AND `cycles` = 3 AND `is_delete` <> 1 LIMIT 1   [ RunTime:0.0170s ]
SQL: SELECT * FROM `bj_message` WHERE `loan_id` = 1276 AND `customer_id` = 1012 AND `send_status` = 1 AND `nowdata` = '2018-01-24 00:00:00'  [ RunTime:0.0004s ]
SQL: SELECT * FROM `bj_repayments` WHERE `loan_id` = 1277 AND `cycles` = 3 AND `is_delete` <> 1 LIMIT 1   [ RunTime:0.0178s ]
SQL: SELECT * FROM `bj_message` WHERE `loan_id` = 1277 AND `customer_id` = 1013 AND `send_status` = 1 AND `nowdata` = '2018-01-24 00:00:00'  [ RunTime:0.0004s ]
SQL: SELECT * FROM `bj_repayments` WHERE `loan_id` = 1278 AND `cycles` = 3 AND `is_delete` <> 1 LIMIT 1   [ RunTime:0.0193s ]
SQL: SELECT * FROM `bj_message` WHERE `loan_id` = 1278 AND `customer_id` = 1014 AND `send_status` = 1 AND `nowdata` = '2018-01-24 00:00:00'  [ RunTime:0.0004s ]
SQL: SELECT * FROM `bj_repayments` WHERE `loan_id` = 1299 AND `cycles` = 16 AND `is_delete` <> 1 LIMIT 1   [ RunTime:0.0189s ]
SQL: SELECT * FROM `bj_message` WHERE `loan_id` = 1299 AND `customer_id` = 1032 AND `send_status` = 1 AND `nowdata` = '2018-01-24 00:00:00'  [ RunTime:0.0005s ]
SQL: SELECT * FROM `bj_repayments` WHERE `loan_id` = 1300 AND `cycles` = 16 AND `is_delete` <> 1 LIMIT 1   [ RunTime:0.0184s ]
SQL: SELECT * FROM `bj_message` WHERE `loan_id` = 1300 AND `customer_id` = 1033 AND `send_status` = 1 AND `nowdata` = '2018-01-24 00:00:00'  [ RunTime:0.0004s ]
SQL: SELECT * FROM `bj_repayments` WHERE `loan_id` = 1301 AND `cycles` = 15 AND `is_delete` <> 1 LIMIT 1   [ RunTime:0.0174s ]
SQL: SELECT * FROM `bj_message` WHERE `loan_id` = 1301 AND `customer_id` = 1034 AND `send_status` = 1 AND `nowdata` = '2018-01-24 00:00:00'  [ RunTime:0.0004s ]
SQL: SELECT * FROM `bj_repayments` WHERE `loan_id` = 1302 AND `cycles` = 14 AND `is_delete` <> 1 LIMIT 1   [ RunTime:0.0185s ]
SQL: SELECT * FROM `bj_message` WHERE `loan_id` = 1302 AND `customer_id` = 1037 AND `send_status` = 1 AND `nowdata` = '2018-01-24 00:00:00'  [ RunTime:0.0004s ]
SQL: SELECT * FROM `bj_repayments` WHERE `loan_id` = 1306 AND `cycles` = 9 AND `is_delete` <> 1 LIMIT 1   [ RunTime:0.0175s ]
SQL: SELECT * FROM `bj_message` WHERE `loan_id` = 1306 AND `customer_id` = 1043 AND `send_status` = 1 AND `nowdata` = '2018-01-24 00:00:00'  [ RunTime:0.0004s ]
SQL: SELECT * FROM `bj_repayments` WHERE `loan_id` = 1310 AND `cycles` = 2 AND `is_delete` <> 1 LIMIT 1   [ RunTime:0.0174s ]
SQL: SELECT * FROM `bj_message` WHERE `loan_id` = 1310 AND `customer_id` = 1047 AND `send_status` = 1 AND `nowdata` = '2018-01-24 00:00:00'  [ RunTime:0.0004s ]
SQL: SELECT * FROM `bj_repayments` WHERE `loan_id` = 1311 AND `cycles` = 9 AND `is_delete` <> 1 LIMIT 1   [ RunTime:0.0180s ]
SQL: SELECT * FROM `bj_message` WHERE `loan_id` = 1311 AND `customer_id` = 1046 AND `send_status` = 1 AND `nowdata` = '2018-01-24 00:00:00'  [ RunTime:0.0004s ]
SQL: SELECT * FROM `bj_repayments` WHERE `loan_id` = 1312 AND `cycles` = 2 AND `is_delete` <> 1 LIMIT 1   [ RunTime:0.0173s ]
SQL: SELECT * FROM `bj_message` WHERE `loan_id` = 1312 AND `customer_id` = 1048 AND `send_status` = 1 AND `nowdata` = '2018-01-24 00:00:00'  [ RunTime:0.0004s ]
SQL: SELECT * FROM `bj_repayments` WHERE `loan_id` = 1327 AND `cycles` = 15 AND `is_delete` <> 1 LIMIT 1   [ RunTime:0.0178s ]
SQL: SELECT * FROM `bj_message` WHERE `loan_id` = 1327 AND `customer_id` = 1063 AND `send_status` = 1 AND `nowdata` = '2018-01-24 00:00:00'  [ RunTime:0.0005s ]
SQL: SELECT * FROM `bj_repayments` WHERE `loan_id` = 1330 AND `cycles` = 13 AND `is_delete` <> 1 LIMIT 1   [ RunTime:0.0180s ]
SQL: SELECT * FROM `bj_message` WHERE `loan_id` = 1330 AND `customer_id` = 1066 AND `send_status` = 1 AND `nowdata` = '2018-01-24 00:00:00'  [ RunTime:0.0004s ]
SQL: SELECT * FROM `bj_repayments` WHERE `loan_id` = 1344 AND `cycles` = 1 AND `is_delete` <> 1 LIMIT 1   [ RunTime:0.0178s ]
SQL: SELECT * FROM `bj_message` WHERE `loan_id` = 1344 AND `customer_id` = 1084 AND `send_status` = 1 AND `nowdata` = '2018-01-24 00:00:00'  [ RunTime:0.0004s ]
SQL: SELECT * FROM `bj_repayments` WHERE `loan_id` = 1348 AND `cycles` = 8 AND `is_delete` <> 1 LIMIT 1   [ RunTime:0.0175s ]
SQL: SELECT * FROM `bj_message` WHERE `loan_id` = 1348 AND `customer_id` = 1080 AND `send_status` = 1 AND `nowdata` = '2018-01-24 00:00:00'  [ RunTime:0.0004s ]
SQL: SELECT * FROM `bj_repayments` WHERE `loan_id` = 1351 AND `cycles` = 1 AND `is_delete` <> 1 LIMIT 1   [ RunTime:0.0186s ]
SQL: SELECT * FROM `bj_message` WHERE `loan_id` = 1351 AND `customer_id` = 1090 AND `send_status` = 1 AND `nowdata` = '2018-01-24 00:00:00'  [ RunTime:0.0004s ]
SQL: SELECT * FROM `bj_repayments` WHERE `loan_id` = 1352 AND `cycles` = 1 AND `is_delete` <> 1 LIMIT 1   [ RunTime:0.0175s ]
SQL: SELECT * FROM `bj_message` WHERE `loan_id` = 1352 AND `customer_id` = 1091 AND `send_status` = 1 AND `nowdata` = '2018-01-24 00:00:00'  [ RunTime:0.0004s ]
SQL: SELECT * FROM `bj_repayments` WHERE `loan_id` = 1353 AND `cycles` = 1 AND `is_delete` <> 1 LIMIT 1   [ RunTime:0.0176s ]
SQL: SELECT * FROM `bj_message` WHERE `loan_id` = 1353 AND `customer_id` = 1092 AND `send_status` = 1 AND `nowdata` = '2018-01-24 00:00:00'  [ RunTime:0.0004s ]
SQL: SELECT * FROM `bj_repayments` WHERE `loan_id` = 1354 AND `cycles` = 1 AND `is_delete` <> 1 LIMIT 1   [ RunTime:0.0170s ]
SQL: SELECT * FROM `bj_message` WHERE `loan_id` = 1354 AND `customer_id` = 1093 AND `send_status` = 1 AND `nowdata` = '2018-01-24 00:00:00'  [ RunTime:0.0004s ]
SQL: SELECT * FROM `bj_repayments` WHERE `loan_id` = 1355 AND `cycles` = 1 AND `is_delete` <> 1 LIMIT 1   [ RunTime:0.0197s ]
SQL: SELECT * FROM `bj_message` WHERE `loan_id` = 1355 AND `customer_id` = 1094 AND `send_status` = 1 AND `nowdata` = '2018-01-24 00:00:00'  [ RunTime:0.0004s ]
SQL: SELECT * FROM `bj_repayments` WHERE `loan_id` = 1356 AND `cycles` = 7 AND `is_delete` <> 1 LIMIT 1   [ RunTime:0.0174s ]
SQL: SELECT * FROM `bj_message` WHERE `loan_id` = 1356 AND `customer_id` = 1095 AND `send_status` = 1 AND `nowdata` = '2018-01-24 00:00:00'  [ RunTime:0.0004s ]
SQL: SELECT * FROM `bj_repayments` WHERE `loan_id` = 1358 AND `cycles` = 1 AND `is_delete` <> 1 LIMIT 1   [ RunTime:0.0172s ]
SQL: SELECT * FROM `bj_message` WHERE `loan_id` = 1358 AND `customer_id` = 1097 AND `send_status` = 1 AND `nowdata` = '2018-01-24 00:00:00'  [ RunTime:0.0004s ]
SQL: SELECT * FROM `bj_repayments` WHERE `loan_id` = 1360 AND `cycles` = 7 AND `is_delete` <> 1 LIMIT 1   [ RunTime:0.0170s ]
SQL: SELECT * FROM `bj_message` WHERE `loan_id` = 1360 AND `customer_id` = 1098 AND `send_status` = 1 AND `nowdata` = '2018-01-24 00:00:00'  [ RunTime:0.0004s ]
SQL: SELECT * FROM `bj_repayments` WHERE `loan_id` = 4351 AND `cycles` = 39 AND `is_delete` <> 1 LIMIT 1   [ RunTime:0.0214s ]
SQL: SELECT * FROM `bj_message` WHERE `loan_id` = 4351 AND `customer_id` = 3285 AND `send_status` = 1 AND `nowdata` = '2018-01-24 00:00:00'  [ RunTime:0.0004s ]
SQL: SELECT * FROM `bj_repayments` WHERE `loan_id` = 4584 AND `cycles` = 20 AND `is_delete` <> 1 LIMIT 1   [ RunTime:0.0172s ]
SQL: SELECT * FROM `bj_message` WHERE `loan_id` = 4584 AND `customer_id` = 3237 AND `send_status` = 1 AND `nowdata` = '2018-01-24 00:00:00'  [ RunTime:0.0004s ]
SQL: SELECT * FROM `bj_repayments` WHERE `loan_id` = 4585 AND `cycles` = 20 AND `is_delete` <> 1 LIMIT 1   [ RunTime:0.0173s ]
SQL: SELECT * FROM `bj_message` WHERE `loan_id` = 4585 AND `customer_id` = 4614 AND `send_status` = 1 AND `nowdata` = '2018-01-24 00:00:00'  [ RunTime:0.0004s ]
SQL: SELECT * FROM `bj_repayments` WHERE `loan_id` = 4586 AND `cycles` = 20 AND `is_delete` <> 1 LIMIT 1   [ RunTime:0.0181s ]
SQL: SELECT * FROM `bj_message` WHERE `loan_id` = 4586 AND `customer_id` = 3253 AND `send_status` = 1 AND `nowdata` = '2018-01-24 00:00:00'  [ RunTime:0.0004s ]
SQL: SELECT * FROM `bj_repayments` WHERE `loan_id` = 4649 AND `cycles` = 15 AND `is_delete` <> 1 LIMIT 1   [ RunTime:0.0174s ]
SQL: SELECT * FROM `bj_message` WHERE `loan_id` = 4649 AND `customer_id` = 3488 AND `send_status` = 1 AND `nowdata` = '2018-01-24 00:00:00'  [ RunTime:0.0005s ]
SQL: SELECT * FROM `bj_repayments` WHERE `loan_id` = 4664 AND `cycles` = 14 AND `is_delete` <> 1 LIMIT 1   [ RunTime:0.0173s ]
SQL: SELECT * FROM `bj_message` WHERE `loan_id` = 4664 AND `customer_id` = 3497 AND `send_status` = 1 AND `nowdata` = '2018-01-24 00:00:00'  [ RunTime:0.0006s ]
SQL: SELECT * FROM `bj_repayments` WHERE `loan_id` = 4718 AND `cycles` = 9 AND `is_delete` <> 1 LIMIT 1   [ RunTime:0.0170s ]
SQL: SELECT * FROM `bj_message` WHERE `loan_id` = 4718 AND `customer_id` = 3519 AND `send_status` = 1 AND `nowdata` = '2018-01-24 00:00:00'  [ RunTime:0.0004s ]
SQL: SELECT * FROM `bj_repayments` WHERE `loan_id` = 4745 AND `cycles` = 7 AND `is_delete` <> 1 LIMIT 1   [ RunTime:0.0182s ]
SQL: SELECT * FROM `bj_message` WHERE `loan_id` = 4745 AND `customer_id` = 3551 AND `send_status` = 1 AND `nowdata` = '2018-01-24 00:00:00'  [ RunTime:0.0004s ]
SQL: SELECT * FROM `bj_repayments` WHERE `loan_id` = 4766 AND `cycles` = 6 AND `is_delete` <> 1 LIMIT 1   [ RunTime:0.0177s ]
SQL: SELECT * FROM `bj_message` WHERE `loan_id` = 4766 AND `customer_id` = 4453 AND `send_status` = 1 AND `nowdata` = '2018-01-24 00:00:00'  [ RunTime:0.0004s ]
SQL: SELECT * FROM `bj_repayments` WHERE `loan_id` = 4778 AND `cycles` = 5 AND `is_delete` <> 1 LIMIT 1   [ RunTime:0.0173s ]
SQL: SELECT * FROM `bj_message` WHERE `loan_id` = 4778 AND `customer_id` = 3574 AND `send_status` = 1 AND `nowdata` = '2018-01-24 00:00:00'  [ RunTime:0.0004s ]
SQL: SELECT * FROM `bj_repayments` WHERE `loan_id` = 4885 AND `cycles` = 5 AND `is_delete` <> 1 LIMIT 1   [ RunTime:0.0180s ]
SQL: SELECT * FROM `bj_message` WHERE `loan_id` = 4885 AND `customer_id` = 3623 AND `send_status` = 1 AND `nowdata` = '2018-01-24 00:00:00'  [ RunTime:0.0004s ]
SQL: SELECT * FROM `bj_repayments` WHERE `loan_id` = 4908 AND `cycles` = 11 AND `is_delete` <> 1 LIMIT 1   [ RunTime:0.0175s ]
SQL: SELECT * FROM `bj_message` WHERE `loan_id` = 4908 AND `customer_id` = 3638 AND `send_status` = 1 AND `nowdata` = '2018-01-24 00:00:00'  [ RunTime:0.0004s ]
SQL: SELECT * FROM `bj_repayments` WHERE `loan_id` = 5406 AND `cycles` = 15 AND `is_delete` <> 1 LIMIT 1   [ RunTime:0.0175s ]
SQL: SELECT * FROM `bj_message` WHERE `loan_id` = 5406 AND `customer_id` = 4569 AND `send_status` = 1 AND `nowdata` = '2018-01-24 00:00:00'  [ RunTime:0.0004s ]
SQL: SELECT * FROM `bj_repayments` WHERE `loan_id` = 5411 AND `cycles` = 14 AND `is_delete` <> 1 LIMIT 1   [ RunTime:0.0179s ]
SQL: SELECT * FROM `bj_message` WHERE `loan_id` = 5411 AND `customer_id` = 4557 AND `send_status` = 1 AND `nowdata` = '2018-01-24 00:00:00'  [ RunTime:0.0004s ]
SQL: SELECT * FROM `bj_repayments` WHERE `loan_id` = 5420 AND `cycles` = 11 AND `is_delete` <> 1 LIMIT 1   [ RunTime:0.0175s ]
SQL: SELECT * FROM `bj_message` WHERE `loan_id` = 5420 AND `customer_id` = 4521 AND `send_status` = 1 AND `nowdata` = '2018-01-24 00:00:00'  [ RunTime:0.0004s ]
SQL: SELECT * FROM `bj_repayments` WHERE `loan_id` = 5427 AND `cycles` = 10 AND `is_delete` <> 1 LIMIT 1   [ RunTime:0.0192s ]
SQL: SELECT * FROM `bj_message` WHERE `loan_id` = 5427 AND `customer_id` = 4506 AND `send_status` = 1 AND `nowdata` = '2018-01-24 00:00:00'  [ RunTime:0.0005s ]
SQL: SELECT * FROM `bj_repayments` WHERE `loan_id` = 5431 AND `cycles` = 9 AND `is_delete` <> 1 LIMIT 1   [ RunTime:0.0193s ]
SQL: SELECT * FROM `bj_message` WHERE `loan_id` = 5431 AND `customer_id` = 4017 AND `send_status` = 1 AND `nowdata` = '2018-01-24 00:00:00'  [ RunTime:0.0004s ]
SQL: SELECT * FROM `bj_repayments` WHERE `loan_id` = 5459 AND `cycles` = 6 AND `is_delete` <> 1 LIMIT 1   [ RunTime:0.0181s ]
SQL: SELECT * FROM `bj_message` WHERE `loan_id` = 5459 AND `customer_id` = 4032 AND `send_status` = 1 AND `nowdata` = '2018-01-24 00:00:00'  [ RunTime:0.0005s ]
SQL: SELECT * FROM `bj_repayments` WHERE `loan_id` = 5460 AND `cycles` = 6 AND `is_delete` <> 1 LIMIT 1   [ RunTime:0.0183s ]
SQL: SELECT * FROM `bj_message` WHERE `loan_id` = 5460 AND `customer_id` = 4452 AND `send_status` = 1 AND `nowdata` = '2018-01-24 00:00:00'  [ RunTime:0.0004s ]
SQL: SELECT * FROM `bj_repayments` WHERE `loan_id` = 5481 AND `cycles` = 30 AND `is_delete` <> 1 LIMIT 1   [ RunTime:0.0189s ]
SQL: SELECT * FROM `bj_message` WHERE `loan_id` = 5481 AND `customer_id` = 4430 AND `send_status` = 1 AND `nowdata` = '2018-01-24 00:00:00'  [ RunTime:0.0004s ]
SQL: SELECT * FROM `bj_repayments` WHERE `loan_id` = 5492 AND `cycles` = 6 AND `is_delete` <> 1 LIMIT 1   [ RunTime:0.0182s ]
SQL: SELECT * FROM `bj_message` WHERE `loan_id` = 5492 AND `customer_id` = 4051 AND `send_status` = 1 AND `nowdata` = '2018-01-24 00:00:00'  [ RunTime:0.0004s ]
SQL: SELECT * FROM `bj_repayments` WHERE `loan_id` = 5499 AND `cycles` = 22 AND `is_delete` <> 1 LIMIT 1   [ RunTime:0.0174s ]
SQL: SELECT * FROM `bj_message` WHERE `loan_id` = 5499 AND `customer_id` = 1068 AND `send_status` = 1 AND `nowdata` = '2018-01-24 00:00:00'  [ RunTime:0.0004s ]
SQL: SELECT * FROM `bj_repayments` WHERE `loan_id` = 5502 AND `cycles` = 20 AND `is_delete` <> 1 LIMIT 1   [ RunTime:0.0165s ]
SQL: SELECT * FROM `bj_message` WHERE `loan_id` = 5502 AND `customer_id` = 4613 AND `send_status` = 1 AND `nowdata` = '2018-01-24 00:00:00'  [ RunTime:0.0004s ]
SQL: SELECT * FROM `bj_repayments` WHERE `loan_id` = 5513 AND `cycles` = 15 AND `is_delete` <> 1 LIMIT 1   [ RunTime:0.0174s ]
SQL: SELECT * FROM `bj_message` WHERE `loan_id` = 5513 AND `customer_id` = 4074 AND `send_status` = 1 AND `nowdata` = '2018-01-24 00:00:00'  [ RunTime:0.0004s ]
SQL: SELECT * FROM `bj_repayments` WHERE `loan_id` = 5525 AND `cycles` = 12 AND `is_delete` <> 1 LIMIT 1   [ RunTime:0.0167s ]
SQL: SELECT * FROM `bj_message` WHERE `loan_id` = 5525 AND `customer_id` = 4534 AND `send_status` = 1 AND `nowdata` = '2018-01-24 00:00:00'  [ RunTime:0.0004s ]
SQL: SELECT * FROM `bj_repayments` WHERE `loan_id` = 5530 AND `cycles` = 11 AND `is_delete` <> 1 LIMIT 1   [ RunTime:0.0181s ]
SQL: SELECT * FROM `bj_message` WHERE `loan_id` = 5530 AND `customer_id` = 4072 AND `send_status` = 1 AND `nowdata` = '2018-01-24 00:00:00'  [ RunTime:0.0004s ]
SQL: SELECT * FROM `bj_repayments` WHERE `loan_id` = 5548 AND `cycles` = 8 AND `is_delete` <> 1 LIMIT 1   [ RunTime:0.0177s ]
SQL: SELECT * FROM `bj_message` WHERE `loan_id` = 5548 AND `customer_id` = 4488 AND `send_status` = 1 AND `nowdata` = '2018-01-24 00:00:00'  [ RunTime:0.0006s ]
SQL: SELECT * FROM `bj_repayments` WHERE `loan_id` = 5557 AND `cycles` = 7 AND `is_delete` <> 1 LIMIT 1   [ RunTime:0.0174s ]
SQL: SELECT * FROM `bj_message` WHERE `loan_id` = 5557 AND `customer_id` = 4088 AND `send_status` = 1 AND `nowdata` = '2018-01-24 00:00:00'  [ RunTime:0.0004s ]
SQL: SELECT * FROM `bj_repayments` WHERE `loan_id` = 5558 AND `cycles` = 7 AND `is_delete` <> 1 LIMIT 1   [ RunTime:0.0177s ]
SQL: SELECT * FROM `bj_message` WHERE `loan_id` = 5558 AND `customer_id` = 4089 AND `send_status` = 1 AND `nowdata` = '2018-01-24 00:00:00'  [ RunTime:0.0004s ]
SQL: SELECT * FROM `bj_repayments` WHERE `loan_id` = 5559 AND `cycles` = 7 AND `is_delete` <> 1 LIMIT 1   [ RunTime:0.0189s ]
SQL: SELECT * FROM `bj_message` WHERE `loan_id` = 5559 AND `customer_id` = 4468 AND `send_status` = 1 AND `nowdata` = '2018-01-24 00:00:00'  [ RunTime:0.0004s ]
SQL: SELECT * FROM `bj_repayments` WHERE `loan_id` = 5561 AND `cycles` = 7 AND `is_delete` <> 1 LIMIT 1   [ RunTime:0.0179s ]
SQL: SELECT * FROM `bj_message` WHERE `loan_id` = 5561 AND `customer_id` = 4091 AND `send_status` = 1 AND `nowdata` = '2018-01-24 00:00:00'  [ RunTime:0.0004s ]
SQL: SELECT * FROM `bj_repayments` WHERE `loan_id` = 5579 AND `cycles` = 5 AND `is_delete` <> 1 LIMIT 1   [ RunTime:0.0170s ]
SQL: SELECT * FROM `bj_message` WHERE `loan_id` = 5579 AND `customer_id` = 4100 AND `send_status` = 1 AND `nowdata` = '2018-01-24 00:00:00'  [ RunTime:0.0004s ]
SQL: SELECT * FROM `bj_repayments` WHERE `loan_id` = 5580 AND `cycles` = 5 AND `is_delete` <> 1 LIMIT 1   [ RunTime:0.0173s ]
SQL: SELECT * FROM `bj_message` WHERE `loan_id` = 5580 AND `customer_id` = 4101 AND `send_status` = 1 AND `nowdata` = '2018-01-24 00:00:00'  [ RunTime:0.0004s ]
SQL: SELECT * FROM `bj_repayments` WHERE `loan_id` = 5581 AND `cycles` = 5 AND `is_delete` <> 1 LIMIT 1   [ RunTime:0.0180s ]
SQL: SELECT * FROM `bj_message` WHERE `loan_id` = 5581 AND `customer_id` = 4102 AND `send_status` = 1 AND `nowdata` = '2018-01-24 00:00:00'  [ RunTime:0.0004s ]
SQL: SELECT * FROM `bj_repayments` WHERE `loan_id` = 5589 AND `cycles` = 4 AND `is_delete` <> 1 LIMIT 1   [ RunTime:0.0173s ]
SQL: SELECT * FROM `bj_message` WHERE `loan_id` = 5589 AND `customer_id` = 4426 AND `send_status` = 1 AND `nowdata` = '2018-01-24 00:00:00'  [ RunTime:0.0004s ]
SQL: SELECT * FROM `bj_repayments` WHERE `loan_id` = 5840 AND `cycles` = 6 AND `is_delete` <> 1 LIMIT 1   [ RunTime:0.0186s ]
SQL: SELECT * FROM `bj_message` WHERE `loan_id` = 5840 AND `customer_id` = 4055 AND `send_status` = 1 AND `nowdata` = '2018-01-24 00:00:00'  [ RunTime:0.0004s ]
SQL: SELECT * FROM `bj_repayments` WHERE `loan_id` = 6387 AND `cycles` = 6 AND `is_delete` <> 1 LIMIT 1   [ RunTime:0.0186s ]
SQL: SELECT * FROM `bj_message` WHERE `loan_id` = 6387 AND `customer_id` = 4421 AND `send_status` = 1 AND `nowdata` = '2018-01-24 00:00:00'  [ RunTime:0.0004s ]
SQL: SELECT * FROM `bj_repayments` WHERE `loan_id` = 6401 AND `cycles` = 3 AND `is_delete` <> 1 LIMIT 1   [ RunTime:0.0181s ]
SQL: SELECT * FROM `bj_message` WHERE `loan_id` = 6401 AND `customer_id` = 4852 AND `send_status` = 1 AND `nowdata` = '2018-01-24 00:00:00'  [ RunTime:0.0004s ]
SQL: SELECT * FROM `bj_repayments` WHERE `loan_id` = 6405 AND `cycles` = 3 AND `is_delete` <> 1 LIMIT 1   [ RunTime:0.0189s ]
SQL: SELECT * FROM `bj_message` WHERE `loan_id` = 6405 AND `customer_id` = 4856 AND `send_status` = 1 AND `nowdata` = '2018-01-24 00:00:00'  [ RunTime:0.0007s ]
INFO: [ view_parse ] --START--
INFO: [ template_filter ] --START--
INFO: Run Behavior\ContentReplaceBehavior [ RunTime:0.000122s ]
INFO: [ template_filter ] --END-- [ RunTime:0.000140s ]
NOTIC: [8] Undefined variable: Think /Work/wwwroot/baojutouzi.com/Application/Runtime/Cache/Home/c678f6b7bf44172acca7c9774a0a8667.php  346 .
NOTIC: [8] Undefined variable: Think /Work/wwwroot/baojutouzi.com/Application/Runtime/Cache/Home/c678f6b7bf44172acca7c9774a0a8667.php  346 .
NOTIC: [8] Undefined variable: pageRes /Work/wwwroot/baojutouzi.com/Application/Runtime/Cache/Home/c678f6b7bf44172acca7c9774a0a8667.php  798 .
INFO: Run Behavior\ParseTemplateBehavior [ RunTime:0.010625s ]
INFO: [ view_parse ] --END-- [ RunTime:0.010643s ]
INFO: [ view_filter ] --START--
INFO: Run Behavior\WriteHtmlCacheBehavior [ RunTime:0.000116s ]
INFO: [ view_filter ] --END-- [ RunTime:0.000126s ]
INFO: [ app_end ] --START--
INFO: Run Behavior\ShowPageTraceBehavior [ RunTime:0.000457s ]
INFO: [ app_end ] --END-- [ RunTime:0.000470s ]

[ 2018-01-24T23:02:34+08:00 ] 127.0.0.1 /index.php?m=home&c=profit&a=index
INFO: [ app_init ] --START--
INFO: Run Behavior\BuildLiteBehavior [ RunTime:0.000007s ]
INFO: [ app_init ] --END-- [ RunTime:0.000216s ]
INFO: [ app_begin ] --START--
INFO: Run Behavior\ReadHtmlCacheBehavior [ RunTime:0.000258s ]
INFO: [ app_begin ] --END-- [ RunTime:0.000273s ]
SQL: SHOW COLUMNS FROM `bj_admin` [ RunTime:0.0004s ]
SQL: SELECT * FROM `bj_admin` WHERE `user_id` = 3 LIMIT 1   [ RunTime:0.0002s ]
SQL: SHOW COLUMNS FROM `bj_company` [ RunTime:0.0003s ]
SQL: SELECT * FROM `bj_company` ORDER BY gmt_create  [ RunTime:0.0002s ]
SQL: SELECT * FROM `bj_admin` WHERE `user_id` = 3 LIMIT 1   [ RunTime:0.0002s ]
SQL: SHOW COLUMNS FROM `bj_loan` [ RunTime:0.0004s ]
SQL: SELECT COUNT(*) AS tp_count FROM `bj_loan` WHERE `create_time` BETWEEN 1514736000 AND 1517414399 AND `company_id` IN ('1','2','3','4') AND `is_delete` <> 1 LIMIT 1   [ RunTime:0.0010s ]
SQL: SELECT SUM(expenditure) AS tp_sum FROM `bj_loan` WHERE `create_time` BETWEEN 1514736000 AND 1517414399 AND `company_id` IN ('1','2','3','4') AND `is_delete` <> 1 LIMIT 1   [ RunTime:0.0011s ]
SQL: SHOW COLUMNS FROM `bj_repayments` [ RunTime:0.0004s ]
NOTIC: [8] Undefined index: loan_id /Work/wwwroot/baojutouzi.com/Application/Home/Model/RepaymentsModel.class.php  158 .
SQL: SELECT SUM(r_money) AS tp_sum FROM `bj_repayments` WHERE `gmt_repay` BETWEEN '2018-01-01 00:00:00' AND '2018-01-31 23:59:59' AND `company_id` IN ('1','2','3','4') AND `is_delete` <> 1 LIMIT 1   [ RunTime:0.0137s ]
SQL: SHOW COLUMNS FROM `bj_charge` [ RunTime:0.0004s ]
SQL: SELECT SUM(money) AS tp_sum FROM `bj_charge` WHERE `gmt_create` BETWEEN '2018-01-01 00:00:00' AND '2018-01-31 23:59:59' AND `company_id` IN ('1','2','3','4') AND `status` <> -1 LIMIT 1   [ RunTime:0.0002s ]
SQL: SHOW COLUMNS FROM `bj_tour` [ RunTime:0.0003s ]
SQL: SELECT SUM(money) AS tp_sum FROM `bj_tour` WHERE `gmt_tour` BETWEEN '2018-01-01 00:00:00' AND '2018-01-31 23:59:59' AND `company_id` IN ('1','2','3','4') AND `is_delete` <> 1 LIMIT 1   [ RunTime:0.0002s ]
SQL: SHOW COLUMNS FROM `bj_wage` [ RunTime:0.0003s ]
SQL: SELECT SUM(total) AS tp_sum FROM `bj_wage` WHERE `gmt_wage` BETWEEN '2018-01-01 00:00:00' AND '2018-01-31 23:59:59' AND `company_id` IN ('1','2','3','4') AND `is_delete` <> 1 LIMIT 1   [ RunTime:0.0002s ]
INFO: [ view_parse ] --START--
INFO: [ template_filter ] --START--
INFO: Run Behavior\ContentReplaceBehavior [ RunTime:0.000116s ]
INFO: [ template_filter ] --END-- [ RunTime:0.000144s ]
NOTIC: [8] Undefined variable: Think /Work/wwwroot/baojutouzi.com/Application/Runtime/Cache/Home/6a2b83fdcb3f6f8cea0616bc3e439d71.php  346 .
NOTIC: [8] Undefined variable: Think /Work/wwwroot/baojutouzi.com/Application/Runtime/Cache/Home/6a2b83fdcb3f6f8cea0616bc3e439d71.php  346 .
NOTIC: [8] Undefined index: repayTimes /Work/wwwroot/baojutouzi.com/Application/Runtime/Cache/Home/6a2b83fdcb3f6f8cea0616bc3e439d71.php  779 .
NOTIC: [8] Undefined index: sumPrin /Work/wwwroot/baojutouzi.com/Application/Runtime/Cache/Home/6a2b83fdcb3f6f8cea0616bc3e439d71.php  780 .
NOTIC: [8] Undefined index: sumInter /Work/wwwroot/baojutouzi.com/Application/Runtime/Cache/Home/6a2b83fdcb3f6f8cea0616bc3e439d71.php  781 .
NOTIC: [8] Undefined index: sumBmoney /Work/wwwroot/baojutouzi.com/Application/Runtime/Cache/Home/6a2b83fdcb3f6f8cea0616bc3e439d71.php  782 .
INFO: Run Behavior\ParseTemplateBehavior [ RunTime:0.010005s ]
INFO: [ view_parse ] --END-- [ RunTime:0.010022s ]
INFO: [ view_filter ] --START--
INFO: Run Behavior\WriteHtmlCacheBehavior [ RunTime:0.000164s ]
INFO: [ view_filter ] --END-- [ RunTime:0.000176s ]
INFO: [ app_end ] --START--
INFO: Run Behavior\ShowPageTraceBehavior [ RunTime:0.000339s ]
INFO: [ app_end ] --END-- [ RunTime:0.000360s ]

