[ 2018-02-19T19:55:30+08:00 ] 127.0.0.1 /index.php?m=home&c=overdue&a=index&customer_id=923&product_id=&staff_id=&reservationtime=&company_id=1,2,3,4&overduetime=
INFO: [ app_init ] --START--
INFO: Run Behavior\BuildLiteBehavior [ RunTime:0.000009s ]
INFO: [ app_init ] --END-- [ RunTime:0.000260s ]
INFO: [ app_begin ] --START--
INFO: Run Behavior\ReadHtmlCacheBehavior [ RunTime:0.000391s ]
INFO: [ app_begin ] --END-- [ RunTime:0.000416s ]
SQL: SHOW COLUMNS FROM `bj_admin` [ RunTime:0.0005s ]
SQL: SELECT * FROM `bj_admin` WHERE `user_id` = 3 LIMIT 1   [ RunTime:0.0003s ]
SQL: SHOW COLUMNS FROM `bj_company` [ RunTime:0.0003s ]
SQL: SELECT * FROM `bj_company` ORDER BY gmt_create  [ RunTime:0.0002s ]
SQL: SELECT * FROM `bj_admin` WHERE `user_id` = 3 LIMIT 1   [ RunTime:0.0002s ]
SQL: SHOW COLUMNS FROM `bj_loan` [ RunTime:0.0004s ]
SQL: SELECT * FROM `bj_loan` WHERE `loan_status` = -1 AND `company_id` IN ('1','2','3','4') AND `is_delete` <> 1 ORDER BY create_time desc  [ RunTime:0.0062s ]
SQL: SHOW COLUMNS FROM `bj_customer` [ RunTime:0.0004s ]
SQL: SELECT * FROM `bj_customer` WHERE `id` IN ('4937','4895','4875','4850','4423','1080','1039','1020','1058','1065','985','1063','1062','945','947','1015','930','923','926','1001','908','889','892','893','894','902','903','1008','3038','4037','4427','4429','4105','3985','3917','4435','3575','3576','4407','4102','4035','4443','3906','3572','4448','3632','4452','3567','4453','4454','3984','4456','4461','3269','3554','4463','4030','3935','3905','4468','3901','3902','3903','3904','4086','4471','4472','3900','3405','4395','4403','4479','3898','3899','3600','3546','3502','4484','3897','3976','3147','3895','4396','4173','3893','3894','4490','4491','3392','3892','4400','3891','3139','3975','3890','3519','4497','3983','4504','3889','4505','3888','4399','3627','3886','3192','3887','3919','4076','3972','3973','4511','3974','3884','3885','4513','4515','3882','3883','3589','3971','4518','4276','3880','3881','4519','3878','3879','4520','3970','3638','4521','4393','4842','3877','4523','4524','3381','3876','3968','4526','3969','4527','3982','4528','3522','3875','3521','3601','3874','4384','4288','3967','4532','3981','3873','4535','3980','3872','3916','4223','3966','3870','3871','3515','4538','4382','4385','4392','4543','4544','3869','3965','3513','3964','4546','3868','4549','3867','4380','4550','3866','4379','3962','3979','3317','4387','4555','4391','3961','3986','4398','3497','3864','4383','4560','4561','3373','4566','3960','3624','4376','4571','4572','4573','3959','4394','3863','4579','4580','4402','3862','4377','4584','4585','3957','3958','4390','4236','4586','4587','3956','4590','3861','4593','3949','3950','3951','3952','3953','4594','4386','3954','3955','3977','3978','4375','3860','4374','3859','3858','4373','4600','3857','4917','4601','3856','4603','4388','3855','4269','3319','3852','3853','4554','3851','3850','3398','3849','4154','4611','3848','3847','4372','3356','3845','3846','3204','3618','4615','3842','3843','3844','3914','4617','4619','3918','3612','4406','3082','3839','3840','3841','3274','4370','3838','4622','3836','3837','4623','3834','3835','4371','3833','4627','4628','3024','3299','3336','4635','3830','3831','3832','3828','3829','4636','3827','4364','4637','3349','4638','4369','3825','3826','4359','4148','4404','3823','3824','4358','4641','4381','3822','4642','4645','3821','3805','4646','4361','4647','3820','3181','4650','3818','3819','4651','4652','3817','3273','3816','4654','4656','3811','3812','3813','3814','3815','4389','3065','4657','3810','4354','4658','4659','3807','3808','3809','4363','4660','3803','3804','3806','4357','4661','4360','3799','3800','3801','3802','4663','4664','4665','3797','4115','4351','3796','4344','4353','4667','4362','3795','3793','3794','4365','3791','3792','4190','4673','3788','3789','3790','4675','3786','3787','4677','3784','3785','4341','3783','4338','4342','3780','3781','3782','4347','4679','4680','4346','4683','4684','4685','3779','4687','3778','4355','3775','3776','3777','4688','3774','4337','4241','3773','4343','4692','4693','3771','3772','4696','4698','3233','3770','4367','4378','3769','4700','4701','4702','3231','3768','3209','3766','3767','4705','4339','4340','4706','4707','4708','3761','3762','3763','3764','3765','4710','3288','3760','3757','3758','3598','3756','4335','4366','4715','4349','4717','3753','3754','3755','3751','3752','4123','4128','4195','4720','3750','4126','4721','4350','4723','3747','3748','3749','4127','4724','4330','4725','4131','3746','4727','3239','4331','4729','4124','4730','4352','3744','3745','3741','3742','3743','4736','3740','4425','3068','4737','4348','4740','3401','4741','3738','4368','3737','3736','4748','3734','3735','4326','4327','3722','3098','4328','3913','3731','3732','3733','4751','4322','4752','4345','3730','4324','4753','3596','3729','4755','3726','3727','3728','3723','3724','3305','4334','4758','4329','4319','3912','3721','3720','4764','3072','3719','3267','4766','4318','4320','4767','3718','4315','3716','3717','4198','4325','4336','3058','3713','3714','4769','4333','3712','3285','4770','4312','3196','3711','4311','3709','3710','4773','4317','3708','4313','3707','4779','3029','3705','4781','3138','3704','4782','3086','4310','3703','4784','3702','3114','4305','4307','4314','4316','4792','3700','3701','4795','4356','3699','4796','4797','3698','3697','4802','3911','4089','3696','3695','4306','4809','4323','4810','3694','3692','3693','4304','4813','3909','3910','4301','4814','4815','3691','4817','4332','3690','4299','3688','3689','4308','4309','3686','3687','4074','3685','4302','3045','4820','3683','3684','4821','4822','3681','3682','4824','4825','4826','3908','4827','4303','3607','4300','4828','4831','3680','4833','3679','4298','3678','4840','3677','3676','3675','3674','3673','3672','3671','3670','3669','3668','3113','3667','3664','3666','3663','3661','3662','3659','3660','3658','3657','3655','3907','3654','3652','3653','3650','3651','3649','3648','3647','3645','3646','3644','3643','3232','4401') AND `is_delete` <> 1 ORDER BY create_time desc  [ RunTime:0.0036s ]
SQL: SHOW COLUMNS FROM `bj_product` [ RunTime:0.0003s ]
SQL: SELECT * FROM `bj_product` ORDER BY create_time asc  [ RunTime:0.0002s ]
SQL: SHOW COLUMNS FROM `bj_staff` [ RunTime:0.0003s ]
SQL: SELECT * FROM `bj_staff` WHERE `company_id` IN ('1','2','3','4') AND `staff_status` <> -1  [ RunTime:0.0005s ]
SQL: SELECT * FROM `bj_loan` WHERE `customer_id` IN ('923') AND `company_id` IN ('1','2','3','4') AND `loan_status` = -1 AND `is_delete` <> 1 ORDER BY create_time desc LIMIT 0,10   [ RunTime:0.0012s ]
SQL: SELECT * FROM `bj_loan` WHERE `customer_id` IN ('923') AND `company_id` IN ('1','2','3','4') AND `loan_status` = -1 AND `is_delete` <> 1 ORDER BY create_time desc  [ RunTime:0.0011s ]
SQL: SELECT COUNT(*) AS tp_count FROM `bj_loan` WHERE `customer_id` IN ('923') AND `company_id` IN ('1','2','3','4') AND `loan_status` = -1 AND `is_delete` <> 1 LIMIT 1   [ RunTime:0.0009s ]
SQL: SELECT SUM(principal) AS tp_sum FROM `bj_loan` WHERE `customer_id` IN ('923') AND `company_id` IN ('1','2','3','4') AND `loan_status` = -1 AND `is_delete` <> 1 LIMIT 1   [ RunTime:0.0009s ]
SQL: SELECT SUM(expenditure) AS tp_sum FROM `bj_loan` WHERE `customer_id` IN ('923') AND `company_id` IN ('1','2','3','4') AND `loan_status` = -1 AND `is_delete` <> 1 LIMIT 1   [ RunTime:0.0009s ]
SQL: SHOW COLUMNS FROM `bj_cycle` [ RunTime:0.0003s ]
SQL: SELECT * FROM `bj_cycle` ORDER BY create_time asc  [ RunTime:0.0002s ]
SQL: SHOW COLUMNS FROM `bj_repayments` [ RunTime:0.0003s ]
SQL: SELECT SUM(r_money) AS tp_sum FROM `bj_repayments` WHERE `is_delete` <> 1 AND `loan_id` IN ('1188') LIMIT 1   [ RunTime:0.0087s ]
SQL: SHOW COLUMNS FROM `bj_poundage` [ RunTime:0.0003s ]
SQL: SELECT * FROM `bj_poundage` ORDER BY create_time desc  [ RunTime:0.0002s ]
SQL: SELECT * FROM `bj_company` WHERE `company_id` = 2 LIMIT 1   [ RunTime:0.0002s ]
SQL: SELECT COUNT(*) AS tp_count FROM `bj_repayments` WHERE `loan_id` = 1188 AND `is_delete` <> 1 LIMIT 1   [ RunTime:0.0097s ]
SQL: SELECT SUM(r_money) AS tp_sum FROM `bj_repayments` WHERE `loan_id` = 1188 AND `is_delete` <> 1 LIMIT 1   [ RunTime:0.0096s ]
SQL: SELECT * FROM `bj_customer` WHERE `id` = 923 LIMIT 1   [ RunTime:0.0002s ]
SQL: SELECT * FROM `bj_product` WHERE `product_id` = 2 LIMIT 1   [ RunTime:0.0001s ]
SQL: SELECT * FROM `bj_cycle` WHERE `cycle_id` = 1 LIMIT 1   [ RunTime:0.0001s ]
SQL: SELECT * FROM `bj_staff` WHERE `staff_id` = 72 LIMIT 1   [ RunTime:0.0001s ]
SQL: SHOW COLUMNS FROM `bj_image` [ RunTime:0.0003s ]
SQL: SELECT * FROM `bj_image` WHERE `loan_id` = 1188  [ RunTime:0.0011s ]
INFO: [ view_parse ] --START--
INFO: [ template_filter ] --START--
INFO: Run Behavior\ContentReplaceBehavior [ RunTime:0.000156s ]
INFO: [ template_filter ] --END-- [ RunTime:0.000176s ]
NOTIC: [8] Undefined variable: Think /Work/wwwroot/baojutouzi.com/Application/Runtime/Cache/Home/b68fbe840bf885051ed23d04b5ec1de9.php 第 346 行.
NOTIC: [8] Undefined variable: Think /Work/wwwroot/baojutouzi.com/Application/Runtime/Cache/Home/b68fbe840bf885051ed23d04b5ec1de9.php 第 346 行.
NOTIC: [8] Undefined index: selected /Work/wwwroot/baojutouzi.com/Application/Runtime/Cache/Home/b68fbe840bf885051ed23d04b5ec1de9.php 第 718 行.
NOTIC: [8] Undefined index: selected /Work/wwwroot/baojutouzi.com/Application/Runtime/Cache/Home/b68fbe840bf885051ed23d04b5ec1de9.php 第 718 行.
NOTIC: [8] Undefined index: selected /Work/wwwroot/baojutouzi.com/Application/Runtime/Cache/Home/b68fbe840bf885051ed23d04b5ec1de9.php 第 718 行.
NOTIC: [8] Undefined index: selected /Work/wwwroot/baojutouzi.com/Application/Runtime/Cache/Home/b68fbe840bf885051ed23d04b5ec1de9.php 第 718 行.
NOTIC: [8] Undefined index: selected /Work/wwwroot/baojutouzi.com/Application/Runtime/Cache/Home/b68fbe840bf885051ed23d04b5ec1de9.php 第 718 行.
NOTIC: [8] Undefined index: selected /Work/wwwroot/baojutouzi.com/Application/Runtime/Cache/Home/b68fbe840bf885051ed23d04b5ec1de9.php 第 727 行.
NOTIC: [8] Undefined index: selected /Work/wwwroot/baojutouzi.com/Application/Runtime/Cache/Home/b68fbe840bf885051ed23d04b5ec1de9.php 第 727 行.
NOTIC: [8] Undefined index: selected /Work/wwwroot/baojutouzi.com/Application/Runtime/Cache/Home/b68fbe840bf885051ed23d04b5ec1de9.php 第 727 行.
NOTIC: [8] Undefined index: selected /Work/wwwroot/baojutouzi.com/Application/Runtime/Cache/Home/b68fbe840bf885051ed23d04b5ec1de9.php 第 727 行.
NOTIC: [8] Undefined index: selected /Work/wwwroot/baojutouzi.com/Application/Runtime/Cache/Home/b68fbe840bf885051ed23d04b5ec1de9.php 第 727 行.
NOTIC: [8] Undefined index: selected /Work/wwwroot/baojutouzi.com/Application/Runtime/Cache/Home/b68fbe840bf885051ed23d04b5ec1de9.php 第 727 行.
NOTIC: [8] Undefined index: selected /Work/wwwroot/baojutouzi.com/Application/Runtime/Cache/Home/b68fbe840bf885051ed23d04b5ec1de9.php 第 727 行.
NOTIC: [8] Undefined index: selected /Work/wwwroot/baojutouzi.com/Application/Runtime/Cache/Home/b68fbe840bf885051ed23d04b5ec1de9.php 第 727 行.
NOTIC: [8] Undefined index: selected /Work/wwwroot/baojutouzi.com/Application/Runtime/Cache/Home/b68fbe840bf885051ed23d04b5ec1de9.php 第 727 行.
NOTIC: [8] Undefined index: selected /Work/wwwroot/baojutouzi.com/Application/Runtime/Cache/Home/b68fbe840bf885051ed23d04b5ec1de9.php 第 727 行.
NOTIC: [8] Undefined index: selected /Work/wwwroot/baojutouzi.com/Application/Runtime/Cache/Home/b68fbe840bf885051ed23d04b5ec1de9.php 第 727 行.
NOTIC: [8] Undefined index: selected /Work/wwwroot/baojutouzi.com/Application/Runtime/Cache/Home/b68fbe840bf885051ed23d04b5ec1de9.php 第 727 行.
NOTIC: [8] Undefined index: selected /Work/wwwroot/baojutouzi.com/Application/Runtime/Cache/Home/b68fbe840bf885051ed23d04b5ec1de9.php 第 727 行.
NOTIC: [8] Undefined index: selected /Work/wwwroot/baojutouzi.com/Application/Runtime/Cache/Home/b68fbe840bf885051ed23d04b5ec1de9.php 第 727 行.
NOTIC: [8] Undefined index: selected /Work/wwwroot/baojutouzi.com/Application/Runtime/Cache/Home/b68fbe840bf885051ed23d04b5ec1de9.php 第 727 行.
NOTIC: [8] Undefined index: selected /Work/wwwroot/baojutouzi.com/Application/Runtime/Cache/Home/b68fbe840bf885051ed23d04b5ec1de9.php 第 727 行.
NOTIC: [8] Undefined index: selected /Work/wwwroot/baojutouzi.com/Application/Runtime/Cache/Home/b68fbe840bf885051ed23d04b5ec1de9.php 第 727 行.
NOTIC: [8] Undefined index: selected /Work/wwwroot/baojutouzi.com/Application/Runtime/Cache/Home/b68fbe840bf885051ed23d04b5ec1de9.php 第 727 行.
NOTIC: [8] Undefined index: selected /Work/wwwroot/baojutouzi.com/Application/Runtime/Cache/Home/b68fbe840bf885051ed23d04b5ec1de9.php 第 727 行.
NOTIC: [8] Undefined index: selected /Work/wwwroot/baojutouzi.com/Application/Runtime/Cache/Home/b68fbe840bf885051ed23d04b5ec1de9.php 第 727 行.
NOTIC: [8] Undefined index: selected /Work/wwwroot/baojutouzi.com/Application/Runtime/Cache/Home/b68fbe840bf885051ed23d04b5ec1de9.php 第 727 行.
NOTIC: [8] Undefined index: selected /Work/wwwroot/baojutouzi.com/Application/Runtime/Cache/Home/b68fbe840bf885051ed23d04b5ec1de9.php 第 727 行.
NOTIC: [8] Undefined index: selected /Work/wwwroot/baojutouzi.com/Application/Runtime/Cache/Home/b68fbe840bf885051ed23d04b5ec1de9.php 第 727 行.
NOTIC: [8] Undefined index: selected /Work/wwwroot/baojutouzi.com/Application/Runtime/Cache/Home/b68fbe840bf885051ed23d04b5ec1de9.php 第 727 行.
NOTIC: [8] Undefined index: selected /Work/wwwroot/baojutouzi.com/Application/Runtime/Cache/Home/b68fbe840bf885051ed23d04b5ec1de9.php 第 727 行.
NOTIC: [8] Undefined index: selected /Work/wwwroot/baojutouzi.com/Application/Runtime/Cache/Home/b68fbe840bf885051ed23d04b5ec1de9.php 第 727 行.
NOTIC: [8] Undefined index: selected /Work/wwwroot/baojutouzi.com/Application/Runtime/Cache/Home/b68fbe840bf885051ed23d04b5ec1de9.php 第 727 行.
NOTIC: [8] Undefined index: selected /Work/wwwroot/baojutouzi.com/Application/Runtime/Cache/Home/b68fbe840bf885051ed23d04b5ec1de9.php 第 727 行.
NOTIC: [8] Undefined index: selected /Work/wwwroot/baojutouzi.com/Application/Runtime/Cache/Home/b68fbe840bf885051ed23d04b5ec1de9.php 第 727 行.
NOTIC: [8] Undefined index: selected /Work/wwwroot/baojutouzi.com/Application/Runtime/Cache/Home/b68fbe840bf885051ed23d04b5ec1de9.php 第 727 行.
NOTIC: [8] Undefined index: selected /Work/wwwroot/baojutouzi.com/Application/Runtime/Cache/Home/b68fbe840bf885051ed23d04b5ec1de9.php 第 727 行.
NOTIC: [8] Undefined index: selected /Work/wwwroot/baojutouzi.com/Application/Runtime/Cache/Home/b68fbe840bf885051ed23d04b5ec1de9.php 第 727 行.
NOTIC: [8] Undefined index: selected /Work/wwwroot/baojutouzi.com/Application/Runtime/Cache/Home/b68fbe840bf885051ed23d04b5ec1de9.php 第 727 行.
NOTIC: [8] Undefined index: selected /Work/wwwroot/baojutouzi.com/Application/Runtime/Cache/Home/b68fbe840bf885051ed23d04b5ec1de9.php 第 727 行.
NOTIC: [8] Undefined index: selected /Work/wwwroot/baojutouzi.com/Application/Runtime/Cache/Home/b68fbe840bf885051ed23d04b5ec1de9.php 第 727 行.
NOTIC: [8] Undefined index: selected /Work/wwwroot/baojutouzi.com/Application/Runtime/Cache/Home/b68fbe840bf885051ed23d04b5ec1de9.php 第 727 行.
NOTIC: [8] Undefined index: selected /Work/wwwroot/baojutouzi.com/Application/Runtime/Cache/Home/b68fbe840bf885051ed23d04b5ec1de9.php 第 727 行.
NOTIC: [8] Undefined index: selected /Work/wwwroot/baojutouzi.com/Application/Runtime/Cache/Home/b68fbe840bf885051ed23d04b5ec1de9.php 第 727 行.
NOTIC: [8] Undefined index: selected /Work/wwwroot/baojutouzi.com/Application/Runtime/Cache/Home/b68fbe840bf885051ed23d04b5ec1de9.php 第 727 行.
NOTIC: [8] Undefined index: selected /Work/wwwroot/baojutouzi.com/Application/Runtime/Cache/Home/b68fbe840bf885051ed23d04b5ec1de9.php 第 727 行.
NOTIC: [8] Undefined index: selected /Work/wwwroot/baojutouzi.com/Application/Runtime/Cache/Home/b68fbe840bf885051ed23d04b5ec1de9.php 第 727 行.
NOTIC: [8] Undefined index: selected /Work/wwwroot/baojutouzi.com/Application/Runtime/Cache/Home/b68fbe840bf885051ed23d04b5ec1de9.php 第 727 行.
NOTIC: [8] Undefined index: selected /Work/wwwroot/baojutouzi.com/Application/Runtime/Cache/Home/b68fbe840bf885051ed23d04b5ec1de9.php 第 727 行.
NOTIC: [8] Undefined index: selected /Work/wwwroot/baojutouzi.com/Application/Runtime/Cache/Home/b68fbe840bf885051ed23d04b5ec1de9.php 第 727 行.
NOTIC: [8] Undefined index: selected /Work/wwwroot/baojutouzi.com/Application/Runtime/Cache/Home/b68fbe840bf885051ed23d04b5ec1de9.php 第 727 行.
NOTIC: [8] Undefined index: selected /Work/wwwroot/baojutouzi.com/Application/Runtime/Cache/Home/b68fbe840bf885051ed23d04b5ec1de9.php 第 727 行.
NOTIC: [8] Undefined index: selected /Work/wwwroot/baojutouzi.com/Application/Runtime/Cache/Home/b68fbe840bf885051ed23d04b5ec1de9.php 第 727 行.
NOTIC: [8] Undefined index: selected /Work/wwwroot/baojutouzi.com/Application/Runtime/Cache/Home/b68fbe840bf885051ed23d04b5ec1de9.php 第 727 行.
NOTIC: [8] Undefined index: selected /Work/wwwroot/baojutouzi.com/Application/Runtime/Cache/Home/b68fbe840bf885051ed23d04b5ec1de9.php 第 727 行.
NOTIC: [8] Undefined index: selected /Work/wwwroot/baojutouzi.com/Application/Runtime/Cache/Home/b68fbe840bf885051ed23d04b5ec1de9.php 第 727 行.
NOTIC: [8] Undefined index: selected /Work/wwwroot/baojutouzi.com/Application/Runtime/Cache/Home/b68fbe840bf885051ed23d04b5ec1de9.php 第 727 行.
NOTIC: [8] Undefined index: selected /Work/wwwroot/baojutouzi.com/Application/Runtime/Cache/Home/b68fbe840bf885051ed23d04b5ec1de9.php 第 727 行.
NOTIC: [8] Undefined index: selected /Work/wwwroot/baojutouzi.com/Application/Runtime/Cache/Home/b68fbe840bf885051ed23d04b5ec1de9.php 第 727 行.
NOTIC: [8] Undefined index: selected /Work/wwwroot/baojutouzi.com/Application/Runtime/Cache/Home/b68fbe840bf885051ed23d04b5ec1de9.php 第 727 行.
NOTIC: [8] Undefined index: selected /Work/wwwroot/baojutouzi.com/Application/Runtime/Cache/Home/b68fbe840bf885051ed23d04b5ec1de9.php 第 727 行.
NOTIC: [8] Undefined index: selected /Work/wwwroot/baojutouzi.com/Application/Runtime/Cache/Home/b68fbe840bf885051ed23d04b5ec1de9.php 第 727 行.
NOTIC: [8] Undefined index: selected /Work/wwwroot/baojutouzi.com/Application/Runtime/Cache/Home/b68fbe840bf885051ed23d04b5ec1de9.php 第 727 行.
NOTIC: [8] Undefined index: selected /Work/wwwroot/baojutouzi.com/Application/Runtime/Cache/Home/b68fbe840bf885051ed23d04b5ec1de9.php 第 727 行.
NOTIC: [8] Undefined index: selected /Work/wwwroot/baojutouzi.com/Application/Runtime/Cache/Home/b68fbe840bf885051ed23d04b5ec1de9.php 第 727 行.
NOTIC: [8] Undefined index: selected /Work/wwwroot/baojutouzi.com/Application/Runtime/Cache/Home/b68fbe840bf885051ed23d04b5ec1de9.php 第 727 行.
NOTIC: [8] Undefined index: selected /Work/wwwroot/baojutouzi.com/Application/Runtime/Cache/Home/b68fbe840bf885051ed23d04b5ec1de9.php 第 727 行.
NOTIC: [8] Undefined index: selected /Work/wwwroot/baojutouzi.com/Application/Runtime/Cache/Home/b68fbe840bf885051ed23d04b5ec1de9.php 第 727 行.
NOTIC: [8] Undefined index: selected /Work/wwwroot/baojutouzi.com/Application/Runtime/Cache/Home/b68fbe840bf885051ed23d04b5ec1de9.php 第 727 行.
NOTIC: [8] Undefined index: selected /Work/wwwroot/baojutouzi.com/Application/Runtime/Cache/Home/b68fbe840bf885051ed23d04b5ec1de9.php 第 727 行.
NOTIC: [8] Undefined index: selected /Work/wwwroot/baojutouzi.com/Application/Runtime/Cache/Home/b68fbe840bf885051ed23d04b5ec1de9.php 第 727 行.
NOTIC: [8] Undefined variable: input_datepicker /Work/wwwroot/baojutouzi.com/Application/Runtime/Cache/Home/b68fbe840bf885051ed23d04b5ec1de9.php 第 745 行.
NOTIC: [8] Undefined variable: input_overduetime /Work/wwwroot/baojutouzi.com/Application/Runtime/Cache/Home/b68fbe840bf885051ed23d04b5ec1de9.php 第 750 行.
NOTIC: [8] Undefined index: foreign_name /Work/wwwroot/baojutouzi.com/Application/Runtime/Cache/Home/b68fbe840bf885051ed23d04b5ec1de9.php 第 824 行.
INFO: Run Behavior\ParseTemplateBehavior [ RunTime:0.017887s ]
INFO: [ view_parse ] --END-- [ RunTime:0.017903s ]
INFO: [ view_filter ] --START--
INFO: Run Behavior\WriteHtmlCacheBehavior [ RunTime:0.000121s ]
INFO: [ view_filter ] --END-- [ RunTime:0.000131s ]
INFO: [ app_end ] --START--
INFO: Run Behavior\ShowPageTraceBehavior [ RunTime:0.000416s ]
INFO: [ app_end ] --END-- [ RunTime:0.000433s ]

