[ 2018-01-12T16:03:14+08:00 ] 127.0.0.1 /
INFO: [ app_init ] --START--
INFO: Run Behavior\BuildLiteBehavior [ RunTime:0.000022s ]
INFO: [ app_init ] --END-- [ RunTime:0.002084s ]
INFO: [ app_begin ] --START--
INFO: Run Behavior\ReadHtmlCacheBehavior [ RunTime:0.000507s ]
INFO: [ app_begin ] --END-- [ RunTime:0.000522s ]
SQL: SHOW COLUMNS FROM `bj_admin` [ RunTime:0.0241s ]
SQL: SELECT * FROM `bj_admin` WHERE `user_id` = 1 LIMIT 1   [ RunTime:0.0036s ]
SQL: SHOW COLUMNS FROM `bj_loan` [ RunTime:0.0018s ]
SQL: SELECT SUM(expenditure) AS tp_sum FROM `bj_loan` WHERE `create_time` BETWEEN 1514736000 AND 1517414399 AND `is_delete` <> 1 LIMIT 1   [ RunTime:0.0049s ]
SQL: SHOW COLUMNS FROM `bj_repayments` [ RunTime:0.0009s ]
SQL: SELECT SUM(r_money) AS tp_sum FROM `bj_repayments` WHERE `gmt_repay` BETWEEN '2018-01-01 00:00:00' AND '2018-01-31 23:59:59' AND `is_delete` <> 1 LIMIT 1   [ RunTime:0.0010s ]
SQL: SELECT COUNT(*) AS tp_count FROM `bj_loan` WHERE `create_time` BETWEEN 1514736000 AND 1517414399 AND `is_delete` <> 1 LIMIT 1   [ RunTime:0.0007s ]
SQL: SELECT * FROM `bj_repayments` WHERE `gmt_repay` BETWEEN 1514736000 AND 1517414399 AND `is_delete` <> 1  [ RunTime:0.0004s ]
SQL: SELECT * FROM `bj_admin` WHERE `user_id` = 1 LIMIT 1   [ RunTime:0.0002s ]
SQL: SELECT * FROM `bj_loan` WHERE `create_time` <= 1515744194 AND `exp_time` >= 1515744194 AND `company_id` = 1 AND `loan_status` <> 1 AND `is_delete` <> 1  [ RunTime:0.0022s ]
SQL: SHOW COLUMNS FROM `bj_customer` [ RunTime:0.0007s ]
SQL: SELECT * FROM `bj_customer` WHERE `id` = 332 LIMIT 1   [ RunTime:0.0003s ]
SQL: SHOW COLUMNS FROM `bj_product` [ RunTime:0.0009s ]
SQL: SELECT * FROM `bj_product` WHERE `product_id` = 1 LIMIT 1   [ RunTime:0.0004s ]
SQL: SHOW COLUMNS FROM `bj_cycle` [ RunTime:0.0006s ]
SQL: SELECT * FROM `bj_cycle` WHERE `cycle_id` = 2 LIMIT 1   [ RunTime:0.0003s ]
SQL: SHOW COLUMNS FROM `bj_staff` [ RunTime:0.0006s ]
SQL: SELECT * FROM `bj_staff` WHERE `staff_id` = 14 LIMIT 1   [ RunTime:0.0003s ]
SQL: SELECT * FROM `bj_repayments` WHERE `loan_id` = 377 AND `cycles` = 38 AND `is_delete` <> 1 LIMIT 1   [ RunTime:0.0003s ]
SQL: SELECT * FROM `bj_customer` WHERE `id` = 341 LIMIT 1   [ RunTime:0.0002s ]
SQL: SELECT * FROM `bj_product` WHERE `product_id` = 1 LIMIT 1   [ RunTime:0.0001s ]
SQL: SELECT * FROM `bj_cycle` WHERE `cycle_id` = 2 LIMIT 1   [ RunTime:0.0001s ]
SQL: SELECT * FROM `bj_staff` WHERE `staff_id` = 7 LIMIT 1   [ RunTime:0.0002s ]
SQL: SELECT * FROM `bj_repayments` WHERE `loan_id` = 392 AND `cycles` = 38 AND `is_delete` <> 1 LIMIT 1   [ RunTime:0.0002s ]
SQL: SELECT * FROM `bj_customer` WHERE `id` = 72 LIMIT 1   [ RunTime:0.0002s ]
SQL: SELECT * FROM `bj_product` WHERE `product_id` = 1 LIMIT 1   [ RunTime:0.0001s ]
SQL: SELECT * FROM `bj_cycle` WHERE `cycle_id` = 2 LIMIT 1   [ RunTime:0.0002s ]
SQL: SELECT * FROM `bj_staff` WHERE `staff_id` = 14 LIMIT 1   [ RunTime:0.0002s ]
SQL: SELECT * FROM `bj_repayments` WHERE `loan_id` = 772 AND `cycles` = 19 AND `is_delete` <> 1 LIMIT 1   [ RunTime:0.0002s ]
SQL: SELECT * FROM `bj_customer` WHERE `id` = 640 LIMIT 1   [ RunTime:0.0002s ]
SQL: SELECT * FROM `bj_product` WHERE `product_id` = 1 LIMIT 1   [ RunTime:0.0001s ]
SQL: SELECT * FROM `bj_cycle` WHERE `cycle_id` = 2 LIMIT 1   [ RunTime:0.0001s ]
SQL: SELECT * FROM `bj_staff` WHERE `staff_id` = 14 LIMIT 1   [ RunTime:0.0001s ]
SQL: SELECT * FROM `bj_repayments` WHERE `loan_id` = 773 AND `cycles` = 19 AND `is_delete` <> 1 LIMIT 1   [ RunTime:0.0002s ]
SQL: SELECT * FROM `bj_customer` WHERE `id` = 700 LIMIT 1   [ RunTime:0.0002s ]
SQL: SELECT * FROM `bj_product` WHERE `product_id` = 1 LIMIT 1   [ RunTime:0.0001s ]
SQL: SELECT * FROM `bj_cycle` WHERE `cycle_id` = 2 LIMIT 1   [ RunTime:0.0001s ]
SQL: SELECT * FROM `bj_staff` WHERE `staff_id` = 14 LIMIT 1   [ RunTime:0.0001s ]
SQL: SELECT * FROM `bj_repayments` WHERE `loan_id` = 856 AND `cycles` = 14 AND `is_delete` <> 1 LIMIT 1   [ RunTime:0.0002s ]
SQL: SELECT * FROM `bj_customer` WHERE `id` = 701 LIMIT 1   [ RunTime:0.0002s ]
SQL: SELECT * FROM `bj_product` WHERE `product_id` = 1 LIMIT 1   [ RunTime:0.0001s ]
SQL: SELECT * FROM `bj_cycle` WHERE `cycle_id` = 2 LIMIT 1   [ RunTime:0.0001s ]
SQL: SELECT * FROM `bj_staff` WHERE `staff_id` = 5 LIMIT 1   [ RunTime:0.0002s ]
SQL: SELECT * FROM `bj_repayments` WHERE `loan_id` = 858 AND `cycles` = 14 AND `is_delete` <> 1 LIMIT 1   [ RunTime:0.0002s ]
SQL: SELECT * FROM `bj_customer` WHERE `id` = 502 LIMIT 1   [ RunTime:0.0002s ]
SQL: SELECT * FROM `bj_product` WHERE `product_id` = 1 LIMIT 1   [ RunTime:0.0001s ]
SQL: SELECT * FROM `bj_cycle` WHERE `cycle_id` = 2 LIMIT 1   [ RunTime:0.0001s ]
SQL: SELECT * FROM `bj_staff` WHERE `staff_id` = 14 LIMIT 1   [ RunTime:0.0001s ]
SQL: SELECT * FROM `bj_repayments` WHERE `loan_id` = 876 AND `cycles` = 13 AND `is_delete` <> 1 LIMIT 1   [ RunTime:0.0002s ]
SQL: SELECT * FROM `bj_customer` WHERE `id` = 741 LIMIT 1   [ RunTime:0.0002s ]
SQL: SELECT * FROM `bj_product` WHERE `product_id` = 1 LIMIT 1   [ RunTime:0.0001s ]
SQL: SELECT * FROM `bj_cycle` WHERE `cycle_id` = 2 LIMIT 1   [ RunTime:0.0001s ]
SQL: SELECT * FROM `bj_staff` WHERE `staff_id` = 14 LIMIT 1   [ RunTime:0.0001s ]
SQL: SELECT * FROM `bj_repayments` WHERE `loan_id` = 912 AND `cycles` = 11 AND `is_delete` <> 1 LIMIT 1   [ RunTime:0.0002s ]
SQL: SELECT * FROM `bj_customer` WHERE `id` = 742 LIMIT 1   [ RunTime:0.0001s ]
SQL: SELECT * FROM `bj_product` WHERE `product_id` = 1 LIMIT 1   [ RunTime:0.0001s ]
SQL: SELECT * FROM `bj_cycle` WHERE `cycle_id` = 2 LIMIT 1   [ RunTime:0.0001s ]
SQL: SELECT * FROM `bj_staff` WHERE `staff_id` = 58 LIMIT 1   [ RunTime:0.0001s ]
SQL: SELECT * FROM `bj_repayments` WHERE `loan_id` = 913 AND `cycles` = 11 AND `is_delete` <> 1 LIMIT 1   [ RunTime:0.0002s ]
SQL: SELECT * FROM `bj_customer` WHERE `id` = 743 LIMIT 1   [ RunTime:0.0001s ]
SQL: SELECT * FROM `bj_product` WHERE `product_id` = 1 LIMIT 1   [ RunTime:0.0001s ]
SQL: SELECT * FROM `bj_cycle` WHERE `cycle_id` = 2 LIMIT 1   [ RunTime:0.0001s ]
SQL: SELECT * FROM `bj_staff` WHERE `staff_id` = 58 LIMIT 1   [ RunTime:0.0001s ]
SQL: SELECT * FROM `bj_repayments` WHERE `loan_id` = 914 AND `cycles` = 11 AND `is_delete` <> 1 LIMIT 1   [ RunTime:0.0002s ]
SQL: SELECT * FROM `bj_customer` WHERE `id` = 454 LIMIT 1   [ RunTime:0.0001s ]
SQL: SELECT * FROM `bj_product` WHERE `product_id` = 1 LIMIT 1   [ RunTime:0.0001s ]
SQL: SELECT * FROM `bj_cycle` WHERE `cycle_id` = 2 LIMIT 1   [ RunTime:0.0001s ]
SQL: SELECT * FROM `bj_staff` WHERE `staff_id` = 58 LIMIT 1   [ RunTime:0.0001s ]
SQL: SELECT * FROM `bj_repayments` WHERE `loan_id` = 928 AND `cycles` = 10 AND `is_delete` <> 1 LIMIT 1   [ RunTime:0.0003s ]
SQL: SELECT * FROM `bj_customer` WHERE `id` = 757 LIMIT 1   [ RunTime:0.0001s ]
SQL: SELECT * FROM `bj_product` WHERE `product_id` = 1 LIMIT 1   [ RunTime:0.0001s ]
SQL: SELECT * FROM `bj_cycle` WHERE `cycle_id` = 2 LIMIT 1   [ RunTime:0.0001s ]
SQL: SELECT * FROM `bj_staff` WHERE `staff_id` = 58 LIMIT 1   [ RunTime:0.0001s ]
SQL: SELECT * FROM `bj_repayments` WHERE `loan_id` = 932 AND `cycles` = 10 AND `is_delete` <> 1 LIMIT 1   [ RunTime:0.0003s ]
SQL: SELECT * FROM `bj_customer` WHERE `id` = 766 LIMIT 1   [ RunTime:0.0001s ]
SQL: SELECT * FROM `bj_product` WHERE `product_id` = 1 LIMIT 1   [ RunTime:0.0001s ]
SQL: SELECT * FROM `bj_cycle` WHERE `cycle_id` = 2 LIMIT 1   [ RunTime:0.0001s ]
SQL: SELECT * FROM `bj_staff` WHERE `staff_id` = 58 LIMIT 1   [ RunTime:0.0001s ]
SQL: SELECT * FROM `bj_repayments` WHERE `loan_id` = 945 AND `cycles` = 9 AND `is_delete` <> 1 LIMIT 1   [ RunTime:0.0001s ]
SQL: SELECT * FROM `bj_customer` WHERE `id` = 767 LIMIT 1   [ RunTime:0.0001s ]
SQL: SELECT * FROM `bj_product` WHERE `product_id` = 1 LIMIT 1   [ RunTime:0.0001s ]
SQL: SELECT * FROM `bj_cycle` WHERE `cycle_id` = 2 LIMIT 1   [ RunTime:0.0001s ]
SQL: SELECT * FROM `bj_staff` WHERE `staff_id` = 43 LIMIT 1   [ RunTime:0.0001s ]
SQL: SELECT * FROM `bj_customer` WHERE `id` = 780 LIMIT 1   [ RunTime:0.0001s ]
SQL: SELECT * FROM `bj_product` WHERE `product_id` = 1 LIMIT 1   [ RunTime:0.0001s ]
SQL: SELECT * FROM `bj_cycle` WHERE `cycle_id` = 2 LIMIT 1   [ RunTime:0.0001s ]
SQL: SELECT * FROM `bj_staff` WHERE `staff_id` = 58 LIMIT 1   [ RunTime:0.0001s ]
SQL: SELECT * FROM `bj_repayments` WHERE `loan_id` = 961 AND `cycles` = 8 AND `is_delete` <> 1 LIMIT 1   [ RunTime:0.0001s ]
SQL: SELECT * FROM `bj_customer` WHERE `id` = 781 LIMIT 1   [ RunTime:0.0001s ]
SQL: SELECT * FROM `bj_product` WHERE `product_id` = 1 LIMIT 1   [ RunTime:0.0001s ]
SQL: SELECT * FROM `bj_cycle` WHERE `cycle_id` = 2 LIMIT 1   [ RunTime:0.0001s ]
SQL: SELECT * FROM `bj_staff` WHERE `staff_id` = 58 LIMIT 1   [ RunTime:0.0001s ]
SQL: SELECT * FROM `bj_repayments` WHERE `loan_id` = 962 AND `cycles` = 8 AND `is_delete` <> 1 LIMIT 1   [ RunTime:0.0001s ]
SQL: SELECT * FROM `bj_customer` WHERE `id` = 791 LIMIT 1   [ RunTime:0.0001s ]
SQL: SELECT * FROM `bj_product` WHERE `product_id` = 1 LIMIT 1   [ RunTime:0.0001s ]
SQL: SELECT * FROM `bj_cycle` WHERE `cycle_id` = 2 LIMIT 1   [ RunTime:0.0001s ]
SQL: SELECT * FROM `bj_staff` WHERE `staff_id` = 14 LIMIT 1   [ RunTime:0.0001s ]
SQL: SELECT * FROM `bj_repayments` WHERE `loan_id` = 976 AND `cycles` = 7 AND `is_delete` <> 1 LIMIT 1   [ RunTime:0.0001s ]
SQL: SELECT * FROM `bj_customer` WHERE `id` = 792 LIMIT 1   [ RunTime:0.0001s ]
SQL: SELECT * FROM `bj_product` WHERE `product_id` = 1 LIMIT 1   [ RunTime:0.0001s ]
SQL: SELECT * FROM `bj_cycle` WHERE `cycle_id` = 2 LIMIT 1   [ RunTime:0.0001s ]
SQL: SELECT * FROM `bj_staff` WHERE `staff_id` = 14 LIMIT 1   [ RunTime:0.0001s ]
SQL: SELECT * FROM `bj_repayments` WHERE `loan_id` = 977 AND `cycles` = 7 AND `is_delete` <> 1 LIMIT 1   [ RunTime:0.0001s ]
SQL: SELECT * FROM `bj_customer` WHERE `id` = 793 LIMIT 1   [ RunTime:0.0001s ]
SQL: SELECT * FROM `bj_product` WHERE `product_id` = 1 LIMIT 1   [ RunTime:0.0001s ]
SQL: SELECT * FROM `bj_cycle` WHERE `cycle_id` = 2 LIMIT 1   [ RunTime:0.0001s ]
SQL: SELECT * FROM `bj_staff` WHERE `staff_id` = 62 LIMIT 1   [ RunTime:0.0001s ]
SQL: SELECT * FROM `bj_repayments` WHERE `loan_id` = 978 AND `cycles` = 7 AND `is_delete` <> 1 LIMIT 1   [ RunTime:0.0001s ]
SQL: SELECT * FROM `bj_customer` WHERE `id` = 795 LIMIT 1   [ RunTime:0.0001s ]
SQL: SELECT * FROM `bj_product` WHERE `product_id` = 1 LIMIT 1   [ RunTime:0.0001s ]
SQL: SELECT * FROM `bj_cycle` WHERE `cycle_id` = 2 LIMIT 1   [ RunTime:0.0001s ]
SQL: SELECT * FROM `bj_staff` WHERE `staff_id` = 43 LIMIT 1   [ RunTime:0.0001s ]
SQL: SELECT * FROM `bj_repayments` WHERE `loan_id` = 980 AND `cycles` = 7 AND `is_delete` <> 1 LIMIT 1   [ RunTime:0.0001s ]
SQL: SELECT * FROM `bj_customer` WHERE `id` = 809 LIMIT 1   [ RunTime:0.0001s ]
SQL: SELECT * FROM `bj_product` WHERE `product_id` = 1 LIMIT 1   [ RunTime:0.0001s ]
SQL: SELECT * FROM `bj_cycle` WHERE `cycle_id` = 2 LIMIT 1   [ RunTime:0.0001s ]
SQL: SELECT * FROM `bj_staff` WHERE `staff_id` = 14 LIMIT 1   [ RunTime:0.0001s ]
SQL: SELECT * FROM `bj_repayments` WHERE `loan_id` = 998 AND `cycles` = 6 AND `is_delete` <> 1 LIMIT 1   [ RunTime:0.0001s ]
SQL: SELECT * FROM `bj_customer` WHERE `id` = 810 LIMIT 1   [ RunTime:0.0001s ]
SQL: SELECT * FROM `bj_product` WHERE `product_id` = 1 LIMIT 1   [ RunTime:0.0001s ]
SQL: SELECT * FROM `bj_cycle` WHERE `cycle_id` = 2 LIMIT 1   [ RunTime:0.0001s ]
SQL: SELECT * FROM `bj_staff` WHERE `staff_id` = 14 LIMIT 1   [ RunTime:0.0001s ]
SQL: SELECT * FROM `bj_repayments` WHERE `loan_id` = 999 AND `cycles` = 6 AND `is_delete` <> 1 LIMIT 1   [ RunTime:0.0001s ]
SQL: SELECT * FROM `bj_customer` WHERE `id` = 881 LIMIT 1   [ RunTime:0.0001s ]
SQL: SELECT * FROM `bj_product` WHERE `product_id` = 4 LIMIT 1   [ RunTime:0.0001s ]
SQL: SELECT * FROM `bj_cycle` WHERE `cycle_id` = 2 LIMIT 1   [ RunTime:0.0001s ]
SQL: SELECT * FROM `bj_staff` WHERE `staff_id` = 43 LIMIT 1   [ RunTime:0.0001s ]
SQL: SELECT * FROM `bj_repayments` WHERE `loan_id` = 1144 AND `cycles` = 23 AND `is_delete` <> 1 LIMIT 1   [ RunTime:0.0002s ]
SQL: SELECT * FROM `bj_customer` WHERE `id` = 882 LIMIT 1   [ RunTime:0.0001s ]
SQL: SELECT * FROM `bj_product` WHERE `product_id` = 4 LIMIT 1   [ RunTime:0.0001s ]
SQL: SELECT * FROM `bj_cycle` WHERE `cycle_id` = 2 LIMIT 1   [ RunTime:0.0001s ]
SQL: SELECT * FROM `bj_staff` WHERE `staff_id` = 43 LIMIT 1   [ RunTime:0.0001s ]
SQL: SELECT * FROM `bj_customer` WHERE `id` = 884 LIMIT 1   [ RunTime:0.0001s ]
SQL: SELECT * FROM `bj_product` WHERE `product_id` = 4 LIMIT 1   [ RunTime:0.0001s ]
SQL: SELECT * FROM `bj_cycle` WHERE `cycle_id` = 2 LIMIT 1   [ RunTime:0.0001s ]
SQL: SELECT * FROM `bj_staff` WHERE `staff_id` = 58 LIMIT 1   [ RunTime:0.0001s ]
SQL: SELECT * FROM `bj_repayments` WHERE `loan_id` = 1147 AND `cycles` = 10 AND `is_delete` <> 1 LIMIT 1   [ RunTime:0.0002s ]
SQL: SELECT * FROM `bj_customer` WHERE `id` = 822 LIMIT 1   [ RunTime:0.0001s ]
SQL: SELECT * FROM `bj_product` WHERE `product_id` = 1 LIMIT 1   [ RunTime:0.0001s ]
SQL: SELECT * FROM `bj_cycle` WHERE `cycle_id` = 2 LIMIT 1   [ RunTime:0.0001s ]
SQL: SELECT * FROM `bj_staff` WHERE `staff_id` = 21 LIMIT 1   [ RunTime:0.0001s ]
SQL: SELECT * FROM `bj_repayments` WHERE `loan_id` = 1148 AND `cycles` = 2 AND `is_delete` <> 1 LIMIT 1   [ RunTime:0.0002s ]
SQL: SELECT * FROM `bj_customer` WHERE `id` = 890 LIMIT 1   [ RunTime:0.0001s ]
SQL: SELECT * FROM `bj_product` WHERE `product_id` = 2 LIMIT 1   [ RunTime:0.0001s ]
SQL: SELECT * FROM `bj_cycle` WHERE `cycle_id` = 1 LIMIT 1   [ RunTime:0.0001s ]
SQL: SELECT * FROM `bj_staff` WHERE `staff_id` = 4 LIMIT 1   [ RunTime:0.0001s ]
SQL: SELECT * FROM `bj_repayments` WHERE `loan_id` = 1164 AND `cycles` = 8 AND `is_delete` <> 1 LIMIT 1   [ RunTime:0.0001s ]
SQL: SELECT * FROM `bj_customer` WHERE `id` = 892 LIMIT 1   [ RunTime:0.0001s ]
SQL: SELECT * FROM `bj_product` WHERE `product_id` = 2 LIMIT 1   [ RunTime:0.0001s ]
SQL: SELECT * FROM `bj_cycle` WHERE `cycle_id` = 1 LIMIT 1   [ RunTime:0.0001s ]
SQL: SELECT * FROM `bj_staff` WHERE `staff_id` = 7 LIMIT 1   [ RunTime:0.0001s ]
SQL: SELECT * FROM `bj_repayments` WHERE `loan_id` = 1166 AND `cycles` = 7 AND `is_delete` <> 1 LIMIT 1   [ RunTime:0.0001s ]
SQL: SELECT * FROM `bj_customer` WHERE `id` = 894 LIMIT 1   [ RunTime:0.0001s ]
SQL: SELECT * FROM `bj_product` WHERE `product_id` = 1 LIMIT 1   [ RunTime:0.0001s ]
SQL: SELECT * FROM `bj_cycle` WHERE `cycle_id` = 2 LIMIT 1   [ RunTime:0.0001s ]
SQL: SELECT * FROM `bj_staff` WHERE `staff_id` = 7 LIMIT 1   [ RunTime:0.0001s ]
SQL: SELECT * FROM `bj_repayments` WHERE `loan_id` = 1168 AND `cycles` = 2 AND `is_delete` <> 1 LIMIT 1   [ RunTime:0.0001s ]
SQL: SELECT * FROM `bj_customer` WHERE `id` = 894 LIMIT 1   [ RunTime:0.0001s ]
SQL: SELECT * FROM `bj_product` WHERE `product_id` = 1 LIMIT 1   [ RunTime:0.0001s ]
SQL: SELECT * FROM `bj_cycle` WHERE `cycle_id` = 2 LIMIT 1   [ RunTime:0.0001s ]
SQL: SELECT * FROM `bj_staff` WHERE `staff_id` = 7 LIMIT 1   [ RunTime:0.0001s ]
SQL: SELECT * FROM `bj_repayments` WHERE `loan_id` = 1169 AND `cycles` = 2 AND `is_delete` <> 1 LIMIT 1   [ RunTime:0.0002s ]
SQL: SELECT * FROM `bj_customer` WHERE `id` = 894 LIMIT 1   [ RunTime:0.0001s ]
SQL: SELECT * FROM `bj_product` WHERE `product_id` = 2 LIMIT 1   [ RunTime:0.0001s ]
SQL: SELECT * FROM `bj_cycle` WHERE `cycle_id` = 1 LIMIT 1   [ RunTime:0.0001s ]
SQL: SELECT * FROM `bj_staff` WHERE `staff_id` = 3 LIMIT 1   [ RunTime:0.0001s ]
SQL: SELECT * FROM `bj_customer` WHERE `id` = 894 LIMIT 1   [ RunTime:0.0001s ]
SQL: SELECT * FROM `bj_product` WHERE `product_id` = 2 LIMIT 1   [ RunTime:0.0001s ]
SQL: SELECT * FROM `bj_cycle` WHERE `cycle_id` = 1 LIMIT 1   [ RunTime:0.0001s ]
SQL: SELECT * FROM `bj_staff` WHERE `staff_id` = 3 LIMIT 1   [ RunTime:0.0001s ]
SQL: SELECT * FROM `bj_customer` WHERE `id` = 892 LIMIT 1   [ RunTime:0.0001s ]
SQL: SELECT * FROM `bj_product` WHERE `product_id` = 2 LIMIT 1   [ RunTime:0.0001s ]
SQL: SELECT * FROM `bj_cycle` WHERE `cycle_id` = 1 LIMIT 1   [ RunTime:0.0001s ]
SQL: SELECT * FROM `bj_staff` WHERE `staff_id` = 3 LIMIT 1   [ RunTime:0.0001s ]
SQL: SELECT * FROM `bj_repayments` WHERE `loan_id` = 1174 AND `cycles` = 7 AND `is_delete` <> 1 LIMIT 1   [ RunTime:0.0001s ]
SQL: SELECT * FROM `bj_customer` WHERE `id` = 890 LIMIT 1   [ RunTime:0.0001s ]
SQL: SELECT * FROM `bj_product` WHERE `product_id` = 2 LIMIT 1   [ RunTime:0.0001s ]
SQL: SELECT * FROM `bj_cycle` WHERE `cycle_id` = 1 LIMIT 1   [ RunTime:0.0001s ]
SQL: SELECT * FROM `bj_staff` WHERE `staff_id` = 7 LIMIT 1   [ RunTime:0.0001s ]
SQL: SELECT * FROM `bj_repayments` WHERE `loan_id` = 1175 AND `cycles` = 6 AND `is_delete` <> 1 LIMIT 1   [ RunTime:0.0001s ]
SQL: SELECT * FROM `bj_customer` WHERE `id` = 890 LIMIT 1   [ RunTime:0.0001s ]
SQL: SELECT * FROM `bj_product` WHERE `product_id` = 2 LIMIT 1   [ RunTime:0.0001s ]
SQL: SELECT * FROM `bj_cycle` WHERE `cycle_id` = 1 LIMIT 1   [ RunTime:0.0001s ]
SQL: SELECT * FROM `bj_staff` WHERE `staff_id` = 6 LIMIT 1   [ RunTime:0.0001s ]
SQL: SELECT * FROM `bj_repayments` WHERE `loan_id` = 1186 AND `cycles` = 2 AND `is_delete` <> 1 LIMIT 1   [ RunTime:0.0001s ]
INFO: [ view_parse ] --START--
INFO: [ template_filter ] --START--
INFO: Run Behavior\ContentReplaceBehavior [ RunTime:0.000149s ]
INFO: [ template_filter ] --END-- [ RunTime:0.000169s ]
NOTIC: [8] Undefined variable: Think /Work/wwwroot/baojutouzi.com/Application/Runtime/Cache/Home/2a94b8bda04ff446dcedd42276fc99ee.php 第 346 行.
NOTIC: [8] Undefined variable: Think /Work/wwwroot/baojutouzi.com/Application/Runtime/Cache/Home/2a94b8bda04ff446dcedd42276fc99ee.php 第 346 行.
INFO: Run Behavior\ParseTemplateBehavior [ RunTime:0.018340s ]
INFO: [ view_parse ] --END-- [ RunTime:0.018358s ]
INFO: [ view_filter ] --START--
INFO: Run Behavior\WriteHtmlCacheBehavior [ RunTime:0.000544s ]
INFO: [ view_filter ] --END-- [ RunTime:0.000570s ]
INFO: [ app_end ] --START--
INFO: Run Behavior\ShowPageTraceBehavior [ RunTime:0.000700s ]
INFO: [ app_end ] --END-- [ RunTime:0.000729s ]

[ 2018-01-12T16:03:18+08:00 ] 127.0.0.1 /index.php?m=home&c=login&a=loginOut
INFO: [ app_init ] --START--
INFO: Run Behavior\BuildLiteBehavior [ RunTime:0.000007s ]
INFO: [ app_init ] --END-- [ RunTime:0.000190s ]
INFO: [ app_begin ] --START--
INFO: Run Behavior\ReadHtmlCacheBehavior [ RunTime:0.000289s ]
INFO: [ app_begin ] --END-- [ RunTime:0.000306s ]

[ 2018-01-12T16:03:18+08:00 ] 127.0.0.1 /index.php?m=home&c=login&a=index
INFO: [ app_init ] --START--
INFO: Run Behavior\BuildLiteBehavior [ RunTime:0.000006s ]
INFO: [ app_init ] --END-- [ RunTime:0.000173s ]
INFO: [ app_begin ] --START--
INFO: Run Behavior\ReadHtmlCacheBehavior [ RunTime:0.000225s ]
INFO: [ app_begin ] --END-- [ RunTime:0.000240s ]
INFO: [ view_parse ] --START--
INFO: [ template_filter ] --START--
INFO: Run Behavior\ContentReplaceBehavior [ RunTime:0.000065s ]
INFO: [ template_filter ] --END-- [ RunTime:0.000091s ]
INFO: Run Behavior\ParseTemplateBehavior [ RunTime:0.004467s ]
INFO: [ view_parse ] --END-- [ RunTime:0.004489s ]
INFO: [ view_filter ] --START--
INFO: Run Behavior\WriteHtmlCacheBehavior [ RunTime:0.000115s ]
INFO: [ view_filter ] --END-- [ RunTime:0.000127s ]
INFO: [ app_end ] --START--
INFO: Run Behavior\ShowPageTraceBehavior [ RunTime:0.000372s ]
INFO: [ app_end ] --END-- [ RunTime:0.000414s ]

[ 2018-01-12T16:03:25+08:00 ] 127.0.0.1 /index.php?m=home&c=login&a=index
INFO: [ app_init ] --START--
INFO: Run Behavior\BuildLiteBehavior [ RunTime:0.000010s ]
INFO: [ app_init ] --END-- [ RunTime:0.000279s ]
INFO: [ app_begin ] --START--
INFO: Run Behavior\ReadHtmlCacheBehavior [ RunTime:0.000276s ]
INFO: [ app_begin ] --END-- [ RunTime:0.000314s ]
INFO: [ view_parse ] --START--
INFO: [ template_filter ] --START--
INFO: Run Behavior\ContentReplaceBehavior [ RunTime:0.000043s ]
INFO: [ template_filter ] --END-- [ RunTime:0.000064s ]
INFO: Run Behavior\ParseTemplateBehavior [ RunTime:0.004492s ]
INFO: [ view_parse ] --END-- [ RunTime:0.004508s ]
INFO: [ view_filter ] --START--
INFO: Run Behavior\WriteHtmlCacheBehavior [ RunTime:0.000130s ]
INFO: [ view_filter ] --END-- [ RunTime:0.000142s ]
INFO: [ app_end ] --START--
INFO: Run Behavior\ShowPageTraceBehavior [ RunTime:0.000295s ]
INFO: [ app_end ] --END-- [ RunTime:0.000309s ]

[ 2018-01-12T16:04:17+08:00 ] 127.0.0.1 /
INFO: [ app_init ] --START--
INFO: Run Behavior\BuildLiteBehavior [ RunTime:0.000010s ]
INFO: [ app_init ] --END-- [ RunTime:0.000248s ]
INFO: [ app_begin ] --START--
INFO: Run Behavior\ReadHtmlCacheBehavior [ RunTime:0.000230s ]
INFO: [ app_begin ] --END-- [ RunTime:0.000245s ]

[ 2018-01-12T16:04:17+08:00 ] 127.0.0.1 /index.php?m=home&c=login&a=index
INFO: [ app_init ] --START--
INFO: Run Behavior\BuildLiteBehavior [ RunTime:0.000008s ]
INFO: [ app_init ] --END-- [ RunTime:0.000222s ]
INFO: [ app_begin ] --START--
INFO: Run Behavior\ReadHtmlCacheBehavior [ RunTime:0.000251s ]
INFO: [ app_begin ] --END-- [ RunTime:0.000271s ]
INFO: [ view_parse ] --START--
INFO: [ template_filter ] --START--
INFO: Run Behavior\ContentReplaceBehavior [ RunTime:0.000038s ]
INFO: [ template_filter ] --END-- [ RunTime:0.000060s ]
INFO: Run Behavior\ParseTemplateBehavior [ RunTime:0.003464s ]
INFO: [ view_parse ] --END-- [ RunTime:0.003485s ]
INFO: [ view_filter ] --START--
INFO: Run Behavior\WriteHtmlCacheBehavior [ RunTime:0.000135s ]
INFO: [ view_filter ] --END-- [ RunTime:0.000146s ]
INFO: [ app_end ] --START--
INFO: Run Behavior\ShowPageTraceBehavior [ RunTime:0.000291s ]
INFO: [ app_end ] --END-- [ RunTime:0.000303s ]

[ 2018-01-12T16:04:18+08:00 ] 127.0.0.1 /
INFO: [ app_init ] --START--
INFO: Run Behavior\BuildLiteBehavior [ RunTime:0.000006s ]
INFO: [ app_init ] --END-- [ RunTime:0.000428s ]
INFO: [ app_begin ] --START--
INFO: Run Behavior\ReadHtmlCacheBehavior [ RunTime:0.000450s ]
INFO: [ app_begin ] --END-- [ RunTime:0.000501s ]

[ 2018-01-12T16:04:33+08:00 ] 127.0.0.1 /index.php?m=home&c=login&a=index
INFO: [ app_init ] --START--
INFO: Run Behavior\BuildLiteBehavior [ RunTime:0.000014s ]
INFO: [ app_init ] --END-- [ RunTime:0.000459s ]
INFO: [ app_begin ] --START--
INFO: Run Behavior\ReadHtmlCacheBehavior [ RunTime:0.000379s ]
INFO: [ app_begin ] --END-- [ RunTime:0.000402s ]
INFO: [ view_parse ] --START--
INFO: [ template_filter ] --START--
INFO: Run Behavior\ContentReplaceBehavior [ RunTime:0.000047s ]
INFO: [ template_filter ] --END-- [ RunTime:0.000097s ]
INFO: Run Behavior\ParseTemplateBehavior [ RunTime:0.005882s ]
INFO: [ view_parse ] --END-- [ RunTime:0.005908s ]
INFO: [ view_filter ] --START--
INFO: Run Behavior\WriteHtmlCacheBehavior [ RunTime:0.000259s ]
INFO: [ view_filter ] --END-- [ RunTime:0.000278s ]
INFO: [ app_end ] --START--
INFO: Run Behavior\ShowPageTraceBehavior [ RunTime:0.000513s ]
INFO: [ app_end ] --END-- [ RunTime:0.000533s ]

[ 2018-01-12T16:04:43+08:00 ] 127.0.0.1 /index.php?m=home&c=login&a=index
INFO: [ app_init ] --START--
INFO: Run Behavior\BuildLiteBehavior [ RunTime:0.000006s ]
INFO: [ app_init ] --END-- [ RunTime:0.000173s ]
INFO: [ app_begin ] --START--
INFO: Run Behavior\ReadHtmlCacheBehavior [ RunTime:0.000428s ]
INFO: [ app_begin ] --END-- [ RunTime:0.000447s ]
INFO: [ view_parse ] --START--
INFO: [ template_filter ] --START--
INFO: Run Behavior\ContentReplaceBehavior [ RunTime:0.000022s ]
INFO: [ template_filter ] --END-- [ RunTime:0.000045s ]
INFO: Run Behavior\ParseTemplateBehavior [ RunTime:0.008482s ]
INFO: [ view_parse ] --END-- [ RunTime:0.008510s ]
INFO: [ view_filter ] --START--
INFO: Run Behavior\WriteHtmlCacheBehavior [ RunTime:0.000121s ]
INFO: [ view_filter ] --END-- [ RunTime:0.000133s ]
INFO: [ app_end ] --START--
INFO: Run Behavior\ShowPageTraceBehavior [ RunTime:0.000291s ]
INFO: [ app_end ] --END-- [ RunTime:0.000307s ]

[ 2018-01-12T16:05:31+08:00 ] 127.0.0.1 /index.php?m=home&c=login&a=index
INFO: [ app_init ] --START--
INFO: Run Behavior\BuildLiteBehavior [ RunTime:0.000011s ]
INFO: [ app_init ] --END-- [ RunTime:0.000372s ]
INFO: [ app_begin ] --START--
INFO: Run Behavior\ReadHtmlCacheBehavior [ RunTime:0.000346s ]
INFO: [ app_begin ] --END-- [ RunTime:0.000420s ]
INFO: [ view_parse ] --START--
INFO: [ template_filter ] --START--
INFO: Run Behavior\ContentReplaceBehavior [ RunTime:0.000046s ]
INFO: [ template_filter ] --END-- [ RunTime:0.000068s ]
INFO: Run Behavior\ParseTemplateBehavior [ RunTime:0.004402s ]
INFO: [ view_parse ] --END-- [ RunTime:0.004420s ]
INFO: [ view_filter ] --START--
INFO: Run Behavior\WriteHtmlCacheBehavior [ RunTime:0.000142s ]
INFO: [ view_filter ] --END-- [ RunTime:0.000153s ]
INFO: [ app_end ] --START--
INFO: Run Behavior\ShowPageTraceBehavior [ RunTime:0.000302s ]
INFO: [ app_end ] --END-- [ RunTime:0.000316s ]

[ 2018-01-12T16:05:44+08:00 ] 127.0.0.1 /index.php?m=home&c=login&a=index
INFO: [ app_init ] --START--
INFO: Run Behavior\BuildLiteBehavior [ RunTime:0.000011s ]
INFO: [ app_init ] --END-- [ RunTime:0.000315s ]
INFO: [ app_begin ] --START--
INFO: Run Behavior\ReadHtmlCacheBehavior [ RunTime:0.000260s ]
INFO: [ app_begin ] --END-- [ RunTime:0.000276s ]
INFO: [ view_parse ] --START--
INFO: [ template_filter ] --START--
INFO: Run Behavior\ContentReplaceBehavior [ RunTime:0.000040s ]
INFO: [ template_filter ] --END-- [ RunTime:0.000057s ]
INFO: Run Behavior\ParseTemplateBehavior [ RunTime:0.004211s ]
INFO: [ view_parse ] --END-- [ RunTime:0.004226s ]
INFO: [ view_filter ] --START--
INFO: Run Behavior\WriteHtmlCacheBehavior [ RunTime:0.000120s ]
INFO: [ view_filter ] --END-- [ RunTime:0.000130s ]
INFO: [ app_end ] --START--
INFO: Run Behavior\ShowPageTraceBehavior [ RunTime:0.000266s ]
INFO: [ app_end ] --END-- [ RunTime:0.000279s ]

[ 2018-01-12T16:06:02+08:00 ] 127.0.0.1 /index.php?m=home&c=login&a=index
INFO: [ app_init ] --START--
INFO: Run Behavior\BuildLiteBehavior [ RunTime:0.000010s ]
INFO: [ app_init ] --END-- [ RunTime:0.000259s ]
INFO: [ app_begin ] --START--
INFO: Run Behavior\ReadHtmlCacheBehavior [ RunTime:0.000235s ]
INFO: [ app_begin ] --END-- [ RunTime:0.000249s ]
INFO: [ view_parse ] --START--
INFO: [ template_filter ] --START--
INFO: Run Behavior\ContentReplaceBehavior [ RunTime:0.000044s ]
INFO: [ template_filter ] --END-- [ RunTime:0.000081s ]
INFO: Run Behavior\ParseTemplateBehavior [ RunTime:0.004513s ]
INFO: [ view_parse ] --END-- [ RunTime:0.004533s ]
INFO: [ view_filter ] --START--
INFO: Run Behavior\WriteHtmlCacheBehavior [ RunTime:0.000177s ]
INFO: [ view_filter ] --END-- [ RunTime:0.000189s ]
INFO: [ app_end ] --START--
INFO: Run Behavior\ShowPageTraceBehavior [ RunTime:0.000352s ]
INFO: [ app_end ] --END-- [ RunTime:0.000372s ]

[ 2018-01-12T19:40:00+08:00 ] 127.0.0.1 /
INFO: [ app_init ] --START--
INFO: Run Behavior\BuildLiteBehavior [ RunTime:0.000007s ]
INFO: [ app_init ] --END-- [ RunTime:0.000561s ]
INFO: [ app_begin ] --START--
INFO: Run Behavior\ReadHtmlCacheBehavior [ RunTime:0.000478s ]
INFO: [ app_begin ] --END-- [ RunTime:0.000494s ]

[ 2018-01-12T19:40:00+08:00 ] 127.0.0.1 /index.php?m=home&c=login&a=index
INFO: [ app_init ] --START--
INFO: Run Behavior\BuildLiteBehavior [ RunTime:0.000005s ]
INFO: [ app_init ] --END-- [ RunTime:0.000148s ]
INFO: [ app_begin ] --START--
INFO: Run Behavior\ReadHtmlCacheBehavior [ RunTime:0.000190s ]
INFO: [ app_begin ] --END-- [ RunTime:0.000203s ]
INFO: [ view_parse ] --START--
INFO: [ template_filter ] --START--
INFO: Run Behavior\ContentReplaceBehavior [ RunTime:0.000016s ]
INFO: [ template_filter ] --END-- [ RunTime:0.000031s ]
INFO: Run Behavior\ParseTemplateBehavior [ RunTime:0.004077s ]
INFO: [ view_parse ] --END-- [ RunTime:0.004093s ]
INFO: [ view_filter ] --START--
INFO: Run Behavior\WriteHtmlCacheBehavior [ RunTime:0.000314s ]
INFO: [ view_filter ] --END-- [ RunTime:0.000328s ]
INFO: [ app_end ] --START--
INFO: Run Behavior\ShowPageTraceBehavior [ RunTime:0.000510s ]
INFO: [ app_end ] --END-- [ RunTime:0.000525s ]

[ 2018-01-12T19:40:01+08:00 ] 127.0.0.1 /
INFO: [ app_init ] --START--
INFO: Run Behavior\BuildLiteBehavior [ RunTime:0.000007s ]
INFO: [ app_init ] --END-- [ RunTime:0.000263s ]
INFO: [ app_begin ] --START--
INFO: Run Behavior\ReadHtmlCacheBehavior [ RunTime:0.000281s ]
INFO: [ app_begin ] --END-- [ RunTime:0.000300s ]

[ 2018-01-12T19:40:09+08:00 ] 127.0.0.1 /index.php?m=home&c=login&a=index
INFO: [ app_init ] --START--
INFO: Run Behavior\BuildLiteBehavior [ RunTime:0.000006s ]
INFO: [ app_init ] --END-- [ RunTime:0.000181s ]
INFO: [ app_begin ] --START--
INFO: Run Behavior\ReadHtmlCacheBehavior [ RunTime:0.000233s ]
INFO: [ app_begin ] --END-- [ RunTime:0.000249s ]
INFO: [ view_parse ] --START--
INFO: [ template_filter ] --START--
INFO: Run Behavior\ContentReplaceBehavior [ RunTime:0.000022s ]
INFO: [ template_filter ] --END-- [ RunTime:0.000045s ]
INFO: Run Behavior\ParseTemplateBehavior [ RunTime:0.003369s ]
INFO: [ view_parse ] --END-- [ RunTime:0.003388s ]
INFO: [ view_filter ] --START--
INFO: Run Behavior\WriteHtmlCacheBehavior [ RunTime:0.000117s ]
INFO: [ view_filter ] --END-- [ RunTime:0.000130s ]
INFO: [ app_end ] --START--
INFO: Run Behavior\ShowPageTraceBehavior [ RunTime:0.000283s ]
INFO: [ app_end ] --END-- [ RunTime:0.000296s ]

[ 2018-01-12T19:45:24+08:00 ] 127.0.0.1 /index.php?m=home&c=login&a=index
INFO: [ app_init ] --START--
INFO: Run Behavior\BuildLiteBehavior [ RunTime:0.000011s ]
INFO: [ app_init ] --END-- [ RunTime:0.000702s ]
INFO: [ app_begin ] --START--
INFO: Run Behavior\ReadHtmlCacheBehavior [ RunTime:0.000783s ]
INFO: [ app_begin ] --END-- [ RunTime:0.000815s ]
INFO: [ view_parse ] --START--
INFO: [ template_filter ] --START--
INFO: Run Behavior\ContentReplaceBehavior [ RunTime:0.000023s ]
INFO: [ template_filter ] --END-- [ RunTime:0.000048s ]
INFO: Run Behavior\ParseTemplateBehavior [ RunTime:0.005598s ]
INFO: [ view_parse ] --END-- [ RunTime:0.005619s ]
INFO: [ view_filter ] --START--
INFO: Run Behavior\WriteHtmlCacheBehavior [ RunTime:0.000568s ]
INFO: [ view_filter ] --END-- [ RunTime:0.000593s ]
INFO: [ app_end ] --START--
INFO: Run Behavior\ShowPageTraceBehavior [ RunTime:0.000694s ]
INFO: [ app_end ] --END-- [ RunTime:0.000720s ]

[ 2018-01-12T20:09:30+08:00 ] 127.0.0.1 /index.php?m=home&c=login&a=index
INFO: [ app_init ] --START--
INFO: Run Behavior\BuildLiteBehavior [ RunTime:0.000011s ]
INFO: [ app_init ] --END-- [ RunTime:0.000776s ]
INFO: [ app_begin ] --START--
INFO: Run Behavior\ReadHtmlCacheBehavior [ RunTime:0.000858s ]
INFO: [ app_begin ] --END-- [ RunTime:0.000894s ]
INFO: [ view_parse ] --START--
INFO: [ template_filter ] --START--
INFO: Run Behavior\ContentReplaceBehavior [ RunTime:0.000147s ]
INFO: [ template_filter ] --END-- [ RunTime:0.000179s ]
INFO: Run Behavior\ParseTemplateBehavior [ RunTime:0.007586s ]
INFO: [ view_parse ] --END-- [ RunTime:0.007607s ]
INFO: [ view_filter ] --START--
INFO: Run Behavior\WriteHtmlCacheBehavior [ RunTime:0.000472s ]
INFO: [ view_filter ] --END-- [ RunTime:0.000493s ]
INFO: [ app_end ] --START--
INFO: Run Behavior\ShowPageTraceBehavior [ RunTime:0.000818s ]
INFO: [ app_end ] --END-- [ RunTime:0.000845s ]

