[ 2018-01-02T11:30:43+08:00 ] 192.168.0.35 /baojutouzi.com/index.php?m=wxapp&c=login&a=checkSession
INFO: [ app_init ] --START--
INFO: Run Behavior\BuildLiteBehavior [ RunTime:0.000011s ]
INFO: [ app_init ] --END-- [ RunTime:0.000822s ]
INFO: [ app_begin ] --START--
INFO: Run Behavior\ReadHtmlCacheBehavior [ RunTime:0.000506s ]
INFO: [ app_begin ] --END-- [ RunTime:0.000529s ]
SQL: SHOW COLUMNS FROM `bj_session` [ RunTime:0.0026s ]
SQL: SELECT * FROM `bj_session` WHERE ( session3key = 'uagGz74roZitVm4m' ) LIMIT 1   [ RunTime:0.0007s ]

[ 2018-01-02T11:30:43+08:00 ] 192.168.0.35 /baojutouzi.com/index.php?m=wxapp&c=login&a=checkPermissions
INFO: [ app_init ] --START--
INFO: Run Behavior\BuildLiteBehavior [ RunTime:0.000006s ]
INFO: [ app_init ] --END-- [ RunTime:0.000197s ]
INFO: [ app_begin ] --START--
INFO: Run Behavior\ReadHtmlCacheBehavior [ RunTime:0.000273s ]
INFO: [ app_begin ] --END-- [ RunTime:0.000287s ]
SQL: SHOW COLUMNS FROM `bj_session` [ RunTime:0.0051s ]
SQL: SELECT * FROM `bj_session` WHERE ( session3key = 'uagGz74roZitVm4m' ) LIMIT 1   [ RunTime:0.0012s ]

[ 2018-01-02T11:30:44+08:00 ] 192.168.0.35 /baojutouzi.com/index.php?m=wxapp&c=login&a=index
INFO: [ app_init ] --START--
INFO: Run Behavior\BuildLiteBehavior [ RunTime:0.000007s ]
INFO: [ app_init ] --END-- [ RunTime:0.000194s ]
INFO: [ app_begin ] --START--
INFO: Run Behavior\ReadHtmlCacheBehavior [ RunTime:0.000414s ]
INFO: [ app_begin ] --END-- [ RunTime:0.000435s ]
SQL: SHOW COLUMNS FROM `bj_session` [ RunTime:0.0017s ]
SQL: SELECT * FROM `bj_session` WHERE ( openid = 'ovor40Li5z4dgIasMrUyKScbqbSo' ) LIMIT 1   [ RunTime:0.0003s ]
NOTIC: [8] Undefined index: unionid /Work/wwwroot/baojutouzi.com/Application/Wxapp/Controller/LoginController.class.php 第 38 行.
SQL: UPDATE `bj_session` SET `session3key`='XI6kAp53ojUFu1jY',`session_key`='uBZx8U+Kq+tLpQ/BROwEvQ==',`unionid`=NULL,`create_time`='1514863844' WHERE ( openid = 'ovor40Li5z4dgIasMrUyKScbqbSo' ) [ RunTime:0.0021s ]
SQL: SHOW COLUMNS FROM `bj_wxuser` [ RunTime:0.0006s ]
SQL: SELECT * FROM `bj_wxuser` WHERE ( openid = "ovor40Li5z4dgIasMrUyKScbqbSo" ) LIMIT 1   [ RunTime:0.0003s ]

[ 2018-01-02T11:30:50+08:00 ] 192.168.0.35 /baojutouzi.com/index.php?m=wxapp&c=login&a=checkPermissions
INFO: [ app_init ] --START--
INFO: Run Behavior\BuildLiteBehavior [ RunTime:0.000006s ]
INFO: [ app_init ] --END-- [ RunTime:0.000199s ]
INFO: [ app_begin ] --START--
INFO: Run Behavior\ReadHtmlCacheBehavior [ RunTime:0.000373s ]
INFO: [ app_begin ] --END-- [ RunTime:0.000395s ]
SQL: SHOW COLUMNS FROM `bj_session` [ RunTime:0.0057s ]
SQL: SELECT * FROM `bj_session` WHERE ( session3key = 'XI6kAp53ojUFu1jY' ) LIMIT 1   [ RunTime:0.0003s ]
SQL: SHOW COLUMNS FROM `bj_wxuser` [ RunTime:0.0022s ]
SQL: SELECT * FROM `bj_wxuser` WHERE ( openid = "ovor40Li5z4dgIasMrUyKScbqbSo" ) LIMIT 1   [ RunTime:0.0003s ]

[ 2018-01-02T11:30:50+08:00 ] 192.168.0.35 /baojutouzi.com/index.php?m=wxapp&c=login&a=checkSession
INFO: [ app_init ] --START--
INFO: Run Behavior\BuildLiteBehavior [ RunTime:0.000009s ]
INFO: [ app_init ] --END-- [ RunTime:0.000245s ]
INFO: [ app_begin ] --START--
INFO: Run Behavior\ReadHtmlCacheBehavior [ RunTime:0.000386s ]
INFO: [ app_begin ] --END-- [ RunTime:0.000413s ]
SQL: SHOW COLUMNS FROM `bj_session` [ RunTime:0.0019s ]
SQL: SELECT * FROM `bj_session` WHERE ( session3key = 'XI6kAp53ojUFu1jY' ) LIMIT 1   [ RunTime:0.0012s ]

[ 2018-01-02T11:30:52+08:00 ] 192.168.0.35 /baojutouzi.com/index.php?m=wxapp&c=login&a=saveUserInfo
INFO: [ app_init ] --START--
INFO: Run Behavior\BuildLiteBehavior [ RunTime:0.000007s ]
INFO: [ app_init ] --END-- [ RunTime:0.000172s ]
INFO: [ app_begin ] --START--
INFO: Run Behavior\ReadHtmlCacheBehavior [ RunTime:0.000227s ]
INFO: [ app_begin ] --END-- [ RunTime:0.000243s ]
SQL: SHOW COLUMNS FROM `bj_session` [ RunTime:0.0027s ]
SQL: SELECT * FROM `bj_session` WHERE ( session3key = 'XI6kAp53ojUFu1jY' ) LIMIT 1   [ RunTime:0.0011s ]
SQL: SHOW COLUMNS FROM `bj_wxuser` [ RunTime:0.0012s ]
SQL: SELECT * FROM `bj_wxuser` WHERE ( openid = "ovor40Li5z4dgIasMrUyKScbqbSo" ) LIMIT 1   [ RunTime:0.0003s ]
SQL: UPDATE `bj_wxuser` SET `nickName`='一颗好白菜🐶',`gender`='2',`city`='Wuxi',`province`='Jiangsu',`country`='China',`avatarUrl`='https://wx.qlogo.cn/mmopen/vi_32/Q0j4TwGTfTKRzFicicfKjKbvcvzfdxbWGB8Giapv1TK2X8uXvaNAcqZCZsKvmNjHJLfeAsL33KcnDgvW63ticHsmEA/0',`gmt_modify`='2018-01-02 11:30:52' WHERE ( openid = "ovor40Li5z4dgIasMrUyKScbqbSo" ) [ RunTime:0.0009s ]

[ 2018-01-02T11:30:59+08:00 ] 192.168.0.35 /baojutouzi.com/index.php?m=wxapp&c=yuqi&a=searchYuqiByName
INFO: [ app_init ] --START--
INFO: Run Behavior\BuildLiteBehavior [ RunTime:0.000010s ]
INFO: [ app_init ] --END-- [ RunTime:0.000463s ]
INFO: [ app_begin ] --START--
INFO: Run Behavior\ReadHtmlCacheBehavior [ RunTime:0.000535s ]
INFO: [ app_begin ] --END-- [ RunTime:0.000601s ]
SQL: SHOW COLUMNS FROM `bj_customer` [ RunTime:0.0011s ]
SQL: SELECT * FROM `bj_customer` WHERE `name` LIKE '%杨阳%'  [ RunTime:0.0014s ]
SQL: SHOW COLUMNS FROM `bj_loan` [ RunTime:0.0007s ]
SQL: SELECT * FROM `bj_loan` WHERE `customer_id` = 13 AND `loan_status` <> 1  [ RunTime:0.0015s ]
SQL: SELECT * FROM `bj_loan` WHERE `customer_id` = 14 AND `loan_status` <> 1  [ RunTime:0.0010s ]

[ 2018-01-02T11:31:01+08:00 ] 192.168.0.35 /baojutouzi.com/index.php?m=wxapp&c=yuqi&a=findLoanInfo
INFO: [ app_init ] --START--
INFO: Run Behavior\BuildLiteBehavior [ RunTime:0.000036s ]
INFO: [ app_init ] --END-- [ RunTime:0.000316s ]
INFO: [ app_begin ] --START--
INFO: Run Behavior\ReadHtmlCacheBehavior [ RunTime:0.000333s ]
INFO: [ app_begin ] --END-- [ RunTime:0.000355s ]
SQL: SHOW COLUMNS FROM `bj_customer` [ RunTime:0.0009s ]
SQL: SELECT * FROM `bj_customer` WHERE `id` = 14 LIMIT 1   [ RunTime:0.0006s ]
SQL: SHOW COLUMNS FROM `bj_loan` [ RunTime:0.0015s ]
SQL: SELECT * FROM `bj_loan` WHERE `loan_id` = 14 LIMIT 1   [ RunTime:0.0010s ]
SQL: SHOW COLUMNS FROM `bj_product` [ RunTime:0.0006s ]
SQL: SELECT * FROM `bj_product` WHERE `product_id` = 1 LIMIT 1   [ RunTime:0.0003s ]
SQL: SHOW COLUMNS FROM `bj_repayments` [ RunTime:0.0006s ]
SQL: SELECT SUM(r_money) AS tp_sum FROM `bj_repayments` WHERE `loan_id` = 14 LIMIT 1   [ RunTime:0.0004s ]
SQL: SELECT COUNT(*) AS tp_count FROM `bj_repayments` WHERE `loan_id` = 14 LIMIT 1   [ RunTime:0.0002s ]
SQL: SELECT MAX(gmt_repay) AS tp_max FROM `bj_repayments` WHERE `loan_id` = 14 LIMIT 1   [ RunTime:0.0002s ]

[ 2018-01-02T11:31:02+08:00 ] 192.168.0.35 /baojutouzi.com/index.php?m=wxapp&c=yuqi&a=loanImages
INFO: [ app_init ] --START--
INFO: Run Behavior\BuildLiteBehavior [ RunTime:0.000009s ]
INFO: [ app_init ] --END-- [ RunTime:0.000245s ]
INFO: [ app_begin ] --START--
INFO: Run Behavior\ReadHtmlCacheBehavior [ RunTime:0.000526s ]
INFO: [ app_begin ] --END-- [ RunTime:0.000555s ]

[ 2018-01-02T11:31:06+08:00 ] 192.168.0.35 /baojutouzi.com/index.php?m=wxapp&c=yuqi&a=findLoanInfo
INFO: [ app_init ] --START--
INFO: Run Behavior\BuildLiteBehavior [ RunTime:0.000006s ]
INFO: [ app_init ] --END-- [ RunTime:0.000180s ]
INFO: [ app_begin ] --START--
INFO: Run Behavior\ReadHtmlCacheBehavior [ RunTime:0.000285s ]
INFO: [ app_begin ] --END-- [ RunTime:0.000301s ]
SQL: SHOW COLUMNS FROM `bj_customer` [ RunTime:0.0014s ]
SQL: SELECT * FROM `bj_customer` WHERE `id` = 14 LIMIT 1   [ RunTime:0.0004s ]
SQL: SHOW COLUMNS FROM `bj_loan` [ RunTime:0.0008s ]
SQL: SELECT * FROM `bj_loan` WHERE `loan_id` = 14 LIMIT 1   [ RunTime:0.0004s ]
SQL: SHOW COLUMNS FROM `bj_product` [ RunTime:0.0004s ]
SQL: SELECT * FROM `bj_product` WHERE `product_id` = 1 LIMIT 1   [ RunTime:0.0002s ]
SQL: SHOW COLUMNS FROM `bj_repayments` [ RunTime:0.0004s ]
SQL: SELECT SUM(r_money) AS tp_sum FROM `bj_repayments` WHERE `loan_id` = 14 LIMIT 1   [ RunTime:0.0002s ]
SQL: SELECT COUNT(*) AS tp_count FROM `bj_repayments` WHERE `loan_id` = 14 LIMIT 1   [ RunTime:0.0002s ]
SQL: SELECT MAX(gmt_repay) AS tp_max FROM `bj_repayments` WHERE `loan_id` = 14 LIMIT 1   [ RunTime:0.0001s ]

[ 2018-01-02T11:31:07+08:00 ] 192.168.0.35 /baojutouzi.com/index.php?m=wxapp&c=yuqi&a=loanImages
INFO: [ app_init ] --START--
INFO: Run Behavior\BuildLiteBehavior [ RunTime:0.000008s ]
INFO: [ app_init ] --END-- [ RunTime:0.000195s ]
INFO: [ app_begin ] --START--
INFO: Run Behavior\ReadHtmlCacheBehavior [ RunTime:0.000246s ]
INFO: [ app_begin ] --END-- [ RunTime:0.000262s ]

[ 2018-01-02T11:31:08+08:00 ] 192.168.0.35 /baojutouzi.com/index.php?m=wxapp&c=yuqi&a=findLoanInfo
INFO: [ app_init ] --START--
INFO: Run Behavior\BuildLiteBehavior [ RunTime:0.000007s ]
INFO: [ app_init ] --END-- [ RunTime:0.000175s ]
INFO: [ app_begin ] --START--
INFO: Run Behavior\ReadHtmlCacheBehavior [ RunTime:0.000260s ]
INFO: [ app_begin ] --END-- [ RunTime:0.000277s ]
SQL: SHOW COLUMNS FROM `bj_customer` [ RunTime:0.0005s ]
SQL: SELECT * FROM `bj_customer` WHERE `id` = 14 LIMIT 1   [ RunTime:0.0061s ]
SQL: SHOW COLUMNS FROM `bj_loan` [ RunTime:0.0008s ]
SQL: SELECT * FROM `bj_loan` WHERE `loan_id` = 14 LIMIT 1   [ RunTime:0.0004s ]
SQL: SHOW COLUMNS FROM `bj_product` [ RunTime:0.0007s ]
SQL: SELECT * FROM `bj_product` WHERE `product_id` = 1 LIMIT 1   [ RunTime:0.0023s ]
SQL: SHOW COLUMNS FROM `bj_repayments` [ RunTime:0.0004s ]
SQL: SELECT SUM(r_money) AS tp_sum FROM `bj_repayments` WHERE `loan_id` = 14 LIMIT 1   [ RunTime:0.0002s ]
SQL: SELECT COUNT(*) AS tp_count FROM `bj_repayments` WHERE `loan_id` = 14 LIMIT 1   [ RunTime:0.0002s ]
SQL: SELECT MAX(gmt_repay) AS tp_max FROM `bj_repayments` WHERE `loan_id` = 14 LIMIT 1   [ RunTime:0.0001s ]

[ 2018-01-02T11:31:09+08:00 ] 192.168.0.35 /baojutouzi.com/index.php?m=wxapp&c=yuqi&a=loanImages
INFO: [ app_init ] --START--
INFO: Run Behavior\BuildLiteBehavior [ RunTime:0.000008s ]
INFO: [ app_init ] --END-- [ RunTime:0.000194s ]
INFO: [ app_begin ] --START--
INFO: Run Behavior\ReadHtmlCacheBehavior [ RunTime:0.000250s ]
INFO: [ app_begin ] --END-- [ RunTime:0.000268s ]

[ 2018-01-02T11:31:16+08:00 ] 192.168.0.35 /baojutouzi.com/index.php?m=wxapp&c=yuqi&a=loanImages
INFO: [ app_init ] --START--
INFO: Run Behavior\BuildLiteBehavior [ RunTime:0.000032s ]
INFO: [ app_init ] --END-- [ RunTime:0.000255s ]
INFO: [ app_begin ] --START--
INFO: Run Behavior\ReadHtmlCacheBehavior [ RunTime:0.000489s ]
INFO: [ app_begin ] --END-- [ RunTime:0.000587s ]

[ 2018-01-02T11:31:18+08:00 ] 192.168.0.35 /baojutouzi.com/index.php?m=wxapp&c=yuqi&a=findLoanInfo
INFO: [ app_init ] --START--
INFO: Run Behavior\BuildLiteBehavior [ RunTime:0.000006s ]
INFO: [ app_init ] --END-- [ RunTime:0.000153s ]
INFO: [ app_begin ] --START--
INFO: Run Behavior\ReadHtmlCacheBehavior [ RunTime:0.000208s ]
INFO: [ app_begin ] --END-- [ RunTime:0.000223s ]
SQL: SHOW COLUMNS FROM `bj_customer` [ RunTime:0.0004s ]
SQL: SELECT * FROM `bj_customer` WHERE `id` = 14 LIMIT 1   [ RunTime:0.0002s ]
SQL: SHOW COLUMNS FROM `bj_loan` [ RunTime:0.0006s ]
SQL: SELECT * FROM `bj_loan` WHERE `loan_id` = 14 LIMIT 1   [ RunTime:0.0003s ]
SQL: SHOW COLUMNS FROM `bj_product` [ RunTime:0.0004s ]
SQL: SELECT * FROM `bj_product` WHERE `product_id` = 1 LIMIT 1   [ RunTime:0.0001s ]
SQL: SHOW COLUMNS FROM `bj_repayments` [ RunTime:0.0003s ]
SQL: SELECT SUM(r_money) AS tp_sum FROM `bj_repayments` WHERE `loan_id` = 14 LIMIT 1   [ RunTime:0.0001s ]
SQL: SELECT COUNT(*) AS tp_count FROM `bj_repayments` WHERE `loan_id` = 14 LIMIT 1   [ RunTime:0.0001s ]
SQL: SELECT MAX(gmt_repay) AS tp_max FROM `bj_repayments` WHERE `loan_id` = 14 LIMIT 1   [ RunTime:0.0001s ]

[ 2018-01-02T11:32:32+08:00 ] 192.168.0.35 /baojutouzi.com/index.php?m=wxapp&c=login&a=checkSession
INFO: [ app_init ] --START--
INFO: Run Behavior\BuildLiteBehavior [ RunTime:0.000007s ]
INFO: [ app_init ] --END-- [ RunTime:0.000486s ]
INFO: [ app_begin ] --START--
INFO: Run Behavior\ReadHtmlCacheBehavior [ RunTime:0.000492s ]
INFO: [ app_begin ] --END-- [ RunTime:0.000508s ]
SQL: SHOW COLUMNS FROM `bj_session` [ RunTime:0.0028s ]
SQL: SELECT * FROM `bj_session` WHERE ( session3key = 'XI6kAp53ojUFu1jY' ) LIMIT 1   [ RunTime:0.0014s ]

[ 2018-01-02T11:32:32+08:00 ] 192.168.0.35 /baojutouzi.com/index.php?m=wxapp&c=login&a=checkPermissions
INFO: [ app_init ] --START--
INFO: Run Behavior\BuildLiteBehavior [ RunTime:0.000006s ]
INFO: [ app_init ] --END-- [ RunTime:0.000158s ]
INFO: [ app_begin ] --START--
INFO: Run Behavior\ReadHtmlCacheBehavior [ RunTime:0.000201s ]
INFO: [ app_begin ] --END-- [ RunTime:0.000215s ]
SQL: SHOW COLUMNS FROM `bj_session` [ RunTime:0.0010s ]
SQL: SELECT * FROM `bj_session` WHERE ( session3key = 'XI6kAp53ojUFu1jY' ) LIMIT 1   [ RunTime:0.0002s ]
SQL: SHOW COLUMNS FROM `bj_wxuser` [ RunTime:0.0005s ]
SQL: SELECT * FROM `bj_wxuser` WHERE ( openid = "ovor40Li5z4dgIasMrUyKScbqbSo" ) LIMIT 1   [ RunTime:0.0002s ]

[ 2018-01-02T11:32:33+08:00 ] 192.168.0.35 /baojutouzi.com/index.php?m=wxapp&c=login&a=saveUserInfo
INFO: [ app_init ] --START--
INFO: Run Behavior\BuildLiteBehavior [ RunTime:0.000011s ]
INFO: [ app_init ] --END-- [ RunTime:0.000482s ]
INFO: [ app_begin ] --START--
INFO: Run Behavior\ReadHtmlCacheBehavior [ RunTime:0.000455s ]
INFO: [ app_begin ] --END-- [ RunTime:0.000488s ]
SQL: SHOW COLUMNS FROM `bj_session` [ RunTime:0.0042s ]
SQL: SELECT * FROM `bj_session` WHERE ( session3key = 'XI6kAp53ojUFu1jY' ) LIMIT 1   [ RunTime:0.0004s ]
SQL: SHOW COLUMNS FROM `bj_wxuser` [ RunTime:0.0012s ]
SQL: SELECT * FROM `bj_wxuser` WHERE ( openid = "ovor40Li5z4dgIasMrUyKScbqbSo" ) LIMIT 1   [ RunTime:0.0003s ]
SQL: UPDATE `bj_wxuser` SET `nickName`='一颗好白菜🐶',`gender`='2',`city`='Wuxi',`province`='Jiangsu',`country`='China',`avatarUrl`='https://wx.qlogo.cn/mmopen/vi_32/Q0j4TwGTfTKRzFicicfKjKbvcvzfdxbWGB8Giapv1TK2X8uXvaNAcqZCZsKvmNjHJLfeAsL33KcnDgvW63ticHsmEA/0',`gmt_modify`='2018-01-02 11:32:33' WHERE ( openid = "ovor40Li5z4dgIasMrUyKScbqbSo" ) [ RunTime:0.0023s ]

[ 2018-01-02T11:32:40+08:00 ] 192.168.0.35 /baojutouzi.com/index.php?m=wxapp&c=yuqi&a=searchYuqiByName
INFO: [ app_init ] --START--
INFO: Run Behavior\BuildLiteBehavior [ RunTime:0.000007s ]
INFO: [ app_init ] --END-- [ RunTime:0.000261s ]
INFO: [ app_begin ] --START--
INFO: Run Behavior\ReadHtmlCacheBehavior [ RunTime:0.000305s ]
INFO: [ app_begin ] --END-- [ RunTime:0.000323s ]
SQL: SHOW COLUMNS FROM `bj_customer` [ RunTime:0.0006s ]
SQL: SELECT * FROM `bj_customer` WHERE `name` LIKE '%杨阳%'  [ RunTime:0.0008s ]
SQL: SHOW COLUMNS FROM `bj_loan` [ RunTime:0.0006s ]
SQL: SELECT * FROM `bj_loan` WHERE `customer_id` = 13 AND `loan_status` <> 1  [ RunTime:0.0011s ]
SQL: SELECT * FROM `bj_loan` WHERE `customer_id` = 14 AND `loan_status` <> 1  [ RunTime:0.0010s ]

[ 2018-01-02T11:32:41+08:00 ] 192.168.0.35 /baojutouzi.com/index.php?m=wxapp&c=yuqi&a=findLoanInfo
INFO: [ app_init ] --START--
INFO: Run Behavior\BuildLiteBehavior [ RunTime:0.000012s ]
INFO: [ app_init ] --END-- [ RunTime:0.000377s ]
INFO: [ app_begin ] --START--
INFO: Run Behavior\ReadHtmlCacheBehavior [ RunTime:0.000382s ]
INFO: [ app_begin ] --END-- [ RunTime:0.000408s ]
SQL: SHOW COLUMNS FROM `bj_customer` [ RunTime:0.0008s ]
SQL: SELECT * FROM `bj_customer` WHERE `id` = 14 LIMIT 1   [ RunTime:0.0008s ]
SQL: SHOW COLUMNS FROM `bj_loan` [ RunTime:0.0006s ]
SQL: SELECT * FROM `bj_loan` WHERE `loan_id` = 14 LIMIT 1   [ RunTime:0.0002s ]
SQL: SHOW COLUMNS FROM `bj_product` [ RunTime:0.0004s ]
SQL: SELECT * FROM `bj_product` WHERE `product_id` = 1 LIMIT 1   [ RunTime:0.0002s ]
SQL: SHOW COLUMNS FROM `bj_repayments` [ RunTime:0.0006s ]
SQL: SELECT SUM(r_money) AS tp_sum FROM `bj_repayments` WHERE `loan_id` = 14 LIMIT 1   [ RunTime:0.0002s ]
SQL: SELECT COUNT(*) AS tp_count FROM `bj_repayments` WHERE `loan_id` = 14 LIMIT 1   [ RunTime:0.0002s ]
SQL: SELECT MAX(gmt_repay) AS tp_max FROM `bj_repayments` WHERE `loan_id` = 14 LIMIT 1   [ RunTime:0.0002s ]

[ 2018-01-02T11:32:42+08:00 ] 192.168.0.35 /baojutouzi.com/index.php?m=wxapp&c=yuqi&a=loanImages
INFO: [ app_init ] --START--
INFO: Run Behavior\BuildLiteBehavior [ RunTime:0.000008s ]
INFO: [ app_init ] --END-- [ RunTime:0.000219s ]
INFO: [ app_begin ] --START--
INFO: Run Behavior\ReadHtmlCacheBehavior [ RunTime:0.000278s ]
INFO: [ app_begin ] --END-- [ RunTime:0.000298s ]

[ 2018-01-02T11:32:44+08:00 ] 192.168.0.35 /baojutouzi.com/index.php?m=wxapp&c=yuqi&a=findLoanInfo
INFO: [ app_init ] --START--
INFO: Run Behavior\BuildLiteBehavior [ RunTime:0.000012s ]
INFO: [ app_init ] --END-- [ RunTime:0.000353s ]
INFO: [ app_begin ] --START--
INFO: Run Behavior\ReadHtmlCacheBehavior [ RunTime:0.000567s ]
INFO: [ app_begin ] --END-- [ RunTime:0.000624s ]
SQL: SHOW COLUMNS FROM `bj_customer` [ RunTime:0.0028s ]
SQL: SELECT * FROM `bj_customer` WHERE `id` = 14 LIMIT 1   [ RunTime:0.0005s ]
SQL: SHOW COLUMNS FROM `bj_loan` [ RunTime:0.0010s ]
SQL: SELECT * FROM `bj_loan` WHERE `loan_id` = 14 LIMIT 1   [ RunTime:0.0003s ]
SQL: SHOW COLUMNS FROM `bj_product` [ RunTime:0.0004s ]
SQL: SELECT * FROM `bj_product` WHERE `product_id` = 1 LIMIT 1   [ RunTime:0.0002s ]
SQL: SHOW COLUMNS FROM `bj_repayments` [ RunTime:0.0004s ]
SQL: SELECT SUM(r_money) AS tp_sum FROM `bj_repayments` WHERE `loan_id` = 14 LIMIT 1   [ RunTime:0.0002s ]
SQL: SELECT COUNT(*) AS tp_count FROM `bj_repayments` WHERE `loan_id` = 14 LIMIT 1   [ RunTime:0.0001s ]
SQL: SELECT MAX(gmt_repay) AS tp_max FROM `bj_repayments` WHERE `loan_id` = 14 LIMIT 1   [ RunTime:0.0001s ]

[ 2018-01-02T11:32:46+08:00 ] 192.168.0.35 /baojutouzi.com/index.php?m=wxapp&c=yuqi&a=loanImages
INFO: [ app_init ] --START--
INFO: Run Behavior\BuildLiteBehavior [ RunTime:0.000007s ]
INFO: [ app_init ] --END-- [ RunTime:0.000216s ]
INFO: [ app_begin ] --START--
INFO: Run Behavior\ReadHtmlCacheBehavior [ RunTime:0.000429s ]
INFO: [ app_begin ] --END-- [ RunTime:0.000453s ]

[ 2018-01-02T11:32:49+08:00 ] 192.168.0.35 /baojutouzi.com/index.php?m=wxapp&c=yuqi&a=findLoanInfo
INFO: [ app_init ] --START--
INFO: Run Behavior\BuildLiteBehavior [ RunTime:0.000006s ]
INFO: [ app_init ] --END-- [ RunTime:0.000150s ]
INFO: [ app_begin ] --START--
INFO: Run Behavior\ReadHtmlCacheBehavior [ RunTime:0.000189s ]
INFO: [ app_begin ] --END-- [ RunTime:0.000202s ]
SQL: SHOW COLUMNS FROM `bj_customer` [ RunTime:0.0007s ]
SQL: SELECT * FROM `bj_customer` WHERE `id` = 14 LIMIT 1   [ RunTime:0.0003s ]
SQL: SHOW COLUMNS FROM `bj_loan` [ RunTime:0.0007s ]
SQL: SELECT * FROM `bj_loan` WHERE `loan_id` = 14 LIMIT 1   [ RunTime:0.0003s ]
SQL: SHOW COLUMNS FROM `bj_product` [ RunTime:0.0004s ]
SQL: SELECT * FROM `bj_product` WHERE `product_id` = 1 LIMIT 1   [ RunTime:0.0002s ]
SQL: SHOW COLUMNS FROM `bj_repayments` [ RunTime:0.0005s ]
SQL: SELECT SUM(r_money) AS tp_sum FROM `bj_repayments` WHERE `loan_id` = 14 LIMIT 1   [ RunTime:0.0002s ]
SQL: SELECT COUNT(*) AS tp_count FROM `bj_repayments` WHERE `loan_id` = 14 LIMIT 1   [ RunTime:0.0002s ]
SQL: SELECT MAX(gmt_repay) AS tp_max FROM `bj_repayments` WHERE `loan_id` = 14 LIMIT 1   [ RunTime:0.0001s ]

[ 2018-01-02T11:33:35+08:00 ] 192.168.0.35 /baojutouzi.com/index.php?m=wxapp&c=yuqi&a=loanImages
INFO: [ app_init ] --START--
INFO: Run Behavior\BuildLiteBehavior [ RunTime:0.000008s ]
INFO: [ app_init ] --END-- [ RunTime:0.000507s ]
INFO: [ app_begin ] --START--
INFO: Run Behavior\ReadHtmlCacheBehavior [ RunTime:0.000575s ]
INFO: [ app_begin ] --END-- [ RunTime:0.000596s ]

[ 2018-01-02T11:33:40+08:00 ] 192.168.0.35 /baojutouzi.com/index.php?m=wxapp&c=yuqi&a=findLoanInfo
INFO: [ app_init ] --START--
INFO: Run Behavior\BuildLiteBehavior [ RunTime:0.000006s ]
INFO: [ app_init ] --END-- [ RunTime:0.000180s ]
INFO: [ app_begin ] --START--
INFO: Run Behavior\ReadHtmlCacheBehavior [ RunTime:0.000234s ]
INFO: [ app_begin ] --END-- [ RunTime:0.000250s ]
SQL: SHOW COLUMNS FROM `bj_customer` [ RunTime:0.0007s ]
SQL: SELECT * FROM `bj_customer` WHERE `id` = 14 LIMIT 1   [ RunTime:0.0003s ]
SQL: SHOW COLUMNS FROM `bj_loan` [ RunTime:0.0009s ]
SQL: SELECT * FROM `bj_loan` WHERE `loan_id` = 14 LIMIT 1   [ RunTime:0.0004s ]
SQL: SHOW COLUMNS FROM `bj_product` [ RunTime:0.0006s ]
SQL: SELECT * FROM `bj_product` WHERE `product_id` = 1 LIMIT 1   [ RunTime:0.0003s ]
SQL: SHOW COLUMNS FROM `bj_repayments` [ RunTime:0.0006s ]
SQL: SELECT SUM(r_money) AS tp_sum FROM `bj_repayments` WHERE `loan_id` = 14 LIMIT 1   [ RunTime:0.0003s ]
SQL: SELECT COUNT(*) AS tp_count FROM `bj_repayments` WHERE `loan_id` = 14 LIMIT 1   [ RunTime:0.0002s ]
SQL: SELECT MAX(gmt_repay) AS tp_max FROM `bj_repayments` WHERE `loan_id` = 14 LIMIT 1   [ RunTime:0.0002s ]

[ 2018-01-02T11:36:56+08:00 ] 192.168.0.35 /baojutouzi.com/index.php?m=wxapp&c=yuqi&a=loanImages
INFO: [ app_init ] --START--
INFO: Run Behavior\BuildLiteBehavior [ RunTime:0.000008s ]
INFO: [ app_init ] --END-- [ RunTime:0.000367s ]
INFO: [ app_begin ] --START--
INFO: Run Behavior\ReadHtmlCacheBehavior [ RunTime:0.000305s ]
INFO: [ app_begin ] --END-- [ RunTime:0.000322s ]

[ 2018-01-02T11:37:03+08:00 ] 192.168.0.35 /baojutouzi.com/index.php?m=wxapp&c=yuqi&a=loanImages
INFO: [ app_init ] --START--
INFO: Run Behavior\BuildLiteBehavior [ RunTime:0.000006s ]
INFO: [ app_init ] --END-- [ RunTime:0.000340s ]
INFO: [ app_begin ] --START--
INFO: Run Behavior\ReadHtmlCacheBehavior [ RunTime:0.000261s ]
INFO: [ app_begin ] --END-- [ RunTime:0.000276s ]

[ 2018-01-02T11:37:05+08:00 ] 192.168.0.35 /baojutouzi.com/index.php?m=wxapp&c=yuqi&a=findLoanInfo
INFO: [ app_init ] --START--
INFO: Run Behavior\BuildLiteBehavior [ RunTime:0.000011s ]
INFO: [ app_init ] --END-- [ RunTime:0.000337s ]
INFO: [ app_begin ] --START--
INFO: Run Behavior\ReadHtmlCacheBehavior [ RunTime:0.000430s ]
INFO: [ app_begin ] --END-- [ RunTime:0.000467s ]
SQL: SHOW COLUMNS FROM `bj_customer` [ RunTime:0.0016s ]
SQL: SELECT * FROM `bj_customer` WHERE `id` = 14 LIMIT 1   [ RunTime:0.0002s ]
SQL: SHOW COLUMNS FROM `bj_loan` [ RunTime:0.0008s ]
SQL: SELECT * FROM `bj_loan` WHERE `loan_id` = 14 LIMIT 1   [ RunTime:0.0003s ]
SQL: SHOW COLUMNS FROM `bj_product` [ RunTime:0.0006s ]
SQL: SELECT * FROM `bj_product` WHERE `product_id` = 1 LIMIT 1   [ RunTime:0.0009s ]
SQL: SHOW COLUMNS FROM `bj_repayments` [ RunTime:0.0006s ]
SQL: SELECT SUM(r_money) AS tp_sum FROM `bj_repayments` WHERE `loan_id` = 14 LIMIT 1   [ RunTime:0.0003s ]
SQL: SELECT COUNT(*) AS tp_count FROM `bj_repayments` WHERE `loan_id` = 14 LIMIT 1   [ RunTime:0.0002s ]
SQL: SELECT MAX(gmt_repay) AS tp_max FROM `bj_repayments` WHERE `loan_id` = 14 LIMIT 1   [ RunTime:0.0001s ]

[ 2018-01-02T11:38:57+08:00 ] 192.168.0.35 /baojutouzi.com/index.php?m=wxapp&c=login&a=checkSession
INFO: [ app_init ] --START--
INFO: Run Behavior\BuildLiteBehavior [ RunTime:0.000007s ]
INFO: [ app_init ] --END-- [ RunTime:0.000392s ]
INFO: [ app_begin ] --START--
INFO: Run Behavior\ReadHtmlCacheBehavior [ RunTime:0.000449s ]
INFO: [ app_begin ] --END-- [ RunTime:0.000466s ]
SQL: SHOW COLUMNS FROM `bj_session` [ RunTime:0.0003s ]
SQL: SELECT * FROM `bj_session` WHERE ( session3key = 'XI6kAp53ojUFu1jY' ) LIMIT 1   [ RunTime:0.0002s ]

[ 2018-01-02T11:38:58+08:00 ] 192.168.0.35 /baojutouzi.com/index.php?m=wxapp&c=login&a=checkPermissions
INFO: [ app_init ] --START--
INFO: Run Behavior\BuildLiteBehavior [ RunTime:0.000006s ]
INFO: [ app_init ] --END-- [ RunTime:0.000214s ]
INFO: [ app_begin ] --START--
INFO: Run Behavior\ReadHtmlCacheBehavior [ RunTime:0.000196s ]
INFO: [ app_begin ] --END-- [ RunTime:0.000209s ]
SQL: SHOW COLUMNS FROM `bj_session` [ RunTime:0.0004s ]
SQL: SELECT * FROM `bj_session` WHERE ( session3key = 'XI6kAp53ojUFu1jY' ) LIMIT 1   [ RunTime:0.0002s ]
SQL: SHOW COLUMNS FROM `bj_wxuser` [ RunTime:0.0004s ]
SQL: SELECT * FROM `bj_wxuser` WHERE ( openid = "ovor40Li5z4dgIasMrUyKScbqbSo" ) LIMIT 1   [ RunTime:0.0002s ]

[ 2018-01-02T11:40:26+08:00 ] 192.168.0.8 /baojutouzi.com/index.php?m=wxapp&c=login&a=checkPermissions
INFO: [ app_init ] --START--
INFO: Run Behavior\BuildLiteBehavior [ RunTime:0.000005s ]
INFO: [ app_init ] --END-- [ RunTime:0.000183s ]
INFO: [ app_begin ] --START--
INFO: Run Behavior\ReadHtmlCacheBehavior [ RunTime:0.000236s ]
INFO: [ app_begin ] --END-- [ RunTime:0.000253s ]

[ 2018-01-02T11:40:26+08:00 ] 192.168.0.8 /baojutouzi.com/index.php?m=wxapp&c=login&a=index
INFO: [ app_init ] --START--
INFO: Run Behavior\BuildLiteBehavior [ RunTime:0.000006s ]
INFO: [ app_init ] --END-- [ RunTime:0.000205s ]
INFO: [ app_begin ] --START--
INFO: Run Behavior\ReadHtmlCacheBehavior [ RunTime:0.000270s ]
INFO: [ app_begin ] --END-- [ RunTime:0.000289s ]
SQL: SHOW COLUMNS FROM `bj_session` [ RunTime:0.0005s ]
SQL: SELECT * FROM `bj_session` WHERE ( openid = 'ovor40BDDQNm_7E2VFBf9sCC-f7w' ) LIMIT 1   [ RunTime:0.0002s ]
NOTIC: [8] Undefined index: unionid /Work/wwwroot/baojutouzi.com/Application/Wxapp/Controller/LoginController.class.php 第 30 行.
SQL: INSERT INTO `bj_session` (`session3key`,`openid`,`session_key`,`unionid`,`create_time`) VALUES ('oqSWFmkSwhMHiGOJ','ovor40BDDQNm_7E2VFBf9sCC-f7w','5cwFjkkmxrl01ra7aXZWcA==',NULL,'1514864426') [ RunTime:0.0067s ]
SQL: SHOW COLUMNS FROM `bj_wxuser` [ RunTime:0.0007s ]
SQL: SELECT * FROM `bj_wxuser` WHERE ( openid = "ovor40BDDQNm_7E2VFBf9sCC-f7w" ) LIMIT 1   [ RunTime:0.0004s ]
SQL: INSERT INTO `bj_wxuser` (`openid`,`gmt_create`) VALUES ('ovor40BDDQNm_7E2VFBf9sCC-f7w','2018-01-02 11:40:26') [ RunTime:0.0012s ]

[ 2018-01-02T11:40:31+08:00 ] 192.168.0.8 /baojutouzi.com/index.php?m=wxapp&c=login&a=checkPermissions
INFO: [ app_init ] --START--
INFO: Run Behavior\BuildLiteBehavior [ RunTime:0.000007s ]
INFO: [ app_init ] --END-- [ RunTime:0.000203s ]
INFO: [ app_begin ] --START--
INFO: Run Behavior\ReadHtmlCacheBehavior [ RunTime:0.000267s ]
INFO: [ app_begin ] --END-- [ RunTime:0.000287s ]
SQL: SHOW COLUMNS FROM `bj_session` [ RunTime:0.0004s ]
SQL: SELECT * FROM `bj_session` WHERE ( session3key = 'oqSWFmkSwhMHiGOJ' ) LIMIT 1   [ RunTime:0.0002s ]
SQL: SHOW COLUMNS FROM `bj_wxuser` [ RunTime:0.0005s ]
SQL: SELECT * FROM `bj_wxuser` WHERE ( openid = "ovor40BDDQNm_7E2VFBf9sCC-f7w" ) LIMIT 1   [ RunTime:0.0002s ]

[ 2018-01-02T11:41:07+08:00 ] 192.168.0.8 /baojutouzi.com/index.php?m=wxapp&c=login&a=checkPermissions
INFO: [ app_init ] --START--
INFO: Run Behavior\BuildLiteBehavior [ RunTime:0.000006s ]
INFO: [ app_init ] --END-- [ RunTime:0.000183s ]
INFO: [ app_begin ] --START--
INFO: Run Behavior\ReadHtmlCacheBehavior [ RunTime:0.000234s ]
INFO: [ app_begin ] --END-- [ RunTime:0.000251s ]
SQL: SHOW COLUMNS FROM `bj_session` [ RunTime:0.0004s ]
SQL: SELECT * FROM `bj_session` WHERE ( session3key = 'oqSWFmkSwhMHiGOJ' ) LIMIT 1   [ RunTime:0.0002s ]
SQL: SHOW COLUMNS FROM `bj_wxuser` [ RunTime:0.0003s ]
SQL: SELECT * FROM `bj_wxuser` WHERE ( openid = "ovor40BDDQNm_7E2VFBf9sCC-f7w" ) LIMIT 1   [ RunTime:0.0002s ]

[ 2018-01-02T11:41:10+08:00 ] 192.168.0.8 /baojutouzi.com/index.php?m=wxapp&c=login&a=saveUserInfo
INFO: [ app_init ] --START--
INFO: Run Behavior\BuildLiteBehavior [ RunTime:0.000006s ]
INFO: [ app_init ] --END-- [ RunTime:0.000205s ]
INFO: [ app_begin ] --START--
INFO: Run Behavior\ReadHtmlCacheBehavior [ RunTime:0.000268s ]
INFO: [ app_begin ] --END-- [ RunTime:0.000287s ]
SQL: SHOW COLUMNS FROM `bj_session` [ RunTime:0.0004s ]
SQL: SELECT * FROM `bj_session` WHERE ( session3key = 'oqSWFmkSwhMHiGOJ' ) LIMIT 1   [ RunTime:0.0002s ]
SQL: SHOW COLUMNS FROM `bj_wxuser` [ RunTime:0.0003s ]
SQL: SELECT * FROM `bj_wxuser` WHERE ( openid = "ovor40BDDQNm_7E2VFBf9sCC-f7w" ) LIMIT 1   [ RunTime:0.0002s ]
SQL: UPDATE `bj_wxuser` SET `nickName`='徐辉，18262255777',`gender`='1',`city`='',`province`='',`country`='Algeria',`avatarUrl`='https://wx.qlogo.cn/mmopen/vi_32/Q0j4TwGTfTKVCtjp162YZibW5ktRdu8eNYDA9nwC4L8ZCZkO41PwfCTvicJq63Sa7xFkribp8wdHpGLP8ic99M3CZA/0',`gmt_modify`='2018-01-02 11:41:10' WHERE ( openid = "ovor40BDDQNm_7E2VFBf9sCC-f7w" ) [ RunTime:0.0055s ]

[ 2018-01-02T11:42:09+08:00 ] 192.168.0.8 /baojutouzi.com/index.php?m=wxapp&c=yuqi&a=searchYuqiByName
INFO: [ app_init ] --START--
INFO: Run Behavior\BuildLiteBehavior [ RunTime:0.000005s ]
INFO: [ app_init ] --END-- [ RunTime:0.000185s ]
INFO: [ app_begin ] --START--
INFO: Run Behavior\ReadHtmlCacheBehavior [ RunTime:0.000240s ]
INFO: [ app_begin ] --END-- [ RunTime:0.000256s ]
SQL: SHOW COLUMNS FROM `bj_customer` [ RunTime:0.0004s ]
SQL: SELECT * FROM `bj_customer` WHERE `name` LIKE '%沈利峰%'  [ RunTime:0.0007s ]
SQL: SHOW COLUMNS FROM `bj_loan` [ RunTime:0.0004s ]
SQL: SELECT * FROM `bj_loan` WHERE `customer_id` = 397 AND `loan_status` <> 1  [ RunTime:0.0010s ]

[ 2018-01-02T11:42:10+08:00 ] 192.168.0.8 /baojutouzi.com/index.php?m=wxapp&c=yuqi&a=findLoanInfo
INFO: [ app_init ] --START--
INFO: Run Behavior\BuildLiteBehavior [ RunTime:0.000006s ]
INFO: [ app_init ] --END-- [ RunTime:0.000204s ]
INFO: [ app_begin ] --START--
INFO: Run Behavior\ReadHtmlCacheBehavior [ RunTime:0.000273s ]
INFO: [ app_begin ] --END-- [ RunTime:0.000291s ]
SQL: SHOW COLUMNS FROM `bj_customer` [ RunTime:0.0004s ]
SQL: SELECT * FROM `bj_customer` WHERE `id` = 397 LIMIT 1   [ RunTime:0.0063s ]
SQL: SHOW COLUMNS FROM `bj_loan` [ RunTime:0.0007s ]
SQL: SELECT * FROM `bj_loan` WHERE `loan_id` = 894 LIMIT 1   [ RunTime:0.0003s ]
SQL: SHOW COLUMNS FROM `bj_product` [ RunTime:0.0007s ]
SQL: SELECT * FROM `bj_product` WHERE `product_id` = 2 LIMIT 1   [ RunTime:0.0003s ]
SQL: SHOW COLUMNS FROM `bj_repayments` [ RunTime:0.0007s ]
SQL: SELECT SUM(r_money) AS tp_sum FROM `bj_repayments` WHERE `loan_id` = 894 LIMIT 1   [ RunTime:0.0003s ]
SQL: SELECT COUNT(*) AS tp_count FROM `bj_repayments` WHERE `loan_id` = 894 LIMIT 1   [ RunTime:0.0002s ]
SQL: SELECT MAX(gmt_repay) AS tp_max FROM `bj_repayments` WHERE `loan_id` = 894 LIMIT 1   [ RunTime:0.0002s ]

[ 2018-01-02T11:42:43+08:00 ] 192.168.0.8 /baojutouzi.com/index.php?m=wxapp&c=yuqi&a=loanImages
INFO: [ app_init ] --START--
INFO: Run Behavior\BuildLiteBehavior [ RunTime:0.000007s ]
INFO: [ app_init ] --END-- [ RunTime:0.000212s ]
INFO: [ app_begin ] --START--
INFO: Run Behavior\ReadHtmlCacheBehavior [ RunTime:0.000279s ]
INFO: [ app_begin ] --END-- [ RunTime:0.000321s ]

[ 2018-01-02T11:42:46+08:00 ] 192.168.0.8 /baojutouzi.com/index.php?m=wxapp&c=yuqi&a=findLoanInfo
INFO: [ app_init ] --START--
INFO: Run Behavior\BuildLiteBehavior [ RunTime:0.000007s ]
INFO: [ app_init ] --END-- [ RunTime:0.000206s ]
INFO: [ app_begin ] --START--
INFO: Run Behavior\ReadHtmlCacheBehavior [ RunTime:0.000269s ]
INFO: [ app_begin ] --END-- [ RunTime:0.000288s ]
SQL: SHOW COLUMNS FROM `bj_customer` [ RunTime:0.0004s ]
SQL: SELECT * FROM `bj_customer` WHERE `id` = 397 LIMIT 1   [ RunTime:0.0002s ]
SQL: SHOW COLUMNS FROM `bj_loan` [ RunTime:0.0004s ]
SQL: SELECT * FROM `bj_loan` WHERE `loan_id` = 894 LIMIT 1   [ RunTime:0.0003s ]
SQL: SHOW COLUMNS FROM `bj_product` [ RunTime:0.0003s ]
SQL: SELECT * FROM `bj_product` WHERE `product_id` = 2 LIMIT 1   [ RunTime:0.0002s ]
SQL: SHOW COLUMNS FROM `bj_repayments` [ RunTime:0.0003s ]
SQL: SELECT SUM(r_money) AS tp_sum FROM `bj_repayments` WHERE `loan_id` = 894 LIMIT 1   [ RunTime:0.0002s ]
SQL: SELECT COUNT(*) AS tp_count FROM `bj_repayments` WHERE `loan_id` = 894 LIMIT 1   [ RunTime:0.0001s ]
SQL: SELECT MAX(gmt_repay) AS tp_max FROM `bj_repayments` WHERE `loan_id` = 894 LIMIT 1   [ RunTime:0.0001s ]

[ 2018-01-02T11:42:57+08:00 ] 192.168.0.8 /baojutouzi.com/index.php?m=wxapp&c=yuqi&a=searchYuqiByName
INFO: [ app_init ] --START--
INFO: Run Behavior\BuildLiteBehavior [ RunTime:0.000006s ]
INFO: [ app_init ] --END-- [ RunTime:0.000213s ]
INFO: [ app_begin ] --START--
INFO: Run Behavior\ReadHtmlCacheBehavior [ RunTime:0.000277s ]
INFO: [ app_begin ] --END-- [ RunTime:0.000302s ]
SQL: SHOW COLUMNS FROM `bj_customer` [ RunTime:0.0004s ]
SQL: SELECT * FROM `bj_customer` WHERE `name` LIKE '%杨阳%'  [ RunTime:0.0007s ]
SQL: SHOW COLUMNS FROM `bj_loan` [ RunTime:0.0004s ]
SQL: SELECT * FROM `bj_loan` WHERE `customer_id` = 13 AND `loan_status` <> 1  [ RunTime:0.0010s ]
SQL: SELECT * FROM `bj_loan` WHERE `customer_id` = 14 AND `loan_status` <> 1  [ RunTime:0.0009s ]

[ 2018-01-02T11:43:01+08:00 ] 192.168.0.8 /baojutouzi.com/index.php?m=wxapp&c=yuqi&a=getLoansByCustomer
INFO: [ app_init ] --START--
INFO: Run Behavior\BuildLiteBehavior [ RunTime:0.000007s ]
INFO: [ app_init ] --END-- [ RunTime:0.000206s ]
INFO: [ app_begin ] --START--
INFO: Run Behavior\ReadHtmlCacheBehavior [ RunTime:0.000272s ]
INFO: [ app_begin ] --END-- [ RunTime:0.000290s ]
SQL: SHOW COLUMNS FROM `bj_loan` [ RunTime:0.0005s ]
SQL: SELECT * FROM `bj_loan` WHERE `customer_id` = 13 AND `loan_status` <> 1  [ RunTime:0.0010s ]

[ 2018-01-02T11:43:07+08:00 ] 192.168.0.8 /baojutouzi.com/index.php?m=wxapp&c=yuqi&a=findLoanInfo
INFO: [ app_init ] --START--
INFO: Run Behavior\BuildLiteBehavior [ RunTime:0.000006s ]
INFO: [ app_init ] --END-- [ RunTime:0.000211s ]
INFO: [ app_begin ] --START--
INFO: Run Behavior\ReadHtmlCacheBehavior [ RunTime:0.000295s ]
INFO: [ app_begin ] --END-- [ RunTime:0.000318s ]
SQL: SHOW COLUMNS FROM `bj_customer` [ RunTime:0.0005s ]
SQL: SELECT * FROM `bj_customer` WHERE `id` = 13 LIMIT 1   [ RunTime:0.0003s ]
SQL: SHOW COLUMNS FROM `bj_loan` [ RunTime:0.0005s ]
SQL: SELECT * FROM `bj_loan` WHERE `loan_id` = 13 LIMIT 1   [ RunTime:0.0003s ]
SQL: SHOW COLUMNS FROM `bj_product` [ RunTime:0.0003s ]
SQL: SELECT * FROM `bj_product` WHERE `product_id` = 1 LIMIT 1   [ RunTime:0.0002s ]
SQL: SHOW COLUMNS FROM `bj_repayments` [ RunTime:0.0004s ]
SQL: SELECT SUM(r_money) AS tp_sum FROM `bj_repayments` WHERE `loan_id` = 13 LIMIT 1   [ RunTime:0.0002s ]
SQL: SELECT COUNT(*) AS tp_count FROM `bj_repayments` WHERE `loan_id` = 13 LIMIT 1   [ RunTime:0.0002s ]
SQL: SELECT MAX(gmt_repay) AS tp_max FROM `bj_repayments` WHERE `loan_id` = 13 LIMIT 1   [ RunTime:0.0002s ]

[ 2018-01-02T11:43:12+08:00 ] 192.168.0.8 /baojutouzi.com/index.php?m=wxapp&c=yuqi&a=loanImages
INFO: [ app_init ] --START--
INFO: Run Behavior\BuildLiteBehavior [ RunTime:0.000007s ]
INFO: [ app_init ] --END-- [ RunTime:0.000203s ]
INFO: [ app_begin ] --START--
INFO: Run Behavior\ReadHtmlCacheBehavior [ RunTime:0.000366s ]
INFO: [ app_begin ] --END-- [ RunTime:0.000390s ]

[ 2018-01-02T11:43:15+08:00 ] 192.168.0.8 /baojutouzi.com/index.php?m=wxapp&c=yuqi&a=findLoanInfo
INFO: [ app_init ] --START--
INFO: Run Behavior\BuildLiteBehavior [ RunTime:0.000008s ]
INFO: [ app_init ] --END-- [ RunTime:0.000235s ]
INFO: [ app_begin ] --START--
INFO: Run Behavior\ReadHtmlCacheBehavior [ RunTime:0.000270s ]
INFO: [ app_begin ] --END-- [ RunTime:0.000291s ]
SQL: SHOW COLUMNS FROM `bj_customer` [ RunTime:0.0005s ]
SQL: SELECT * FROM `bj_customer` WHERE `id` = 13 LIMIT 1   [ RunTime:0.0002s ]
SQL: SHOW COLUMNS FROM `bj_loan` [ RunTime:0.0005s ]
SQL: SELECT * FROM `bj_loan` WHERE `loan_id` = 13 LIMIT 1   [ RunTime:0.0004s ]
SQL: SHOW COLUMNS FROM `bj_product` [ RunTime:0.0004s ]
SQL: SELECT * FROM `bj_product` WHERE `product_id` = 1 LIMIT 1   [ RunTime:0.0002s ]
SQL: SHOW COLUMNS FROM `bj_repayments` [ RunTime:0.0004s ]
SQL: SELECT SUM(r_money) AS tp_sum FROM `bj_repayments` WHERE `loan_id` = 13 LIMIT 1   [ RunTime:0.0002s ]
SQL: SELECT COUNT(*) AS tp_count FROM `bj_repayments` WHERE `loan_id` = 13 LIMIT 1   [ RunTime:0.0001s ]
SQL: SELECT MAX(gmt_repay) AS tp_max FROM `bj_repayments` WHERE `loan_id` = 13 LIMIT 1   [ RunTime:0.0001s ]

[ 2018-01-02T11:43:17+08:00 ] 192.168.0.8 /baojutouzi.com/index.php?m=wxapp&c=yuqi&a=getLoansByCustomer
INFO: [ app_init ] --START--
INFO: Run Behavior\BuildLiteBehavior [ RunTime:0.000007s ]
INFO: [ app_init ] --END-- [ RunTime:0.000206s ]
INFO: [ app_begin ] --START--
INFO: Run Behavior\ReadHtmlCacheBehavior [ RunTime:0.000270s ]
INFO: [ app_begin ] --END-- [ RunTime:0.000290s ]
SQL: SHOW COLUMNS FROM `bj_loan` [ RunTime:0.0006s ]
SQL: SELECT * FROM `bj_loan` WHERE `customer_id` = 13 AND `loan_status` <> 1  [ RunTime:0.0013s ]

[ 2018-01-02T11:43:18+08:00 ] 192.168.0.8 /baojutouzi.com/index.php?m=wxapp&c=yuqi&a=findLoanInfo
INFO: [ app_init ] --START--
INFO: Run Behavior\BuildLiteBehavior [ RunTime:0.000007s ]
INFO: [ app_init ] --END-- [ RunTime:0.000203s ]
INFO: [ app_begin ] --START--
INFO: Run Behavior\ReadHtmlCacheBehavior [ RunTime:0.000269s ]
INFO: [ app_begin ] --END-- [ RunTime:0.000288s ]
SQL: SHOW COLUMNS FROM `bj_customer` [ RunTime:0.0004s ]
SQL: SELECT * FROM `bj_customer` WHERE `id` = 14 LIMIT 1   [ RunTime:0.0002s ]
SQL: SHOW COLUMNS FROM `bj_loan` [ RunTime:0.0007s ]
SQL: SELECT * FROM `bj_loan` WHERE `loan_id` = 14 LIMIT 1   [ RunTime:0.0004s ]
SQL: SHOW COLUMNS FROM `bj_product` [ RunTime:0.0005s ]
SQL: SELECT * FROM `bj_product` WHERE `product_id` = 1 LIMIT 1   [ RunTime:0.0003s ]
SQL: SHOW COLUMNS FROM `bj_repayments` [ RunTime:0.0005s ]
SQL: SELECT SUM(r_money) AS tp_sum FROM `bj_repayments` WHERE `loan_id` = 14 LIMIT 1   [ RunTime:0.0003s ]
SQL: SELECT COUNT(*) AS tp_count FROM `bj_repayments` WHERE `loan_id` = 14 LIMIT 1   [ RunTime:0.0002s ]
SQL: SELECT MAX(gmt_repay) AS tp_max FROM `bj_repayments` WHERE `loan_id` = 14 LIMIT 1   [ RunTime:0.0002s ]

[ 2018-01-02T11:43:30+08:00 ] 192.168.0.8 /baojutouzi.com/index.php?m=wxapp&c=yuqi&a=findLoanInfo
INFO: [ app_init ] --START--
INFO: Run Behavior\BuildLiteBehavior [ RunTime:0.000006s ]
INFO: [ app_init ] --END-- [ RunTime:0.000214s ]
INFO: [ app_begin ] --START--
INFO: Run Behavior\ReadHtmlCacheBehavior [ RunTime:0.000278s ]
INFO: [ app_begin ] --END-- [ RunTime:0.000298s ]
SQL: SHOW COLUMNS FROM `bj_customer` [ RunTime:0.0004s ]
SQL: SELECT * FROM `bj_customer` WHERE `id` = 14 LIMIT 1   [ RunTime:0.0002s ]
SQL: SHOW COLUMNS FROM `bj_loan` [ RunTime:0.0007s ]
SQL: SELECT * FROM `bj_loan` WHERE `loan_id` = 14 LIMIT 1   [ RunTime:0.0003s ]
SQL: SHOW COLUMNS FROM `bj_product` [ RunTime:0.0003s ]
SQL: SELECT * FROM `bj_product` WHERE `product_id` = 1 LIMIT 1   [ RunTime:0.0002s ]
SQL: SHOW COLUMNS FROM `bj_repayments` [ RunTime:0.0004s ]
SQL: SELECT SUM(r_money) AS tp_sum FROM `bj_repayments` WHERE `loan_id` = 14 LIMIT 1   [ RunTime:0.0002s ]
SQL: SELECT COUNT(*) AS tp_count FROM `bj_repayments` WHERE `loan_id` = 14 LIMIT 1   [ RunTime:0.0002s ]
SQL: SELECT MAX(gmt_repay) AS tp_max FROM `bj_repayments` WHERE `loan_id` = 14 LIMIT 1   [ RunTime:0.0002s ]

[ 2018-01-02T11:43:32+08:00 ] 192.168.0.8 /baojutouzi.com/index.php?m=wxapp&c=yuqi&a=loanImages
INFO: [ app_init ] --START--
INFO: Run Behavior\BuildLiteBehavior [ RunTime:0.000007s ]
INFO: [ app_init ] --END-- [ RunTime:0.000183s ]
INFO: [ app_begin ] --START--
INFO: Run Behavior\ReadHtmlCacheBehavior [ RunTime:0.000237s ]
INFO: [ app_begin ] --END-- [ RunTime:0.000254s ]

[ 2018-01-02T11:44:05+08:00 ] 192.168.0.8 /baojutouzi.com/index.php?m=wxapp&c=yuqi&a=loanImages
INFO: [ app_init ] --START--
INFO: Run Behavior\BuildLiteBehavior [ RunTime:0.000006s ]
INFO: [ app_init ] --END-- [ RunTime:0.000212s ]
INFO: [ app_begin ] --START--
INFO: Run Behavior\ReadHtmlCacheBehavior [ RunTime:0.000276s ]
INFO: [ app_begin ] --END-- [ RunTime:0.000296s ]

[ 2018-01-02T11:44:06+08:00 ] 192.168.0.8 /baojutouzi.com/index.php?m=wxapp&c=yuqi&a=findLoanInfo
INFO: [ app_init ] --START--
INFO: Run Behavior\BuildLiteBehavior [ RunTime:0.000006s ]
INFO: [ app_init ] --END-- [ RunTime:0.000205s ]
INFO: [ app_begin ] --START--
INFO: Run Behavior\ReadHtmlCacheBehavior [ RunTime:0.000273s ]
INFO: [ app_begin ] --END-- [ RunTime:0.000292s ]
SQL: SHOW COLUMNS FROM `bj_customer` [ RunTime:0.0004s ]
SQL: SELECT * FROM `bj_customer` WHERE `id` = 14 LIMIT 1   [ RunTime:0.0002s ]
SQL: SHOW COLUMNS FROM `bj_loan` [ RunTime:0.0007s ]
SQL: SELECT * FROM `bj_loan` WHERE `loan_id` = 14 LIMIT 1   [ RunTime:0.0003s ]
SQL: SHOW COLUMNS FROM `bj_product` [ RunTime:0.0003s ]
SQL: SELECT * FROM `bj_product` WHERE `product_id` = 1 LIMIT 1   [ RunTime:0.0002s ]
SQL: SHOW COLUMNS FROM `bj_repayments` [ RunTime:0.0003s ]
SQL: SELECT SUM(r_money) AS tp_sum FROM `bj_repayments` WHERE `loan_id` = 14 LIMIT 1   [ RunTime:0.0002s ]
SQL: SELECT COUNT(*) AS tp_count FROM `bj_repayments` WHERE `loan_id` = 14 LIMIT 1   [ RunTime:0.0002s ]
SQL: SELECT MAX(gmt_repay) AS tp_max FROM `bj_repayments` WHERE `loan_id` = 14 LIMIT 1   [ RunTime:0.0001s ]

[ 2018-01-02T11:46:12+08:00 ] 192.168.0.8 /baojutouzi.com/index.php?m=wxapp&c=login&a=checkPermissions
INFO: [ app_init ] --START--
INFO: Run Behavior\BuildLiteBehavior [ RunTime:0.000007s ]
INFO: [ app_init ] --END-- [ RunTime:0.000220s ]
INFO: [ app_begin ] --START--
INFO: Run Behavior\ReadHtmlCacheBehavior [ RunTime:0.000308s ]
INFO: [ app_begin ] --END-- [ RunTime:0.000327s ]
SQL: SHOW COLUMNS FROM `bj_session` [ RunTime:0.0005s ]
SQL: SELECT * FROM `bj_session` WHERE ( session3key = 'oqSWFmkSwhMHiGOJ' ) LIMIT 1   [ RunTime:0.0002s ]
SQL: SHOW COLUMNS FROM `bj_wxuser` [ RunTime:0.0004s ]
SQL: SELECT * FROM `bj_wxuser` WHERE ( openid = "ovor40BDDQNm_7E2VFBf9sCC-f7w" ) LIMIT 1   [ RunTime:0.0002s ]

[ 2018-01-02T11:47:14+08:00 ] 192.168.0.35 /baojutouzi.com/index.php?m=wxapp&c=login&a=saveUserInfo
INFO: [ app_init ] --START--
INFO: Run Behavior\BuildLiteBehavior [ RunTime:0.000007s ]
INFO: [ app_init ] --END-- [ RunTime:0.000444s ]
INFO: [ app_begin ] --START--
INFO: Run Behavior\ReadHtmlCacheBehavior [ RunTime:0.000517s ]
INFO: [ app_begin ] --END-- [ RunTime:0.000536s ]
SQL: SHOW COLUMNS FROM `bj_session` [ RunTime:0.0003s ]
SQL: SELECT * FROM `bj_session` WHERE ( session3key = 'XI6kAp53ojUFu1jY' ) LIMIT 1   [ RunTime:0.0002s ]
SQL: SHOW COLUMNS FROM `bj_wxuser` [ RunTime:0.0005s ]
SQL: SELECT * FROM `bj_wxuser` WHERE ( openid = "ovor40Li5z4dgIasMrUyKScbqbSo" ) LIMIT 1   [ RunTime:0.0002s ]
SQL: UPDATE `bj_wxuser` SET `nickName`='一颗好白菜🐶',`gender`='2',`city`='Wuxi',`province`='Jiangsu',`country`='China',`avatarUrl`='https://wx.qlogo.cn/mmopen/vi_32/Q0j4TwGTfTKRzFicicfKjKbvcvzfdxbWGB8Giapv1TK2X8uXvaNAcqZCZsKvmNjHJLfeAsL33KcnDgvW63ticHsmEA/0',`gmt_modify`='2018-01-02 11:47:14' WHERE ( openid = "ovor40Li5z4dgIasMrUyKScbqbSo" ) [ RunTime:0.0005s ]

[ 2018-01-02T11:47:23+08:00 ] 192.168.0.35 /baojutouzi.com/index.php?m=wxapp&c=login&a=checkPermissions
INFO: [ app_init ] --START--
INFO: Run Behavior\BuildLiteBehavior [ RunTime:0.000006s ]
INFO: [ app_init ] --END-- [ RunTime:0.000173s ]
INFO: [ app_begin ] --START--
INFO: Run Behavior\ReadHtmlCacheBehavior [ RunTime:0.000222s ]
INFO: [ app_begin ] --END-- [ RunTime:0.000238s ]
SQL: SHOW COLUMNS FROM `bj_session` [ RunTime:0.0004s ]
SQL: SELECT * FROM `bj_session` WHERE ( session3key = 'XI6kAp53ojUFu1jY' ) LIMIT 1   [ RunTime:0.0002s ]
SQL: SHOW COLUMNS FROM `bj_wxuser` [ RunTime:0.0003s ]
SQL: SELECT * FROM `bj_wxuser` WHERE ( openid = "ovor40Li5z4dgIasMrUyKScbqbSo" ) LIMIT 1   [ RunTime:0.0002s ]

[ 2018-01-02T11:47:53+08:00 ] 192.168.0.8 /baojutouzi.com/index.php?m=wxapp&c=login&a=checkPermissions
INFO: [ app_init ] --START--
INFO: Run Behavior\BuildLiteBehavior [ RunTime:0.000006s ]
INFO: [ app_init ] --END-- [ RunTime:0.000213s ]
INFO: [ app_begin ] --START--
INFO: Run Behavior\ReadHtmlCacheBehavior [ RunTime:0.000234s ]
INFO: [ app_begin ] --END-- [ RunTime:0.000252s ]
SQL: SHOW COLUMNS FROM `bj_session` [ RunTime:0.0003s ]
SQL: SELECT * FROM `bj_session` WHERE ( session3key = 'oqSWFmkSwhMHiGOJ' ) LIMIT 1   [ RunTime:0.0002s ]
SQL: SHOW COLUMNS FROM `bj_wxuser` [ RunTime:0.0003s ]
SQL: SELECT * FROM `bj_wxuser` WHERE ( openid = "ovor40BDDQNm_7E2VFBf9sCC-f7w" ) LIMIT 1   [ RunTime:0.0002s ]

[ 2018-01-02T11:48:54+08:00 ] 192.168.0.8 /baojutouzi.com/index.php?m=wxapp&c=login&a=checkPermissions
INFO: [ app_init ] --START--
INFO: Run Behavior\BuildLiteBehavior [ RunTime:0.000006s ]
INFO: [ app_init ] --END-- [ RunTime:0.000181s ]
INFO: [ app_begin ] --START--
INFO: Run Behavior\ReadHtmlCacheBehavior [ RunTime:0.000235s ]
INFO: [ app_begin ] --END-- [ RunTime:0.000251s ]
SQL: SHOW COLUMNS FROM `bj_session` [ RunTime:0.0003s ]
SQL: SELECT * FROM `bj_session` WHERE ( session3key = 'oqSWFmkSwhMHiGOJ' ) LIMIT 1   [ RunTime:0.0002s ]
SQL: SHOW COLUMNS FROM `bj_wxuser` [ RunTime:0.0004s ]
SQL: SELECT * FROM `bj_wxuser` WHERE ( openid = "ovor40BDDQNm_7E2VFBf9sCC-f7w" ) LIMIT 1   [ RunTime:0.0002s ]

